[0.852s] Invoking command in '/home/prince/colcon_ws/build/turtlebot3_cartographer2': CMAKE_PREFIX_PATH=${CMAKE_PREFIX_PATH}:/home/prince/colcon_ws/install/py_pubsub:/home/prince/colcon_ws/install/auto_nav:/opt/ros/foxy /usr/bin/cmake --build /home/prince/colcon_ws/build/turtlebot3_cartographer2 -- -j16 -l16
[0.941s] Invoked command in '/home/prince/colcon_ws/build/turtlebot3_cartographer2' returned '0': CMAKE_PREFIX_PATH=${CMAKE_PREFIX_PATH}:/home/prince/colcon_ws/install/py_pubsub:/home/prince/colcon_ws/install/auto_nav:/opt/ros/foxy /usr/bin/cmake --build /home/prince/colcon_ws/build/turtlebot3_cartographer2 -- -j16 -l16
[1.037s] Invoking command in '/home/prince/colcon_ws/build/turtlebot3_cartographer2': CMAKE_PREFIX_PATH=${CMAKE_PREFIX_PATH}:/home/prince/colcon_ws/install/py_pubsub:/home/prince/colcon_ws/install/auto_nav:/opt/ros/foxy /usr/bin/cmake --install /home/prince/colcon_ws/build/turtlebot3_cartographer2
[1.051s] -- Install configuration: ""
[1.053s] -- Up-to-date: /home/prince/colcon_ws/install/turtlebot3_cartographer2/share/turtlebot3_cartographer2/config
[1.054s] -- Up-to-date: /home/prince/colcon_ws/install/turtlebot3_cartographer2/share/turtlebot3_cartographer2/config/turtlebot3_lds_2d.lua
[1.058s] -- Up-to-date: /home/prince/colcon_ws/install/turtlebot3_cartographer2/share/turtlebot3_cartographer2/launch
[1.059s] -- Up-to-date: /home/prince/colcon_ws/install/turtlebot3_cartographer2/share/turtlebot3_cartographer2/launch/cartographer2.launch.py
[1.060s] -- Up-to-date: /home/prince/colcon_ws/install/turtlebot3_cartographer2/share/turtlebot3_cartographer2/launch/occupancy_grid.launch.py
[1.060s] -- Up-to-date: /home/prince/colcon_ws/install/turtlebot3_cartographer2/share/turtlebot3_cartographer2/rviz
[1.061s] -- Up-to-date: /home/prince/colcon_ws/install/turtlebot3_cartographer2/share/turtlebot3_cartographer2/rviz/tb3_cartographer.rviz
[1.061s] -- Up-to-date: /home/prince/colcon_ws/install/turtlebot3_cartographer2/share/ament_index/resource_index/package_run_dependencies/turtlebot3_cartographer2
[1.061s] -- Up-to-date: /home/prince/colcon_ws/install/turtlebot3_cartographer2/share/ament_index/resource_index/parent_prefix_path/turtlebot3_cartographer2
[1.061s] -- Up-to-date: /home/prince/colcon_ws/install/turtlebot3_cartographer2/share/turtlebot3_cartographer2/environment/ament_prefix_path.sh
[1.062s] -- Up-to-date: /home/prince/colcon_ws/install/turtlebot3_cartographer2/share/turtlebot3_cartographer2/environment/ament_prefix_path.dsv
[1.062s] -- Up-to-date: /home/prince/colcon_ws/install/turtlebot3_cartographer2/share/turtlebot3_cartographer2/environment/path.sh
[1.062s] -- Up-to-date: /home/prince/colcon_ws/install/turtlebot3_cartographer2/share/turtlebot3_cartographer2/environment/path.dsv
[1.062s] -- Up-to-date: /home/prince/colcon_ws/install/turtlebot3_cartographer2/share/turtlebot3_cartographer2/local_setup.bash
[1.062s] -- Up-to-date: /home/prince/colcon_ws/install/turtlebot3_cartographer2/share/turtlebot3_cartographer2/local_setup.sh
[1.062s] -- Up-to-date: /home/prince/colcon_ws/install/turtlebot3_cartographer2/share/turtlebot3_cartographer2/local_setup.zsh
[1.062s] -- Up-to-date: /home/prince/colcon_ws/install/turtlebot3_cartographer2/share/turtlebot3_cartographer2/local_setup.dsv
[1.062s] -- Installing: /home/prince/colcon_ws/install/turtlebot3_cartographer2/share/turtlebot3_cartographer2/package.dsv
[1.063s] -- Up-to-date: /home/prince/colcon_ws/install/turtlebot3_cartographer2/share/ament_index/resource_index/packages/turtlebot3_cartographer2
[1.063s] -- Up-to-date: /home/prince/colcon_ws/install/turtlebot3_cartographer2/share/turtlebot3_cartographer2/cmake/turtlebot3_cartographer2Config.cmake
[1.063s] -- Up-to-date: /home/prince/colcon_ws/install/turtlebot3_cartographer2/share/turtlebot3_cartographer2/cmake/turtlebot3_cartographer2Config-version.cmake
[1.063s] -- Up-to-date: /home/prince/colcon_ws/install/turtlebot3_cartographer2/share/turtlebot3_cartographer2/package.xml
[1.077s] Invoked command in '/home/prince/colcon_ws/build/turtlebot3_cartographer2' returned '0': CMAKE_PREFIX_PATH=${CMAKE_PREFIX_PATH}:/home/prince/colcon_ws/install/py_pubsub:/home/prince/colcon_ws/install/auto_nav:/opt/ros/foxy /usr/bin/cmake --install /home/prince/colcon_ws/build/turtlebot3_cartographer2
