[1.102s] Invoking command in '/home/prince/colcon_ws/src/auto_nav': PYTHONPATH=/home/prince/colcon_ws/install/auto_nav/lib/python3.8/site-packages:${PYTHONPATH} /usr/bin/python3 setup.py egg_info --egg-base ../../build/auto_nav build --build-base /home/prince/colcon_ws/build/auto_nav/build install --prefix /home/prince/colcon_ws/install/auto_nav --record /home/prince/colcon_ws/build/auto_nav/install.log --single-version-externally-managed
[1.313s] running egg_info
[1.314s] writing ../../build/auto_nav/auto_nav.egg-info/PKG-INFO
[1.315s] writing dependency_links to ../../build/auto_nav/auto_nav.egg-info/dependency_links.txt
[1.315s] writing entry points to ../../build/auto_nav/auto_nav.egg-info/entry_points.txt
[1.315s] writing requirements to ../../build/auto_nav/auto_nav.egg-info/requires.txt
[1.316s] writing top-level names to ../../build/auto_nav/auto_nav.egg-info/top_level.txt
[1.347s] reading manifest file '../../build/auto_nav/auto_nav.egg-info/SOURCES.txt'
[1.348s] writing manifest file '../../build/auto_nav/auto_nav.egg-info/SOURCES.txt'
[1.348s] running build
[1.348s] running build_py
[1.349s] copying auto_nav/r2_wall_follow.py -> /home/prince/colcon_ws/build/auto_nav/build/lib/auto_nav
[1.350s] running install
[1.351s] running install_lib
[1.353s] copying /home/prince/colcon_ws/build/auto_nav/build/lib/auto_nav/r2_wall_follow.py -> /home/prince/colcon_ws/install/auto_nav/lib/python3.8/site-packages/auto_nav
[1.354s] byte-compiling /home/prince/colcon_ws/install/auto_nav/lib/python3.8/site-packages/auto_nav/r2_wall_follow.py to r2_wall_follow.cpython-38.pyc
[1.359s] running install_data
[1.360s] running install_egg_info
[1.362s] removing '/home/prince/colcon_ws/install/auto_nav/lib/python3.8/site-packages/auto_nav-0.0.0-py3.8.egg-info' (and everything under it)
[1.362s] Copying ../../build/auto_nav/auto_nav.egg-info to /home/prince/colcon_ws/install/auto_nav/lib/python3.8/site-packages/auto_nav-0.0.0-py3.8.egg-info
[1.363s] running install_scripts
[1.385s] Installing map2base script to /home/prince/colcon_ws/install/auto_nav/lib/auto_nav
[1.386s] Installing r2auto_nav script to /home/prince/colcon_ws/install/auto_nav/lib/auto_nav
[1.387s] Installing r2auto_nav2 script to /home/prince/colcon_ws/install/auto_nav/lib/auto_nav
[1.387s] Installing r2auto_nav3_gazebo script to /home/prince/colcon_ws/install/auto_nav/lib/auto_nav
[1.387s] Installing r2auto_nav3_real script to /home/prince/colcon_ws/install/auto_nav/lib/auto_nav
[1.387s] Installing r2mover script to /home/prince/colcon_ws/install/auto_nav/lib/auto_nav
[1.387s] Installing r2moverotate script to /home/prince/colcon_ws/install/auto_nav/lib/auto_nav
[1.388s] Installing r2occupancy script to /home/prince/colcon_ws/install/auto_nav/lib/auto_nav
[1.388s] Installing r2occupancy2 script to /home/prince/colcon_ws/install/auto_nav/lib/auto_nav
[1.388s] Installing r2scanner script to /home/prince/colcon_ws/install/auto_nav/lib/auto_nav
[1.389s] Installing snake script to /home/prince/colcon_ws/install/auto_nav/lib/auto_nav
[1.389s] Installing targeter script to /home/prince/colcon_ws/install/auto_nav/lib/auto_nav
[1.389s] Installing thermal_interp script to /home/prince/colcon_ws/install/auto_nav/lib/auto_nav
[1.390s] Installing thermal_listener script to /home/prince/colcon_ws/install/auto_nav/lib/auto_nav
[1.390s] Installing wall_follow script to /home/prince/colcon_ws/install/auto_nav/lib/auto_nav
[1.391s] writing list of installed files to '/home/prince/colcon_ws/build/auto_nav/install.log'
[1.432s] Invoked command in '/home/prince/colcon_ws/src/auto_nav' returned '0': PYTHONPATH=/home/prince/colcon_ws/install/auto_nav/lib/python3.8/site-packages:${PYTHONPATH} /usr/bin/python3 setup.py egg_info --egg-base ../../build/auto_nav build --build-base /home/prince/colcon_ws/build/auto_nav/build install --prefix /home/prince/colcon_ws/install/auto_nav --record /home/prince/colcon_ws/build/auto_nav/install.log --single-version-externally-managed
