[1.010s] Invoking command in '/home/prince/colcon_ws/src/auto_nav': PYTHONPATH=/home/prince/colcon_ws/install/auto_nav/lib/python3.8/site-packages:${PYTHONPATH} /usr/bin/python3 setup.py egg_info --egg-base ../../build/auto_nav build --build-base /home/prince/colcon_ws/build/auto_nav/build install --prefix /home/prince/colcon_ws/install/auto_nav --record /home/prince/colcon_ws/build/auto_nav/install.log --single-version-externally-managed
[1.209s] running egg_info
[1.210s] writing ../../build/auto_nav/auto_nav.egg-info/PKG-INFO
[1.210s] writing dependency_links to ../../build/auto_nav/auto_nav.egg-info/dependency_links.txt
[1.211s] writing entry points to ../../build/auto_nav/auto_nav.egg-info/entry_points.txt
[1.211s] writing requirements to ../../build/auto_nav/auto_nav.egg-info/requires.txt
[1.211s] writing top-level names to ../../build/auto_nav/auto_nav.egg-info/top_level.txt
[1.241s] reading manifest file '../../build/auto_nav/auto_nav.egg-info/SOURCES.txt'
[1.242s] writing manifest file '../../build/auto_nav/auto_nav.egg-info/SOURCES.txt'
[1.243s] running build
[1.243s] running build_py
[1.244s] copying auto_nav/r2_wall_follow.py -> /home/prince/colcon_ws/build/auto_nav/build/lib/auto_nav
[1.244s] running install
[1.244s] running install_lib
[1.246s] copying /home/prince/colcon_ws/build/auto_nav/build/lib/auto_nav/r2_wall_follow.py -> /home/prince/colcon_ws/install/auto_nav/lib/python3.8/site-packages/auto_nav
[1.247s] byte-compiling /home/prince/colcon_ws/install/auto_nav/lib/python3.8/site-packages/auto_nav/r2_wall_follow.py to r2_wall_follow.cpython-38.pyc
[1.251s] running install_data
[1.252s] running install_egg_info
[1.253s] removing '/home/prince/colcon_ws/install/auto_nav/lib/python3.8/site-packages/auto_nav-0.0.0-py3.8.egg-info' (and everything under it)
[1.253s] Copying ../../build/auto_nav/auto_nav.egg-info to /home/prince/colcon_ws/install/auto_nav/lib/python3.8/site-packages/auto_nav-0.0.0-py3.8.egg-info
[1.254s] running install_scripts
[1.273s] Installing map2base script to /home/prince/colcon_ws/install/auto_nav/lib/auto_nav
[1.273s] Installing r2auto_nav script to /home/prince/colcon_ws/install/auto_nav/lib/auto_nav
[1.273s] Installing r2auto_nav2 script to /home/prince/colcon_ws/install/auto_nav/lib/auto_nav
[1.274s] Installing r2auto_nav3_gazebo script to /home/prince/colcon_ws/install/auto_nav/lib/auto_nav
[1.274s] Installing r2auto_nav3_real script to /home/prince/colcon_ws/install/auto_nav/lib/auto_nav
[1.274s] Installing r2mover script to /home/prince/colcon_ws/install/auto_nav/lib/auto_nav
[1.275s] Installing r2moverotate script to /home/prince/colcon_ws/install/auto_nav/lib/auto_nav
[1.275s] Installing r2occupancy script to /home/prince/colcon_ws/install/auto_nav/lib/auto_nav
[1.275s] Installing r2occupancy2 script to /home/prince/colcon_ws/install/auto_nav/lib/auto_nav
[1.275s] Installing r2scanner script to /home/prince/colcon_ws/install/auto_nav/lib/auto_nav
[1.276s] Installing snake script to /home/prince/colcon_ws/install/auto_nav/lib/auto_nav
[1.276s] Installing targeter script to /home/prince/colcon_ws/install/auto_nav/lib/auto_nav
[1.276s] Installing thermal_interp script to /home/prince/colcon_ws/install/auto_nav/lib/auto_nav
[1.276s] Installing thermal_listener script to /home/prince/colcon_ws/install/auto_nav/lib/auto_nav
[1.277s] Installing wall_follow script to /home/prince/colcon_ws/install/auto_nav/lib/auto_nav
[1.277s] writing list of installed files to '/home/prince/colcon_ws/build/auto_nav/install.log'
[1.320s] Invoked command in '/home/prince/colcon_ws/src/auto_nav' returned '0': PYTHONPATH=/home/prince/colcon_ws/install/auto_nav/lib/python3.8/site-packages:${PYTHONPATH} /usr/bin/python3 setup.py egg_info --egg-base ../../build/auto_nav build --build-base /home/prince/colcon_ws/build/auto_nav/build install --prefix /home/prince/colcon_ws/install/auto_nav --record /home/prince/colcon_ws/build/auto_nav/install.log --single-version-externally-managed
