[1.716s] Invoking command in '/home/prince/colcon_ws/src/auto_nav': PYTHONPATH=/home/prince/colcon_ws/install/auto_nav/lib/python3.8/site-packages:${PYTHONPATH} /usr/bin/python3 setup.py egg_info --egg-base ../../build/auto_nav build --build-base /home/prince/colcon_ws/build/auto_nav/build install --prefix /home/prince/colcon_ws/install/auto_nav --record /home/prince/colcon_ws/build/auto_nav/install.log --single-version-externally-managed
[2.072s] running egg_info
[2.073s] writing ../../build/auto_nav/auto_nav.egg-info/PKG-INFO
[2.074s] writing dependency_links to ../../build/auto_nav/auto_nav.egg-info/dependency_links.txt
[2.074s] writing entry points to ../../build/auto_nav/auto_nav.egg-info/entry_points.txt
[2.074s] writing requirements to ../../build/auto_nav/auto_nav.egg-info/requires.txt
[2.074s] writing top-level names to ../../build/auto_nav/auto_nav.egg-info/top_level.txt
[2.118s] reading manifest file '../../build/auto_nav/auto_nav.egg-info/SOURCES.txt'
[2.119s] writing manifest file '../../build/auto_nav/auto_nav.egg-info/SOURCES.txt'
[2.120s] running build
[2.120s] running build_py
[2.120s] copying auto_nav/r2_wall_follow.py -> /home/prince/colcon_ws/build/auto_nav/build/lib/auto_nav
[2.122s] running install
[2.125s] running install_lib
[2.127s] copying /home/prince/colcon_ws/build/auto_nav/build/lib/auto_nav/r2_wall_follow.py -> /home/prince/colcon_ws/install/auto_nav/lib/python3.8/site-packages/auto_nav
[2.128s] byte-compiling /home/prince/colcon_ws/install/auto_nav/lib/python3.8/site-packages/auto_nav/r2_wall_follow.py to r2_wall_follow.cpython-38.pyc
[2.135s] running install_data
[2.135s] running install_egg_info
[2.139s] removing '/home/prince/colcon_ws/install/auto_nav/lib/python3.8/site-packages/auto_nav-0.0.0-py3.8.egg-info' (and everything under it)
[2.140s] Copying ../../build/auto_nav/auto_nav.egg-info to /home/prince/colcon_ws/install/auto_nav/lib/python3.8/site-packages/auto_nav-0.0.0-py3.8.egg-info
[2.141s] running install_scripts
[2.167s] Installing map2base script to /home/prince/colcon_ws/install/auto_nav/lib/auto_nav
[2.168s] Installing r2auto_nav script to /home/prince/colcon_ws/install/auto_nav/lib/auto_nav
[2.168s] Installing r2auto_nav2 script to /home/prince/colcon_ws/install/auto_nav/lib/auto_nav
[2.168s] Installing r2auto_nav3_gazebo script to /home/prince/colcon_ws/install/auto_nav/lib/auto_nav
[2.169s] Installing r2auto_nav3_real script to /home/prince/colcon_ws/install/auto_nav/lib/auto_nav
[2.169s] Installing r2mover script to /home/prince/colcon_ws/install/auto_nav/lib/auto_nav
[2.169s] Installing r2moverotate script to /home/prince/colcon_ws/install/auto_nav/lib/auto_nav
[2.170s] Installing r2occupancy script to /home/prince/colcon_ws/install/auto_nav/lib/auto_nav
[2.171s] Installing r2occupancy2 script to /home/prince/colcon_ws/install/auto_nav/lib/auto_nav
[2.173s] Installing r2scanner script to /home/prince/colcon_ws/install/auto_nav/lib/auto_nav
[2.173s] Installing snake script to /home/prince/colcon_ws/install/auto_nav/lib/auto_nav
[2.174s] Installing targeter script to /home/prince/colcon_ws/install/auto_nav/lib/auto_nav
[2.174s] Installing thermal_interp script to /home/prince/colcon_ws/install/auto_nav/lib/auto_nav
[2.175s] Installing thermal_listener script to /home/prince/colcon_ws/install/auto_nav/lib/auto_nav
[2.175s] Installing wall_follow script to /home/prince/colcon_ws/install/auto_nav/lib/auto_nav
[2.175s] writing list of installed files to '/home/prince/colcon_ws/build/auto_nav/install.log'
[2.213s] Invoked command in '/home/prince/colcon_ws/src/auto_nav' returned '0': PYTHONPATH=/home/prince/colcon_ws/install/auto_nav/lib/python3.8/site-packages:${PYTHONPATH} /usr/bin/python3 setup.py egg_info --egg-base ../../build/auto_nav build --build-base /home/prince/colcon_ws/build/auto_nav/build install --prefix /home/prince/colcon_ws/install/auto_nav --record /home/prince/colcon_ws/build/auto_nav/install.log --single-version-externally-managed
