[1.876s] Invoking command in '/home/prince/colcon_ws/src/py_pubsub': PYTHONPATH=/home/prince/colcon_ws/install/py_pubsub/lib/python3.8/site-packages:${PYTHONPATH} /usr/bin/python3 setup.py egg_info --egg-base ../../build/py_pubsub build --build-base /home/prince/colcon_ws/build/py_pubsub/build install --prefix /home/prince/colcon_ws/install/py_pubsub --record /home/prince/colcon_ws/build/py_pubsub/install.log --single-version-externally-managed
[2.332s] running egg_info
[2.333s] writing ../../build/py_pubsub/py_pubsub.egg-info/PKG-INFO
[2.333s] writing dependency_links to ../../build/py_pubsub/py_pubsub.egg-info/dependency_links.txt
[2.334s] writing entry points to ../../build/py_pubsub/py_pubsub.egg-info/entry_points.txt
[2.334s] writing requirements to ../../build/py_pubsub/py_pubsub.egg-info/requires.txt
[2.335s] writing top-level names to ../../build/py_pubsub/py_pubsub.egg-info/top_level.txt
[2.416s] reading manifest file '../../build/py_pubsub/py_pubsub.egg-info/SOURCES.txt'
[2.419s] writing manifest file '../../build/py_pubsub/py_pubsub.egg-info/SOURCES.txt'
[2.420s] running build
[2.420s] running build_py
[2.421s] running install
[2.427s] running install_lib
[2.433s] running install_data
[2.435s] running install_egg_info
[2.443s] removing '/home/prince/colcon_ws/install/py_pubsub/lib/python3.8/site-packages/py_pubsub-0.0.0-py3.8.egg-info' (and everything under it)
[2.443s] Copying ../../build/py_pubsub/py_pubsub.egg-info to /home/prince/colcon_ws/install/py_pubsub/lib/python3.8/site-packages/py_pubsub-0.0.0-py3.8.egg-info
[2.444s] running install_scripts
[2.496s] Installing listener script to /home/prince/colcon_ws/install/py_pubsub/lib/py_pubsub
[2.497s] Installing talker script to /home/prince/colcon_ws/install/py_pubsub/lib/py_pubsub
[2.497s] writing list of installed files to '/home/prince/colcon_ws/build/py_pubsub/install.log'
[2.593s] Invoked command in '/home/prince/colcon_ws/src/py_pubsub' returned '0': PYTHONPATH=/home/prince/colcon_ws/install/py_pubsub/lib/python3.8/site-packages:${PYTHONPATH} /usr/bin/python3 setup.py egg_info --egg-base ../../build/py_pubsub build --build-base /home/prince/colcon_ws/build/py_pubsub/build install --prefix /home/prince/colcon_ws/install/py_pubsub --record /home/prince/colcon_ws/build/py_pubsub/install.log --single-version-externally-managed
