[0.877s] Invoking command in '/home/prince/colcon_ws/src/auto_nav': PYTHONPATH=/home/prince/colcon_ws/install/auto_nav/lib/python3.8/site-packages:${PYTHONPATH} /usr/bin/python3 setup.py egg_info --egg-base ../../build/auto_nav build --build-base /home/prince/colcon_ws/build/auto_nav/build install --prefix /home/prince/colcon_ws/install/auto_nav --record /home/prince/colcon_ws/build/auto_nav/install.log --single-version-externally-managed
[1.054s] running egg_info
[1.055s] writing ../../build/auto_nav/auto_nav.egg-info/PKG-INFO
[1.056s] writing dependency_links to ../../build/auto_nav/auto_nav.egg-info/dependency_links.txt
[1.056s] writing entry points to ../../build/auto_nav/auto_nav.egg-info/entry_points.txt
[1.056s] writing requirements to ../../build/auto_nav/auto_nav.egg-info/requires.txt
[1.056s] writing top-level names to ../../build/auto_nav/auto_nav.egg-info/top_level.txt
[1.084s] reading manifest file '../../build/auto_nav/auto_nav.egg-info/SOURCES.txt'
[1.085s] writing manifest file '../../build/auto_nav/auto_nav.egg-info/SOURCES.txt'
[1.086s] running build
[1.086s] running build_py
[1.086s] copying auto_nav/r2occupancy.py -> /home/prince/colcon_ws/build/auto_nav/build/lib/auto_nav
[1.086s] copying auto_nav/r2auto_nav2.py -> /home/prince/colcon_ws/build/auto_nav/build/lib/auto_nav
[1.087s] running install
[1.087s] running install_lib
[1.088s] copying /home/prince/colcon_ws/build/auto_nav/build/lib/auto_nav/r2occupancy.py -> /home/prince/colcon_ws/install/auto_nav/lib/python3.8/site-packages/auto_nav
[1.088s] copying /home/prince/colcon_ws/build/auto_nav/build/lib/auto_nav/r2auto_nav2.py -> /home/prince/colcon_ws/install/auto_nav/lib/python3.8/site-packages/auto_nav
[1.089s] byte-compiling /home/prince/colcon_ws/install/auto_nav/lib/python3.8/site-packages/auto_nav/r2occupancy.py to r2occupancy.cpython-38.pyc
[1.091s] byte-compiling /home/prince/colcon_ws/install/auto_nav/lib/python3.8/site-packages/auto_nav/r2auto_nav2.py to r2auto_nav2.cpython-38.pyc
[1.093s] running install_data
[1.094s] running install_egg_info
[1.095s] removing '/home/prince/colcon_ws/install/auto_nav/lib/python3.8/site-packages/auto_nav-0.0.0-py3.8.egg-info' (and everything under it)
[1.096s] Copying ../../build/auto_nav/auto_nav.egg-info to /home/prince/colcon_ws/install/auto_nav/lib/python3.8/site-packages/auto_nav-0.0.0-py3.8.egg-info
[1.097s] running install_scripts
[1.116s] Installing r2auto_nav script to /home/prince/colcon_ws/install/auto_nav/lib/auto_nav
[1.116s] Installing r2auto_nav2 script to /home/prince/colcon_ws/install/auto_nav/lib/auto_nav
[1.116s] Installing r2mover script to /home/prince/colcon_ws/install/auto_nav/lib/auto_nav
[1.117s] Installing r2moverotate script to /home/prince/colcon_ws/install/auto_nav/lib/auto_nav
[1.117s] Installing r2occupancy script to /home/prince/colcon_ws/install/auto_nav/lib/auto_nav
[1.117s] Installing r2occupancy2 script to /home/prince/colcon_ws/install/auto_nav/lib/auto_nav
[1.117s] Installing r2scanner script to /home/prince/colcon_ws/install/auto_nav/lib/auto_nav
[1.117s] writing list of installed files to '/home/prince/colcon_ws/build/auto_nav/install.log'
[1.150s] Invoked command in '/home/prince/colcon_ws/src/auto_nav' returned '0': PYTHONPATH=/home/prince/colcon_ws/install/auto_nav/lib/python3.8/site-packages:${PYTHONPATH} /usr/bin/python3 setup.py egg_info --egg-base ../../build/auto_nav build --build-base /home/prince/colcon_ws/build/auto_nav/build install --prefix /home/prince/colcon_ws/install/auto_nav --record /home/prince/colcon_ws/build/auto_nav/install.log --single-version-externally-managed
