[1.574s] Invoking command in '/home/prince/colcon_ws/src/auto_nav': PYTHONPATH=/home/prince/colcon_ws/install/auto_nav/lib/python3.8/site-packages:${PYTHONPATH} /usr/bin/python3 setup.py egg_info --egg-base ../../build/auto_nav build --build-base /home/prince/colcon_ws/build/auto_nav/build install --prefix /home/prince/colcon_ws/install/auto_nav --record /home/prince/colcon_ws/build/auto_nav/install.log --single-version-externally-managed
[1.868s] running egg_info
[1.869s] writing ../../build/auto_nav/auto_nav.egg-info/PKG-INFO
[1.870s] writing dependency_links to ../../build/auto_nav/auto_nav.egg-info/dependency_links.txt
[1.870s] writing entry points to ../../build/auto_nav/auto_nav.egg-info/entry_points.txt
[1.870s] writing requirements to ../../build/auto_nav/auto_nav.egg-info/requires.txt
[1.871s] writing top-level names to ../../build/auto_nav/auto_nav.egg-info/top_level.txt
[1.918s] reading manifest file '../../build/auto_nav/auto_nav.egg-info/SOURCES.txt'
[1.920s] writing manifest file '../../build/auto_nav/auto_nav.egg-info/SOURCES.txt'
[1.920s] running build
[1.920s] running build_py
[1.921s] running install
[1.923s] running install_lib
[1.927s] running install_data
[1.929s] running install_egg_info
[1.934s] removing '/home/prince/colcon_ws/install/auto_nav/lib/python3.8/site-packages/auto_nav-0.0.0-py3.8.egg-info' (and everything under it)
[1.935s] Copying ../../build/auto_nav/auto_nav.egg-info to /home/prince/colcon_ws/install/auto_nav/lib/python3.8/site-packages/auto_nav-0.0.0-py3.8.egg-info
[1.936s] running install_scripts
[1.973s] Installing r2auto_nav script to /home/prince/colcon_ws/install/auto_nav/lib/auto_nav
[1.974s] Installing r2auto_nav2 script to /home/prince/colcon_ws/install/auto_nav/lib/auto_nav
[1.974s] Installing r2auto_nav3_gazebo script to /home/prince/colcon_ws/install/auto_nav/lib/auto_nav
[1.975s] Installing r2auto_nav3_real script to /home/prince/colcon_ws/install/auto_nav/lib/auto_nav
[1.976s] Installing r2mover script to /home/prince/colcon_ws/install/auto_nav/lib/auto_nav
[1.976s] Installing r2moverotate script to /home/prince/colcon_ws/install/auto_nav/lib/auto_nav
[1.976s] Installing r2occupancy script to /home/prince/colcon_ws/install/auto_nav/lib/auto_nav
[1.977s] Installing r2occupancy2 script to /home/prince/colcon_ws/install/auto_nav/lib/auto_nav
[1.978s] Installing r2scanner script to /home/prince/colcon_ws/install/auto_nav/lib/auto_nav
[1.979s] writing list of installed files to '/home/prince/colcon_ws/build/auto_nav/install.log'
[2.051s] Invoked command in '/home/prince/colcon_ws/src/auto_nav' returned '0': PYTHONPATH=/home/prince/colcon_ws/install/auto_nav/lib/python3.8/site-packages:${PYTHONPATH} /usr/bin/python3 setup.py egg_info --egg-base ../../build/auto_nav build --build-base /home/prince/colcon_ws/build/auto_nav/build install --prefix /home/prince/colcon_ws/install/auto_nav --record /home/prince/colcon_ws/build/auto_nav/install.log --single-version-externally-managed
