/home/prince/colcon_ws/install/auto_nav/lib/python3.8/site-packages/auto_nav/r2occupancy2.py
/home/prince/colcon_ws/install/auto_nav/lib/python3.8/site-packages/auto_nav/r2occupancy.py
/home/prince/colcon_ws/install/auto_nav/lib/python3.8/site-packages/auto_nav/r2auto_nav.py
/home/prince/colcon_ws/install/auto_nav/lib/python3.8/site-packages/auto_nav/r2auto_nav2.py
/home/prince/colcon_ws/install/auto_nav/lib/python3.8/site-packages/auto_nav/r2_factory_test.py
/home/prince/colcon_ws/install/auto_nav/lib/python3.8/site-packages/auto_nav/r2scanner.py
/home/prince/colcon_ws/install/auto_nav/lib/python3.8/site-packages/auto_nav/thermal_interp.py
/home/prince/colcon_ws/install/auto_nav/lib/python3.8/site-packages/auto_nav/r2auto_nav3_real.py
/home/prince/colcon_ws/install/auto_nav/lib/python3.8/site-packages/auto_nav/thermal_publisher.py
/home/prince/colcon_ws/install/auto_nav/lib/python3.8/site-packages/auto_nav/r2_snake.py
/home/prince/colcon_ws/install/auto_nav/lib/python3.8/site-packages/auto_nav/r2targeting1.py
/home/prince/colcon_ws/install/auto_nav/lib/python3.8/site-packages/auto_nav/thermal_listener.py
/home/prince/colcon_ws/install/auto_nav/lib/python3.8/site-packages/auto_nav/r2auto_nav3_gazebo.py
/home/prince/colcon_ws/install/auto_nav/lib/python3.8/site-packages/auto_nav/r2moverotate.py
/home/prince/colcon_ws/install/auto_nav/lib/python3.8/site-packages/auto_nav/__init__.py
/home/prince/colcon_ws/install/auto_nav/lib/python3.8/site-packages/auto_nav/r2_wall_follow.py
/home/prince/colcon_ws/install/auto_nav/lib/python3.8/site-packages/auto_nav/map2base.py
/home/prince/colcon_ws/install/auto_nav/lib/python3.8/site-packages/auto_nav/r2mover.py
/home/prince/colcon_ws/install/auto_nav/lib/python3.8/site-packages/auto_nav/__pycache__/r2occupancy2.cpython-38.pyc
/home/prince/colcon_ws/install/auto_nav/lib/python3.8/site-packages/auto_nav/__pycache__/r2occupancy.cpython-38.pyc
/home/prince/colcon_ws/install/auto_nav/lib/python3.8/site-packages/auto_nav/__pycache__/r2auto_nav.cpython-38.pyc
/home/prince/colcon_ws/install/auto_nav/lib/python3.8/site-packages/auto_nav/__pycache__/r2auto_nav2.cpython-38.pyc
/home/prince/colcon_ws/install/auto_nav/lib/python3.8/site-packages/auto_nav/__pycache__/r2_factory_test.cpython-38.pyc
/home/prince/colcon_ws/install/auto_nav/lib/python3.8/site-packages/auto_nav/__pycache__/r2scanner.cpython-38.pyc
/home/prince/colcon_ws/install/auto_nav/lib/python3.8/site-packages/auto_nav/__pycache__/thermal_interp.cpython-38.pyc
/home/prince/colcon_ws/install/auto_nav/lib/python3.8/site-packages/auto_nav/__pycache__/r2auto_nav3_real.cpython-38.pyc
/home/prince/colcon_ws/install/auto_nav/lib/python3.8/site-packages/auto_nav/__pycache__/thermal_publisher.cpython-38.pyc
/home/prince/colcon_ws/install/auto_nav/lib/python3.8/site-packages/auto_nav/__pycache__/r2_snake.cpython-38.pyc
/home/prince/colcon_ws/install/auto_nav/lib/python3.8/site-packages/auto_nav/__pycache__/r2targeting1.cpython-38.pyc
/home/prince/colcon_ws/install/auto_nav/lib/python3.8/site-packages/auto_nav/__pycache__/thermal_listener.cpython-38.pyc
/home/prince/colcon_ws/install/auto_nav/lib/python3.8/site-packages/auto_nav/__pycache__/r2auto_nav3_gazebo.cpython-38.pyc
/home/prince/colcon_ws/install/auto_nav/lib/python3.8/site-packages/auto_nav/__pycache__/r2moverotate.cpython-38.pyc
/home/prince/colcon_ws/install/auto_nav/lib/python3.8/site-packages/auto_nav/__pycache__/__init__.cpython-38.pyc
/home/prince/colcon_ws/install/auto_nav/lib/python3.8/site-packages/auto_nav/__pycache__/r2_wall_follow.cpython-38.pyc
/home/prince/colcon_ws/install/auto_nav/lib/python3.8/site-packages/auto_nav/__pycache__/map2base.cpython-38.pyc
/home/prince/colcon_ws/install/auto_nav/lib/python3.8/site-packages/auto_nav/__pycache__/r2mover.cpython-38.pyc
/home/prince/colcon_ws/install/auto_nav/share/ament_index/resource_index/packages/auto_nav
/home/prince/colcon_ws/install/auto_nav/share/auto_nav/package.xml
/home/prince/colcon_ws/install/auto_nav/share/auto_nav/r2auto_nav2.launch.py
/home/prince/colcon_ws/install/auto_nav/lib/python3.8/site-packages/auto_nav-0.0.0-py3.8.egg-info/dependency_links.txt
/home/prince/colcon_ws/install/auto_nav/lib/python3.8/site-packages/auto_nav-0.0.0-py3.8.egg-info/zip-safe
/home/prince/colcon_ws/install/auto_nav/lib/python3.8/site-packages/auto_nav-0.0.0-py3.8.egg-info/SOURCES.txt
/home/prince/colcon_ws/install/auto_nav/lib/python3.8/site-packages/auto_nav-0.0.0-py3.8.egg-info/entry_points.txt
/home/prince/colcon_ws/install/auto_nav/lib/python3.8/site-packages/auto_nav-0.0.0-py3.8.egg-info/PKG-INFO
/home/prince/colcon_ws/install/auto_nav/lib/python3.8/site-packages/auto_nav-0.0.0-py3.8.egg-info/requires.txt
/home/prince/colcon_ws/install/auto_nav/lib/python3.8/site-packages/auto_nav-0.0.0-py3.8.egg-info/top_level.txt
/home/prince/colcon_ws/install/auto_nav/lib/auto_nav/factory_test
/home/prince/colcon_ws/install/auto_nav/lib/auto_nav/map2base
/home/prince/colcon_ws/install/auto_nav/lib/auto_nav/r2auto_nav
/home/prince/colcon_ws/install/auto_nav/lib/auto_nav/r2auto_nav2
/home/prince/colcon_ws/install/auto_nav/lib/auto_nav/r2auto_nav3_gazebo
/home/prince/colcon_ws/install/auto_nav/lib/auto_nav/r2auto_nav3_real
/home/prince/colcon_ws/install/auto_nav/lib/auto_nav/r2mover
/home/prince/colcon_ws/install/auto_nav/lib/auto_nav/r2moverotate
/home/prince/colcon_ws/install/auto_nav/lib/auto_nav/r2occupancy
/home/prince/colcon_ws/install/auto_nav/lib/auto_nav/r2occupancy2
/home/prince/colcon_ws/install/auto_nav/lib/auto_nav/r2scanner
/home/prince/colcon_ws/install/auto_nav/lib/auto_nav/snake
/home/prince/colcon_ws/install/auto_nav/lib/auto_nav/targeter
/home/prince/colcon_ws/install/auto_nav/lib/auto_nav/thermal_interp
/home/prince/colcon_ws/install/auto_nav/lib/auto_nav/thermal_listener
/home/prince/colcon_ws/install/auto_nav/lib/auto_nav/wall_follow
