[0.033s] Invoking command in '/home/prince/colcon_ws/build/turtlebot3_fake_node': CMAKE_PREFIX_PATH=${CMAKE_PREFIX_PATH}:/home/prince/colcon_ws/install/py_pubsub:/home/prince/colcon_ws/install/auto_nav:/opt/ros/foxy /usr/bin/cmake /home/prince/colcon_ws/src/turtlebot3_simulations/turtlebot3_fake_node -DCMAKE_INSTALL_PREFIX=/home/prince/colcon_ws/install/turtlebot3_fake_node
[0.270s] -- The C compiler identification is GNU 9.3.0
[0.271s] -- The CXX compiler identification is GNU 9.3.0
[0.273s] -- Check for working C compiler: /usr/bin/cc
[0.273s] -- Check for working C compiler: /usr/bin/cc -- works
[0.273s] -- Detecting C compiler ABI info
[0.279s] -- Detecting C compiler ABI info - done
[0.292s] -- Detecting C compile features
[0.292s] -- Detecting C compile features - done
[0.295s] -- Check for working CXX compiler: /usr/bin/c++
[0.370s] -- Check for working CXX compiler: /usr/bin/c++ -- works
[0.372s] -- Detecting CXX compiler ABI info
[0.454s] -- Detecting CXX compiler ABI info - done
[0.464s] -- Detecting CXX compile features
[0.464s] -- Detecting CXX compile features - done
[0.466s] -- Found ament_cmake: 0.9.9 (/opt/ros/foxy/share/ament_cmake/cmake)
[0.493s] -- Found PythonInterp: /usr/bin/python3 (found suitable version "3.8.10", minimum required is "3") 
[0.493s] -- Using PYTHON_EXECUTABLE: /usr/bin/python3
[0.665s] -- Found geometry_msgs: 2.0.4 (/opt/ros/foxy/share/geometry_msgs/cmake)
[0.690s] -- Using all available rosidl_typesupport_c: rosidl_typesupport_fastrtps_c;rosidl_typesupport_introspection_c
[0.696s] -- Found rosidl_adapter: 1.2.1 (/opt/ros/foxy/share/rosidl_adapter/cmake)
[0.770s] -- Found OpenSSL: /usr/lib/x86_64-linux-gnu/libcrypto.so (found version "1.1.1f")  
[0.798s] -- Found FastRTPS: /opt/ros/foxy/include  
[0.877s] -- Using all available rosidl_typesupport_cpp: rosidl_typesupport_fastrtps_cpp;rosidl_typesupport_introspection_cpp
[0.950s] -- Found nav_msgs: 2.0.4 (/opt/ros/foxy/share/nav_msgs/cmake)
[1.006s] -- Found rclcpp: 2.4.0 (/opt/ros/foxy/share/rclcpp/cmake)
[1.045s] -- Found rmw_implementation_cmake: 1.0.3 (/opt/ros/foxy/share/rmw_implementation_cmake/cmake)
[1.046s] -- Using RMW implementation 'rmw_fastrtps_cpp' as default
[1.047s] -- Looking for pthread.h
[1.122s] -- Looking for pthread.h - found
[1.123s] -- Performing Test CMAKE_HAVE_LIBC_PTHREAD
[1.198s] -- Performing Test CMAKE_HAVE_LIBC_PTHREAD - Failed
[1.198s] -- Looking for pthread_create in pthreads
[1.261s] -- Looking for pthread_create in pthreads - not found
[1.262s] -- Looking for pthread_create in pthread
[1.333s] -- Looking for pthread_create in pthread - found
[1.333s] -- Found Threads: TRUE  
[1.445s] -- Found sensor_msgs: 2.0.4 (/opt/ros/foxy/share/sensor_msgs/cmake)
[1.499s] -- Found tf2: 0.13.12 (/opt/ros/foxy/share/tf2/cmake)
[1.508s] -- Found tf2_msgs: 0.13.12 (/opt/ros/foxy/share/tf2_msgs/cmake)
[1.651s] -- Found turtlebot3_msgs: 2.2.1 (/opt/ros/foxy/share/turtlebot3_msgs/cmake)
[1.790s] -- Configuring done
[1.803s] -- Generating done
[1.804s] -- Build files have been written to: /home/prince/colcon_ws/build/turtlebot3_fake_node
[1.815s] Invoked command in '/home/prince/colcon_ws/build/turtlebot3_fake_node' returned '0': CMAKE_PREFIX_PATH=${CMAKE_PREFIX_PATH}:/home/prince/colcon_ws/install/py_pubsub:/home/prince/colcon_ws/install/auto_nav:/opt/ros/foxy /usr/bin/cmake /home/prince/colcon_ws/src/turtlebot3_simulations/turtlebot3_fake_node -DCMAKE_INSTALL_PREFIX=/home/prince/colcon_ws/install/turtlebot3_fake_node
[1.817s] Invoking command in '/home/prince/colcon_ws/build/turtlebot3_fake_node': CMAKE_PREFIX_PATH=${CMAKE_PREFIX_PATH}:/home/prince/colcon_ws/install/py_pubsub:/home/prince/colcon_ws/install/auto_nav:/opt/ros/foxy /usr/bin/cmake --build /home/prince/colcon_ws/build/turtlebot3_fake_node -- -j16 -l16
[1.855s] [35m[1mScanning dependencies of target turtlebot3_fake_node[0m
[1.883s] [ 50%] [32mBuilding CXX object CMakeFiles/turtlebot3_fake_node.dir/src/turtlebot3_fake_node.cpp.o[0m
[8.626s] [100%] [32m[1mLinking CXX executable turtlebot3_fake_node[0m
[8.947s] [100%] Built target turtlebot3_fake_node
[8.961s] Invoked command in '/home/prince/colcon_ws/build/turtlebot3_fake_node' returned '0': CMAKE_PREFIX_PATH=${CMAKE_PREFIX_PATH}:/home/prince/colcon_ws/install/py_pubsub:/home/prince/colcon_ws/install/auto_nav:/opt/ros/foxy /usr/bin/cmake --build /home/prince/colcon_ws/build/turtlebot3_fake_node -- -j16 -l16
[8.997s] Invoking command in '/home/prince/colcon_ws/build/turtlebot3_fake_node': CMAKE_PREFIX_PATH=${CMAKE_PREFIX_PATH}:/home/prince/colcon_ws/install/py_pubsub:/home/prince/colcon_ws/install/auto_nav:/opt/ros/foxy /usr/bin/cmake --install /home/prince/colcon_ws/build/turtlebot3_fake_node
[9.005s] -- Install configuration: ""
[9.005s] -- Installing: /home/prince/colcon_ws/install/turtlebot3_fake_node/lib/turtlebot3_fake_node/turtlebot3_fake_node
[9.007s] -- Set runtime path of "/home/prince/colcon_ws/install/turtlebot3_fake_node/lib/turtlebot3_fake_node/turtlebot3_fake_node" to ""
[9.008s] -- Installing: /home/prince/colcon_ws/install/turtlebot3_fake_node/share/turtlebot3_fake_node/launch
[9.008s] -- Installing: /home/prince/colcon_ws/install/turtlebot3_fake_node/share/turtlebot3_fake_node/launch/rviz2.launch.py
[9.008s] -- Installing: /home/prince/colcon_ws/install/turtlebot3_fake_node/share/turtlebot3_fake_node/launch/turtlebot3_fake_node.launch.py
[9.008s] -- Installing: /home/prince/colcon_ws/install/turtlebot3_fake_node/share/turtlebot3_fake_node/param
[9.008s] -- Installing: /home/prince/colcon_ws/install/turtlebot3_fake_node/share/turtlebot3_fake_node/param/waffle_pi.yaml
[9.008s] -- Installing: /home/prince/colcon_ws/install/turtlebot3_fake_node/share/turtlebot3_fake_node/param/burger.yaml
[9.009s] -- Installing: /home/prince/colcon_ws/install/turtlebot3_fake_node/share/turtlebot3_fake_node/param/waffle.yaml
[9.009s] -- Installing: /home/prince/colcon_ws/install/turtlebot3_fake_node/share/turtlebot3_fake_node/rviz
[9.009s] -- Installing: /home/prince/colcon_ws/install/turtlebot3_fake_node/share/turtlebot3_fake_node/rviz/model.rviz
[9.009s] -- Installing: /home/prince/colcon_ws/install/turtlebot3_fake_node/include/
[9.009s] -- Installing: /home/prince/colcon_ws/install/turtlebot3_fake_node/include//turtlebot3_fake_node
[9.009s] -- Installing: /home/prince/colcon_ws/install/turtlebot3_fake_node/include//turtlebot3_fake_node/turtlebot3_fake_node.hpp
[9.009s] -- Installing: /home/prince/colcon_ws/install/turtlebot3_fake_node/share/ament_index/resource_index/package_run_dependencies/turtlebot3_fake_node
[9.009s] -- Installing: /home/prince/colcon_ws/install/turtlebot3_fake_node/share/ament_index/resource_index/parent_prefix_path/turtlebot3_fake_node
[9.009s] -- Installing: /home/prince/colcon_ws/install/turtlebot3_fake_node/share/turtlebot3_fake_node/environment/ament_prefix_path.sh
[9.009s] -- Installing: /home/prince/colcon_ws/install/turtlebot3_fake_node/share/turtlebot3_fake_node/environment/ament_prefix_path.dsv
[9.009s] -- Installing: /home/prince/colcon_ws/install/turtlebot3_fake_node/share/turtlebot3_fake_node/environment/path.sh
[9.009s] -- Installing: /home/prince/colcon_ws/install/turtlebot3_fake_node/share/turtlebot3_fake_node/environment/path.dsv
[9.009s] -- Installing: /home/prince/colcon_ws/install/turtlebot3_fake_node/share/turtlebot3_fake_node/local_setup.bash
[9.009s] -- Installing: /home/prince/colcon_ws/install/turtlebot3_fake_node/share/turtlebot3_fake_node/local_setup.sh
[9.009s] -- Installing: /home/prince/colcon_ws/install/turtlebot3_fake_node/share/turtlebot3_fake_node/local_setup.zsh
[9.009s] -- Installing: /home/prince/colcon_ws/install/turtlebot3_fake_node/share/turtlebot3_fake_node/local_setup.dsv
[9.010s] -- Installing: /home/prince/colcon_ws/install/turtlebot3_fake_node/share/turtlebot3_fake_node/package.dsv
[9.010s] -- Installing: /home/prince/colcon_ws/install/turtlebot3_fake_node/share/ament_index/resource_index/packages/turtlebot3_fake_node
[9.010s] -- Installing: /home/prince/colcon_ws/install/turtlebot3_fake_node/share/turtlebot3_fake_node/cmake/ament_cmake_export_include_directories-extras.cmake
[9.010s] -- Installing: /home/prince/colcon_ws/install/turtlebot3_fake_node/share/turtlebot3_fake_node/cmake/ament_cmake_export_dependencies-extras.cmake
[9.010s] -- Installing: /home/prince/colcon_ws/install/turtlebot3_fake_node/share/turtlebot3_fake_node/cmake/turtlebot3_fake_nodeConfig.cmake
[9.010s] -- Installing: /home/prince/colcon_ws/install/turtlebot3_fake_node/share/turtlebot3_fake_node/cmake/turtlebot3_fake_nodeConfig-version.cmake
[9.010s] -- Installing: /home/prince/colcon_ws/install/turtlebot3_fake_node/share/turtlebot3_fake_node/package.xml
[9.014s] Invoked command in '/home/prince/colcon_ws/build/turtlebot3_fake_node' returned '0': CMAKE_PREFIX_PATH=${CMAKE_PREFIX_PATH}:/home/prince/colcon_ws/install/py_pubsub:/home/prince/colcon_ws/install/auto_nav:/opt/ros/foxy /usr/bin/cmake --install /home/prince/colcon_ws/build/turtlebot3_fake_node
