running develop
running egg_info
writing ../../build/py_servo/py_servo.egg-info/PKG-INFO
writing dependency_links to ../../build/py_servo/py_servo.egg-info/dependency_links.txt
writing entry points to ../../build/py_servo/py_servo.egg-info/entry_points.txt
writing requirements to ../../build/py_servo/py_servo.egg-info/requires.txt
writing top-level names to ../../build/py_servo/py_servo.egg-info/top_level.txt
reading manifest file '../../build/py_servo/py_servo.egg-info/SOURCES.txt'
writing manifest file '../../build/py_servo/py_servo.egg-info/SOURCES.txt'
running build
running build_py
running install
running install_lib
running install_data
running install_egg_info
removing '/home/ubuntu/turtlebot3_ws/install/py_servo/lib/python3.8/site-packages/py_servo-0.0.0-py3.8.egg-info' (and everything under it)
Copying ../../build/py_servo/py_servo.egg-info to /home/ubuntu/turtlebot3_ws/install/py_servo/lib/python3.8/site-packages/py_servo-0.0.0-py3.8.egg-info
running install_scripts
Installing py_servo script to /home/ubuntu/turtlebot3_ws/install/py_servo/lib/py_servo
writing list of installed files to '/home/ubuntu/turtlebot3_ws/build/py_servo/install.log'
