[0.043s] Invoking command in '/home/prince/colcon_ws/build/turtlebot3_gazebo': CMAKE_PREFIX_PATH=${CMAKE_PREFIX_PATH}:/home/prince/colcon_ws/install/py_pubsub:/home/prince/colcon_ws/install/auto_nav:/opt/ros/foxy /usr/bin/cmake /home/prince/colcon_ws/src/turtlebot3_simulations/turtlebot3_gazebo -DCMAKE_INSTALL_PREFIX=/home/prince/colcon_ws/install/turtlebot3_gazebo
[0.604s] -- The C compiler identification is GNU 9.3.0
[0.604s] -- The CXX compiler identification is GNU 9.3.0
[0.605s] -- Check for working C compiler: /usr/bin/cc
[0.605s] -- Check for working C compiler: /usr/bin/cc -- works
[0.606s] -- Detecting C compiler ABI info
[0.606s] -- Detecting C compiler ABI info - done
[0.606s] -- Detecting C compile features
[0.607s] -- Detecting C compile features - done
[0.607s] -- Check for working CXX compiler: /usr/bin/c++
[0.609s] -- Check for working CXX compiler: /usr/bin/c++ -- works
[0.610s] -- Detecting CXX compiler ABI info
[0.683s] -- Detecting CXX compiler ABI info - done
[0.695s] -- Detecting CXX compile features
[0.696s] -- Detecting CXX compile features - done
[0.699s] -- Found ament_cmake: 0.9.9 (/opt/ros/foxy/share/ament_cmake/cmake)
[0.734s] -- Found PythonInterp: /usr/bin/python3 (found suitable version "3.8.10", minimum required is "3") 
[0.734s] -- Using PYTHON_EXECUTABLE: /usr/bin/python3
[0.992s] -- Found PkgConfig: /usr/bin/pkg-config (found version "0.29.1") 
[0.997s] -- Checking for module 'bullet>=2.82'
[1.022s] --   Found bullet, version 2.88
[1.199s] -- Found ccd: /usr/include (found suitable version "2.0", minimum required is "2.0") 
[1.287s] -- Found fcl: /usr/include (found suitable version "0.5.0", minimum required is "0.3.2") 
[1.379s] -- Found assimp: /usr/include (found version "5.0.0") 
[1.424s] -- Found DART: /usr/include (Required is at least version "6.6") found components: dart 
[1.835s] -- Found Boost: /usr/lib/x86_64-linux-gnu/cmake/Boost-1.71.0/BoostConfig.cmake (found suitable version "1.71.0", minimum required is "1.40.0") found components: thread system filesystem program_options regex iostreams date_time 
[1.867s] -- Found Protobuf: /usr/lib/x86_64-linux-gnu/libprotobuf.so;-lpthread (found version "3.6.1") 
[1.873s] -- Looking for ignition-math6 -- found version 6.9.2
[1.882s] -- Searching for dependencies of ignition-math6
[1.884s] -- Looking for OGRE...
[1.884s] -- OGRE_PREFIX_WATCH changed.
[1.889s] -- Checking for module 'OGRE'
[1.907s] --   Found OGRE, version 1.9.0
[1.952s] -- Found Ogre Ghadamon (1.9.0)
[1.968s] -- Found OGRE: optimized;/usr/lib/x86_64-linux-gnu/libOgreMain.so;debug;/usr/lib/x86_64-linux-gnu/libOgreMain.so
[1.977s] -- Looking for OGRE_Paging...
[1.989s] -- Found OGRE_Paging: optimized;/usr/lib/x86_64-linux-gnu/libOgrePaging.so;debug;/usr/lib/x86_64-linux-gnu/libOgrePaging.so
[1.989s] -- Looking for OGRE_Terrain...
[2.001s] -- Found OGRE_Terrain: optimized;/usr/lib/x86_64-linux-gnu/libOgreTerrain.so;debug;/usr/lib/x86_64-linux-gnu/libOgreTerrain.so
[2.001s] -- Looking for OGRE_Property...
[2.009s] -- Found OGRE_Property: optimized;/usr/lib/x86_64-linux-gnu/libOgreProperty.so;debug;/usr/lib/x86_64-linux-gnu/libOgreProperty.so
[2.009s] -- Looking for OGRE_RTShaderSystem...
[2.020s] -- Found OGRE_RTShaderSystem: optimized;/usr/lib/x86_64-linux-gnu/libOgreRTShaderSystem.so;debug;/usr/lib/x86_64-linux-gnu/libOgreRTShaderSystem.so
[2.020s] -- Looking for OGRE_Volume...
[2.030s] -- Found OGRE_Volume: optimized;/usr/lib/x86_64-linux-gnu/libOgreVolume.so;debug;/usr/lib/x86_64-linux-gnu/libOgreVolume.so
[2.030s] -- Looking for OGRE_Overlay...
[2.043s] -- Found OGRE_Overlay: optimized;/usr/lib/x86_64-linux-gnu/libOgreOverlay.so;debug;/usr/lib/x86_64-linux-gnu/libOgreOverlay.so
[2.249s] -- Looking for ignition-math6 -- found version 6.9.2
[2.251s] -- Looking for ignition-transport8 -- found version 8.2.1
[2.252s] -- Searching for dependencies of ignition-transport8
[2.269s] -- Found Protobuf: /usr/lib/x86_64-linux-gnu/libprotobuf.so;-lpthread (found suitable version "3.6.1", minimum required is "3") 
[2.279s] -- Config-file not installed for ZeroMQ -- checking for pkg-config
[2.284s] -- Checking for module 'libzmq >= 4'
[2.303s] --   Found libzmq , version 4.3.2
[2.351s] -- Found ZeroMQ: TRUE (Required is at least version "4") 
[2.358s] -- Checking for module 'uuid'
[2.377s] --   Found uuid, version 2.34.0
[2.423s] -- Found UUID: TRUE  
[2.425s] -- Looking for ignition-msgs5 -- found version 5.8.1
[2.426s] -- Searching for dependencies of ignition-msgs5
[2.445s] -- Looking for ignition-math6 -- found version 6.9.2
[2.450s] -- Checking for module 'tinyxml2'
[2.468s] --   Found tinyxml2, version 6.2.0
[2.515s] -- Looking for ignition-msgs5 -- found version 5.8.1
[2.518s] -- Looking for ignition-common3 -- found version 3.14.0
[2.518s] -- Searching for dependencies of ignition-common3
[2.519s] -- Looking for dlfcn.h - found
[2.521s] -- Looking for libdl - found
[2.522s] -- Found DL: TRUE  
[2.528s] -- Searching for <ignition-common3> component [graphics]
[2.530s] -- Looking for ignition-common3-graphics -- found version 3.14.0
[2.530s] -- Searching for dependencies of ignition-common3-graphics
[2.530s] -- Looking for ignition-math6 -- found version 6.9.2
[2.534s] -- Looking for ignition-fuel_tools4 -- found version 4.4.0
[2.534s] -- Searching for dependencies of ignition-fuel_tools4
[2.620s] -- Found CURL: /usr/lib/x86_64-linux-gnu/libcurl.so (found version "7.68.0")  
[2.628s] -- Checking for module 'jsoncpp'
[2.645s] --   Found jsoncpp, version 1.7.4
[2.688s] -- Found JSONCPP: TRUE  
[2.695s] -- Checking for module 'libzip'
[2.713s] --   Found libzip, version 1.5.1
[2.756s] -- Found ZIP: TRUE  
[2.756s] -- Looking for ignition-common3 -- found version 3.14.0
[2.757s] -- Looking for ignition-math6 -- found version 6.9.2
[2.757s] -- Looking for ignition-msgs5 -- found version 5.8.1
[2.761s] -- Found gazebo_ros_pkgs: 3.5.3 (/opt/ros/foxy/share/gazebo_ros_pkgs/cmake)
[2.763s] -- Found geometry_msgs: 2.0.4 (/opt/ros/foxy/share/geometry_msgs/cmake)
[2.787s] -- Using all available rosidl_typesupport_c: rosidl_typesupport_fastrtps_c;rosidl_typesupport_introspection_c
[2.794s] -- Found rosidl_adapter: 1.2.1 (/opt/ros/foxy/share/rosidl_adapter/cmake)
[2.876s] -- Found OpenSSL: /usr/lib/x86_64-linux-gnu/libcrypto.so (found version "1.1.1f")  
[2.905s] -- Found FastRTPS: /opt/ros/foxy/include  
[2.979s] -- Using all available rosidl_typesupport_cpp: rosidl_typesupport_fastrtps_cpp;rosidl_typesupport_introspection_cpp
[3.059s] -- Found nav_msgs: 2.0.4 (/opt/ros/foxy/share/nav_msgs/cmake)
[3.122s] -- Found rclcpp: 2.4.0 (/opt/ros/foxy/share/rclcpp/cmake)
[3.163s] -- Found rmw_implementation_cmake: 1.0.3 (/opt/ros/foxy/share/rmw_implementation_cmake/cmake)
[3.166s] -- Using RMW implementation 'rmw_fastrtps_cpp' as default
[3.167s] -- Found Threads: TRUE  
[3.290s] -- Found sensor_msgs: 2.0.4 (/opt/ros/foxy/share/sensor_msgs/cmake)
[3.353s] -- Found tf2: 0.13.12 (/opt/ros/foxy/share/tf2/cmake)
[3.440s] -- Configuring done
[3.483s] -- Generating done
[3.486s] -- Build files have been written to: /home/prince/colcon_ws/build/turtlebot3_gazebo
[3.504s] Invoked command in '/home/prince/colcon_ws/build/turtlebot3_gazebo' returned '0': CMAKE_PREFIX_PATH=${CMAKE_PREFIX_PATH}:/home/prince/colcon_ws/install/py_pubsub:/home/prince/colcon_ws/install/auto_nav:/opt/ros/foxy /usr/bin/cmake /home/prince/colcon_ws/src/turtlebot3_simulations/turtlebot3_gazebo -DCMAKE_INSTALL_PREFIX=/home/prince/colcon_ws/install/turtlebot3_gazebo
[3.508s] Invoking command in '/home/prince/colcon_ws/build/turtlebot3_gazebo': CMAKE_PREFIX_PATH=${CMAKE_PREFIX_PATH}:/home/prince/colcon_ws/install/py_pubsub:/home/prince/colcon_ws/install/auto_nav:/opt/ros/foxy /usr/bin/cmake --build /home/prince/colcon_ws/build/turtlebot3_gazebo -- -j16 -l16
[3.554s] [35m[1mScanning dependencies of target obstacles[0m
[3.554s] [35m[1mScanning dependencies of target obstacle1[0m
[3.555s] [35m[1mScanning dependencies of target turtlebot3_drive[0m
[3.555s] [35m[1mScanning dependencies of target obstacle2[0m
[3.597s] [ 12%] [32mBuilding CXX object CMakeFiles/turtlebot3_drive.dir/src/turtlebot3_drive.cpp.o[0m
[3.703s] [ 37%] [32mBuilding CXX object CMakeFiles/obstacle1.dir/models/turtlebot3_dqn_world/obstacle_plugin/obstacle1.cc.o[0m
[3.703s] [ 37%] [32mBuilding CXX object CMakeFiles/obstacles.dir/models/turtlebot3_dqn_world/obstacle_plugin/obstacles.cc.o[0m
[3.706s] [ 50%] [32mBuilding CXX object CMakeFiles/obstacle2.dir/models/turtlebot3_dqn_world/obstacle_plugin/obstacle2.cc.o[0m
[13.282s] [ 62%] [32m[1mLinking CXX executable turtlebot3_drive[0m
[13.737s] [ 62%] Built target turtlebot3_drive
[16.736s] [ 75%] [32m[1mLinking CXX shared library libobstacle2.so[0m
[16.797s] [ 87%] [32m[1mLinking CXX shared library libobstacles.so[0m
[16.839s] [100%] [32m[1mLinking CXX shared library libobstacle1.so[0m
[17.327s] [100%] Built target obstacle2
[17.355s] [100%] Built target obstacles
[17.374s] [100%] Built target obstacle1
[17.385s] Invoked command in '/home/prince/colcon_ws/build/turtlebot3_gazebo' returned '0': CMAKE_PREFIX_PATH=${CMAKE_PREFIX_PATH}:/home/prince/colcon_ws/install/py_pubsub:/home/prince/colcon_ws/install/auto_nav:/opt/ros/foxy /usr/bin/cmake --build /home/prince/colcon_ws/build/turtlebot3_gazebo -- -j16 -l16
[17.427s] Invoking command in '/home/prince/colcon_ws/build/turtlebot3_gazebo': CMAKE_PREFIX_PATH=${CMAKE_PREFIX_PATH}:/home/prince/colcon_ws/install/py_pubsub:/home/prince/colcon_ws/install/auto_nav:/opt/ros/foxy /usr/bin/cmake --install /home/prince/colcon_ws/build/turtlebot3_gazebo
[17.438s] -- Install configuration: ""
[17.438s] -- Installing: /home/prince/colcon_ws/install/turtlebot3_gazebo/lib/turtlebot3_gazebo/turtlebot3_drive
[17.441s] -- Set runtime path of "/home/prince/colcon_ws/install/turtlebot3_gazebo/lib/turtlebot3_gazebo/turtlebot3_drive" to ""
[17.441s] -- Installing: /home/prince/colcon_ws/install/turtlebot3_gazebo/share/turtlebot3_gazebo//launch
[17.441s] -- Installing: /home/prince/colcon_ws/install/turtlebot3_gazebo/share/turtlebot3_gazebo//launch/turtlebot3_world.launch.py
[17.442s] -- Installing: /home/prince/colcon_ws/install/turtlebot3_gazebo/share/turtlebot3_gazebo//launch/robot_state_publisher.launch.py
[17.442s] -- Installing: /home/prince/colcon_ws/install/turtlebot3_gazebo/share/turtlebot3_gazebo//launch/turtlebot3_dqn_stage3.launch.py
[17.442s] -- Installing: /home/prince/colcon_ws/install/turtlebot3_gazebo/share/turtlebot3_gazebo//launch/turtlebot3_dqn_stage2.launch.py
[17.442s] -- Installing: /home/prince/colcon_ws/install/turtlebot3_gazebo/share/turtlebot3_gazebo//launch/turtlebot3_dqn_stage1.launch.py
[17.443s] -- Installing: /home/prince/colcon_ws/install/turtlebot3_gazebo/share/turtlebot3_gazebo//launch/trialworld.launch.py
[17.443s] -- Installing: /home/prince/colcon_ws/install/turtlebot3_gazebo/share/turtlebot3_gazebo//launch/turtlebot3_house.launch.py
[17.443s] -- Installing: /home/prince/colcon_ws/install/turtlebot3_gazebo/share/turtlebot3_gazebo//launch/empty_world.launch.py
[17.443s] -- Installing: /home/prince/colcon_ws/install/turtlebot3_gazebo/share/turtlebot3_gazebo//launch/turtlebot3_dqn_stage4.launch.py
[17.444s] -- Installing: /home/prince/colcon_ws/install/turtlebot3_gazebo/share/turtlebot3_gazebo//launch/newworld.launch.py
[17.444s] -- Installing: /home/prince/colcon_ws/install/turtlebot3_gazebo/share/turtlebot3_gazebo//launch/turtlebot3_autorace.launch.py
[17.444s] -- Installing: /home/prince/colcon_ws/install/turtlebot3_gazebo/share/turtlebot3_gazebo//models
[17.444s] -- Installing: /home/prince/colcon_ws/install/turtlebot3_gazebo/share/turtlebot3_gazebo//models/turtlebot3_autorace
[17.444s] -- Installing: /home/prince/colcon_ws/install/turtlebot3_gazebo/share/turtlebot3_gazebo//models/turtlebot3_autorace/traffic_light_red
[17.445s] -- Installing: /home/prince/colcon_ws/install/turtlebot3_gazebo/share/turtlebot3_gazebo//models/turtlebot3_autorace/traffic_light_red/model.sdf
[17.445s] -- Installing: /home/prince/colcon_ws/install/turtlebot3_gazebo/share/turtlebot3_gazebo//models/turtlebot3_autorace/traffic_light_red/model.config
[17.445s] -- Installing: /home/prince/colcon_ws/install/turtlebot3_gazebo/share/turtlebot3_gazebo//models/turtlebot3_autorace/traffic_bar_up
[17.445s] -- Installing: /home/prince/colcon_ws/install/turtlebot3_gazebo/share/turtlebot3_gazebo//models/turtlebot3_autorace/traffic_bar_up/model.sdf
[17.445s] -- Installing: /home/prince/colcon_ws/install/turtlebot3_gazebo/share/turtlebot3_gazebo//models/turtlebot3_autorace/traffic_bar_up/materials
[17.445s] -- Installing: /home/prince/colcon_ws/install/turtlebot3_gazebo/share/turtlebot3_gazebo//models/turtlebot3_autorace/traffic_bar_up/materials/scripts
[17.446s] -- Installing: /home/prince/colcon_ws/install/turtlebot3_gazebo/share/turtlebot3_gazebo//models/turtlebot3_autorace/traffic_bar_up/materials/scripts/traffic_bar.material
[17.446s] -- Installing: /home/prince/colcon_ws/install/turtlebot3_gazebo/share/turtlebot3_gazebo//models/turtlebot3_autorace/traffic_bar_up/materials/textures
[17.446s] -- Installing: /home/prince/colcon_ws/install/turtlebot3_gazebo/share/turtlebot3_gazebo//models/turtlebot3_autorace/traffic_bar_up/materials/textures/traffic_bar.png
[17.446s] -- Installing: /home/prince/colcon_ws/install/turtlebot3_gazebo/share/turtlebot3_gazebo//models/turtlebot3_autorace/traffic_bar_up/model.config
[17.446s] -- Installing: /home/prince/colcon_ws/install/turtlebot3_gazebo/share/turtlebot3_gazebo//models/turtlebot3_autorace/traffic_stop
[17.446s] -- Installing: /home/prince/colcon_ws/install/turtlebot3_gazebo/share/turtlebot3_gazebo//models/turtlebot3_autorace/traffic_stop/model.sdf
[17.447s] -- Installing: /home/prince/colcon_ws/install/turtlebot3_gazebo/share/turtlebot3_gazebo//models/turtlebot3_autorace/traffic_stop/materials
[17.447s] -- Installing: /home/prince/colcon_ws/install/turtlebot3_gazebo/share/turtlebot3_gazebo//models/turtlebot3_autorace/traffic_stop/materials/scripts
[17.447s] -- Installing: /home/prince/colcon_ws/install/turtlebot3_gazebo/share/turtlebot3_gazebo//models/turtlebot3_autorace/traffic_stop/materials/scripts/traffic_stop.material
[17.447s] -- Installing: /home/prince/colcon_ws/install/turtlebot3_gazebo/share/turtlebot3_gazebo//models/turtlebot3_autorace/traffic_stop/materials/textures
[17.447s] -- Installing: /home/prince/colcon_ws/install/turtlebot3_gazebo/share/turtlebot3_gazebo//models/turtlebot3_autorace/traffic_stop/materials/textures/traffic_stop.png
[17.448s] -- Installing: /home/prince/colcon_ws/install/turtlebot3_gazebo/share/turtlebot3_gazebo//models/turtlebot3_autorace/traffic_stop/model.config
[17.448s] -- Installing: /home/prince/colcon_ws/install/turtlebot3_gazebo/share/turtlebot3_gazebo//models/turtlebot3_autorace/traffic_light_yellow
[17.448s] -- Installing: /home/prince/colcon_ws/install/turtlebot3_gazebo/share/turtlebot3_gazebo//models/turtlebot3_autorace/traffic_light_yellow/model.sdf
[17.448s] -- Installing: /home/prince/colcon_ws/install/turtlebot3_gazebo/share/turtlebot3_gazebo//models/turtlebot3_autorace/traffic_light_yellow/model.config
[17.448s] -- Installing: /home/prince/colcon_ws/install/turtlebot3_gazebo/share/turtlebot3_gazebo//models/turtlebot3_autorace/ground
[17.448s] -- Installing: /home/prince/colcon_ws/install/turtlebot3_gazebo/share/turtlebot3_gazebo//models/turtlebot3_autorace/ground/model.sdf
[17.448s] -- Installing: /home/prince/colcon_ws/install/turtlebot3_gazebo/share/turtlebot3_gazebo//models/turtlebot3_autorace/ground/model.config
[17.449s] -- Installing: /home/prince/colcon_ws/install/turtlebot3_gazebo/share/turtlebot3_gazebo//models/turtlebot3_autorace/traffic_tunnel
[17.449s] -- Installing: /home/prince/colcon_ws/install/turtlebot3_gazebo/share/turtlebot3_gazebo//models/turtlebot3_autorace/traffic_tunnel/model.sdf
[17.449s] -- Installing: /home/prince/colcon_ws/install/turtlebot3_gazebo/share/turtlebot3_gazebo//models/turtlebot3_autorace/traffic_tunnel/materials
[17.449s] -- Installing: /home/prince/colcon_ws/install/turtlebot3_gazebo/share/turtlebot3_gazebo//models/turtlebot3_autorace/traffic_tunnel/materials/scripts
[17.449s] -- Installing: /home/prince/colcon_ws/install/turtlebot3_gazebo/share/turtlebot3_gazebo//models/turtlebot3_autorace/traffic_tunnel/materials/scripts/tunnel.material
[17.449s] -- Installing: /home/prince/colcon_ws/install/turtlebot3_gazebo/share/turtlebot3_gazebo//models/turtlebot3_autorace/traffic_tunnel/materials/textures
[17.449s] -- Installing: /home/prince/colcon_ws/install/turtlebot3_gazebo/share/turtlebot3_gazebo//models/turtlebot3_autorace/traffic_tunnel/materials/textures/tunnel.png
[17.450s] -- Installing: /home/prince/colcon_ws/install/turtlebot3_gazebo/share/turtlebot3_gazebo//models/turtlebot3_autorace/traffic_tunnel/model.config
[17.450s] -- Installing: /home/prince/colcon_ws/install/turtlebot3_gazebo/share/turtlebot3_gazebo//models/turtlebot3_autorace/traffic_light_green
[17.450s] -- Installing: /home/prince/colcon_ws/install/turtlebot3_gazebo/share/turtlebot3_gazebo//models/turtlebot3_autorace/traffic_light_green/model.sdf
[17.451s] -- Installing: /home/prince/colcon_ws/install/turtlebot3_gazebo/share/turtlebot3_gazebo//models/turtlebot3_autorace/traffic_light_green/model.config
[17.451s] -- Installing: /home/prince/colcon_ws/install/turtlebot3_gazebo/share/turtlebot3_gazebo//models/turtlebot3_autorace/model.config
[17.451s] -- Installing: /home/prince/colcon_ws/install/turtlebot3_gazebo/share/turtlebot3_gazebo//models/turtlebot3_autorace/course
[17.451s] -- Installing: /home/prince/colcon_ws/install/turtlebot3_gazebo/share/turtlebot3_gazebo//models/turtlebot3_autorace/course/model.sdf
[17.452s] -- Installing: /home/prince/colcon_ws/install/turtlebot3_gazebo/share/turtlebot3_gazebo//models/turtlebot3_autorace/course/materials
[17.452s] -- Installing: /home/prince/colcon_ws/install/turtlebot3_gazebo/share/turtlebot3_gazebo//models/turtlebot3_autorace/course/materials/scripts
[17.452s] -- Installing: /home/prince/colcon_ws/install/turtlebot3_gazebo/share/turtlebot3_gazebo//models/turtlebot3_autorace/course/materials/scripts/course.material
[17.452s] -- Installing: /home/prince/colcon_ws/install/turtlebot3_gazebo/share/turtlebot3_gazebo//models/turtlebot3_autorace/course/materials/textures
[17.452s] -- Installing: /home/prince/colcon_ws/install/turtlebot3_gazebo/share/turtlebot3_gazebo//models/turtlebot3_autorace/course/materials/textures/course.png
[17.454s] -- Installing: /home/prince/colcon_ws/install/turtlebot3_gazebo/share/turtlebot3_gazebo//models/turtlebot3_autorace/course/model.config
[17.454s] -- Installing: /home/prince/colcon_ws/install/turtlebot3_gazebo/share/turtlebot3_gazebo//models/turtlebot3_autorace/lights
[17.454s] -- Installing: /home/prince/colcon_ws/install/turtlebot3_gazebo/share/turtlebot3_gazebo//models/turtlebot3_autorace/lights/model.sdf
[17.454s] -- Installing: /home/prince/colcon_ws/install/turtlebot3_gazebo/share/turtlebot3_gazebo//models/turtlebot3_autorace/lights/model.config
[17.454s] -- Installing: /home/prince/colcon_ws/install/turtlebot3_gazebo/share/turtlebot3_gazebo//models/turtlebot3_autorace/tunnel_wall
[17.454s] -- Installing: /home/prince/colcon_ws/install/turtlebot3_gazebo/share/turtlebot3_gazebo//models/turtlebot3_autorace/tunnel_wall/model.sdf
[17.454s] -- Installing: /home/prince/colcon_ws/install/turtlebot3_gazebo/share/turtlebot3_gazebo//models/turtlebot3_autorace/tunnel_wall/model.config
[17.454s] -- Installing: /home/prince/colcon_ws/install/turtlebot3_gazebo/share/turtlebot3_gazebo//models/turtlebot3_autorace/traffic_bar_down
[17.454s] -- Installing: /home/prince/colcon_ws/install/turtlebot3_gazebo/share/turtlebot3_gazebo//models/turtlebot3_autorace/traffic_bar_down/model.sdf
[17.454s] -- Installing: /home/prince/colcon_ws/install/turtlebot3_gazebo/share/turtlebot3_gazebo//models/turtlebot3_autorace/traffic_bar_down/materials
[17.455s] -- Installing: /home/prince/colcon_ws/install/turtlebot3_gazebo/share/turtlebot3_gazebo//models/turtlebot3_autorace/traffic_bar_down/materials/scripts
[17.455s] -- Installing: /home/prince/colcon_ws/install/turtlebot3_gazebo/share/turtlebot3_gazebo//models/turtlebot3_autorace/traffic_bar_down/materials/scripts/traffic_bar.material
[17.455s] -- Installing: /home/prince/colcon_ws/install/turtlebot3_gazebo/share/turtlebot3_gazebo//models/turtlebot3_autorace/traffic_bar_down/materials/textures
[17.455s] -- Installing: /home/prince/colcon_ws/install/turtlebot3_gazebo/share/turtlebot3_gazebo//models/turtlebot3_autorace/traffic_bar_down/materials/textures/traffic_bar.png
[17.455s] -- Installing: /home/prince/colcon_ws/install/turtlebot3_gazebo/share/turtlebot3_gazebo//models/turtlebot3_autorace/traffic_bar_down/model.config
[17.455s] -- Installing: /home/prince/colcon_ws/install/turtlebot3_gazebo/share/turtlebot3_gazebo//models/turtlebot3_autorace/traffic_parking
[17.455s] -- Installing: /home/prince/colcon_ws/install/turtlebot3_gazebo/share/turtlebot3_gazebo//models/turtlebot3_autorace/traffic_parking/model.sdf
[17.455s] -- Installing: /home/prince/colcon_ws/install/turtlebot3_gazebo/share/turtlebot3_gazebo//models/turtlebot3_autorace/traffic_parking/materials
[17.455s] -- Installing: /home/prince/colcon_ws/install/turtlebot3_gazebo/share/turtlebot3_gazebo//models/turtlebot3_autorace/traffic_parking/materials/scripts
[17.456s] -- Installing: /home/prince/colcon_ws/install/turtlebot3_gazebo/share/turtlebot3_gazebo//models/turtlebot3_autorace/traffic_parking/materials/scripts/traffic_parking.material
[17.456s] -- Installing: /home/prince/colcon_ws/install/turtlebot3_gazebo/share/turtlebot3_gazebo//models/turtlebot3_autorace/traffic_parking/materials/textures
[17.456s] -- Installing: /home/prince/colcon_ws/install/turtlebot3_gazebo/share/turtlebot3_gazebo//models/turtlebot3_autorace/traffic_parking/materials/textures/traffic_parking.png
[17.456s] -- Installing: /home/prince/colcon_ws/install/turtlebot3_gazebo/share/turtlebot3_gazebo//models/turtlebot3_autorace/traffic_parking/model.config
[17.456s] -- Installing: /home/prince/colcon_ws/install/turtlebot3_gazebo/share/turtlebot3_gazebo//models/turtlebot3_autorace/tunnel_obstacles
[17.456s] -- Installing: /home/prince/colcon_ws/install/turtlebot3_gazebo/share/turtlebot3_gazebo//models/turtlebot3_autorace/tunnel_obstacles/model.sdf
[17.456s] -- Installing: /home/prince/colcon_ws/install/turtlebot3_gazebo/share/turtlebot3_gazebo//models/turtlebot3_autorace/tunnel_obstacles/model.config
[17.457s] -- Installing: /home/prince/colcon_ws/install/turtlebot3_gazebo/share/turtlebot3_gazebo//models/turtlebot3_dqn_world
[17.457s] -- Installing: /home/prince/colcon_ws/install/turtlebot3_gazebo/share/turtlebot3_gazebo//models/turtlebot3_dqn_world/obstacle2
[17.457s] -- Installing: /home/prince/colcon_ws/install/turtlebot3_gazebo/share/turtlebot3_gazebo//models/turtlebot3_dqn_world/obstacle2/model.sdf
[17.457s] -- Installing: /home/prince/colcon_ws/install/turtlebot3_gazebo/share/turtlebot3_gazebo//models/turtlebot3_dqn_world/obstacle2/model.config
[17.457s] -- Installing: /home/prince/colcon_ws/install/turtlebot3_gazebo/share/turtlebot3_gazebo//models/turtlebot3_dqn_world/obstacle_plugin
[17.457s] -- Installing: /home/prince/colcon_ws/install/turtlebot3_gazebo/share/turtlebot3_gazebo//models/turtlebot3_dqn_world/obstacle_plugin/obstacles.cc
[17.457s] -- Installing: /home/prince/colcon_ws/install/turtlebot3_gazebo/share/turtlebot3_gazebo//models/turtlebot3_dqn_world/obstacle_plugin/CMakeLists.txt
[17.457s] -- Installing: /home/prince/colcon_ws/install/turtlebot3_gazebo/share/turtlebot3_gazebo//models/turtlebot3_dqn_world/obstacle_plugin/obstacle1.cc
[17.458s] -- Installing: /home/prince/colcon_ws/install/turtlebot3_gazebo/share/turtlebot3_gazebo//models/turtlebot3_dqn_world/obstacle_plugin/obstacle2.cc
[17.458s] -- Installing: /home/prince/colcon_ws/install/turtlebot3_gazebo/share/turtlebot3_gazebo//models/turtlebot3_dqn_world/model.sdf
[17.458s] -- Installing: /home/prince/colcon_ws/install/turtlebot3_gazebo/share/turtlebot3_gazebo//models/turtlebot3_dqn_world/obstacle1
[17.458s] -- Installing: /home/prince/colcon_ws/install/turtlebot3_gazebo/share/turtlebot3_gazebo//models/turtlebot3_dqn_world/obstacle1/model.sdf
[17.458s] -- Installing: /home/prince/colcon_ws/install/turtlebot3_gazebo/share/turtlebot3_gazebo//models/turtlebot3_dqn_world/obstacle1/model.config
[17.458s] -- Installing: /home/prince/colcon_ws/install/turtlebot3_gazebo/share/turtlebot3_gazebo//models/turtlebot3_dqn_world/goal_box
[17.458s] -- Installing: /home/prince/colcon_ws/install/turtlebot3_gazebo/share/turtlebot3_gazebo//models/turtlebot3_dqn_world/goal_box/model.sdf
[17.458s] -- Installing: /home/prince/colcon_ws/install/turtlebot3_gazebo/share/turtlebot3_gazebo//models/turtlebot3_dqn_world/goal_box/model.config
[17.459s] -- Installing: /home/prince/colcon_ws/install/turtlebot3_gazebo/share/turtlebot3_gazebo//models/turtlebot3_dqn_world/inner_walls
[17.459s] -- Installing: /home/prince/colcon_ws/install/turtlebot3_gazebo/share/turtlebot3_gazebo//models/turtlebot3_dqn_world/inner_walls/model.sdf
[17.459s] -- Installing: /home/prince/colcon_ws/install/turtlebot3_gazebo/share/turtlebot3_gazebo//models/turtlebot3_dqn_world/inner_walls/model.config
[17.459s] -- Installing: /home/prince/colcon_ws/install/turtlebot3_gazebo/share/turtlebot3_gazebo//models/turtlebot3_dqn_world/obstacles
[17.459s] -- Installing: /home/prince/colcon_ws/install/turtlebot3_gazebo/share/turtlebot3_gazebo//models/turtlebot3_dqn_world/obstacles/model.sdf
[17.459s] -- Installing: /home/prince/colcon_ws/install/turtlebot3_gazebo/share/turtlebot3_gazebo//models/turtlebot3_dqn_world/obstacles/model.config
[17.459s] -- Installing: /home/prince/colcon_ws/install/turtlebot3_gazebo/share/turtlebot3_gazebo//models/turtlebot3_dqn_world/model.config
[17.460s] -- Installing: /home/prince/colcon_ws/install/turtlebot3_gazebo/share/turtlebot3_gazebo//models/turtlebot3_waffle_pi
[17.460s] -- Installing: /home/prince/colcon_ws/install/turtlebot3_gazebo/share/turtlebot3_gazebo//models/turtlebot3_waffle_pi/model.sdf
[17.460s] -- Installing: /home/prince/colcon_ws/install/turtlebot3_gazebo/share/turtlebot3_gazebo//models/turtlebot3_waffle_pi/meshes
[17.460s] -- Installing: /home/prince/colcon_ws/install/turtlebot3_gazebo/share/turtlebot3_gazebo//models/turtlebot3_waffle_pi/meshes/tire.dae
[17.460s] -- Installing: /home/prince/colcon_ws/install/turtlebot3_gazebo/share/turtlebot3_gazebo//models/turtlebot3_waffle_pi/meshes/waffle_pi_base.dae
[17.461s] -- Installing: /home/prince/colcon_ws/install/turtlebot3_gazebo/share/turtlebot3_gazebo//models/turtlebot3_waffle_pi/meshes/lds.dae
[17.461s] -- Installing: /home/prince/colcon_ws/install/turtlebot3_gazebo/share/turtlebot3_gazebo//models/turtlebot3_waffle_pi/model-1_4_.sdf
[17.462s] -- Installing: /home/prince/colcon_ws/install/turtlebot3_gazebo/share/turtlebot3_gazebo//models/turtlebot3_waffle_pi/model.config
[17.462s] -- Installing: /home/prince/colcon_ws/install/turtlebot3_gazebo/share/turtlebot3_gazebo//models/turtlebot3_waffle
[17.462s] -- Installing: /home/prince/colcon_ws/install/turtlebot3_gazebo/share/turtlebot3_gazebo//models/turtlebot3_waffle/model-1_4.sdf
[17.462s] -- Installing: /home/prince/colcon_ws/install/turtlebot3_gazebo/share/turtlebot3_gazebo//models/turtlebot3_waffle/model.sdf
[17.463s] -- Installing: /home/prince/colcon_ws/install/turtlebot3_gazebo/share/turtlebot3_gazebo//models/turtlebot3_waffle/meshes
[17.463s] -- Installing: /home/prince/colcon_ws/install/turtlebot3_gazebo/share/turtlebot3_gazebo//models/turtlebot3_waffle/meshes/waffle_base.dae
[17.463s] -- Installing: /home/prince/colcon_ws/install/turtlebot3_gazebo/share/turtlebot3_gazebo//models/turtlebot3_waffle/meshes/tire.dae
[17.464s] -- Installing: /home/prince/colcon_ws/install/turtlebot3_gazebo/share/turtlebot3_gazebo//models/turtlebot3_waffle/meshes/r200.dae
[17.465s] -- Installing: /home/prince/colcon_ws/install/turtlebot3_gazebo/share/turtlebot3_gazebo//models/turtlebot3_waffle/meshes/lds.dae
[17.465s] -- Installing: /home/prince/colcon_ws/install/turtlebot3_gazebo/share/turtlebot3_gazebo//models/turtlebot3_waffle/model.config
[17.465s] -- Installing: /home/prince/colcon_ws/install/turtlebot3_gazebo/share/turtlebot3_gazebo//models/turtlebot3_burger
[17.465s] -- Installing: /home/prince/colcon_ws/install/turtlebot3_gazebo/share/turtlebot3_gazebo//models/turtlebot3_burger/model-1_4.sdf
[17.466s] -- Installing: /home/prince/colcon_ws/install/turtlebot3_gazebo/share/turtlebot3_gazebo//models/turtlebot3_burger/model.sdf
[17.466s] -- Installing: /home/prince/colcon_ws/install/turtlebot3_gazebo/share/turtlebot3_gazebo//models/turtlebot3_burger/meshes
[17.466s] -- Installing: /home/prince/colcon_ws/install/turtlebot3_gazebo/share/turtlebot3_gazebo//models/turtlebot3_burger/meshes/burger_base.dae
[17.466s] -- Installing: /home/prince/colcon_ws/install/turtlebot3_gazebo/share/turtlebot3_gazebo//models/turtlebot3_burger/meshes/tire.dae
[17.467s] -- Installing: /home/prince/colcon_ws/install/turtlebot3_gazebo/share/turtlebot3_gazebo//models/turtlebot3_burger/meshes/lds.dae
[17.467s] -- Installing: /home/prince/colcon_ws/install/turtlebot3_gazebo/share/turtlebot3_gazebo//models/turtlebot3_burger/model.config
[17.467s] -- Installing: /home/prince/colcon_ws/install/turtlebot3_gazebo/share/turtlebot3_gazebo//models/turtlebot3_house
[17.467s] -- Installing: /home/prince/colcon_ws/install/turtlebot3_gazebo/share/turtlebot3_gazebo//models/turtlebot3_house/model.sdf
[17.468s] -- Installing: /home/prince/colcon_ws/install/turtlebot3_gazebo/share/turtlebot3_gazebo//models/turtlebot3_house/model.config
[17.468s] -- Installing: /home/prince/colcon_ws/install/turtlebot3_gazebo/share/turtlebot3_gazebo//models/turtlebot3_world
[17.468s] -- Installing: /home/prince/colcon_ws/install/turtlebot3_gazebo/share/turtlebot3_gazebo//models/turtlebot3_world/model-1_4.sdf
[17.468s] -- Installing: /home/prince/colcon_ws/install/turtlebot3_gazebo/share/turtlebot3_gazebo//models/turtlebot3_world/model.sdf
[17.469s] -- Installing: /home/prince/colcon_ws/install/turtlebot3_gazebo/share/turtlebot3_gazebo//models/turtlebot3_world/meshes
[17.469s] -- Installing: /home/prince/colcon_ws/install/turtlebot3_gazebo/share/turtlebot3_gazebo//models/turtlebot3_world/meshes/wall.dae
[17.470s] -- Installing: /home/prince/colcon_ws/install/turtlebot3_gazebo/share/turtlebot3_gazebo//models/turtlebot3_world/meshes/hexagon.dae
[17.470s] -- Installing: /home/prince/colcon_ws/install/turtlebot3_gazebo/share/turtlebot3_gazebo//models/turtlebot3_world/model.config
[17.470s] -- Installing: /home/prince/colcon_ws/install/turtlebot3_gazebo/share/turtlebot3_gazebo//rviz
[17.470s] -- Installing: /home/prince/colcon_ws/install/turtlebot3_gazebo/share/turtlebot3_gazebo//rviz/tb3_gazebo.rviz
[17.470s] -- Installing: /home/prince/colcon_ws/install/turtlebot3_gazebo/share/turtlebot3_gazebo//worlds
[17.470s] -- Installing: /home/prince/colcon_ws/install/turtlebot3_gazebo/share/turtlebot3_gazebo//worlds/turtlebot3_dqn_stage4
[17.470s] -- Installing: /home/prince/colcon_ws/install/turtlebot3_gazebo/share/turtlebot3_gazebo//worlds/turtlebot3_dqn_stage4/waffle_pi.model
[17.470s] -- Installing: /home/prince/colcon_ws/install/turtlebot3_gazebo/share/turtlebot3_gazebo//worlds/turtlebot3_dqn_stage4/burger.model
[17.471s] -- Installing: /home/prince/colcon_ws/install/turtlebot3_gazebo/share/turtlebot3_gazebo//worlds/turtlebot3_dqn_stage4/waffle.model
[17.471s] -- Installing: /home/prince/colcon_ws/install/turtlebot3_gazebo/share/turtlebot3_gazebo//worlds/turtlebot3_dqn_stage1
[17.471s] -- Installing: /home/prince/colcon_ws/install/turtlebot3_gazebo/share/turtlebot3_gazebo//worlds/turtlebot3_dqn_stage1/waffle_pi.model
[17.471s] -- Installing: /home/prince/colcon_ws/install/turtlebot3_gazebo/share/turtlebot3_gazebo//worlds/turtlebot3_dqn_stage1/burger.model
[17.471s] -- Installing: /home/prince/colcon_ws/install/turtlebot3_gazebo/share/turtlebot3_gazebo//worlds/turtlebot3_dqn_stage1/waffle.model
[17.471s] -- Installing: /home/prince/colcon_ws/install/turtlebot3_gazebo/share/turtlebot3_gazebo//worlds/turtlebot3_dqn_stage2
[17.471s] -- Installing: /home/prince/colcon_ws/install/turtlebot3_gazebo/share/turtlebot3_gazebo//worlds/turtlebot3_dqn_stage2/waffle_pi.model
[17.471s] -- Installing: /home/prince/colcon_ws/install/turtlebot3_gazebo/share/turtlebot3_gazebo//worlds/turtlebot3_dqn_stage2/burger.model
[17.471s] -- Installing: /home/prince/colcon_ws/install/turtlebot3_gazebo/share/turtlebot3_gazebo//worlds/turtlebot3_dqn_stage2/waffle.model
[17.471s] -- Installing: /home/prince/colcon_ws/install/turtlebot3_gazebo/share/turtlebot3_gazebo//worlds/turtlebot3_houses
[17.471s] -- Installing: /home/prince/colcon_ws/install/turtlebot3_gazebo/share/turtlebot3_gazebo//worlds/turtlebot3_houses/waffle_pi.model
[17.471s] -- Installing: /home/prince/colcon_ws/install/turtlebot3_gazebo/share/turtlebot3_gazebo//worlds/turtlebot3_houses/burger.model
[17.472s] -- Installing: /home/prince/colcon_ws/install/turtlebot3_gazebo/share/turtlebot3_gazebo//worlds/turtlebot3_houses/waffle.model
[17.472s] -- Installing: /home/prince/colcon_ws/install/turtlebot3_gazebo/share/turtlebot3_gazebo//worlds/turtlebot3_autoraces
[17.472s] -- Installing: /home/prince/colcon_ws/install/turtlebot3_gazebo/share/turtlebot3_gazebo//worlds/turtlebot3_autoraces/waffle_pi.model
[17.472s] -- Installing: /home/prince/colcon_ws/install/turtlebot3_gazebo/share/turtlebot3_gazebo//worlds/turtlebot3_autoraces/burger.model
[17.472s] -- Installing: /home/prince/colcon_ws/install/turtlebot3_gazebo/share/turtlebot3_gazebo//worlds/turtlebot3_autoraces/waffle.model
[17.472s] -- Installing: /home/prince/colcon_ws/install/turtlebot3_gazebo/share/turtlebot3_gazebo//worlds/new_world
[17.472s] -- Installing: /home/prince/colcon_ws/install/turtlebot3_gazebo/share/turtlebot3_gazebo//worlds/new_world/burger.model
[17.473s] -- Installing: /home/prince/colcon_ws/install/turtlebot3_gazebo/share/turtlebot3_gazebo//worlds/new_world/new_world
[17.473s] -- Installing: /home/prince/colcon_ws/install/turtlebot3_gazebo/share/turtlebot3_gazebo//worlds/trialmaze
[17.473s] -- Installing: /home/prince/colcon_ws/install/turtlebot3_gazebo/share/turtlebot3_gazebo//worlds/trialmaze/burger.model
[17.474s] -- Installing: /home/prince/colcon_ws/install/turtlebot3_gazebo/share/turtlebot3_gazebo//worlds/empty_worlds
[17.474s] -- Installing: /home/prince/colcon_ws/install/turtlebot3_gazebo/share/turtlebot3_gazebo//worlds/empty_worlds/waffle_pi.model
[17.474s] -- Installing: /home/prince/colcon_ws/install/turtlebot3_gazebo/share/turtlebot3_gazebo//worlds/empty_worlds/burger.model
[17.474s] -- Installing: /home/prince/colcon_ws/install/turtlebot3_gazebo/share/turtlebot3_gazebo//worlds/empty_worlds/waffle.model
[17.474s] -- Installing: /home/prince/colcon_ws/install/turtlebot3_gazebo/share/turtlebot3_gazebo//worlds/test_world
[17.474s] -- Installing: /home/prince/colcon_ws/install/turtlebot3_gazebo/share/turtlebot3_gazebo//worlds/test_world/burger.model
[17.475s] -- Installing: /home/prince/colcon_ws/install/turtlebot3_gazebo/share/turtlebot3_gazebo//worlds/turtlebot3_worlds
[17.475s] -- Installing: /home/prince/colcon_ws/install/turtlebot3_gazebo/share/turtlebot3_gazebo//worlds/turtlebot3_worlds/waffle_pi.model
[17.475s] -- Installing: /home/prince/colcon_ws/install/turtlebot3_gazebo/share/turtlebot3_gazebo//worlds/turtlebot3_worlds/burger.model
[17.475s] -- Installing: /home/prince/colcon_ws/install/turtlebot3_gazebo/share/turtlebot3_gazebo//worlds/turtlebot3_worlds/waffle.model
[17.475s] -- Installing: /home/prince/colcon_ws/install/turtlebot3_gazebo/share/turtlebot3_gazebo//worlds/turtlebot3_dqn_stage3
[17.476s] -- Installing: /home/prince/colcon_ws/install/turtlebot3_gazebo/share/turtlebot3_gazebo//worlds/turtlebot3_dqn_stage3/waffle_pi.model
[17.476s] -- Installing: /home/prince/colcon_ws/install/turtlebot3_gazebo/share/turtlebot3_gazebo//worlds/turtlebot3_dqn_stage3/burger.model
[17.476s] -- Installing: /home/prince/colcon_ws/install/turtlebot3_gazebo/share/turtlebot3_gazebo//worlds/turtlebot3_dqn_stage3/waffle.model
[17.476s] -- Installing: /home/prince/colcon_ws/install/turtlebot3_gazebo/include/
[17.476s] -- Installing: /home/prince/colcon_ws/install/turtlebot3_gazebo/include//turtlebot3_gazebo
[17.476s] -- Installing: /home/prince/colcon_ws/install/turtlebot3_gazebo/include//turtlebot3_gazebo/turtlebot3_drive.hpp
[17.476s] -- Installing: /home/prince/colcon_ws/install/turtlebot3_gazebo/share/ament_index/resource_index/package_run_dependencies/turtlebot3_gazebo
[17.476s] -- Installing: /home/prince/colcon_ws/install/turtlebot3_gazebo/share/ament_index/resource_index/parent_prefix_path/turtlebot3_gazebo
[17.477s] -- Installing: /home/prince/colcon_ws/install/turtlebot3_gazebo/share/turtlebot3_gazebo/environment/ament_prefix_path.sh
[17.477s] -- Installing: /home/prince/colcon_ws/install/turtlebot3_gazebo/share/turtlebot3_gazebo/environment/ament_prefix_path.dsv
[17.477s] -- Installing: /home/prince/colcon_ws/install/turtlebot3_gazebo/share/turtlebot3_gazebo/environment/path.sh
[17.477s] -- Installing: /home/prince/colcon_ws/install/turtlebot3_gazebo/share/turtlebot3_gazebo/environment/path.dsv
[17.477s] -- Installing: /home/prince/colcon_ws/install/turtlebot3_gazebo/share/turtlebot3_gazebo/local_setup.bash
[17.478s] -- Installing: /home/prince/colcon_ws/install/turtlebot3_gazebo/share/turtlebot3_gazebo/local_setup.sh
[17.478s] -- Installing: /home/prince/colcon_ws/install/turtlebot3_gazebo/share/turtlebot3_gazebo/local_setup.zsh
[17.478s] -- Installing: /home/prince/colcon_ws/install/turtlebot3_gazebo/share/turtlebot3_gazebo/local_setup.dsv
[17.478s] -- Installing: /home/prince/colcon_ws/install/turtlebot3_gazebo/share/turtlebot3_gazebo/package.dsv
[17.478s] -- Installing: /home/prince/colcon_ws/install/turtlebot3_gazebo/share/ament_index/resource_index/packages/turtlebot3_gazebo
[17.478s] -- Installing: /home/prince/colcon_ws/install/turtlebot3_gazebo/share/turtlebot3_gazebo/cmake/ament_cmake_export_include_directories-extras.cmake
[17.478s] -- Installing: /home/prince/colcon_ws/install/turtlebot3_gazebo/share/turtlebot3_gazebo/cmake/ament_cmake_export_dependencies-extras.cmake
[17.479s] -- Installing: /home/prince/colcon_ws/install/turtlebot3_gazebo/share/turtlebot3_gazebo/cmake/turtlebot3_gazeboConfig.cmake
[17.479s] -- Installing: /home/prince/colcon_ws/install/turtlebot3_gazebo/share/turtlebot3_gazebo/cmake/turtlebot3_gazeboConfig-version.cmake
[17.479s] -- Installing: /home/prince/colcon_ws/install/turtlebot3_gazebo/share/turtlebot3_gazebo/package.xml
[17.480s] Invoked command in '/home/prince/colcon_ws/build/turtlebot3_gazebo' returned '0': CMAKE_PREFIX_PATH=${CMAKE_PREFIX_PATH}:/home/prince/colcon_ws/install/py_pubsub:/home/prince/colcon_ws/install/auto_nav:/opt/ros/foxy /usr/bin/cmake --install /home/prince/colcon_ws/build/turtlebot3_gazebo
