running egg_info
writing ../../build/auto_nav/auto_nav.egg-info/PKG-INFO
writing dependency_links to ../../build/auto_nav/auto_nav.egg-info/dependency_links.txt
writing entry points to ../../build/auto_nav/auto_nav.egg-info/entry_points.txt
writing requirements to ../../build/auto_nav/auto_nav.egg-info/requires.txt
writing top-level names to ../../build/auto_nav/auto_nav.egg-info/top_level.txt
reading manifest file '../../build/auto_nav/auto_nav.egg-info/SOURCES.txt'
writing manifest file '../../build/auto_nav/auto_nav.egg-info/SOURCES.txt'
running build
running build_py
copying auto_nav/r2targeting1.py -> /home/prince/colcon_ws/build/auto_nav/build/lib/auto_nav
copying auto_nav/r2_wall_follow.py -> /home/prince/colcon_ws/build/auto_nav/build/lib/auto_nav
running install
running install_lib
copying /home/prince/colcon_ws/build/auto_nav/build/lib/auto_nav/r2targeting1.py -> /home/prince/colcon_ws/install/auto_nav/lib/python3.8/site-packages/auto_nav
copying /home/prince/colcon_ws/build/auto_nav/build/lib/auto_nav/r2_wall_follow.py -> /home/prince/colcon_ws/install/auto_nav/lib/python3.8/site-packages/auto_nav
byte-compiling /home/prince/colcon_ws/install/auto_nav/lib/python3.8/site-packages/auto_nav/r2targeting1.py to r2targeting1.cpython-38.pyc
byte-compiling /home/prince/colcon_ws/install/auto_nav/lib/python3.8/site-packages/auto_nav/r2_wall_follow.py to r2_wall_follow.cpython-38.pyc
running install_data
running install_egg_info
removing '/home/prince/colcon_ws/install/auto_nav/lib/python3.8/site-packages/auto_nav-0.0.0-py3.8.egg-info' (and everything under it)
Copying ../../build/auto_nav/auto_nav.egg-info to /home/prince/colcon_ws/install/auto_nav/lib/python3.8/site-packages/auto_nav-0.0.0-py3.8.egg-info
running install_scripts
Installing map2base script to /home/prince/colcon_ws/install/auto_nav/lib/auto_nav
Installing r2auto_nav script to /home/prince/colcon_ws/install/auto_nav/lib/auto_nav
Installing r2auto_nav2 script to /home/prince/colcon_ws/install/auto_nav/lib/auto_nav
Installing r2auto_nav3_gazebo script to /home/prince/colcon_ws/install/auto_nav/lib/auto_nav
Installing r2auto_nav3_real script to /home/prince/colcon_ws/install/auto_nav/lib/auto_nav
Installing r2mover script to /home/prince/colcon_ws/install/auto_nav/lib/auto_nav
Installing r2moverotate script to /home/prince/colcon_ws/install/auto_nav/lib/auto_nav
Installing r2occupancy script to /home/prince/colcon_ws/install/auto_nav/lib/auto_nav
Installing r2occupancy2 script to /home/prince/colcon_ws/install/auto_nav/lib/auto_nav
Installing r2scanner script to /home/prince/colcon_ws/install/auto_nav/lib/auto_nav
Installing snake script to /home/prince/colcon_ws/install/auto_nav/lib/auto_nav
Installing targeter script to /home/prince/colcon_ws/install/auto_nav/lib/auto_nav
Installing thermal_interp script to /home/prince/colcon_ws/install/auto_nav/lib/auto_nav
Installing thermal_listener script to /home/prince/colcon_ws/install/auto_nav/lib/auto_nav
Installing wall_follow script to /home/prince/colcon_ws/install/auto_nav/lib/auto_nav
writing list of installed files to '/home/prince/colcon_ws/build/auto_nav/install.log'
