[2.737s] Invoking command in '/home/ubuntu/turtlebot3_ws/build/hardware_bringup': PYTHONPATH=/home/ubuntu/turtlebot3_ws/install/hardware_bringup/lib/python3.8/site-packages:${PYTHONPATH} /usr/bin/python3 setup.py develop --prefix /home/ubuntu/turtlebot3_ws/install/hardware_bringup --uninstall --editable --build-directory /home/ubuntu/turtlebot3_ws/build/hardware_bringup/build
[5.867s] running develop
[7.700s] Invoked command in '/home/ubuntu/turtlebot3_ws/build/hardware_bringup' returned '0': PYTHONPATH=/home/ubuntu/turtlebot3_ws/install/hardware_bringup/lib/python3.8/site-packages:${PYTHONPATH} /usr/bin/python3 setup.py develop --prefix /home/ubuntu/turtlebot3_ws/install/hardware_bringup --uninstall --editable --build-directory /home/ubuntu/turtlebot3_ws/build/hardware_bringup/build
[7.711s] Invoking command in '/home/ubuntu/turtlebot3_ws/src/hardware_bringup': PYTHONPATH=/home/ubuntu/turtlebot3_ws/install/hardware_bringup/lib/python3.8/site-packages:${PYTHONPATH} /usr/bin/python3 setup.py egg_info --egg-base ../../build/hardware_bringup build --build-base /home/ubuntu/turtlebot3_ws/build/hardware_bringup/build install --prefix /home/ubuntu/turtlebot3_ws/install/hardware_bringup --record /home/ubuntu/turtlebot3_ws/build/hardware_bringup/install.log --single-version-externally-managed
[9.804s] running egg_info
[9.809s] writing ../../build/hardware_bringup/hardware_bringup.egg-info/PKG-INFO
[9.811s] writing dependency_links to ../../build/hardware_bringup/hardware_bringup.egg-info/dependency_links.txt
[9.813s] writing entry points to ../../build/hardware_bringup/hardware_bringup.egg-info/entry_points.txt
[9.815s] writing requirements to ../../build/hardware_bringup/hardware_bringup.egg-info/requires.txt
[9.817s] writing top-level names to ../../build/hardware_bringup/hardware_bringup.egg-info/top_level.txt
[10.104s] reading manifest file '../../build/hardware_bringup/hardware_bringup.egg-info/SOURCES.txt'
[10.114s] writing manifest file '../../build/hardware_bringup/hardware_bringup.egg-info/SOURCES.txt'
[10.116s] running build
[10.117s] running build_py
[10.123s] running install
[10.129s] running install_lib
[10.145s] running install_data
[10.149s] running install_egg_info
[10.167s] removing '/home/ubuntu/turtlebot3_ws/install/hardware_bringup/lib/python3.8/site-packages/hardware_bringup-0.0.0-py3.8.egg-info' (and everything under it)
[10.169s] Copying ../../build/hardware_bringup/hardware_bringup.egg-info to /home/ubuntu/turtlebot3_ws/install/hardware_bringup/lib/python3.8/site-packages/hardware_bringup-0.0.0-py3.8.egg-info
[10.182s] running install_scripts
[10.325s] Installing NFC_pub script to /home/ubuntu/turtlebot3_ws/install/hardware_bringup/lib/hardware_bringup
[10.326s] Installing servo_run script to /home/ubuntu/turtlebot3_ws/install/hardware_bringup/lib/hardware_bringup
[10.331s] writing list of installed files to '/home/ubuntu/turtlebot3_ws/build/hardware_bringup/install.log'
[10.544s] Invoked command in '/home/ubuntu/turtlebot3_ws/src/hardware_bringup' returned '0': PYTHONPATH=/home/ubuntu/turtlebot3_ws/install/hardware_bringup/lib/python3.8/site-packages:${PYTHONPATH} /usr/bin/python3 setup.py egg_info --egg-base ../../build/hardware_bringup build --build-base /home/ubuntu/turtlebot3_ws/build/hardware_bringup/build install --prefix /home/ubuntu/turtlebot3_ws/install/hardware_bringup --record /home/ubuntu/turtlebot3_ws/build/hardware_bringup/install.log --single-version-externally-managed
