[0.903s] Invoking command in '/home/prince/colcon_ws/src/auto_nav': PYTHONPATH=/home/prince/colcon_ws/install/auto_nav/lib/python3.8/site-packages:${PYTHONPATH} /usr/bin/python3 setup.py egg_info --egg-base ../../build/auto_nav build --build-base /home/prince/colcon_ws/build/auto_nav/build install --prefix /home/prince/colcon_ws/install/auto_nav --record /home/prince/colcon_ws/build/auto_nav/install.log --single-version-externally-managed
[1.106s] running egg_info
[1.106s] writing ../../build/auto_nav/auto_nav.egg-info/PKG-INFO
[1.107s] writing dependency_links to ../../build/auto_nav/auto_nav.egg-info/dependency_links.txt
[1.107s] writing entry points to ../../build/auto_nav/auto_nav.egg-info/entry_points.txt
[1.107s] writing requirements to ../../build/auto_nav/auto_nav.egg-info/requires.txt
[1.107s] writing top-level names to ../../build/auto_nav/auto_nav.egg-info/top_level.txt
[1.137s] reading manifest file '../../build/auto_nav/auto_nav.egg-info/SOURCES.txt'
[1.138s] writing manifest file '../../build/auto_nav/auto_nav.egg-info/SOURCES.txt'
[1.138s] running build
[1.139s] running build_py
[1.139s] copying auto_nav/r2auto_nav.py -> /home/prince/colcon_ws/build/auto_nav/build/lib/auto_nav
[1.139s] copying auto_nav/r2mover.py -> /home/prince/colcon_ws/build/auto_nav/build/lib/auto_nav
[1.139s] running install
[1.140s] running install_lib
[1.141s] copying /home/prince/colcon_ws/build/auto_nav/build/lib/auto_nav/r2auto_nav.py -> /home/prince/colcon_ws/install/auto_nav/lib/python3.8/site-packages/auto_nav
[1.142s] copying /home/prince/colcon_ws/build/auto_nav/build/lib/auto_nav/r2mover.py -> /home/prince/colcon_ws/install/auto_nav/lib/python3.8/site-packages/auto_nav
[1.142s] byte-compiling /home/prince/colcon_ws/install/auto_nav/lib/python3.8/site-packages/auto_nav/r2auto_nav.py to r2auto_nav.cpython-38.pyc
[1.145s] byte-compiling /home/prince/colcon_ws/install/auto_nav/lib/python3.8/site-packages/auto_nav/r2mover.py to r2mover.cpython-38.pyc
[1.145s] running install_data
[1.146s] running install_egg_info
[1.148s] removing '/home/prince/colcon_ws/install/auto_nav/lib/python3.8/site-packages/auto_nav-0.0.0-py3.8.egg-info' (and everything under it)
[1.148s] Copying ../../build/auto_nav/auto_nav.egg-info to /home/prince/colcon_ws/install/auto_nav/lib/python3.8/site-packages/auto_nav-0.0.0-py3.8.egg-info
[1.149s] running install_scripts
[1.167s] Installing follow_wall script to /home/prince/colcon_ws/install/auto_nav/lib/auto_nav
[1.167s] Installing r2auto_nav script to /home/prince/colcon_ws/install/auto_nav/lib/auto_nav
[1.167s] Installing r2mover script to /home/prince/colcon_ws/install/auto_nav/lib/auto_nav
[1.167s] Installing r2moverotate script to /home/prince/colcon_ws/install/auto_nav/lib/auto_nav
[1.167s] Installing r2occupancy script to /home/prince/colcon_ws/install/auto_nav/lib/auto_nav
[1.167s] Installing r2occupancy2 script to /home/prince/colcon_ws/install/auto_nav/lib/auto_nav
[1.167s] Installing r2scanner script to /home/prince/colcon_ws/install/auto_nav/lib/auto_nav
[1.168s] writing list of installed files to '/home/prince/colcon_ws/build/auto_nav/install.log'
[1.217s] Invoked command in '/home/prince/colcon_ws/src/auto_nav' returned '0': PYTHONPATH=/home/prince/colcon_ws/install/auto_nav/lib/python3.8/site-packages:${PYTHONPATH} /usr/bin/python3 setup.py egg_info --egg-base ../../build/auto_nav build --build-base /home/prince/colcon_ws/build/auto_nav/build install --prefix /home/prince/colcon_ws/install/auto_nav --record /home/prince/colcon_ws/build/auto_nav/install.log --single-version-externally-managed
