[2.518s] DEBUG:colcon:Command line arguments: ['/usr/bin/colcon', 'build', '--packages-select', 'hardware_bringup']
[2.519s] DEBUG:colcon:Parsed command line arguments: Namespace(ament_cmake_args=None, base_paths=['.'], build_base='build', catkin_cmake_args=None, catkin_skip_building_tests=False, cmake_args=None, cmake_clean_cache=False, cmake_clean_first=False, cmake_force_configure=False, cmake_target=None, cmake_target_skip_unavailable=False, continue_on_error=False, event_handlers=None, executor='parallel', ignore_user_meta=False, install_base='install', log_base=None, log_level=None, main=<bound method BuildVerb.main of <colcon_core.verb.build.BuildVerb object at 0xffff7e148850>>, merge_install=False, metas=['./colcon.meta'], packages_above=None, packages_above_and_dependencies=None, packages_above_depth=None, packages_end=None, packages_ignore=None, packages_ignore_regex=None, packages_select=['hardware_bringup'], packages_select_build_failed=False, packages_select_by_dep=None, packages_select_regex=None, packages_select_test_failures=False, packages_skip=None, packages_skip_build_finished=False, packages_skip_by_dep=None, packages_skip_regex=None, packages_skip_test_passed=False, packages_skip_up_to=None, packages_start=None, packages_up_to=None, packages_up_to_regex=None, parallel_workers=4, paths=None, symlink_install=False, test_result_base=None, verb_extension=<colcon_core.verb.build.BuildVerb object at 0xffff7e148850>, verb_name='build', verb_parser=<colcon_defaults.argument_parser.defaults.DefaultArgumentsDecorator object at 0xffff7e148dc0>)
[2.577s] Level 1:colcon.colcon_core.package_discovery:discover_packages(colcon_meta) check parameters
[2.578s] Level 1:colcon.colcon_core.package_discovery:discover_packages(recursive) check parameters
[2.579s] Level 1:colcon.colcon_core.package_discovery:discover_packages(ignore) check parameters
[2.579s] Level 1:colcon.colcon_core.package_discovery:discover_packages(path) check parameters
[2.580s] Level 1:colcon.colcon_core.package_discovery:discover_packages(colcon_meta) discover
[2.581s] Level 1:colcon.colcon_core.package_discovery:discover_packages(recursive) discover
[2.581s] INFO:colcon.colcon_core.package_discovery:Crawling recursively for packages in '/home/ubuntu/turtlebot3_ws'
[2.582s] Level 1:colcon.colcon_core.package_identification:_identify(.) by extensions ['ignore', 'ignore_ament_install']
[2.583s] Level 1:colcon.colcon_core.package_identification:_identify(.) by extension 'ignore'
[2.584s] Level 1:colcon.colcon_core.package_identification:_identify(.) by extension 'ignore_ament_install'
[2.585s] Level 1:colcon.colcon_core.package_identification:_identify(.) by extensions ['colcon_pkg']
[2.586s] Level 1:colcon.colcon_core.package_identification:_identify(.) by extension 'colcon_pkg'
[2.587s] Level 1:colcon.colcon_core.package_identification:_identify(.) by extensions ['colcon_meta']
[2.587s] Level 1:colcon.colcon_core.package_identification:_identify(.) by extension 'colcon_meta'
[2.588s] Level 1:colcon.colcon_core.package_identification:_identify(.) by extensions ['ros']
[2.589s] Level 1:colcon.colcon_core.package_identification:_identify(.) by extension 'ros'
[2.682s] Level 1:colcon.colcon_core.package_identification:_identify(.) by extensions ['cmake', 'python']
[2.683s] Level 1:colcon.colcon_core.package_identification:_identify(.) by extension 'cmake'
[2.683s] Level 1:colcon.colcon_core.package_identification:_identify(.) by extension 'python'
[2.684s] Level 1:colcon.colcon_core.package_identification:_identify(.) by extensions ['python_setup_py']
[2.684s] Level 1:colcon.colcon_core.package_identification:_identify(.) by extension 'python_setup_py'
[2.686s] Level 1:colcon.colcon_core.package_identification:_identify(build) by extensions ['ignore', 'ignore_ament_install']
[2.687s] Level 1:colcon.colcon_core.package_identification:_identify(build) by extension 'ignore'
[2.687s] Level 1:colcon.colcon_core.package_identification:_identify(build) ignored
[2.689s] Level 1:colcon.colcon_core.package_identification:_identify(install) by extensions ['ignore', 'ignore_ament_install']
[2.690s] Level 1:colcon.colcon_core.package_identification:_identify(install) by extension 'ignore'
[2.690s] Level 1:colcon.colcon_core.package_identification:_identify(install) ignored
[2.691s] Level 1:colcon.colcon_core.package_identification:_identify(log) by extensions ['ignore', 'ignore_ament_install']
[2.692s] Level 1:colcon.colcon_core.package_identification:_identify(log) by extension 'ignore'
[2.693s] Level 1:colcon.colcon_core.package_identification:_identify(log) ignored
[2.694s] Level 1:colcon.colcon_core.package_identification:_identify(src) by extensions ['ignore', 'ignore_ament_install']
[2.695s] Level 1:colcon.colcon_core.package_identification:_identify(src) by extension 'ignore'
[2.695s] Level 1:colcon.colcon_core.package_identification:_identify(src) by extension 'ignore_ament_install'
[2.696s] Level 1:colcon.colcon_core.package_identification:_identify(src) by extensions ['colcon_pkg']
[2.696s] Level 1:colcon.colcon_core.package_identification:_identify(src) by extension 'colcon_pkg'
[2.697s] Level 1:colcon.colcon_core.package_identification:_identify(src) by extensions ['colcon_meta']
[2.698s] Level 1:colcon.colcon_core.package_identification:_identify(src) by extension 'colcon_meta'
[2.698s] Level 1:colcon.colcon_core.package_identification:_identify(src) by extensions ['ros']
[2.699s] Level 1:colcon.colcon_core.package_identification:_identify(src) by extension 'ros'
[2.699s] Level 1:colcon.colcon_core.package_identification:_identify(src) by extensions ['cmake', 'python']
[2.700s] Level 1:colcon.colcon_core.package_identification:_identify(src) by extension 'cmake'
[2.700s] Level 1:colcon.colcon_core.package_identification:_identify(src) by extension 'python'
[2.701s] Level 1:colcon.colcon_core.package_identification:_identify(src) by extensions ['python_setup_py']
[2.701s] Level 1:colcon.colcon_core.package_identification:_identify(src) by extension 'python_setup_py'
[2.702s] Level 1:colcon.colcon_core.package_identification:_identify(src/hardware_bringup) by extensions ['ignore', 'ignore_ament_install']
[2.703s] Level 1:colcon.colcon_core.package_identification:_identify(src/hardware_bringup) by extension 'ignore'
[2.704s] Level 1:colcon.colcon_core.package_identification:_identify(src/hardware_bringup) by extension 'ignore_ament_install'
[2.705s] Level 1:colcon.colcon_core.package_identification:_identify(src/hardware_bringup) by extensions ['colcon_pkg']
[2.705s] Level 1:colcon.colcon_core.package_identification:_identify(src/hardware_bringup) by extension 'colcon_pkg'
[2.706s] Level 1:colcon.colcon_core.package_identification:_identify(src/hardware_bringup) by extensions ['colcon_meta']
[2.706s] Level 1:colcon.colcon_core.package_identification:_identify(src/hardware_bringup) by extension 'colcon_meta'
[2.707s] Level 1:colcon.colcon_core.package_identification:_identify(src/hardware_bringup) by extensions ['ros']
[2.707s] Level 1:colcon.colcon_core.package_identification:_identify(src/hardware_bringup) by extension 'ros'
[2.724s] DEBUG:colcon.colcon_core.package_identification:Package 'src/hardware_bringup' with type 'ros.ament_python' and name 'hardware_bringup'
[2.725s] Level 1:colcon.colcon_core.package_identification:_identify(src/py_servo) by extensions ['ignore', 'ignore_ament_install']
[2.726s] Level 1:colcon.colcon_core.package_identification:_identify(src/py_servo) by extension 'ignore'
[2.727s] Level 1:colcon.colcon_core.package_identification:_identify(src/py_servo) by extension 'ignore_ament_install'
[2.727s] Level 1:colcon.colcon_core.package_identification:_identify(src/py_servo) by extensions ['colcon_pkg']
[2.728s] Level 1:colcon.colcon_core.package_identification:_identify(src/py_servo) by extension 'colcon_pkg'
[2.728s] Level 1:colcon.colcon_core.package_identification:_identify(src/py_servo) by extensions ['colcon_meta']
[2.729s] Level 1:colcon.colcon_core.package_identification:_identify(src/py_servo) by extension 'colcon_meta'
[2.729s] Level 1:colcon.colcon_core.package_identification:_identify(src/py_servo) by extensions ['ros']
[2.730s] Level 1:colcon.colcon_core.package_identification:_identify(src/py_servo) by extension 'ros'
[2.735s] DEBUG:colcon.colcon_core.package_identification:Package 'src/py_servo' with type 'ros.ament_python' and name 'py_servo'
[2.736s] Level 1:colcon.colcon_core.package_identification:_identify(src/turtlebot3) by extensions ['ignore', 'ignore_ament_install']
[2.737s] Level 1:colcon.colcon_core.package_identification:_identify(src/turtlebot3) by extension 'ignore'
[2.738s] Level 1:colcon.colcon_core.package_identification:_identify(src/turtlebot3) by extension 'ignore_ament_install'
[2.739s] Level 1:colcon.colcon_core.package_identification:_identify(src/turtlebot3) by extensions ['colcon_pkg']
[2.739s] Level 1:colcon.colcon_core.package_identification:_identify(src/turtlebot3) by extension 'colcon_pkg'
[2.740s] Level 1:colcon.colcon_core.package_identification:_identify(src/turtlebot3) by extensions ['colcon_meta']
[2.740s] Level 1:colcon.colcon_core.package_identification:_identify(src/turtlebot3) by extension 'colcon_meta'
[2.741s] Level 1:colcon.colcon_core.package_identification:_identify(src/turtlebot3) by extensions ['ros']
[2.741s] Level 1:colcon.colcon_core.package_identification:_identify(src/turtlebot3) by extension 'ros'
[2.742s] Level 1:colcon.colcon_core.package_identification:_identify(src/turtlebot3) by extensions ['cmake', 'python']
[2.743s] Level 1:colcon.colcon_core.package_identification:_identify(src/turtlebot3) by extension 'cmake'
[2.743s] Level 1:colcon.colcon_core.package_identification:_identify(src/turtlebot3) by extension 'python'
[2.744s] Level 1:colcon.colcon_core.package_identification:_identify(src/turtlebot3) by extensions ['python_setup_py']
[2.744s] Level 1:colcon.colcon_core.package_identification:_identify(src/turtlebot3) by extension 'python_setup_py'
[2.745s] Level 1:colcon.colcon_core.package_identification:_identify(src/turtlebot3/turtlebot3) by extensions ['ignore', 'ignore_ament_install']
[2.746s] Level 1:colcon.colcon_core.package_identification:_identify(src/turtlebot3/turtlebot3) by extension 'ignore'
[2.747s] Level 1:colcon.colcon_core.package_identification:_identify(src/turtlebot3/turtlebot3) by extension 'ignore_ament_install'
[2.748s] Level 1:colcon.colcon_core.package_identification:_identify(src/turtlebot3/turtlebot3) by extensions ['colcon_pkg']
[2.748s] Level 1:colcon.colcon_core.package_identification:_identify(src/turtlebot3/turtlebot3) by extension 'colcon_pkg'
[2.749s] Level 1:colcon.colcon_core.package_identification:_identify(src/turtlebot3/turtlebot3) by extensions ['colcon_meta']
[2.750s] Level 1:colcon.colcon_core.package_identification:_identify(src/turtlebot3/turtlebot3) by extension 'colcon_meta'
[2.751s] Level 1:colcon.colcon_core.package_identification:_identify(src/turtlebot3/turtlebot3) by extensions ['ros']
[2.752s] Level 1:colcon.colcon_core.package_identification:_identify(src/turtlebot3/turtlebot3) by extension 'ros'
[2.758s] DEBUG:colcon.colcon_core.package_identification:Package 'src/turtlebot3/turtlebot3' with type 'ros.ament_cmake' and name 'turtlebot3'
[2.760s] Level 1:colcon.colcon_core.package_identification:_identify(src/turtlebot3/turtlebot3_bringup) by extensions ['ignore', 'ignore_ament_install']
[2.761s] Level 1:colcon.colcon_core.package_identification:_identify(src/turtlebot3/turtlebot3_bringup) by extension 'ignore'
[2.761s] Level 1:colcon.colcon_core.package_identification:_identify(src/turtlebot3/turtlebot3_bringup) by extension 'ignore_ament_install'
[2.762s] Level 1:colcon.colcon_core.package_identification:_identify(src/turtlebot3/turtlebot3_bringup) by extensions ['colcon_pkg']
[2.763s] Level 1:colcon.colcon_core.package_identification:_identify(src/turtlebot3/turtlebot3_bringup) by extension 'colcon_pkg'
[2.763s] Level 1:colcon.colcon_core.package_identification:_identify(src/turtlebot3/turtlebot3_bringup) by extensions ['colcon_meta']
[2.764s] Level 1:colcon.colcon_core.package_identification:_identify(src/turtlebot3/turtlebot3_bringup) by extension 'colcon_meta'
[2.764s] Level 1:colcon.colcon_core.package_identification:_identify(src/turtlebot3/turtlebot3_bringup) by extensions ['ros']
[2.765s] Level 1:colcon.colcon_core.package_identification:_identify(src/turtlebot3/turtlebot3_bringup) by extension 'ros'
[2.770s] DEBUG:colcon.colcon_core.package_identification:Package 'src/turtlebot3/turtlebot3_bringup' with type 'ros.ament_cmake' and name 'turtlebot3_bringup'
[2.771s] Level 1:colcon.colcon_core.package_identification:_identify(src/turtlebot3/turtlebot3_description) by extensions ['ignore', 'ignore_ament_install']
[2.772s] Level 1:colcon.colcon_core.package_identification:_identify(src/turtlebot3/turtlebot3_description) by extension 'ignore'
[2.773s] Level 1:colcon.colcon_core.package_identification:_identify(src/turtlebot3/turtlebot3_description) by extension 'ignore_ament_install'
[2.774s] Level 1:colcon.colcon_core.package_identification:_identify(src/turtlebot3/turtlebot3_description) by extensions ['colcon_pkg']
[2.774s] Level 1:colcon.colcon_core.package_identification:_identify(src/turtlebot3/turtlebot3_description) by extension 'colcon_pkg'
[2.775s] Level 1:colcon.colcon_core.package_identification:_identify(src/turtlebot3/turtlebot3_description) by extensions ['colcon_meta']
[2.775s] Level 1:colcon.colcon_core.package_identification:_identify(src/turtlebot3/turtlebot3_description) by extension 'colcon_meta'
[2.776s] Level 1:colcon.colcon_core.package_identification:_identify(src/turtlebot3/turtlebot3_description) by extensions ['ros']
[2.776s] Level 1:colcon.colcon_core.package_identification:_identify(src/turtlebot3/turtlebot3_description) by extension 'ros'
[2.781s] DEBUG:colcon.colcon_core.package_identification:Package 'src/turtlebot3/turtlebot3_description' with type 'ros.ament_cmake' and name 'turtlebot3_description'
[2.783s] Level 1:colcon.colcon_core.package_identification:_identify(src/turtlebot3/turtlebot3_example) by extensions ['ignore', 'ignore_ament_install']
[2.784s] Level 1:colcon.colcon_core.package_identification:_identify(src/turtlebot3/turtlebot3_example) by extension 'ignore'
[2.784s] Level 1:colcon.colcon_core.package_identification:_identify(src/turtlebot3/turtlebot3_example) by extension 'ignore_ament_install'
[2.785s] Level 1:colcon.colcon_core.package_identification:_identify(src/turtlebot3/turtlebot3_example) by extensions ['colcon_pkg']
[2.785s] Level 1:colcon.colcon_core.package_identification:_identify(src/turtlebot3/turtlebot3_example) by extension 'colcon_pkg'
[2.786s] Level 1:colcon.colcon_core.package_identification:_identify(src/turtlebot3/turtlebot3_example) by extensions ['colcon_meta']
[2.786s] Level 1:colcon.colcon_core.package_identification:_identify(src/turtlebot3/turtlebot3_example) by extension 'colcon_meta'
[2.787s] Level 1:colcon.colcon_core.package_identification:_identify(src/turtlebot3/turtlebot3_example) by extensions ['ros']
[2.787s] Level 1:colcon.colcon_core.package_identification:_identify(src/turtlebot3/turtlebot3_example) by extension 'ros'
[2.805s] DEBUG:colcon.colcon_core.package_identification:Package 'src/turtlebot3/turtlebot3_example' with type 'ros.ament_python' and name 'turtlebot3_example'
[2.806s] Level 1:colcon.colcon_core.package_identification:_identify(src/turtlebot3/turtlebot3_node) by extensions ['ignore', 'ignore_ament_install']
[2.807s] Level 1:colcon.colcon_core.package_identification:_identify(src/turtlebot3/turtlebot3_node) by extension 'ignore'
[2.808s] Level 1:colcon.colcon_core.package_identification:_identify(src/turtlebot3/turtlebot3_node) by extension 'ignore_ament_install'
[2.809s] Level 1:colcon.colcon_core.package_identification:_identify(src/turtlebot3/turtlebot3_node) by extensions ['colcon_pkg']
[2.809s] Level 1:colcon.colcon_core.package_identification:_identify(src/turtlebot3/turtlebot3_node) by extension 'colcon_pkg'
[2.810s] Level 1:colcon.colcon_core.package_identification:_identify(src/turtlebot3/turtlebot3_node) by extensions ['colcon_meta']
[2.810s] Level 1:colcon.colcon_core.package_identification:_identify(src/turtlebot3/turtlebot3_node) by extension 'colcon_meta'
[2.811s] Level 1:colcon.colcon_core.package_identification:_identify(src/turtlebot3/turtlebot3_node) by extensions ['ros']
[2.811s] Level 1:colcon.colcon_core.package_identification:_identify(src/turtlebot3/turtlebot3_node) by extension 'ros'
[2.824s] DEBUG:colcon.colcon_core.package_identification:Package 'src/turtlebot3/turtlebot3_node' with type 'ros.ament_cmake' and name 'turtlebot3_node'
[2.825s] Level 1:colcon.colcon_core.package_identification:_identify(src/turtlebot3/turtlebot3_teleop) by extensions ['ignore', 'ignore_ament_install']
[2.826s] Level 1:colcon.colcon_core.package_identification:_identify(src/turtlebot3/turtlebot3_teleop) by extension 'ignore'
[2.827s] Level 1:colcon.colcon_core.package_identification:_identify(src/turtlebot3/turtlebot3_teleop) by extension 'ignore_ament_install'
[2.828s] Level 1:colcon.colcon_core.package_identification:_identify(src/turtlebot3/turtlebot3_teleop) by extensions ['colcon_pkg']
[2.828s] Level 1:colcon.colcon_core.package_identification:_identify(src/turtlebot3/turtlebot3_teleop) by extension 'colcon_pkg'
[2.829s] Level 1:colcon.colcon_core.package_identification:_identify(src/turtlebot3/turtlebot3_teleop) by extensions ['colcon_meta']
[2.829s] Level 1:colcon.colcon_core.package_identification:_identify(src/turtlebot3/turtlebot3_teleop) by extension 'colcon_meta'
[2.830s] Level 1:colcon.colcon_core.package_identification:_identify(src/turtlebot3/turtlebot3_teleop) by extensions ['ros']
[2.830s] Level 1:colcon.colcon_core.package_identification:_identify(src/turtlebot3/turtlebot3_teleop) by extension 'ros'
[2.835s] DEBUG:colcon.colcon_core.package_identification:Package 'src/turtlebot3/turtlebot3_teleop' with type 'ros.ament_python' and name 'turtlebot3_teleop'
[2.836s] Level 1:colcon.colcon_core.package_discovery:discover_packages(recursive) using defaults
[2.837s] Level 1:colcon.colcon_core.package_discovery:discover_packages(ignore) discover
[2.837s] Level 1:colcon.colcon_core.package_discovery:discover_packages(ignore) using defaults
[2.837s] Level 1:colcon.colcon_core.package_discovery:discover_packages(path) discover
[2.837s] Level 1:colcon.colcon_core.package_discovery:discover_packages(path) using defaults
[2.972s] INFO:colcon.colcon_core.package_selection:Skipping not selected package 'py_servo' in 'src/py_servo'
[2.972s] INFO:colcon.colcon_core.package_selection:Skipping not selected package 'turtlebot3_description' in 'src/turtlebot3/turtlebot3_description'
[2.973s] INFO:colcon.colcon_core.package_selection:Skipping not selected package 'turtlebot3_example' in 'src/turtlebot3/turtlebot3_example'
[2.973s] INFO:colcon.colcon_core.package_selection:Skipping not selected package 'turtlebot3_node' in 'src/turtlebot3/turtlebot3_node'
[2.974s] INFO:colcon.colcon_core.package_selection:Skipping not selected package 'turtlebot3_teleop' in 'src/turtlebot3/turtlebot3_teleop'
[2.975s] INFO:colcon.colcon_core.package_selection:Skipping not selected package 'turtlebot3_bringup' in 'src/turtlebot3/turtlebot3_bringup'
[2.975s] INFO:colcon.colcon_core.package_selection:Skipping not selected package 'turtlebot3' in 'src/turtlebot3/turtlebot3'
[2.997s] Level 5:colcon.colcon_core.verb:set package 'hardware_bringup' build argument 'cmake_args' from command line to 'None'
[2.998s] Level 5:colcon.colcon_core.verb:set package 'hardware_bringup' build argument 'cmake_target' from command line to 'None'
[2.998s] Level 5:colcon.colcon_core.verb:set package 'hardware_bringup' build argument 'cmake_target_skip_unavailable' from command line to 'False'
[2.999s] Level 5:colcon.colcon_core.verb:set package 'hardware_bringup' build argument 'cmake_clean_cache' from command line to 'False'
[2.999s] Level 5:colcon.colcon_core.verb:set package 'hardware_bringup' build argument 'cmake_clean_first' from command line to 'False'
[2.999s] Level 5:colcon.colcon_core.verb:set package 'hardware_bringup' build argument 'cmake_force_configure' from command line to 'False'
[3.000s] Level 5:colcon.colcon_core.verb:set package 'hardware_bringup' build argument 'ament_cmake_args' from command line to 'None'
[3.000s] Level 5:colcon.colcon_core.verb:set package 'hardware_bringup' build argument 'catkin_cmake_args' from command line to 'None'
[3.000s] Level 5:colcon.colcon_core.verb:set package 'hardware_bringup' build argument 'catkin_skip_building_tests' from command line to 'False'
[3.001s] DEBUG:colcon.colcon_core.verb:Building package 'hardware_bringup' with the following arguments: {'ament_cmake_args': None, 'build_base': '/home/ubuntu/turtlebot3_ws/build/hardware_bringup', 'catkin_cmake_args': None, 'catkin_skip_building_tests': False, 'cmake_args': None, 'cmake_clean_cache': False, 'cmake_clean_first': False, 'cmake_force_configure': False, 'cmake_target': None, 'cmake_target_skip_unavailable': False, 'install_base': '/home/ubuntu/turtlebot3_ws/install/hardware_bringup', 'merge_install': False, 'path': '/home/ubuntu/turtlebot3_ws/src/hardware_bringup', 'symlink_install': False, 'test_result_base': None}
[3.003s] INFO:colcon.colcon_core.executor:Executing jobs using 'parallel' executor
[3.019s] DEBUG:colcon.colcon_parallel_executor.executor.parallel:run_until_complete
[3.022s] INFO:colcon.colcon_ros.task.ament_python.build:Building ROS package in '/home/ubuntu/turtlebot3_ws/src/hardware_bringup' with build type 'ament_python'
[3.023s] Level 1:colcon.colcon_core.shell:create_environment_hook('hardware_bringup', 'ament_prefix_path')
[3.052s] INFO:colcon.colcon_core.plugin_system:Skipping extension 'colcon_core.shell.bat': Not used on non-Windows systems
[3.054s] INFO:colcon.colcon_core.shell:Creating environment hook '/home/ubuntu/turtlebot3_ws/install/hardware_bringup/share/hardware_bringup/hook/ament_prefix_path.ps1'
[3.059s] INFO:colcon.colcon_core.shell:Creating environment descriptor '/home/ubuntu/turtlebot3_ws/install/hardware_bringup/share/hardware_bringup/hook/ament_prefix_path.dsv'
[3.063s] INFO:colcon.colcon_core.shell:Creating environment hook '/home/ubuntu/turtlebot3_ws/install/hardware_bringup/share/hardware_bringup/hook/ament_prefix_path.sh'
[3.072s] INFO:colcon.colcon_core.shell:Skip shell extension 'powershell' for command environment: Not usable outside of PowerShell
[3.073s] DEBUG:colcon.colcon_core.shell:Skip shell extension 'dsv' for command environment
[3.099s] DEBUG:colcon.colcon_core.shell:Ignoring prefix path '/opt/ros/foxy'
[4.983s] INFO:colcon.colcon_core.task.python.build:Building Python package in '/home/ubuntu/turtlebot3_ws/src/hardware_bringup'
[4.987s] INFO:colcon.colcon_core.shell:Skip shell extension 'powershell' for command environment: Not usable outside of PowerShell
[4.988s] DEBUG:colcon.colcon_core.shell:Skip shell extension 'dsv' for command environment
[5.008s] DEBUG:colcon.colcon_core.shell:Ignoring prefix path '/opt/ros/foxy'
[5.045s] DEBUG:colcon.colcon_core.event_handler.log_command:Invoking command in '/home/ubuntu/turtlebot3_ws/build/hardware_bringup': PYTHONPATH=/home/ubuntu/turtlebot3_ws/install/hardware_bringup/lib/python3.8/site-packages:${PYTHONPATH} /usr/bin/python3 setup.py develop --prefix /home/ubuntu/turtlebot3_ws/install/hardware_bringup --uninstall --editable --build-directory /home/ubuntu/turtlebot3_ws/build/hardware_bringup/build
[8.235s] DEBUG:colcon.colcon_core.event_handler.log_command:Invoked command in '/home/ubuntu/turtlebot3_ws/build/hardware_bringup' returned '0': PYTHONPATH=/home/ubuntu/turtlebot3_ws/install/hardware_bringup/lib/python3.8/site-packages:${PYTHONPATH} /usr/bin/python3 setup.py develop --prefix /home/ubuntu/turtlebot3_ws/install/hardware_bringup --uninstall --editable --build-directory /home/ubuntu/turtlebot3_ws/build/hardware_bringup/build
[8.241s] DEBUG:colcon.colcon_core.event_handler.log_command:Invoking command in '/home/ubuntu/turtlebot3_ws/src/hardware_bringup': PYTHONPATH=/home/ubuntu/turtlebot3_ws/install/hardware_bringup/lib/python3.8/site-packages:${PYTHONPATH} /usr/bin/python3 setup.py egg_info --egg-base ../../build/hardware_bringup build --build-base /home/ubuntu/turtlebot3_ws/build/hardware_bringup/build install --prefix /home/ubuntu/turtlebot3_ws/install/hardware_bringup --record /home/ubuntu/turtlebot3_ws/build/hardware_bringup/install.log --single-version-externally-managed
[10.683s] DEBUG:colcon.colcon_core.event_handler.log_command:Invoked command in '/home/ubuntu/turtlebot3_ws/src/hardware_bringup' returned '0': PYTHONPATH=/home/ubuntu/turtlebot3_ws/install/hardware_bringup/lib/python3.8/site-packages:${PYTHONPATH} /usr/bin/python3 setup.py egg_info --egg-base ../../build/hardware_bringup build --build-base /home/ubuntu/turtlebot3_ws/build/hardware_bringup/build install --prefix /home/ubuntu/turtlebot3_ws/install/hardware_bringup --record /home/ubuntu/turtlebot3_ws/build/hardware_bringup/install.log --single-version-externally-managed
[10.710s] Level 1:colcon.colcon_core.environment:checking '/home/ubuntu/turtlebot3_ws/install/hardware_bringup' for CMake module files
[10.715s] Level 1:colcon.colcon_core.environment:checking '/home/ubuntu/turtlebot3_ws/install/hardware_bringup' for CMake config files
[10.723s] Level 1:colcon.colcon_core.environment:checking '/home/ubuntu/turtlebot3_ws/install/hardware_bringup/lib'
[10.725s] Level 1:colcon.colcon_core.environment:checking '/home/ubuntu/turtlebot3_ws/install/hardware_bringup/bin'
[10.726s] Level 1:colcon.colcon_core.environment:checking '/home/ubuntu/turtlebot3_ws/install/hardware_bringup/lib/pkgconfig/hardware_bringup.pc'
[10.727s] Level 1:colcon.colcon_core.environment:checking '/home/ubuntu/turtlebot3_ws/install/hardware_bringup/lib/python3.8/site-packages'
[10.727s] Level 1:colcon.colcon_core.shell:create_environment_hook('hardware_bringup', 'pythonpath')
[10.731s] INFO:colcon.colcon_core.shell:Creating environment hook '/home/ubuntu/turtlebot3_ws/install/hardware_bringup/share/hardware_bringup/hook/pythonpath.ps1'
[10.736s] INFO:colcon.colcon_core.shell:Creating environment descriptor '/home/ubuntu/turtlebot3_ws/install/hardware_bringup/share/hardware_bringup/hook/pythonpath.dsv'
[10.740s] INFO:colcon.colcon_core.shell:Creating environment hook '/home/ubuntu/turtlebot3_ws/install/hardware_bringup/share/hardware_bringup/hook/pythonpath.sh'
[10.743s] Level 1:colcon.colcon_core.environment:create_environment_scripts_only(hardware_bringup)
[10.748s] INFO:colcon.colcon_core.shell:Creating package script '/home/ubuntu/turtlebot3_ws/install/hardware_bringup/share/hardware_bringup/package.ps1'
[10.755s] INFO:colcon.colcon_core.shell:Creating package descriptor '/home/ubuntu/turtlebot3_ws/install/hardware_bringup/share/hardware_bringup/package.dsv'
[10.760s] INFO:colcon.colcon_core.shell:Creating package script '/home/ubuntu/turtlebot3_ws/install/hardware_bringup/share/hardware_bringup/package.sh'
[10.769s] INFO:colcon.colcon_core.shell:Creating package script '/home/ubuntu/turtlebot3_ws/install/hardware_bringup/share/hardware_bringup/package.bash'
[10.776s] INFO:colcon.colcon_core.shell:Creating package script '/home/ubuntu/turtlebot3_ws/install/hardware_bringup/share/hardware_bringup/package.zsh'
[10.782s] Level 1:colcon.colcon_core.environment:create_file_with_runtime_dependencies(/home/ubuntu/turtlebot3_ws/install/hardware_bringup/share/colcon-core/packages/hardware_bringup)
[10.784s] DEBUG:colcon.colcon_parallel_executor.executor.parallel:closing loop
[10.786s] DEBUG:colcon.colcon_parallel_executor.executor.parallel:loop closed
[10.787s] DEBUG:colcon.colcon_parallel_executor.executor.parallel:run_until_complete finished with '0'
[10.788s] DEBUG:colcon.colcon_core.event_reactor:joining thread
[10.839s] INFO:colcon.colcon_core.plugin_system:Skipping extension 'colcon_notification.desktop_notification.notify_send': Could not find 'notify-send'
[10.840s] INFO:colcon.colcon_core.plugin_system:Skipping extension 'colcon_notification.desktop_notification.terminal_notifier': Not used on non-Darwin systems
[10.841s] INFO:colcon.colcon_core.plugin_system:Skipping extension 'colcon_notification.desktop_notification.win32': Not used on non-Windows systems
[10.841s] INFO:colcon.colcon_notification.desktop_notification:Sending desktop notification using 'notify2'
[10.846s] DEBUG:colcon.colcon_notification.desktop_notification.notify2:Failed to initialize notify2: org.freedesktop.DBus.Error.ServiceUnknown: The name org.freedesktop.Notifications was not provided by any .service files
[10.846s] DEBUG:colcon.colcon_core.event_reactor:joined thread
[10.851s] INFO:colcon.colcon_core.shell:Creating prefix script '/home/ubuntu/turtlebot3_ws/install/local_setup.ps1'
[10.858s] INFO:colcon.colcon_core.shell:Creating prefix util module '/home/ubuntu/turtlebot3_ws/install/_local_setup_util_ps1.py'
[10.868s] INFO:colcon.colcon_core.shell:Creating prefix chain script '/home/ubuntu/turtlebot3_ws/install/setup.ps1'
[10.889s] INFO:colcon.colcon_core.shell:Creating prefix script '/home/ubuntu/turtlebot3_ws/install/local_setup.sh'
[10.895s] INFO:colcon.colcon_core.shell:Creating prefix util module '/home/ubuntu/turtlebot3_ws/install/_local_setup_util_sh.py'
[10.900s] INFO:colcon.colcon_core.shell:Creating prefix chain script '/home/ubuntu/turtlebot3_ws/install/setup.sh'
[10.925s] INFO:colcon.colcon_core.shell:Creating prefix script '/home/ubuntu/turtlebot3_ws/install/local_setup.bash'
[10.931s] INFO:colcon.colcon_core.shell:Creating prefix chain script '/home/ubuntu/turtlebot3_ws/install/setup.bash'
[10.954s] INFO:colcon.colcon_core.shell:Creating prefix script '/home/ubuntu/turtlebot3_ws/install/local_setup.zsh'
[10.959s] INFO:colcon.colcon_core.shell:Creating prefix chain script '/home/ubuntu/turtlebot3_ws/install/setup.zsh'
