[1.428s] Invoking command in '/home/prince/colcon_ws/src/auto_nav': PYTHONPATH=/home/prince/colcon_ws/install/auto_nav/lib/python3.8/site-packages:${PYTHONPATH} /usr/bin/python3 setup.py egg_info --egg-base ../../build/auto_nav build --build-base /home/prince/colcon_ws/build/auto_nav/build install --prefix /home/prince/colcon_ws/install/auto_nav --record /home/prince/colcon_ws/build/auto_nav/install.log --single-version-externally-managed
[1.767s] running egg_info
[1.768s] writing ../../build/auto_nav/auto_nav.egg-info/PKG-INFO
[1.768s] writing dependency_links to ../../build/auto_nav/auto_nav.egg-info/dependency_links.txt
[1.768s] writing entry points to ../../build/auto_nav/auto_nav.egg-info/entry_points.txt
[1.768s] writing requirements to ../../build/auto_nav/auto_nav.egg-info/requires.txt
[1.769s] writing top-level names to ../../build/auto_nav/auto_nav.egg-info/top_level.txt
[1.812s] reading manifest file '../../build/auto_nav/auto_nav.egg-info/SOURCES.txt'
[1.813s] writing manifest file '../../build/auto_nav/auto_nav.egg-info/SOURCES.txt'
[1.813s] running build
[1.813s] running build_py
[1.813s] copying auto_nav/r2_snake.py -> /home/prince/colcon_ws/build/auto_nav/build/lib/auto_nav
[1.814s] running install
[1.815s] running install_lib
[1.816s] copying /home/prince/colcon_ws/build/auto_nav/build/lib/auto_nav/r2_snake.py -> /home/prince/colcon_ws/install/auto_nav/lib/python3.8/site-packages/auto_nav
[1.818s] byte-compiling /home/prince/colcon_ws/install/auto_nav/lib/python3.8/site-packages/auto_nav/r2_snake.py to r2_snake.cpython-38.pyc
[1.827s] running install_data
[1.827s] running install_egg_info
[1.829s] removing '/home/prince/colcon_ws/install/auto_nav/lib/python3.8/site-packages/auto_nav-0.0.0-py3.8.egg-info' (and everything under it)
[1.830s] Copying ../../build/auto_nav/auto_nav.egg-info to /home/prince/colcon_ws/install/auto_nav/lib/python3.8/site-packages/auto_nav-0.0.0-py3.8.egg-info
[1.830s] running install_scripts
[1.867s] Installing map2base script to /home/prince/colcon_ws/install/auto_nav/lib/auto_nav
[1.868s] Installing r2_snake script to /home/prince/colcon_ws/install/auto_nav/lib/auto_nav
[1.868s] Installing r2auto_nav script to /home/prince/colcon_ws/install/auto_nav/lib/auto_nav
[1.868s] Installing r2auto_nav2 script to /home/prince/colcon_ws/install/auto_nav/lib/auto_nav
[1.868s] Installing r2auto_nav3_gazebo script to /home/prince/colcon_ws/install/auto_nav/lib/auto_nav
[1.869s] Installing r2auto_nav3_real script to /home/prince/colcon_ws/install/auto_nav/lib/auto_nav
[1.869s] Installing r2mover script to /home/prince/colcon_ws/install/auto_nav/lib/auto_nav
[1.869s] Installing r2moverotate script to /home/prince/colcon_ws/install/auto_nav/lib/auto_nav
[1.869s] Installing r2occupancy script to /home/prince/colcon_ws/install/auto_nav/lib/auto_nav
[1.869s] Installing r2occupancy2 script to /home/prince/colcon_ws/install/auto_nav/lib/auto_nav
[1.870s] Installing r2scanner script to /home/prince/colcon_ws/install/auto_nav/lib/auto_nav
[1.870s] Installing snake script to /home/prince/colcon_ws/install/auto_nav/lib/auto_nav
[1.870s] writing list of installed files to '/home/prince/colcon_ws/build/auto_nav/install.log'
[1.933s] Invoked command in '/home/prince/colcon_ws/src/auto_nav' returned '0': PYTHONPATH=/home/prince/colcon_ws/install/auto_nav/lib/python3.8/site-packages:${PYTHONPATH} /usr/bin/python3 setup.py egg_info --egg-base ../../build/auto_nav build --build-base /home/prince/colcon_ws/build/auto_nav/build install --prefix /home/prince/colcon_ws/install/auto_nav --record /home/prince/colcon_ws/build/auto_nav/install.log --single-version-externally-managed
