[0.892s] Invoking command in '/home/prince/colcon_ws/src/auto_nav': PYTHONPATH=/home/prince/colcon_ws/install/auto_nav/lib/python3.8/site-packages:${PYTHONPATH} /usr/bin/python3 setup.py egg_info --egg-base ../../build/auto_nav build --build-base /home/prince/colcon_ws/build/auto_nav/build install --prefix /home/prince/colcon_ws/install/auto_nav --record /home/prince/colcon_ws/build/auto_nav/install.log --single-version-externally-managed
[1.063s] running egg_info
[1.064s] writing ../../build/auto_nav/auto_nav.egg-info/PKG-INFO
[1.064s] writing dependency_links to ../../build/auto_nav/auto_nav.egg-info/dependency_links.txt
[1.065s] writing entry points to ../../build/auto_nav/auto_nav.egg-info/entry_points.txt
[1.065s] writing requirements to ../../build/auto_nav/auto_nav.egg-info/requires.txt
[1.065s] writing top-level names to ../../build/auto_nav/auto_nav.egg-info/top_level.txt
[1.093s] reading manifest file '../../build/auto_nav/auto_nav.egg-info/SOURCES.txt'
[1.094s] writing manifest file '../../build/auto_nav/auto_nav.egg-info/SOURCES.txt'
[1.095s] running build
[1.095s] running build_py
[1.095s] copying auto_nav/r2_factory_test.py -> /home/prince/colcon_ws/build/auto_nav/build/lib/auto_nav
[1.096s] running install
[1.097s] running install_lib
[1.098s] copying /home/prince/colcon_ws/build/auto_nav/build/lib/auto_nav/r2_factory_test.py -> /home/prince/colcon_ws/install/auto_nav/lib/python3.8/site-packages/auto_nav
[1.099s] byte-compiling /home/prince/colcon_ws/install/auto_nav/lib/python3.8/site-packages/auto_nav/r2_factory_test.py to r2_factory_test.cpython-38.pyc
[1.101s] running install_data
[1.102s] running install_egg_info
[1.104s] removing '/home/prince/colcon_ws/install/auto_nav/lib/python3.8/site-packages/auto_nav-0.0.0-py3.8.egg-info' (and everything under it)
[1.104s] Copying ../../build/auto_nav/auto_nav.egg-info to /home/prince/colcon_ws/install/auto_nav/lib/python3.8/site-packages/auto_nav-0.0.0-py3.8.egg-info
[1.105s] running install_scripts
[1.123s] Installing factory_test script to /home/prince/colcon_ws/install/auto_nav/lib/auto_nav
[1.124s] Installing map2base script to /home/prince/colcon_ws/install/auto_nav/lib/auto_nav
[1.124s] Installing r2auto_nav script to /home/prince/colcon_ws/install/auto_nav/lib/auto_nav
[1.124s] Installing r2auto_nav2 script to /home/prince/colcon_ws/install/auto_nav/lib/auto_nav
[1.124s] Installing r2auto_nav3_gazebo script to /home/prince/colcon_ws/install/auto_nav/lib/auto_nav
[1.124s] Installing r2auto_nav3_real script to /home/prince/colcon_ws/install/auto_nav/lib/auto_nav
[1.124s] Installing r2mover script to /home/prince/colcon_ws/install/auto_nav/lib/auto_nav
[1.125s] Installing r2moverotate script to /home/prince/colcon_ws/install/auto_nav/lib/auto_nav
[1.125s] Installing r2occupancy script to /home/prince/colcon_ws/install/auto_nav/lib/auto_nav
[1.125s] Installing r2occupancy2 script to /home/prince/colcon_ws/install/auto_nav/lib/auto_nav
[1.125s] Installing r2scanner script to /home/prince/colcon_ws/install/auto_nav/lib/auto_nav
[1.125s] Installing snake script to /home/prince/colcon_ws/install/auto_nav/lib/auto_nav
[1.125s] Installing targeter script to /home/prince/colcon_ws/install/auto_nav/lib/auto_nav
[1.125s] Installing thermal_interp script to /home/prince/colcon_ws/install/auto_nav/lib/auto_nav
[1.125s] Installing thermal_listener script to /home/prince/colcon_ws/install/auto_nav/lib/auto_nav
[1.125s] Installing wall_follow script to /home/prince/colcon_ws/install/auto_nav/lib/auto_nav
[1.126s] writing list of installed files to '/home/prince/colcon_ws/build/auto_nav/install.log'
[1.162s] Invoked command in '/home/prince/colcon_ws/src/auto_nav' returned '0': PYTHONPATH=/home/prince/colcon_ws/install/auto_nav/lib/python3.8/site-packages:${PYTHONPATH} /usr/bin/python3 setup.py egg_info --egg-base ../../build/auto_nav build --build-base /home/prince/colcon_ws/build/auto_nav/build install --prefix /home/prince/colcon_ws/install/auto_nav --record /home/prince/colcon_ws/build/auto_nav/install.log --single-version-externally-managed
