[1.421s] Invoking command in '/home/prince/colcon_ws/src/auto_nav': PYTHONPATH=/home/prince/colcon_ws/install/auto_nav/lib/python3.8/site-packages:${PYTHONPATH} /usr/bin/python3 setup.py egg_info --egg-base ../../build/auto_nav build --build-base /home/prince/colcon_ws/build/auto_nav/build install --prefix /home/prince/colcon_ws/install/auto_nav --record /home/prince/colcon_ws/build/auto_nav/install.log --single-version-externally-managed
[1.750s] running egg_info
[1.751s] writing ../../build/auto_nav/auto_nav.egg-info/PKG-INFO
[1.751s] writing dependency_links to ../../build/auto_nav/auto_nav.egg-info/dependency_links.txt
[1.752s] writing entry points to ../../build/auto_nav/auto_nav.egg-info/entry_points.txt
[1.752s] writing requirements to ../../build/auto_nav/auto_nav.egg-info/requires.txt
[1.752s] writing top-level names to ../../build/auto_nav/auto_nav.egg-info/top_level.txt
[1.796s] reading manifest file '../../build/auto_nav/auto_nav.egg-info/SOURCES.txt'
[1.798s] writing manifest file '../../build/auto_nav/auto_nav.egg-info/SOURCES.txt'
[1.799s] running build
[1.799s] running build_py
[1.799s] copying auto_nav/r2_wall_follow.py -> /home/prince/colcon_ws/build/auto_nav/build/lib/auto_nav
[1.800s] running install
[1.801s] running install_lib
[1.803s] copying /home/prince/colcon_ws/build/auto_nav/build/lib/auto_nav/r2_wall_follow.py -> /home/prince/colcon_ws/install/auto_nav/lib/python3.8/site-packages/auto_nav
[1.804s] byte-compiling /home/prince/colcon_ws/install/auto_nav/lib/python3.8/site-packages/auto_nav/r2_wall_follow.py to r2_wall_follow.cpython-38.pyc
[1.808s] running install_data
[1.811s] running install_egg_info
[1.814s] removing '/home/prince/colcon_ws/install/auto_nav/lib/python3.8/site-packages/auto_nav-0.0.0-py3.8.egg-info' (and everything under it)
[1.815s] Copying ../../build/auto_nav/auto_nav.egg-info to /home/prince/colcon_ws/install/auto_nav/lib/python3.8/site-packages/auto_nav-0.0.0-py3.8.egg-info
[1.816s] running install_scripts
[1.847s] Installing map2base script to /home/prince/colcon_ws/install/auto_nav/lib/auto_nav
[1.847s] Installing r2auto_nav script to /home/prince/colcon_ws/install/auto_nav/lib/auto_nav
[1.848s] Installing r2auto_nav2 script to /home/prince/colcon_ws/install/auto_nav/lib/auto_nav
[1.848s] Installing r2auto_nav3_gazebo script to /home/prince/colcon_ws/install/auto_nav/lib/auto_nav
[1.848s] Installing r2auto_nav3_real script to /home/prince/colcon_ws/install/auto_nav/lib/auto_nav
[1.848s] Installing r2mover script to /home/prince/colcon_ws/install/auto_nav/lib/auto_nav
[1.848s] Installing r2moverotate script to /home/prince/colcon_ws/install/auto_nav/lib/auto_nav
[1.848s] Installing r2occupancy script to /home/prince/colcon_ws/install/auto_nav/lib/auto_nav
[1.848s] Installing r2occupancy2 script to /home/prince/colcon_ws/install/auto_nav/lib/auto_nav
[1.848s] Installing r2scanner script to /home/prince/colcon_ws/install/auto_nav/lib/auto_nav
[1.848s] Installing snake script to /home/prince/colcon_ws/install/auto_nav/lib/auto_nav
[1.848s] Installing targeter script to /home/prince/colcon_ws/install/auto_nav/lib/auto_nav
[1.848s] Installing thermal_interp script to /home/prince/colcon_ws/install/auto_nav/lib/auto_nav
[1.849s] Installing thermal_listener script to /home/prince/colcon_ws/install/auto_nav/lib/auto_nav
[1.849s] Installing wall_follow script to /home/prince/colcon_ws/install/auto_nav/lib/auto_nav
[1.849s] writing list of installed files to '/home/prince/colcon_ws/build/auto_nav/install.log'
[1.925s] Invoked command in '/home/prince/colcon_ws/src/auto_nav' returned '0': PYTHONPATH=/home/prince/colcon_ws/install/auto_nav/lib/python3.8/site-packages:${PYTHONPATH} /usr/bin/python3 setup.py egg_info --egg-base ../../build/auto_nav build --build-base /home/prince/colcon_ws/build/auto_nav/build install --prefix /home/prince/colcon_ws/install/auto_nav --record /home/prince/colcon_ws/build/auto_nav/install.log --single-version-externally-managed
