[0.853s] Invoking command in '/home/prince/colcon_ws/src/auto_nav': PYTHONPATH=/home/prince/colcon_ws/install/auto_nav/lib/python3.8/site-packages:${PYTHONPATH} /usr/bin/python3 setup.py egg_info --egg-base ../../build/auto_nav build --build-base /home/prince/colcon_ws/build/auto_nav/build install --prefix /home/prince/colcon_ws/install/auto_nav --record /home/prince/colcon_ws/build/auto_nav/install.log --single-version-externally-managed
[1.027s] running egg_info
[1.027s] creating ../../build/auto_nav/auto_nav.egg-info
[1.027s] writing ../../build/auto_nav/auto_nav.egg-info/PKG-INFO
[1.028s] writing dependency_links to ../../build/auto_nav/auto_nav.egg-info/dependency_links.txt
[1.028s] writing entry points to ../../build/auto_nav/auto_nav.egg-info/entry_points.txt
[1.028s] writing requirements to ../../build/auto_nav/auto_nav.egg-info/requires.txt
[1.028s] writing top-level names to ../../build/auto_nav/auto_nav.egg-info/top_level.txt
[1.030s] writing manifest file '../../build/auto_nav/auto_nav.egg-info/SOURCES.txt'
[1.062s] reading manifest file '../../build/auto_nav/auto_nav.egg-info/SOURCES.txt'
[1.063s] writing manifest file '../../build/auto_nav/auto_nav.egg-info/SOURCES.txt'
[1.063s] running build
[1.063s] running build_py
[1.064s] creating /home/prince/colcon_ws/build/auto_nav/build
[1.064s] creating /home/prince/colcon_ws/build/auto_nav/build/lib
[1.064s] creating /home/prince/colcon_ws/build/auto_nav/build/lib/auto_nav
[1.064s] copying auto_nav/r2occupancy2.py -> /home/prince/colcon_ws/build/auto_nav/build/lib/auto_nav
[1.064s] copying auto_nav/r2occupancy.py -> /home/prince/colcon_ws/build/auto_nav/build/lib/auto_nav
[1.064s] copying auto_nav/r2auto_nav.py -> /home/prince/colcon_ws/build/auto_nav/build/lib/auto_nav
[1.064s] copying auto_nav/r2scanner.py -> /home/prince/colcon_ws/build/auto_nav/build/lib/auto_nav
[1.064s] copying auto_nav/setup.py -> /home/prince/colcon_ws/build/auto_nav/build/lib/auto_nav
[1.064s] copying auto_nav/r2moverotate.py -> /home/prince/colcon_ws/build/auto_nav/build/lib/auto_nav
[1.065s] copying auto_nav/__init__.py -> /home/prince/colcon_ws/build/auto_nav/build/lib/auto_nav
[1.065s] copying auto_nav/r2mover.py -> /home/prince/colcon_ws/build/auto_nav/build/lib/auto_nav
[1.065s] running install
[1.066s] running install_lib
[1.067s] creating /home/prince/colcon_ws/install/auto_nav/lib/python3.8/site-packages/auto_nav
[1.067s] copying /home/prince/colcon_ws/build/auto_nav/build/lib/auto_nav/r2occupancy2.py -> /home/prince/colcon_ws/install/auto_nav/lib/python3.8/site-packages/auto_nav
[1.067s] copying /home/prince/colcon_ws/build/auto_nav/build/lib/auto_nav/r2occupancy.py -> /home/prince/colcon_ws/install/auto_nav/lib/python3.8/site-packages/auto_nav
[1.067s] copying /home/prince/colcon_ws/build/auto_nav/build/lib/auto_nav/r2auto_nav.py -> /home/prince/colcon_ws/install/auto_nav/lib/python3.8/site-packages/auto_nav
[1.067s] copying /home/prince/colcon_ws/build/auto_nav/build/lib/auto_nav/r2scanner.py -> /home/prince/colcon_ws/install/auto_nav/lib/python3.8/site-packages/auto_nav
[1.067s] copying /home/prince/colcon_ws/build/auto_nav/build/lib/auto_nav/setup.py -> /home/prince/colcon_ws/install/auto_nav/lib/python3.8/site-packages/auto_nav
[1.067s] copying /home/prince/colcon_ws/build/auto_nav/build/lib/auto_nav/r2moverotate.py -> /home/prince/colcon_ws/install/auto_nav/lib/python3.8/site-packages/auto_nav
[1.067s] copying /home/prince/colcon_ws/build/auto_nav/build/lib/auto_nav/__init__.py -> /home/prince/colcon_ws/install/auto_nav/lib/python3.8/site-packages/auto_nav
[1.067s] copying /home/prince/colcon_ws/build/auto_nav/build/lib/auto_nav/r2mover.py -> /home/prince/colcon_ws/install/auto_nav/lib/python3.8/site-packages/auto_nav
[1.069s] byte-compiling /home/prince/colcon_ws/install/auto_nav/lib/python3.8/site-packages/auto_nav/r2occupancy2.py to r2occupancy2.cpython-38.pyc
[1.071s] byte-compiling /home/prince/colcon_ws/install/auto_nav/lib/python3.8/site-packages/auto_nav/r2occupancy.py to r2occupancy.cpython-38.pyc
[1.071s] byte-compiling /home/prince/colcon_ws/install/auto_nav/lib/python3.8/site-packages/auto_nav/r2auto_nav.py to r2auto_nav.cpython-38.pyc
[1.072s] byte-compiling /home/prince/colcon_ws/install/auto_nav/lib/python3.8/site-packages/auto_nav/r2scanner.py to r2scanner.cpython-38.pyc
[1.073s] byte-compiling /home/prince/colcon_ws/install/auto_nav/lib/python3.8/site-packages/auto_nav/setup.py to setup.cpython-38.pyc
[1.073s] byte-compiling /home/prince/colcon_ws/install/auto_nav/lib/python3.8/site-packages/auto_nav/r2moverotate.py to r2moverotate.cpython-38.pyc
[1.073s] byte-compiling /home/prince/colcon_ws/install/auto_nav/lib/python3.8/site-packages/auto_nav/__init__.py to __init__.cpython-38.pyc
[1.074s] byte-compiling /home/prince/colcon_ws/install/auto_nav/lib/python3.8/site-packages/auto_nav/r2mover.py to r2mover.cpython-38.pyc
[1.074s] running install_data
[1.074s] creating /home/prince/colcon_ws/install/auto_nav/share/ament_index
[1.074s] creating /home/prince/colcon_ws/install/auto_nav/share/ament_index/resource_index
[1.074s] creating /home/prince/colcon_ws/install/auto_nav/share/ament_index/resource_index/packages
[1.075s] copying resource/auto_nav -> /home/prince/colcon_ws/install/auto_nav/share/ament_index/resource_index/packages
[1.075s] copying package.xml -> /home/prince/colcon_ws/install/auto_nav/share/auto_nav
[1.075s] running install_egg_info
[1.076s] Copying ../../build/auto_nav/auto_nav.egg-info to /home/prince/colcon_ws/install/auto_nav/lib/python3.8/site-packages/auto_nav-0.0.0-py3.8.egg-info
[1.077s] running install_scripts
[1.095s] writing list of installed files to '/home/prince/colcon_ws/build/auto_nav/install.log'
[1.132s] Invoked command in '/home/prince/colcon_ws/src/auto_nav' returned '0': PYTHONPATH=/home/prince/colcon_ws/install/auto_nav/lib/python3.8/site-packages:${PYTHONPATH} /usr/bin/python3 setup.py egg_info --egg-base ../../build/auto_nav build --build-base /home/prince/colcon_ws/build/auto_nav/build install --prefix /home/prince/colcon_ws/install/auto_nav --record /home/prince/colcon_ws/build/auto_nav/install.log --single-version-externally-managed
