[0.892s] Invoking command in '/home/prince/colcon_ws/src/py_pubsub': PYTHONPATH=/home/prince/colcon_ws/install/py_pubsub/lib/python3.8/site-packages:${PYTHONPATH} /usr/bin/python3 setup.py egg_info --egg-base ../../build/py_pubsub build --build-base /home/prince/colcon_ws/build/py_pubsub/build install --prefix /home/prince/colcon_ws/install/py_pubsub --record /home/prince/colcon_ws/build/py_pubsub/install.log --single-version-externally-managed
[1.056s] running egg_info
[1.057s] writing ../../build/py_pubsub/py_pubsub.egg-info/PKG-INFO
[1.057s] writing dependency_links to ../../build/py_pubsub/py_pubsub.egg-info/dependency_links.txt
[1.058s] writing entry points to ../../build/py_pubsub/py_pubsub.egg-info/entry_points.txt
[1.058s] writing requirements to ../../build/py_pubsub/py_pubsub.egg-info/requires.txt
[1.058s] writing top-level names to ../../build/py_pubsub/py_pubsub.egg-info/top_level.txt
[1.089s] reading manifest file '../../build/py_pubsub/py_pubsub.egg-info/SOURCES.txt'
[1.090s] writing manifest file '../../build/py_pubsub/py_pubsub.egg-info/SOURCES.txt'
[1.090s] running build
[1.090s] running build_py
[1.091s] running install
[1.092s] running install_lib
[1.094s] running install_data
[1.094s] running install_egg_info
[1.096s] removing '/home/prince/colcon_ws/install/py_pubsub/lib/python3.8/site-packages/py_pubsub-0.0.0-py3.8.egg-info' (and everything under it)
[1.096s] Copying ../../build/py_pubsub/py_pubsub.egg-info to /home/prince/colcon_ws/install/py_pubsub/lib/python3.8/site-packages/py_pubsub-0.0.0-py3.8.egg-info
[1.097s] running install_scripts
[1.115s] Installing listener script to /home/prince/colcon_ws/install/py_pubsub/lib/py_pubsub
[1.115s] Installing talker script to /home/prince/colcon_ws/install/py_pubsub/lib/py_pubsub
[1.116s] writing list of installed files to '/home/prince/colcon_ws/build/py_pubsub/install.log'
[1.149s] Invoked command in '/home/prince/colcon_ws/src/py_pubsub' returned '0': PYTHONPATH=/home/prince/colcon_ws/install/py_pubsub/lib/python3.8/site-packages:${PYTHONPATH} /usr/bin/python3 setup.py egg_info --egg-base ../../build/py_pubsub build --build-base /home/prince/colcon_ws/build/py_pubsub/build install --prefix /home/prince/colcon_ws/install/py_pubsub --record /home/prince/colcon_ws/build/py_pubsub/install.log --single-version-externally-managed
