[1.722s] Invoking command in '/home/prince/colcon_ws/src/auto_nav': PYTHONPATH=/home/prince/colcon_ws/install/auto_nav/lib/python3.8/site-packages:${PYTHONPATH} /usr/bin/python3 setup.py egg_info --egg-base ../../build/auto_nav build --build-base /home/prince/colcon_ws/build/auto_nav/build install --prefix /home/prince/colcon_ws/install/auto_nav --record /home/prince/colcon_ws/build/auto_nav/install.log --single-version-externally-managed
[2.080s] running egg_info
[2.081s] writing ../../build/auto_nav/auto_nav.egg-info/PKG-INFO
[2.081s] writing dependency_links to ../../build/auto_nav/auto_nav.egg-info/dependency_links.txt
[2.082s] writing entry points to ../../build/auto_nav/auto_nav.egg-info/entry_points.txt
[2.084s] writing requirements to ../../build/auto_nav/auto_nav.egg-info/requires.txt
[2.084s] writing top-level names to ../../build/auto_nav/auto_nav.egg-info/top_level.txt
[2.126s] reading manifest file '../../build/auto_nav/auto_nav.egg-info/SOURCES.txt'
[2.126s] writing manifest file '../../build/auto_nav/auto_nav.egg-info/SOURCES.txt'
[2.127s] running build
[2.127s] running build_py
[2.127s] copying auto_nav/r2auto_nav2.py -> /home/prince/colcon_ws/build/auto_nav/build/lib/auto_nav
[2.128s] running install
[2.129s] running install_lib
[2.131s] copying /home/prince/colcon_ws/build/auto_nav/build/lib/auto_nav/r2auto_nav2.py -> /home/prince/colcon_ws/install/auto_nav/lib/python3.8/site-packages/auto_nav
[2.133s] byte-compiling /home/prince/colcon_ws/install/auto_nav/lib/python3.8/site-packages/auto_nav/r2auto_nav2.py to r2auto_nav2.cpython-38.pyc
[2.140s] running install_data
[2.141s] running install_egg_info
[2.145s] removing '/home/prince/colcon_ws/install/auto_nav/lib/python3.8/site-packages/auto_nav-0.0.0-py3.8.egg-info' (and everything under it)
[2.145s] Copying ../../build/auto_nav/auto_nav.egg-info to /home/prince/colcon_ws/install/auto_nav/lib/python3.8/site-packages/auto_nav-0.0.0-py3.8.egg-info
[2.146s] running install_scripts
[2.183s] Installing r2auto_nav script to /home/prince/colcon_ws/install/auto_nav/lib/auto_nav
[2.184s] Installing r2auto_nav2 script to /home/prince/colcon_ws/install/auto_nav/lib/auto_nav
[2.184s] Installing r2mover script to /home/prince/colcon_ws/install/auto_nav/lib/auto_nav
[2.185s] Installing r2moverotate script to /home/prince/colcon_ws/install/auto_nav/lib/auto_nav
[2.185s] Installing r2occupancy script to /home/prince/colcon_ws/install/auto_nav/lib/auto_nav
[2.186s] Installing r2occupancy2 script to /home/prince/colcon_ws/install/auto_nav/lib/auto_nav
[2.186s] Installing r2scanner script to /home/prince/colcon_ws/install/auto_nav/lib/auto_nav
[2.187s] writing list of installed files to '/home/prince/colcon_ws/build/auto_nav/install.log'
[2.276s] Invoked command in '/home/prince/colcon_ws/src/auto_nav' returned '0': PYTHONPATH=/home/prince/colcon_ws/install/auto_nav/lib/python3.8/site-packages:${PYTHONPATH} /usr/bin/python3 setup.py egg_info --egg-base ../../build/auto_nav build --build-base /home/prince/colcon_ws/build/auto_nav/build install --prefix /home/prince/colcon_ws/install/auto_nav --record /home/prince/colcon_ws/build/auto_nav/install.log --single-version-externally-managed
