[0.983s] Invoking command in '/home/prince/colcon_ws/src/py_pubsub': PYTHONPATH=/home/prince/colcon_ws/install/py_pubsub/lib/python3.8/site-packages:${PYTHONPATH} /usr/bin/python3 setup.py egg_info --egg-base ../../build/py_pubsub build --build-base /home/prince/colcon_ws/build/py_pubsub/build install --prefix /home/prince/colcon_ws/install/py_pubsub --record /home/prince/colcon_ws/build/py_pubsub/install.log --single-version-externally-managed
[1.197s] running egg_info
[1.198s] writing ../../build/py_pubsub/py_pubsub.egg-info/PKG-INFO
[1.198s] writing dependency_links to ../../build/py_pubsub/py_pubsub.egg-info/dependency_links.txt
[1.198s] writing entry points to ../../build/py_pubsub/py_pubsub.egg-info/entry_points.txt
[1.198s] writing requirements to ../../build/py_pubsub/py_pubsub.egg-info/requires.txt
[1.198s] writing top-level names to ../../build/py_pubsub/py_pubsub.egg-info/top_level.txt
[1.233s] reading manifest file '../../build/py_pubsub/py_pubsub.egg-info/SOURCES.txt'
[1.234s] writing manifest file '../../build/py_pubsub/py_pubsub.egg-info/SOURCES.txt'
[1.234s] running build
[1.234s] running build_py
[1.235s] running install
[1.235s] running install_lib
[1.237s] running install_data
[1.238s] running install_egg_info
[1.239s] removing '/home/prince/colcon_ws/install/py_pubsub/lib/python3.8/site-packages/py_pubsub-0.0.0-py3.8.egg-info' (and everything under it)
[1.240s] Copying ../../build/py_pubsub/py_pubsub.egg-info to /home/prince/colcon_ws/install/py_pubsub/lib/python3.8/site-packages/py_pubsub-0.0.0-py3.8.egg-info
[1.241s] running install_scripts
[1.264s] Installing listener script to /home/prince/colcon_ws/install/py_pubsub/lib/py_pubsub
[1.265s] Installing talker script to /home/prince/colcon_ws/install/py_pubsub/lib/py_pubsub
[1.265s] writing list of installed files to '/home/prince/colcon_ws/build/py_pubsub/install.log'
[1.308s] Invoked command in '/home/prince/colcon_ws/src/py_pubsub' returned '0': PYTHONPATH=/home/prince/colcon_ws/install/py_pubsub/lib/python3.8/site-packages:${PYTHONPATH} /usr/bin/python3 setup.py egg_info --egg-base ../../build/py_pubsub build --build-base /home/prince/colcon_ws/build/py_pubsub/build install --prefix /home/prince/colcon_ws/install/py_pubsub --record /home/prince/colcon_ws/build/py_pubsub/install.log --single-version-externally-managed
