[0.013s] Invoking command in '/home/prince/colcon_ws/build/turtlebot3_simulations': AMENT_PREFIX_PATH=/home/prince/colcon_ws/install/turtlebot3_gazebo:/home/prince/colcon_ws/install/turtlebot3_fake_node CMAKE_PREFIX_PATH=/home/prince/colcon_ws/install/turtlebot3_gazebo:/home/prince/colcon_ws/install/turtlebot3_fake_node:${CMAKE_PREFIX_PATH} /usr/bin/cmake --build /home/prince/colcon_ws/build/turtlebot3_simulations -- -j16 -l16
[0.051s] Invoked command in '/home/prince/colcon_ws/build/turtlebot3_simulations' returned '0': AMENT_PREFIX_PATH=/home/prince/colcon_ws/install/turtlebot3_gazebo:/home/prince/colcon_ws/install/turtlebot3_fake_node CMAKE_PREFIX_PATH=/home/prince/colcon_ws/install/turtlebot3_gazebo:/home/prince/colcon_ws/install/turtlebot3_fake_node:${CMAKE_PREFIX_PATH} /usr/bin/cmake --build /home/prince/colcon_ws/build/turtlebot3_simulations -- -j16 -l16
[0.073s] Invoking command in '/home/prince/colcon_ws/build/turtlebot3_simulations': AMENT_PREFIX_PATH=/home/prince/colcon_ws/install/turtlebot3_gazebo:/home/prince/colcon_ws/install/turtlebot3_fake_node CMAKE_PREFIX_PATH=/home/prince/colcon_ws/install/turtlebot3_gazebo:/home/prince/colcon_ws/install/turtlebot3_fake_node:${CMAKE_PREFIX_PATH} /usr/bin/cmake --install /home/prince/colcon_ws/build/turtlebot3_simulations
[0.081s] -- Install configuration: ""
[0.082s] -- Up-to-date: /home/prince/colcon_ws/install/turtlebot3_simulations/share/ament_index/resource_index/package_run_dependencies/turtlebot3_simulations
[0.082s] -- Up-to-date: /home/prince/colcon_ws/install/turtlebot3_simulations/share/ament_index/resource_index/parent_prefix_path/turtlebot3_simulations
[0.082s] -- Up-to-date: /home/prince/colcon_ws/install/turtlebot3_simulations/share/turtlebot3_simulations/environment/ament_prefix_path.sh
[0.082s] -- Up-to-date: /home/prince/colcon_ws/install/turtlebot3_simulations/share/turtlebot3_simulations/environment/ament_prefix_path.dsv
[0.082s] -- Up-to-date: /home/prince/colcon_ws/install/turtlebot3_simulations/share/turtlebot3_simulations/environment/path.sh
[0.082s] -- Up-to-date: /home/prince/colcon_ws/install/turtlebot3_simulations/share/turtlebot3_simulations/environment/path.dsv
[0.082s] -- Up-to-date: /home/prince/colcon_ws/install/turtlebot3_simulations/share/turtlebot3_simulations/local_setup.bash
[0.082s] -- Up-to-date: /home/prince/colcon_ws/install/turtlebot3_simulations/share/turtlebot3_simulations/local_setup.sh
[0.083s] -- Up-to-date: /home/prince/colcon_ws/install/turtlebot3_simulations/share/turtlebot3_simulations/local_setup.zsh
[0.083s] -- Up-to-date: /home/prince/colcon_ws/install/turtlebot3_simulations/share/turtlebot3_simulations/local_setup.dsv
[0.083s] -- Installing: /home/prince/colcon_ws/install/turtlebot3_simulations/share/turtlebot3_simulations/package.dsv
[0.083s] -- Up-to-date: /home/prince/colcon_ws/install/turtlebot3_simulations/share/ament_index/resource_index/packages/turtlebot3_simulations
[0.083s] -- Up-to-date: /home/prince/colcon_ws/install/turtlebot3_simulations/share/turtlebot3_simulations/cmake/turtlebot3_simulationsConfig.cmake
[0.083s] -- Up-to-date: /home/prince/colcon_ws/install/turtlebot3_simulations/share/turtlebot3_simulations/cmake/turtlebot3_simulationsConfig-version.cmake
[0.083s] -- Up-to-date: /home/prince/colcon_ws/install/turtlebot3_simulations/share/turtlebot3_simulations/package.xml
[0.085s] Invoked command in '/home/prince/colcon_ws/build/turtlebot3_simulations' returned '0': AMENT_PREFIX_PATH=/home/prince/colcon_ws/install/turtlebot3_gazebo:/home/prince/colcon_ws/install/turtlebot3_fake_node CMAKE_PREFIX_PATH=/home/prince/colcon_ws/install/turtlebot3_gazebo:/home/prince/colcon_ws/install/turtlebot3_fake_node:${CMAKE_PREFIX_PATH} /usr/bin/cmake --install /home/prince/colcon_ws/build/turtlebot3_simulations
