[0.682s] Invoking command in '/home/prince/colcon_ws/build/turtlebot3_cartographer2': CMAKE_PREFIX_PATH=${CMAKE_PREFIX_PATH}:/home/prince/colcon_ws/install/py_pubsub:/home/prince/colcon_ws/install/auto_nav:/opt/ros/foxy /usr/bin/cmake --build /home/prince/colcon_ws/build/turtlebot3_cartographer2 -- -j16 -l16
[0.747s] Invoked command in '/home/prince/colcon_ws/build/turtlebot3_cartographer2' returned '0': CMAKE_PREFIX_PATH=${CMAKE_PREFIX_PATH}:/home/prince/colcon_ws/install/py_pubsub:/home/prince/colcon_ws/install/auto_nav:/opt/ros/foxy /usr/bin/cmake --build /home/prince/colcon_ws/build/turtlebot3_cartographer2 -- -j16 -l16
[0.845s] Invoking command in '/home/prince/colcon_ws/build/turtlebot3_cartographer2': CMAKE_PREFIX_PATH=${CMAKE_PREFIX_PATH}:/home/prince/colcon_ws/install/py_pubsub:/home/prince/colcon_ws/install/auto_nav:/opt/ros/foxy /usr/bin/cmake --install /home/prince/colcon_ws/build/turtlebot3_cartographer2
[0.846s] -- Install configuration: ""
[0.846s] -- Up-to-date: /home/prince/colcon_ws/install/turtlebot3_cartographer2/share/turtlebot3_cartographer2/config
[0.846s] -- Up-to-date: /home/prince/colcon_ws/install/turtlebot3_cartographer2/share/turtlebot3_cartographer2/config/turtlebot3_lds_2d.lua
[0.846s] -- Up-to-date: /home/prince/colcon_ws/install/turtlebot3_cartographer2/share/turtlebot3_cartographer2/launch
[0.846s] -- Up-to-date: /home/prince/colcon_ws/install/turtlebot3_cartographer2/share/turtlebot3_cartographer2/launch/cartographer2.launch.py
[0.847s] -- Up-to-date: /home/prince/colcon_ws/install/turtlebot3_cartographer2/share/turtlebot3_cartographer2/launch/occupancy_grid.launch.py
[0.847s] -- Up-to-date: /home/prince/colcon_ws/install/turtlebot3_cartographer2/share/turtlebot3_cartographer2/rviz
[0.848s] -- Up-to-date: /home/prince/colcon_ws/install/turtlebot3_cartographer2/share/turtlebot3_cartographer2/rviz/tb3_cartographer.rviz
[0.848s] -- Up-to-date: /home/prince/colcon_ws/install/turtlebot3_cartographer2/share/ament_index/resource_index/package_run_dependencies/turtlebot3_cartographer2
[0.848s] -- Up-to-date: /home/prince/colcon_ws/install/turtlebot3_cartographer2/share/ament_index/resource_index/parent_prefix_path/turtlebot3_cartographer2
[0.850s] -- Up-to-date: /home/prince/colcon_ws/install/turtlebot3_cartographer2/share/turtlebot3_cartographer2/environment/ament_prefix_path.sh
[0.850s] -- Up-to-date: /home/prince/colcon_ws/install/turtlebot3_cartographer2/share/turtlebot3_cartographer2/environment/ament_prefix_path.dsv
[0.851s] -- Up-to-date: /home/prince/colcon_ws/install/turtlebot3_cartographer2/share/turtlebot3_cartographer2/environment/path.sh
[0.852s] -- Up-to-date: /home/prince/colcon_ws/install/turtlebot3_cartographer2/share/turtlebot3_cartographer2/environment/path.dsv
[0.852s] -- Up-to-date: /home/prince/colcon_ws/install/turtlebot3_cartographer2/share/turtlebot3_cartographer2/local_setup.bash
[0.853s] -- Up-to-date: /home/prince/colcon_ws/install/turtlebot3_cartographer2/share/turtlebot3_cartographer2/local_setup.sh
[0.853s] -- Up-to-date: /home/prince/colcon_ws/install/turtlebot3_cartographer2/share/turtlebot3_cartographer2/local_setup.zsh
[0.857s] -- Up-to-date: /home/prince/colcon_ws/install/turtlebot3_cartographer2/share/turtlebot3_cartographer2/local_setup.dsv
[0.857s] -- Installing: /home/prince/colcon_ws/install/turtlebot3_cartographer2/share/turtlebot3_cartographer2/package.dsv
[0.858s] -- Up-to-date: /home/prince/colcon_ws/install/turtlebot3_cartographer2/share/ament_index/resource_index/packages/turtlebot3_cartographer2
[0.858s] -- Up-to-date: /home/prince/colcon_ws/install/turtlebot3_cartographer2/share/turtlebot3_cartographer2/cmake/turtlebot3_cartographer2Config.cmake
[0.858s] -- Up-to-date: /home/prince/colcon_ws/install/turtlebot3_cartographer2/share/turtlebot3_cartographer2/cmake/turtlebot3_cartographer2Config-version.cmake
[0.858s] -- Up-to-date: /home/prince/colcon_ws/install/turtlebot3_cartographer2/share/turtlebot3_cartographer2/package.xml
[0.858s] Invoked command in '/home/prince/colcon_ws/build/turtlebot3_cartographer2' returned '0': CMAKE_PREFIX_PATH=${CMAKE_PREFIX_PATH}:/home/prince/colcon_ws/install/py_pubsub:/home/prince/colcon_ws/install/auto_nav:/opt/ros/foxy /usr/bin/cmake --install /home/prince/colcon_ws/build/turtlebot3_cartographer2
