[1.500s] Invoking command in '/home/prince/colcon_ws/src/auto_nav': PYTHONPATH=/home/prince/colcon_ws/install/auto_nav/lib/python3.8/site-packages:${PYTHONPATH} /usr/bin/python3 setup.py egg_info --egg-base ../../build/auto_nav build --build-base /home/prince/colcon_ws/build/auto_nav/build install --prefix /home/prince/colcon_ws/install/auto_nav --record /home/prince/colcon_ws/build/auto_nav/install.log --single-version-externally-managed
[1.819s] running egg_info
[1.821s] writing ../../build/auto_nav/auto_nav.egg-info/PKG-INFO
[1.822s] writing dependency_links to ../../build/auto_nav/auto_nav.egg-info/dependency_links.txt
[1.822s] writing entry points to ../../build/auto_nav/auto_nav.egg-info/entry_points.txt
[1.822s] writing requirements to ../../build/auto_nav/auto_nav.egg-info/requires.txt
[1.822s] writing top-level names to ../../build/auto_nav/auto_nav.egg-info/top_level.txt
[1.870s] reading manifest file '../../build/auto_nav/auto_nav.egg-info/SOURCES.txt'
[1.872s] writing manifest file '../../build/auto_nav/auto_nav.egg-info/SOURCES.txt'
[1.872s] running build
[1.872s] running build_py
[1.873s] running install
[1.875s] running install_lib
[1.878s] running install_data
[1.878s] running install_egg_info
[1.884s] removing '/home/prince/colcon_ws/install/auto_nav/lib/python3.8/site-packages/auto_nav-0.0.0-py3.8.egg-info' (and everything under it)
[1.884s] Copying ../../build/auto_nav/auto_nav.egg-info to /home/prince/colcon_ws/install/auto_nav/lib/python3.8/site-packages/auto_nav-0.0.0-py3.8.egg-info
[1.886s] running install_scripts
[1.919s] Installing map2base script to /home/prince/colcon_ws/install/auto_nav/lib/auto_nav
[1.919s] Installing r2auto_nav script to /home/prince/colcon_ws/install/auto_nav/lib/auto_nav
[1.920s] Installing r2auto_nav2 script to /home/prince/colcon_ws/install/auto_nav/lib/auto_nav
[1.920s] Installing r2auto_nav3_gazebo script to /home/prince/colcon_ws/install/auto_nav/lib/auto_nav
[1.921s] Installing r2auto_nav3_real script to /home/prince/colcon_ws/install/auto_nav/lib/auto_nav
[1.922s] Installing r2mover script to /home/prince/colcon_ws/install/auto_nav/lib/auto_nav
[1.922s] Installing r2moverotate script to /home/prince/colcon_ws/install/auto_nav/lib/auto_nav
[1.922s] Installing r2occupancy script to /home/prince/colcon_ws/install/auto_nav/lib/auto_nav
[1.922s] Installing r2occupancy2 script to /home/prince/colcon_ws/install/auto_nav/lib/auto_nav
[1.922s] Installing r2scanner script to /home/prince/colcon_ws/install/auto_nav/lib/auto_nav
[1.922s] Installing snake script to /home/prince/colcon_ws/install/auto_nav/lib/auto_nav
[1.922s] Installing targeter script to /home/prince/colcon_ws/install/auto_nav/lib/auto_nav
[1.923s] Installing thermal_interp script to /home/prince/colcon_ws/install/auto_nav/lib/auto_nav
[1.923s] Installing thermal_listener script to /home/prince/colcon_ws/install/auto_nav/lib/auto_nav
[1.923s] Installing wall_follow script to /home/prince/colcon_ws/install/auto_nav/lib/auto_nav
[1.924s] writing list of installed files to '/home/prince/colcon_ws/build/auto_nav/install.log'
[2.017s] Invoked command in '/home/prince/colcon_ws/src/auto_nav' returned '0': PYTHONPATH=/home/prince/colcon_ws/install/auto_nav/lib/python3.8/site-packages:${PYTHONPATH} /usr/bin/python3 setup.py egg_info --egg-base ../../build/auto_nav build --build-base /home/prince/colcon_ws/build/auto_nav/build install --prefix /home/prince/colcon_ws/install/auto_nav --record /home/prince/colcon_ws/build/auto_nav/install.log --single-version-externally-managed
