[0.875s] Invoking command in '/home/prince/colcon_ws/src/auto_nav': PYTHONPATH=/home/prince/colcon_ws/install/auto_nav/lib/python3.8/site-packages:${PYTHONPATH} /usr/bin/python3 setup.py egg_info --egg-base ../../build/auto_nav build --build-base /home/prince/colcon_ws/build/auto_nav/build install --prefix /home/prince/colcon_ws/install/auto_nav --record /home/prince/colcon_ws/build/auto_nav/install.log --single-version-externally-managed
[1.062s] running egg_info
[1.062s] writing ../../build/auto_nav/auto_nav.egg-info/PKG-INFO
[1.063s] writing dependency_links to ../../build/auto_nav/auto_nav.egg-info/dependency_links.txt
[1.063s] writing entry points to ../../build/auto_nav/auto_nav.egg-info/entry_points.txt
[1.064s] writing requirements to ../../build/auto_nav/auto_nav.egg-info/requires.txt
[1.064s] writing top-level names to ../../build/auto_nav/auto_nav.egg-info/top_level.txt
[1.097s] reading manifest file '../../build/auto_nav/auto_nav.egg-info/SOURCES.txt'
[1.097s] writing manifest file '../../build/auto_nav/auto_nav.egg-info/SOURCES.txt'
[1.098s] running build
[1.098s] running build_py
[1.098s] copying auto_nav/r2auto_nav2.py -> /home/prince/colcon_ws/build/auto_nav/build/lib/auto_nav
[1.099s] running install
[1.100s] running install_lib
[1.101s] copying /home/prince/colcon_ws/build/auto_nav/build/lib/auto_nav/r2auto_nav2.py -> /home/prince/colcon_ws/install/auto_nav/lib/python3.8/site-packages/auto_nav
[1.102s] byte-compiling /home/prince/colcon_ws/install/auto_nav/lib/python3.8/site-packages/auto_nav/r2auto_nav2.py to r2auto_nav2.cpython-38.pyc
[1.105s] running install_data
[1.106s] running install_egg_info
[1.107s] removing '/home/prince/colcon_ws/install/auto_nav/lib/python3.8/site-packages/auto_nav-0.0.0-py3.8.egg-info' (and everything under it)
[1.108s] Copying ../../build/auto_nav/auto_nav.egg-info to /home/prince/colcon_ws/install/auto_nav/lib/python3.8/site-packages/auto_nav-0.0.0-py3.8.egg-info
[1.108s] running install_scripts
[1.126s] Installing r2auto_nav script to /home/prince/colcon_ws/install/auto_nav/lib/auto_nav
[1.126s] Installing r2auto_nav2 script to /home/prince/colcon_ws/install/auto_nav/lib/auto_nav
[1.127s] Installing r2mover script to /home/prince/colcon_ws/install/auto_nav/lib/auto_nav
[1.127s] Installing r2moverotate script to /home/prince/colcon_ws/install/auto_nav/lib/auto_nav
[1.127s] Installing r2occupancy script to /home/prince/colcon_ws/install/auto_nav/lib/auto_nav
[1.127s] Installing r2occupancy2 script to /home/prince/colcon_ws/install/auto_nav/lib/auto_nav
[1.127s] Installing r2scanner script to /home/prince/colcon_ws/install/auto_nav/lib/auto_nav
[1.127s] writing list of installed files to '/home/prince/colcon_ws/build/auto_nav/install.log'
[1.158s] Invoked command in '/home/prince/colcon_ws/src/auto_nav' returned '0': PYTHONPATH=/home/prince/colcon_ws/install/auto_nav/lib/python3.8/site-packages:${PYTHONPATH} /usr/bin/python3 setup.py egg_info --egg-base ../../build/auto_nav build --build-base /home/prince/colcon_ws/build/auto_nav/build install --prefix /home/prince/colcon_ws/install/auto_nav --record /home/prince/colcon_ws/build/auto_nav/install.log --single-version-externally-managed
