[1.037s] Invoking command in '/home/prince/colcon_ws/src/auto_nav': PYTHONPATH=/home/prince/colcon_ws/install/auto_nav/lib/python3.8/site-packages:${PYTHONPATH} /usr/bin/python3 setup.py egg_info --egg-base ../../build/auto_nav build --build-base /home/prince/colcon_ws/build/auto_nav/build install --prefix /home/prince/colcon_ws/install/auto_nav --record /home/prince/colcon_ws/build/auto_nav/install.log --single-version-externally-managed
[1.223s] running egg_info
[1.224s] writing ../../build/auto_nav/auto_nav.egg-info/PKG-INFO
[1.224s] writing dependency_links to ../../build/auto_nav/auto_nav.egg-info/dependency_links.txt
[1.224s] writing entry points to ../../build/auto_nav/auto_nav.egg-info/entry_points.txt
[1.225s] writing requirements to ../../build/auto_nav/auto_nav.egg-info/requires.txt
[1.225s] writing top-level names to ../../build/auto_nav/auto_nav.egg-info/top_level.txt
[1.260s] reading manifest file '../../build/auto_nav/auto_nav.egg-info/SOURCES.txt'
[1.260s] writing manifest file '../../build/auto_nav/auto_nav.egg-info/SOURCES.txt'
[1.261s] running build
[1.261s] running build_py
[1.261s] copying auto_nav/r2_snake.py -> /home/prince/colcon_ws/build/auto_nav/build/lib/auto_nav
[1.261s] running install
[1.262s] running install_lib
[1.263s] copying /home/prince/colcon_ws/build/auto_nav/build/lib/auto_nav/r2_snake.py -> /home/prince/colcon_ws/install/auto_nav/lib/python3.8/site-packages/auto_nav
[1.264s] byte-compiling /home/prince/colcon_ws/install/auto_nav/lib/python3.8/site-packages/auto_nav/r2_snake.py to r2_snake.cpython-38.pyc
[1.266s]   File "/home/prince/colcon_ws/install/auto_nav/lib/python3.8/site-packages/auto_nav/r2_snake.py", line 185
[1.266s]     current_yaw = (self.yaw  / np.pi) * 180)
[1.266s]                                            ^
[1.266s] SyntaxError: unmatched ')'
[1.266s] 
[1.266s] running install_data
[1.267s] running install_egg_info
[1.268s] removing '/home/prince/colcon_ws/install/auto_nav/lib/python3.8/site-packages/auto_nav-0.0.0-py3.8.egg-info' (and everything under it)
[1.269s] Copying ../../build/auto_nav/auto_nav.egg-info to /home/prince/colcon_ws/install/auto_nav/lib/python3.8/site-packages/auto_nav-0.0.0-py3.8.egg-info
[1.270s] running install_scripts
[1.289s] Installing map2base script to /home/prince/colcon_ws/install/auto_nav/lib/auto_nav
[1.289s] Installing r2_snake script to /home/prince/colcon_ws/install/auto_nav/lib/auto_nav
[1.289s] Installing r2auto_nav script to /home/prince/colcon_ws/install/auto_nav/lib/auto_nav
[1.289s] Installing r2auto_nav2 script to /home/prince/colcon_ws/install/auto_nav/lib/auto_nav
[1.289s] Installing r2auto_nav3_gazebo script to /home/prince/colcon_ws/install/auto_nav/lib/auto_nav
[1.290s] Installing r2auto_nav3_real script to /home/prince/colcon_ws/install/auto_nav/lib/auto_nav
[1.290s] Installing r2mover script to /home/prince/colcon_ws/install/auto_nav/lib/auto_nav
[1.290s] Installing r2moverotate script to /home/prince/colcon_ws/install/auto_nav/lib/auto_nav
[1.290s] Installing r2occupancy script to /home/prince/colcon_ws/install/auto_nav/lib/auto_nav
[1.290s] Installing r2occupancy2 script to /home/prince/colcon_ws/install/auto_nav/lib/auto_nav
[1.290s] Installing r2scanner script to /home/prince/colcon_ws/install/auto_nav/lib/auto_nav
[1.290s] Installing snake script to /home/prince/colcon_ws/install/auto_nav/lib/auto_nav
[1.291s] writing list of installed files to '/home/prince/colcon_ws/build/auto_nav/install.log'
[1.323s] Invoked command in '/home/prince/colcon_ws/src/auto_nav' returned '0': PYTHONPATH=/home/prince/colcon_ws/install/auto_nav/lib/python3.8/site-packages:${PYTHONPATH} /usr/bin/python3 setup.py egg_info --egg-base ../../build/auto_nav build --build-base /home/prince/colcon_ws/build/auto_nav/build install --prefix /home/prince/colcon_ws/install/auto_nav --record /home/prince/colcon_ws/build/auto_nav/install.log --single-version-externally-managed
