[3.929s] Invoking command in '/home/ubuntu/turtlebot3_ws/build/py_servo': PYTHONPATH=/home/ubuntu/turtlebot3_ws/install/py_servo/lib/python3.8/site-packages:${PYTHONPATH} /usr/bin/python3 setup.py develop --prefix /home/ubuntu/turtlebot3_ws/install/py_servo --uninstall --editable --build-directory /home/ubuntu/turtlebot3_ws/build/py_servo/build
[6.316s] running develop
[7.631s] Invoked command in '/home/ubuntu/turtlebot3_ws/build/py_servo' returned '0': PYTHONPATH=/home/ubuntu/turtlebot3_ws/install/py_servo/lib/python3.8/site-packages:${PYTHONPATH} /usr/bin/python3 setup.py develop --prefix /home/ubuntu/turtlebot3_ws/install/py_servo --uninstall --editable --build-directory /home/ubuntu/turtlebot3_ws/build/py_servo/build
[7.637s] Invoking command in '/home/ubuntu/turtlebot3_ws/src/py_servo': PYTHONPATH=/home/ubuntu/turtlebot3_ws/install/py_servo/lib/python3.8/site-packages:${PYTHONPATH} /usr/bin/python3 setup.py egg_info --egg-base ../../build/py_servo build --build-base /home/ubuntu/turtlebot3_ws/build/py_servo/build install --prefix /home/ubuntu/turtlebot3_ws/install/py_servo --record /home/ubuntu/turtlebot3_ws/build/py_servo/install.log --single-version-externally-managed
[9.236s] running egg_info
[9.241s] writing ../../build/py_servo/py_servo.egg-info/PKG-INFO
[9.243s] writing dependency_links to ../../build/py_servo/py_servo.egg-info/dependency_links.txt
[9.245s] writing entry points to ../../build/py_servo/py_servo.egg-info/entry_points.txt
[9.246s] writing requirements to ../../build/py_servo/py_servo.egg-info/requires.txt
[9.247s] writing top-level names to ../../build/py_servo/py_servo.egg-info/top_level.txt
[9.520s] reading manifest file '../../build/py_servo/py_servo.egg-info/SOURCES.txt'
[9.586s] writing manifest file '../../build/py_servo/py_servo.egg-info/SOURCES.txt'
[9.587s] running build
[9.589s] running build_py
[9.590s] running install
[9.595s] running install_lib
[9.605s] running install_data
[9.609s] running install_egg_info
[9.620s] removing '/home/ubuntu/turtlebot3_ws/install/py_servo/lib/python3.8/site-packages/py_servo-0.0.0-py3.8.egg-info' (and everything under it)
[9.623s] Copying ../../build/py_servo/py_servo.egg-info to /home/ubuntu/turtlebot3_ws/install/py_servo/lib/python3.8/site-packages/py_servo-0.0.0-py3.8.egg-info
[9.683s] running install_scripts
[9.808s] Installing py_servo script to /home/ubuntu/turtlebot3_ws/install/py_servo/lib/py_servo
[9.811s] writing list of installed files to '/home/ubuntu/turtlebot3_ws/build/py_servo/install.log'
[10.008s] Invoked command in '/home/ubuntu/turtlebot3_ws/src/py_servo' returned '0': PYTHONPATH=/home/ubuntu/turtlebot3_ws/install/py_servo/lib/python3.8/site-packages:${PYTHONPATH} /usr/bin/python3 setup.py egg_info --egg-base ../../build/py_servo build --build-base /home/ubuntu/turtlebot3_ws/build/py_servo/build install --prefix /home/ubuntu/turtlebot3_ws/install/py_servo --record /home/ubuntu/turtlebot3_ws/build/py_servo/install.log --single-version-externally-managed
