[1.675s] Invoking command in '/home/prince/colcon_ws/src/auto_nav': PYTHONPATH=/home/prince/colcon_ws/install/auto_nav/lib/python3.8/site-packages:${PYTHONPATH} /usr/bin/python3 setup.py egg_info --egg-base ../../build/auto_nav build --build-base /home/prince/colcon_ws/build/auto_nav/build install --prefix /home/prince/colcon_ws/install/auto_nav --record /home/prince/colcon_ws/build/auto_nav/install.log --single-version-externally-managed
[2.030s] running egg_info
[2.031s] writing ../../build/auto_nav/auto_nav.egg-info/PKG-INFO
[2.031s] writing dependency_links to ../../build/auto_nav/auto_nav.egg-info/dependency_links.txt
[2.031s] writing entry points to ../../build/auto_nav/auto_nav.egg-info/entry_points.txt
[2.032s] writing requirements to ../../build/auto_nav/auto_nav.egg-info/requires.txt
[2.032s] writing top-level names to ../../build/auto_nav/auto_nav.egg-info/top_level.txt
[2.080s] reading manifest file '../../build/auto_nav/auto_nav.egg-info/SOURCES.txt'
[2.082s] writing manifest file '../../build/auto_nav/auto_nav.egg-info/SOURCES.txt'
[2.082s] running build
[2.083s] running build_py
[2.083s] copying auto_nav/r2auto_nav3_real.py -> /home/prince/colcon_ws/build/auto_nav/build/lib/auto_nav
[2.083s] running install
[2.085s] running install_lib
[2.087s] copying /home/prince/colcon_ws/build/auto_nav/build/lib/auto_nav/r2auto_nav3_real.py -> /home/prince/colcon_ws/install/auto_nav/lib/python3.8/site-packages/auto_nav
[2.088s] byte-compiling /home/prince/colcon_ws/install/auto_nav/lib/python3.8/site-packages/auto_nav/r2auto_nav3_real.py to r2auto_nav3_real.cpython-38.pyc
[2.095s] running install_data
[2.096s] running install_egg_info
[2.098s] removing '/home/prince/colcon_ws/install/auto_nav/lib/python3.8/site-packages/auto_nav-0.0.0-py3.8.egg-info' (and everything under it)
[2.098s] Copying ../../build/auto_nav/auto_nav.egg-info to /home/prince/colcon_ws/install/auto_nav/lib/python3.8/site-packages/auto_nav-0.0.0-py3.8.egg-info
[2.099s] running install_scripts
[2.129s] Installing map2base script to /home/prince/colcon_ws/install/auto_nav/lib/auto_nav
[2.130s] Installing r2auto_nav script to /home/prince/colcon_ws/install/auto_nav/lib/auto_nav
[2.130s] Installing r2auto_nav2 script to /home/prince/colcon_ws/install/auto_nav/lib/auto_nav
[2.131s] Installing r2auto_nav3_gazebo script to /home/prince/colcon_ws/install/auto_nav/lib/auto_nav
[2.131s] Installing r2auto_nav3_real script to /home/prince/colcon_ws/install/auto_nav/lib/auto_nav
[2.132s] Installing r2mover script to /home/prince/colcon_ws/install/auto_nav/lib/auto_nav
[2.132s] Installing r2moverotate script to /home/prince/colcon_ws/install/auto_nav/lib/auto_nav
[2.132s] Installing r2occupancy script to /home/prince/colcon_ws/install/auto_nav/lib/auto_nav
[2.132s] Installing r2occupancy2 script to /home/prince/colcon_ws/install/auto_nav/lib/auto_nav
[2.132s] Installing r2scanner script to /home/prince/colcon_ws/install/auto_nav/lib/auto_nav
[2.133s] writing list of installed files to '/home/prince/colcon_ws/build/auto_nav/install.log'
[2.211s] Invoked command in '/home/prince/colcon_ws/src/auto_nav' returned '0': PYTHONPATH=/home/prince/colcon_ws/install/auto_nav/lib/python3.8/site-packages:${PYTHONPATH} /usr/bin/python3 setup.py egg_info --egg-base ../../build/auto_nav build --build-base /home/prince/colcon_ws/build/auto_nav/build install --prefix /home/prince/colcon_ws/install/auto_nav --record /home/prince/colcon_ws/build/auto_nav/install.log --single-version-externally-managed
