[0.112s] DEBUG:colcon:Command line arguments: ['/usr/bin/colcon', 'build']
[0.112s] DEBUG:colcon:Parsed command line arguments: Namespace(allow_overriding=[], ament_cmake_args=None, base_paths=['.'], build_base='build', catkin_cmake_args=None, catkin_skip_building_tests=False, cmake_args=None, cmake_clean_cache=False, cmake_clean_first=False, cmake_force_configure=False, cmake_target=None, cmake_target_skip_unavailable=False, continue_on_error=False, event_handlers=None, executor='parallel', ignore_user_meta=False, install_base='install', log_base=None, log_level=None, main=<bound method BuildVerb.main of <colcon_core.verb.build.BuildVerb object at 0x7fb4b4c25460>>, merge_install=False, metas=['./colcon.meta'], packages_above=None, packages_above_and_dependencies=None, packages_above_depth=None, packages_end=None, packages_ignore=None, packages_ignore_regex=None, packages_select=None, packages_select_build_failed=False, packages_select_by_dep=None, packages_select_regex=None, packages_select_test_failures=False, packages_skip=None, packages_skip_build_finished=False, packages_skip_by_dep=None, packages_skip_regex=None, packages_skip_test_passed=False, packages_skip_up_to=None, packages_start=None, packages_up_to=None, packages_up_to_regex=None, parallel_workers=16, paths=None, symlink_install=False, test_result_base=None, verb_extension=<colcon_core.verb.build.BuildVerb object at 0x7fb4b4c25460>, verb_name='build', verb_parser=<colcon_defaults.argument_parser.defaults.DefaultArgumentsDecorator object at 0x7fb4b4c259a0>)
[0.117s] Level 1:colcon.colcon_core.package_discovery:discover_packages(colcon_meta) check parameters
[0.117s] Level 1:colcon.colcon_core.package_discovery:discover_packages(recursive) check parameters
[0.118s] Level 1:colcon.colcon_core.package_discovery:discover_packages(ignore) check parameters
[0.118s] Level 1:colcon.colcon_core.package_discovery:discover_packages(path) check parameters
[0.118s] Level 1:colcon.colcon_core.package_discovery:discover_packages(colcon_meta) discover
[0.118s] Level 1:colcon.colcon_core.package_discovery:discover_packages(recursive) discover
[0.118s] INFO:colcon.colcon_core.package_discovery:Crawling recursively for packages in '/home/prince/colcon_ws'
[0.118s] Level 1:colcon.colcon_core.package_identification:_identify(.) by extensions ['ignore', 'ignore_ament_install']
[0.118s] Level 1:colcon.colcon_core.package_identification:_identify(.) by extension 'ignore'
[0.118s] Level 1:colcon.colcon_core.package_identification:_identify(.) by extension 'ignore_ament_install'
[0.118s] Level 1:colcon.colcon_core.package_identification:_identify(.) by extensions ['colcon_pkg']
[0.118s] Level 1:colcon.colcon_core.package_identification:_identify(.) by extension 'colcon_pkg'
[0.118s] Level 1:colcon.colcon_core.package_identification:_identify(.) by extensions ['colcon_meta']
[0.118s] Level 1:colcon.colcon_core.package_identification:_identify(.) by extension 'colcon_meta'
[0.118s] Level 1:colcon.colcon_core.package_identification:_identify(.) by extensions ['ros']
[0.118s] Level 1:colcon.colcon_core.package_identification:_identify(.) by extension 'ros'
[0.128s] Level 1:colcon.colcon_core.package_identification:_identify(.) by extensions ['cmake', 'python']
[0.128s] Level 1:colcon.colcon_core.package_identification:_identify(.) by extension 'cmake'
[0.128s] Level 1:colcon.colcon_core.package_identification:_identify(.) by extension 'python'
[0.128s] Level 1:colcon.colcon_core.package_identification:_identify(.) by extensions ['python_setup_py']
[0.128s] Level 1:colcon.colcon_core.package_identification:_identify(.) by extension 'python_setup_py'
[0.128s] Level 1:colcon.colcon_core.package_identification:_identify(build) by extensions ['ignore', 'ignore_ament_install']
[0.128s] Level 1:colcon.colcon_core.package_identification:_identify(build) by extension 'ignore'
[0.128s] Level 1:colcon.colcon_core.package_identification:_identify(build) ignored
[0.128s] Level 1:colcon.colcon_core.package_identification:_identify(install) by extensions ['ignore', 'ignore_ament_install']
[0.128s] Level 1:colcon.colcon_core.package_identification:_identify(install) by extension 'ignore'
[0.128s] Level 1:colcon.colcon_core.package_identification:_identify(install) ignored
[0.128s] Level 1:colcon.colcon_core.package_identification:_identify(log) by extensions ['ignore', 'ignore_ament_install']
[0.128s] Level 1:colcon.colcon_core.package_identification:_identify(log) by extension 'ignore'
[0.129s] Level 1:colcon.colcon_core.package_identification:_identify(log) ignored
[0.129s] Level 1:colcon.colcon_core.package_identification:_identify(src) by extensions ['ignore', 'ignore_ament_install']
[0.129s] Level 1:colcon.colcon_core.package_identification:_identify(src) by extension 'ignore'
[0.129s] Level 1:colcon.colcon_core.package_identification:_identify(src) by extension 'ignore_ament_install'
[0.129s] Level 1:colcon.colcon_core.package_identification:_identify(src) by extensions ['colcon_pkg']
[0.129s] Level 1:colcon.colcon_core.package_identification:_identify(src) by extension 'colcon_pkg'
[0.129s] Level 1:colcon.colcon_core.package_identification:_identify(src) by extensions ['colcon_meta']
[0.129s] Level 1:colcon.colcon_core.package_identification:_identify(src) by extension 'colcon_meta'
[0.129s] Level 1:colcon.colcon_core.package_identification:_identify(src) by extensions ['ros']
[0.129s] Level 1:colcon.colcon_core.package_identification:_identify(src) by extension 'ros'
[0.129s] Level 1:colcon.colcon_core.package_identification:_identify(src) by extensions ['cmake', 'python']
[0.129s] Level 1:colcon.colcon_core.package_identification:_identify(src) by extension 'cmake'
[0.129s] Level 1:colcon.colcon_core.package_identification:_identify(src) by extension 'python'
[0.129s] Level 1:colcon.colcon_core.package_identification:_identify(src) by extensions ['python_setup_py']
[0.129s] Level 1:colcon.colcon_core.package_identification:_identify(src) by extension 'python_setup_py'
[0.129s] Level 1:colcon.colcon_core.package_identification:_identify(src/auto_nav) by extensions ['ignore', 'ignore_ament_install']
[0.129s] Level 1:colcon.colcon_core.package_identification:_identify(src/auto_nav) by extension 'ignore'
[0.129s] Level 1:colcon.colcon_core.package_identification:_identify(src/auto_nav) by extension 'ignore_ament_install'
[0.129s] Level 1:colcon.colcon_core.package_identification:_identify(src/auto_nav) by extensions ['colcon_pkg']
[0.129s] Level 1:colcon.colcon_core.package_identification:_identify(src/auto_nav) by extension 'colcon_pkg'
[0.129s] Level 1:colcon.colcon_core.package_identification:_identify(src/auto_nav) by extensions ['colcon_meta']
[0.129s] Level 1:colcon.colcon_core.package_identification:_identify(src/auto_nav) by extension 'colcon_meta'
[0.129s] Level 1:colcon.colcon_core.package_identification:_identify(src/auto_nav) by extensions ['ros']
[0.129s] Level 1:colcon.colcon_core.package_identification:_identify(src/auto_nav) by extension 'ros'
[0.131s] DEBUG:colcon.colcon_core.package_identification:Package 'src/auto_nav' with type 'ros.ament_python' and name 'auto_nav'
[0.131s] Level 1:colcon.colcon_core.package_identification:_identify(src/py_pubsub) by extensions ['ignore', 'ignore_ament_install']
[0.131s] Level 1:colcon.colcon_core.package_identification:_identify(src/py_pubsub) by extension 'ignore'
[0.131s] Level 1:colcon.colcon_core.package_identification:_identify(src/py_pubsub) by extension 'ignore_ament_install'
[0.131s] Level 1:colcon.colcon_core.package_identification:_identify(src/py_pubsub) by extensions ['colcon_pkg']
[0.131s] Level 1:colcon.colcon_core.package_identification:_identify(src/py_pubsub) by extension 'colcon_pkg'
[0.131s] Level 1:colcon.colcon_core.package_identification:_identify(src/py_pubsub) by extensions ['colcon_meta']
[0.131s] Level 1:colcon.colcon_core.package_identification:_identify(src/py_pubsub) by extension 'colcon_meta'
[0.131s] Level 1:colcon.colcon_core.package_identification:_identify(src/py_pubsub) by extensions ['ros']
[0.131s] Level 1:colcon.colcon_core.package_identification:_identify(src/py_pubsub) by extension 'ros'
[0.132s] DEBUG:colcon.colcon_core.package_identification:Package 'src/py_pubsub' with type 'ros.ament_python' and name 'py_pubsub'
[0.132s] Level 1:colcon.colcon_core.package_identification:_identify(src/turtlebot3_simulations) by extensions ['ignore', 'ignore_ament_install']
[0.132s] Level 1:colcon.colcon_core.package_identification:_identify(src/turtlebot3_simulations) by extension 'ignore'
[0.132s] Level 1:colcon.colcon_core.package_identification:_identify(src/turtlebot3_simulations) by extension 'ignore_ament_install'
[0.132s] Level 1:colcon.colcon_core.package_identification:_identify(src/turtlebot3_simulations) by extensions ['colcon_pkg']
[0.132s] Level 1:colcon.colcon_core.package_identification:_identify(src/turtlebot3_simulations) by extension 'colcon_pkg'
[0.132s] Level 1:colcon.colcon_core.package_identification:_identify(src/turtlebot3_simulations) by extensions ['colcon_meta']
[0.132s] Level 1:colcon.colcon_core.package_identification:_identify(src/turtlebot3_simulations) by extension 'colcon_meta'
[0.132s] Level 1:colcon.colcon_core.package_identification:_identify(src/turtlebot3_simulations) by extensions ['ros']
[0.132s] Level 1:colcon.colcon_core.package_identification:_identify(src/turtlebot3_simulations) by extension 'ros'
[0.132s] Level 1:colcon.colcon_core.package_identification:_identify(src/turtlebot3_simulations) by extensions ['cmake', 'python']
[0.132s] Level 1:colcon.colcon_core.package_identification:_identify(src/turtlebot3_simulations) by extension 'cmake'
[0.132s] Level 1:colcon.colcon_core.package_identification:_identify(src/turtlebot3_simulations) by extension 'python'
[0.132s] Level 1:colcon.colcon_core.package_identification:_identify(src/turtlebot3_simulations) by extensions ['python_setup_py']
[0.132s] Level 1:colcon.colcon_core.package_identification:_identify(src/turtlebot3_simulations) by extension 'python_setup_py'
[0.132s] Level 1:colcon.colcon_core.package_identification:_identify(src/turtlebot3_simulations/turtlebot3_fake_node) by extensions ['ignore', 'ignore_ament_install']
[0.132s] Level 1:colcon.colcon_core.package_identification:_identify(src/turtlebot3_simulations/turtlebot3_fake_node) by extension 'ignore'
[0.132s] Level 1:colcon.colcon_core.package_identification:_identify(src/turtlebot3_simulations/turtlebot3_fake_node) by extension 'ignore_ament_install'
[0.133s] Level 1:colcon.colcon_core.package_identification:_identify(src/turtlebot3_simulations/turtlebot3_fake_node) by extensions ['colcon_pkg']
[0.133s] Level 1:colcon.colcon_core.package_identification:_identify(src/turtlebot3_simulations/turtlebot3_fake_node) by extension 'colcon_pkg'
[0.133s] Level 1:colcon.colcon_core.package_identification:_identify(src/turtlebot3_simulations/turtlebot3_fake_node) by extensions ['colcon_meta']
[0.133s] Level 1:colcon.colcon_core.package_identification:_identify(src/turtlebot3_simulations/turtlebot3_fake_node) by extension 'colcon_meta'
[0.133s] Level 1:colcon.colcon_core.package_identification:_identify(src/turtlebot3_simulations/turtlebot3_fake_node) by extensions ['ros']
[0.133s] Level 1:colcon.colcon_core.package_identification:_identify(src/turtlebot3_simulations/turtlebot3_fake_node) by extension 'ros'
[0.134s] DEBUG:colcon.colcon_core.package_identification:Package 'src/turtlebot3_simulations/turtlebot3_fake_node' with type 'ros.ament_cmake' and name 'turtlebot3_fake_node'
[0.134s] Level 1:colcon.colcon_core.package_identification:_identify(src/turtlebot3_simulations/turtlebot3_gazebo) by extensions ['ignore', 'ignore_ament_install']
[0.134s] Level 1:colcon.colcon_core.package_identification:_identify(src/turtlebot3_simulations/turtlebot3_gazebo) by extension 'ignore'
[0.134s] Level 1:colcon.colcon_core.package_identification:_identify(src/turtlebot3_simulations/turtlebot3_gazebo) by extension 'ignore_ament_install'
[0.134s] Level 1:colcon.colcon_core.package_identification:_identify(src/turtlebot3_simulations/turtlebot3_gazebo) by extensions ['colcon_pkg']
[0.134s] Level 1:colcon.colcon_core.package_identification:_identify(src/turtlebot3_simulations/turtlebot3_gazebo) by extension 'colcon_pkg'
[0.134s] Level 1:colcon.colcon_core.package_identification:_identify(src/turtlebot3_simulations/turtlebot3_gazebo) by extensions ['colcon_meta']
[0.134s] Level 1:colcon.colcon_core.package_identification:_identify(src/turtlebot3_simulations/turtlebot3_gazebo) by extension 'colcon_meta'
[0.134s] Level 1:colcon.colcon_core.package_identification:_identify(src/turtlebot3_simulations/turtlebot3_gazebo) by extensions ['ros']
[0.134s] Level 1:colcon.colcon_core.package_identification:_identify(src/turtlebot3_simulations/turtlebot3_gazebo) by extension 'ros'
[0.135s] DEBUG:colcon.colcon_core.package_identification:Package 'src/turtlebot3_simulations/turtlebot3_gazebo' with type 'ros.ament_cmake' and name 'turtlebot3_gazebo'
[0.135s] Level 1:colcon.colcon_core.package_identification:_identify(src/turtlebot3_simulations/turtlebot3_simulations) by extensions ['ignore', 'ignore_ament_install']
[0.135s] Level 1:colcon.colcon_core.package_identification:_identify(src/turtlebot3_simulations/turtlebot3_simulations) by extension 'ignore'
[0.135s] Level 1:colcon.colcon_core.package_identification:_identify(src/turtlebot3_simulations/turtlebot3_simulations) by extension 'ignore_ament_install'
[0.135s] Level 1:colcon.colcon_core.package_identification:_identify(src/turtlebot3_simulations/turtlebot3_simulations) by extensions ['colcon_pkg']
[0.135s] Level 1:colcon.colcon_core.package_identification:_identify(src/turtlebot3_simulations/turtlebot3_simulations) by extension 'colcon_pkg'
[0.135s] Level 1:colcon.colcon_core.package_identification:_identify(src/turtlebot3_simulations/turtlebot3_simulations) by extensions ['colcon_meta']
[0.135s] Level 1:colcon.colcon_core.package_identification:_identify(src/turtlebot3_simulations/turtlebot3_simulations) by extension 'colcon_meta'
[0.135s] Level 1:colcon.colcon_core.package_identification:_identify(src/turtlebot3_simulations/turtlebot3_simulations) by extensions ['ros']
[0.135s] Level 1:colcon.colcon_core.package_identification:_identify(src/turtlebot3_simulations/turtlebot3_simulations) by extension 'ros'
[0.136s] DEBUG:colcon.colcon_core.package_identification:Package 'src/turtlebot3_simulations/turtlebot3_simulations' with type 'ros.ament_cmake' and name 'turtlebot3_simulations'
[0.136s] Level 1:colcon.colcon_core.package_discovery:discover_packages(recursive) using defaults
[0.136s] Level 1:colcon.colcon_core.package_discovery:discover_packages(ignore) discover
[0.136s] Level 1:colcon.colcon_core.package_discovery:discover_packages(ignore) using defaults
[0.136s] Level 1:colcon.colcon_core.package_discovery:discover_packages(path) discover
[0.136s] Level 1:colcon.colcon_core.package_discovery:discover_packages(path) using defaults
[0.150s] Level 5:colcon.colcon_core.verb:set package 'auto_nav' build argument 'cmake_args' from command line to 'None'
[0.150s] Level 5:colcon.colcon_core.verb:set package 'auto_nav' build argument 'cmake_target' from command line to 'None'
[0.150s] Level 5:colcon.colcon_core.verb:set package 'auto_nav' build argument 'cmake_target_skip_unavailable' from command line to 'False'
[0.150s] Level 5:colcon.colcon_core.verb:set package 'auto_nav' build argument 'cmake_clean_cache' from command line to 'False'
[0.150s] Level 5:colcon.colcon_core.verb:set package 'auto_nav' build argument 'cmake_clean_first' from command line to 'False'
[0.151s] Level 5:colcon.colcon_core.verb:set package 'auto_nav' build argument 'cmake_force_configure' from command line to 'False'
[0.151s] Level 5:colcon.colcon_core.verb:set package 'auto_nav' build argument 'ament_cmake_args' from command line to 'None'
[0.151s] Level 5:colcon.colcon_core.verb:set package 'auto_nav' build argument 'catkin_cmake_args' from command line to 'None'
[0.151s] Level 5:colcon.colcon_core.verb:set package 'auto_nav' build argument 'catkin_skip_building_tests' from command line to 'False'
[0.151s] DEBUG:colcon.colcon_core.verb:Building package 'auto_nav' with the following arguments: {'ament_cmake_args': None, 'build_base': '/home/prince/colcon_ws/build/auto_nav', 'catkin_cmake_args': None, 'catkin_skip_building_tests': False, 'cmake_args': None, 'cmake_clean_cache': False, 'cmake_clean_first': False, 'cmake_force_configure': False, 'cmake_target': None, 'cmake_target_skip_unavailable': False, 'install_base': '/home/prince/colcon_ws/install/auto_nav', 'merge_install': False, 'path': '/home/prince/colcon_ws/src/auto_nav', 'symlink_install': False, 'test_result_base': None}
[0.151s] Level 5:colcon.colcon_core.verb:set package 'py_pubsub' build argument 'cmake_args' from command line to 'None'
[0.151s] Level 5:colcon.colcon_core.verb:set package 'py_pubsub' build argument 'cmake_target' from command line to 'None'
[0.151s] Level 5:colcon.colcon_core.verb:set package 'py_pubsub' build argument 'cmake_target_skip_unavailable' from command line to 'False'
[0.151s] Level 5:colcon.colcon_core.verb:set package 'py_pubsub' build argument 'cmake_clean_cache' from command line to 'False'
[0.151s] Level 5:colcon.colcon_core.verb:set package 'py_pubsub' build argument 'cmake_clean_first' from command line to 'False'
[0.151s] Level 5:colcon.colcon_core.verb:set package 'py_pubsub' build argument 'cmake_force_configure' from command line to 'False'
[0.151s] Level 5:colcon.colcon_core.verb:set package 'py_pubsub' build argument 'ament_cmake_args' from command line to 'None'
[0.151s] Level 5:colcon.colcon_core.verb:set package 'py_pubsub' build argument 'catkin_cmake_args' from command line to 'None'
[0.151s] Level 5:colcon.colcon_core.verb:set package 'py_pubsub' build argument 'catkin_skip_building_tests' from command line to 'False'
[0.152s] DEBUG:colcon.colcon_core.verb:Building package 'py_pubsub' with the following arguments: {'ament_cmake_args': None, 'build_base': '/home/prince/colcon_ws/build/py_pubsub', 'catkin_cmake_args': None, 'catkin_skip_building_tests': False, 'cmake_args': None, 'cmake_clean_cache': False, 'cmake_clean_first': False, 'cmake_force_configure': False, 'cmake_target': None, 'cmake_target_skip_unavailable': False, 'install_base': '/home/prince/colcon_ws/install/py_pubsub', 'merge_install': False, 'path': '/home/prince/colcon_ws/src/py_pubsub', 'symlink_install': False, 'test_result_base': None}
[0.152s] Level 5:colcon.colcon_core.verb:set package 'turtlebot3_fake_node' build argument 'cmake_args' from command line to 'None'
[0.152s] Level 5:colcon.colcon_core.verb:set package 'turtlebot3_fake_node' build argument 'cmake_target' from command line to 'None'
[0.152s] Level 5:colcon.colcon_core.verb:set package 'turtlebot3_fake_node' build argument 'cmake_target_skip_unavailable' from command line to 'False'
[0.152s] Level 5:colcon.colcon_core.verb:set package 'turtlebot3_fake_node' build argument 'cmake_clean_cache' from command line to 'False'
[0.152s] Level 5:colcon.colcon_core.verb:set package 'turtlebot3_fake_node' build argument 'cmake_clean_first' from command line to 'False'
[0.152s] Level 5:colcon.colcon_core.verb:set package 'turtlebot3_fake_node' build argument 'cmake_force_configure' from command line to 'False'
[0.152s] Level 5:colcon.colcon_core.verb:set package 'turtlebot3_fake_node' build argument 'ament_cmake_args' from command line to 'None'
[0.152s] Level 5:colcon.colcon_core.verb:set package 'turtlebot3_fake_node' build argument 'catkin_cmake_args' from command line to 'None'
[0.152s] Level 5:colcon.colcon_core.verb:set package 'turtlebot3_fake_node' build argument 'catkin_skip_building_tests' from command line to 'False'
[0.152s] DEBUG:colcon.colcon_core.verb:Building package 'turtlebot3_fake_node' with the following arguments: {'ament_cmake_args': None, 'build_base': '/home/prince/colcon_ws/build/turtlebot3_fake_node', 'catkin_cmake_args': None, 'catkin_skip_building_tests': False, 'cmake_args': None, 'cmake_clean_cache': False, 'cmake_clean_first': False, 'cmake_force_configure': False, 'cmake_target': None, 'cmake_target_skip_unavailable': False, 'install_base': '/home/prince/colcon_ws/install/turtlebot3_fake_node', 'merge_install': False, 'path': '/home/prince/colcon_ws/src/turtlebot3_simulations/turtlebot3_fake_node', 'symlink_install': False, 'test_result_base': None}
[0.153s] Level 5:colcon.colcon_core.verb:set package 'turtlebot3_gazebo' build argument 'cmake_args' from command line to 'None'
[0.153s] Level 5:colcon.colcon_core.verb:set package 'turtlebot3_gazebo' build argument 'cmake_target' from command line to 'None'
[0.153s] Level 5:colcon.colcon_core.verb:set package 'turtlebot3_gazebo' build argument 'cmake_target_skip_unavailable' from command line to 'False'
[0.153s] Level 5:colcon.colcon_core.verb:set package 'turtlebot3_gazebo' build argument 'cmake_clean_cache' from command line to 'False'
[0.153s] Level 5:colcon.colcon_core.verb:set package 'turtlebot3_gazebo' build argument 'cmake_clean_first' from command line to 'False'
[0.153s] Level 5:colcon.colcon_core.verb:set package 'turtlebot3_gazebo' build argument 'cmake_force_configure' from command line to 'False'
[0.153s] Level 5:colcon.colcon_core.verb:set package 'turtlebot3_gazebo' build argument 'ament_cmake_args' from command line to 'None'
[0.153s] Level 5:colcon.colcon_core.verb:set package 'turtlebot3_gazebo' build argument 'catkin_cmake_args' from command line to 'None'
[0.153s] Level 5:colcon.colcon_core.verb:set package 'turtlebot3_gazebo' build argument 'catkin_skip_building_tests' from command line to 'False'
[0.153s] DEBUG:colcon.colcon_core.verb:Building package 'turtlebot3_gazebo' with the following arguments: {'ament_cmake_args': None, 'build_base': '/home/prince/colcon_ws/build/turtlebot3_gazebo', 'catkin_cmake_args': None, 'catkin_skip_building_tests': False, 'cmake_args': None, 'cmake_clean_cache': False, 'cmake_clean_first': False, 'cmake_force_configure': False, 'cmake_target': None, 'cmake_target_skip_unavailable': False, 'install_base': '/home/prince/colcon_ws/install/turtlebot3_gazebo', 'merge_install': False, 'path': '/home/prince/colcon_ws/src/turtlebot3_simulations/turtlebot3_gazebo', 'symlink_install': False, 'test_result_base': None}
[0.153s] Level 5:colcon.colcon_core.verb:set package 'turtlebot3_simulations' build argument 'cmake_args' from command line to 'None'
[0.153s] Level 5:colcon.colcon_core.verb:set package 'turtlebot3_simulations' build argument 'cmake_target' from command line to 'None'
[0.153s] Level 5:colcon.colcon_core.verb:set package 'turtlebot3_simulations' build argument 'cmake_target_skip_unavailable' from command line to 'False'
[0.153s] Level 5:colcon.colcon_core.verb:set package 'turtlebot3_simulations' build argument 'cmake_clean_cache' from command line to 'False'
[0.153s] Level 5:colcon.colcon_core.verb:set package 'turtlebot3_simulations' build argument 'cmake_clean_first' from command line to 'False'
[0.153s] Level 5:colcon.colcon_core.verb:set package 'turtlebot3_simulations' build argument 'cmake_force_configure' from command line to 'False'
[0.153s] Level 5:colcon.colcon_core.verb:set package 'turtlebot3_simulations' build argument 'ament_cmake_args' from command line to 'None'
[0.153s] Level 5:colcon.colcon_core.verb:set package 'turtlebot3_simulations' build argument 'catkin_cmake_args' from command line to 'None'
[0.153s] Level 5:colcon.colcon_core.verb:set package 'turtlebot3_simulations' build argument 'catkin_skip_building_tests' from command line to 'False'
[0.153s] DEBUG:colcon.colcon_core.verb:Building package 'turtlebot3_simulations' with the following arguments: {'ament_cmake_args': None, 'build_base': '/home/prince/colcon_ws/build/turtlebot3_simulations', 'catkin_cmake_args': None, 'catkin_skip_building_tests': False, 'cmake_args': None, 'cmake_clean_cache': False, 'cmake_clean_first': False, 'cmake_force_configure': False, 'cmake_target': None, 'cmake_target_skip_unavailable': False, 'install_base': '/home/prince/colcon_ws/install/turtlebot3_simulations', 'merge_install': False, 'path': '/home/prince/colcon_ws/src/turtlebot3_simulations/turtlebot3_simulations', 'symlink_install': False, 'test_result_base': None}
[0.154s] WARNING:colcon.colcon_ros.prefix_path.ament:The path '/home/prince/colcon_ws/install/turtlebot3_simulations' in the environment variable AMENT_PREFIX_PATH doesn't exist
[0.154s] WARNING:colcon.colcon_ros.prefix_path.ament:The path '/home/prince/colcon_ws/install/turtlebot3_gazebo' in the environment variable AMENT_PREFIX_PATH doesn't exist
[0.154s] WARNING:colcon.colcon_ros.prefix_path.ament:The path '/home/prince/colcon_ws/install/turtlebot3_fake_node' in the environment variable AMENT_PREFIX_PATH doesn't exist
[0.154s] WARNING:colcon.colcon_ros.prefix_path.ament:The path '/home/prince/colcon_ws/install/py_pubsub' in the environment variable AMENT_PREFIX_PATH doesn't exist
[0.154s] WARNING:colcon.colcon_ros.prefix_path.ament:The path '/home/prince/colcon_ws/install/auto_nav' in the environment variable AMENT_PREFIX_PATH doesn't exist
[0.154s] WARNING:colcon.colcon_ros.prefix_path.catkin:The path '/home/prince/colcon_ws/install/turtlebot3_simulations' in the environment variable CMAKE_PREFIX_PATH doesn't exist
[0.155s] WARNING:colcon.colcon_ros.prefix_path.catkin:The path '/home/prince/colcon_ws/install/turtlebot3_gazebo' in the environment variable CMAKE_PREFIX_PATH doesn't exist
[0.155s] WARNING:colcon.colcon_ros.prefix_path.catkin:The path '/home/prince/colcon_ws/install/turtlebot3_fake_node' in the environment variable CMAKE_PREFIX_PATH doesn't exist
[0.157s] INFO:colcon.colcon_core.executor:Executing jobs using 'parallel' executor
[0.159s] DEBUG:colcon.colcon_parallel_executor.executor.parallel:run_until_complete
[0.159s] INFO:colcon.colcon_ros.task.ament_cmake.build:Building ROS package in '/home/prince/colcon_ws/src/turtlebot3_simulations/turtlebot3_fake_node' with build type 'ament_cmake'
[0.159s] INFO:colcon.colcon_cmake.task.cmake.build:Building CMake package in '/home/prince/colcon_ws/src/turtlebot3_simulations/turtlebot3_fake_node'
[0.163s] INFO:colcon.colcon_core.plugin_system:Skipping extension 'colcon_core.shell.bat': Not used on non-Windows systems
[0.163s] INFO:colcon.colcon_core.shell:Skip shell extension 'powershell' for command environment: Not usable outside of PowerShell
[0.163s] DEBUG:colcon.colcon_core.shell:Skip shell extension 'dsv' for command environment
[0.168s] INFO:colcon.colcon_ros.task.ament_cmake.build:Building ROS package in '/home/prince/colcon_ws/src/turtlebot3_simulations/turtlebot3_gazebo' with build type 'ament_cmake'
[0.169s] INFO:colcon.colcon_cmake.task.cmake.build:Building CMake package in '/home/prince/colcon_ws/src/turtlebot3_simulations/turtlebot3_gazebo'
[0.169s] INFO:colcon.colcon_core.shell:Skip shell extension 'powershell' for command environment: Not usable outside of PowerShell
[0.170s] DEBUG:colcon.colcon_core.shell:Skip shell extension 'dsv' for command environment
[0.174s] INFO:colcon.colcon_ros.task.ament_python.build:Building ROS package in '/home/prince/colcon_ws/src/auto_nav' with build type 'ament_python'
[0.175s] Level 1:colcon.colcon_core.shell:create_environment_hook('auto_nav', 'ament_prefix_path')
[0.176s] INFO:colcon.colcon_core.shell:Creating environment hook '/home/prince/colcon_ws/install/auto_nav/share/auto_nav/hook/ament_prefix_path.ps1'
[0.177s] INFO:colcon.colcon_core.shell:Creating environment descriptor '/home/prince/colcon_ws/install/auto_nav/share/auto_nav/hook/ament_prefix_path.dsv'
[0.177s] INFO:colcon.colcon_core.shell:Creating environment hook '/home/prince/colcon_ws/install/auto_nav/share/auto_nav/hook/ament_prefix_path.sh'
[0.178s] INFO:colcon.colcon_core.shell:Skip shell extension 'powershell' for command environment: Not usable outside of PowerShell
[0.178s] DEBUG:colcon.colcon_core.shell:Skip shell extension 'dsv' for command environment
[0.182s] INFO:colcon.colcon_ros.task.ament_python.build:Building ROS package in '/home/prince/colcon_ws/src/py_pubsub' with build type 'ament_python'
[0.183s] Level 1:colcon.colcon_core.shell:create_environment_hook('py_pubsub', 'ament_prefix_path')
[0.183s] INFO:colcon.colcon_core.shell:Creating environment hook '/home/prince/colcon_ws/install/py_pubsub/share/py_pubsub/hook/ament_prefix_path.ps1'
[0.184s] INFO:colcon.colcon_core.shell:Creating environment descriptor '/home/prince/colcon_ws/install/py_pubsub/share/py_pubsub/hook/ament_prefix_path.dsv'
[0.185s] INFO:colcon.colcon_core.shell:Creating environment hook '/home/prince/colcon_ws/install/py_pubsub/share/py_pubsub/hook/ament_prefix_path.sh'
[0.186s] INFO:colcon.colcon_core.shell:Skip shell extension 'powershell' for command environment: Not usable outside of PowerShell
[0.186s] DEBUG:colcon.colcon_core.shell:Skip shell extension 'dsv' for command environment
[0.195s] DEBUG:colcon.colcon_core.event_handler.log_command:Invoking command in '/home/prince/colcon_ws/build/turtlebot3_fake_node': CMAKE_PREFIX_PATH=${CMAKE_PREFIX_PATH}:/home/prince/colcon_ws/install/py_pubsub:/home/prince/colcon_ws/install/auto_nav:/opt/ros/foxy /usr/bin/cmake /home/prince/colcon_ws/src/turtlebot3_simulations/turtlebot3_fake_node -DCMAKE_INSTALL_PREFIX=/home/prince/colcon_ws/install/turtlebot3_fake_node
[0.200s] DEBUG:colcon.colcon_core.event_handler.log_command:Invoking command in '/home/prince/colcon_ws/build/turtlebot3_gazebo': CMAKE_PREFIX_PATH=${CMAKE_PREFIX_PATH}:/home/prince/colcon_ws/install/py_pubsub:/home/prince/colcon_ws/install/auto_nav:/opt/ros/foxy /usr/bin/cmake /home/prince/colcon_ws/src/turtlebot3_simulations/turtlebot3_gazebo -DCMAKE_INSTALL_PREFIX=/home/prince/colcon_ws/install/turtlebot3_gazebo
[0.419s] INFO:colcon.colcon_core.task.python.build:Building Python package in '/home/prince/colcon_ws/src/auto_nav'
[0.420s] INFO:colcon.colcon_core.shell:Skip shell extension 'powershell' for command environment: Not usable outside of PowerShell
[0.421s] DEBUG:colcon.colcon_core.shell:Skip shell extension 'dsv' for command environment
[0.652s] INFO:colcon.colcon_core.task.python.build:Building Python package in '/home/prince/colcon_ws/src/py_pubsub'
[0.653s] INFO:colcon.colcon_core.shell:Skip shell extension 'powershell' for command environment: Not usable outside of PowerShell
[0.653s] DEBUG:colcon.colcon_core.shell:Skip shell extension 'dsv' for command environment
[1.030s] DEBUG:colcon.colcon_core.event_handler.log_command:Invoking command in '/home/prince/colcon_ws/src/auto_nav': PYTHONPATH=/home/prince/colcon_ws/install/auto_nav/lib/python3.8/site-packages:${PYTHONPATH} /usr/bin/python3 setup.py egg_info --egg-base ../../build/auto_nav build --build-base /home/prince/colcon_ws/build/auto_nav/build install --prefix /home/prince/colcon_ws/install/auto_nav --record /home/prince/colcon_ws/build/auto_nav/install.log --single-version-externally-managed
[1.033s] DEBUG:colcon.colcon_core.event_handler.log_command:Invoking command in '/home/prince/colcon_ws/src/py_pubsub': PYTHONPATH=/home/prince/colcon_ws/install/py_pubsub/lib/python3.8/site-packages:${PYTHONPATH} /usr/bin/python3 setup.py egg_info --egg-base ../../build/py_pubsub build --build-base /home/prince/colcon_ws/build/py_pubsub/build install --prefix /home/prince/colcon_ws/install/py_pubsub --record /home/prince/colcon_ws/build/py_pubsub/install.log --single-version-externally-managed
[1.308s] DEBUG:colcon.colcon_core.event_handler.log_command:Invoked command in '/home/prince/colcon_ws/src/auto_nav' returned '0': PYTHONPATH=/home/prince/colcon_ws/install/auto_nav/lib/python3.8/site-packages:${PYTHONPATH} /usr/bin/python3 setup.py egg_info --egg-base ../../build/auto_nav build --build-base /home/prince/colcon_ws/build/auto_nav/build install --prefix /home/prince/colcon_ws/install/auto_nav --record /home/prince/colcon_ws/build/auto_nav/install.log --single-version-externally-managed
[1.313s] Level 1:colcon.colcon_core.environment:checking '/home/prince/colcon_ws/install/auto_nav' for CMake module files
[1.314s] Level 1:colcon.colcon_core.environment:checking '/home/prince/colcon_ws/install/auto_nav' for CMake config files
[1.315s] Level 1:colcon.colcon_core.environment:checking '/home/prince/colcon_ws/install/auto_nav/lib'
[1.315s] Level 1:colcon.colcon_core.environment:checking '/home/prince/colcon_ws/install/auto_nav/bin'
[1.315s] Level 1:colcon.colcon_core.environment:checking '/home/prince/colcon_ws/install/auto_nav/lib/pkgconfig/auto_nav.pc'
[1.315s] Level 1:colcon.colcon_core.environment:checking '/home/prince/colcon_ws/install/auto_nav/lib/python3.8/site-packages'
[1.315s] Level 1:colcon.colcon_core.shell:create_environment_hook('auto_nav', 'pythonpath')
[1.316s] INFO:colcon.colcon_core.shell:Creating environment hook '/home/prince/colcon_ws/install/auto_nav/share/auto_nav/hook/pythonpath.ps1'
[1.317s] INFO:colcon.colcon_core.shell:Creating environment descriptor '/home/prince/colcon_ws/install/auto_nav/share/auto_nav/hook/pythonpath.dsv'
[1.318s] INFO:colcon.colcon_core.shell:Creating environment hook '/home/prince/colcon_ws/install/auto_nav/share/auto_nav/hook/pythonpath.sh'
[1.318s] Level 1:colcon.colcon_core.environment:create_environment_scripts_only(auto_nav)
[1.319s] INFO:colcon.colcon_core.shell:Creating package script '/home/prince/colcon_ws/install/auto_nav/share/auto_nav/package.ps1'
[1.321s] INFO:colcon.colcon_core.shell:Creating package descriptor '/home/prince/colcon_ws/install/auto_nav/share/auto_nav/package.dsv'
[1.322s] INFO:colcon.colcon_core.shell:Creating package script '/home/prince/colcon_ws/install/auto_nav/share/auto_nav/package.sh'
[1.323s] INFO:colcon.colcon_core.shell:Creating package script '/home/prince/colcon_ws/install/auto_nav/share/auto_nav/package.bash'
[1.323s] INFO:colcon.colcon_core.shell:Creating package script '/home/prince/colcon_ws/install/auto_nav/share/auto_nav/package.zsh'
[1.325s] Level 1:colcon.colcon_core.environment:create_file_with_runtime_dependencies(/home/prince/colcon_ws/install/auto_nav/share/colcon-core/packages/auto_nav)
[1.346s] Level 1:colcon.colcon_core.environment:checking '/home/prince/colcon_ws/install/py_pubsub' for CMake module files
[1.347s] DEBUG:colcon.colcon_core.event_handler.log_command:Invoked command in '/home/prince/colcon_ws/src/py_pubsub' returned '0': PYTHONPATH=/home/prince/colcon_ws/install/py_pubsub/lib/python3.8/site-packages:${PYTHONPATH} /usr/bin/python3 setup.py egg_info --egg-base ../../build/py_pubsub build --build-base /home/prince/colcon_ws/build/py_pubsub/build install --prefix /home/prince/colcon_ws/install/py_pubsub --record /home/prince/colcon_ws/build/py_pubsub/install.log --single-version-externally-managed
[1.347s] Level 1:colcon.colcon_core.environment:checking '/home/prince/colcon_ws/install/py_pubsub' for CMake config files
[1.347s] Level 1:colcon.colcon_core.environment:checking '/home/prince/colcon_ws/install/py_pubsub/lib'
[1.347s] Level 1:colcon.colcon_core.environment:checking '/home/prince/colcon_ws/install/py_pubsub/bin'
[1.347s] Level 1:colcon.colcon_core.environment:checking '/home/prince/colcon_ws/install/py_pubsub/lib/pkgconfig/py_pubsub.pc'
[1.347s] Level 1:colcon.colcon_core.environment:checking '/home/prince/colcon_ws/install/py_pubsub/lib/python3.8/site-packages'
[1.348s] Level 1:colcon.colcon_core.shell:create_environment_hook('py_pubsub', 'pythonpath')
[1.349s] INFO:colcon.colcon_core.shell:Creating environment hook '/home/prince/colcon_ws/install/py_pubsub/share/py_pubsub/hook/pythonpath.ps1'
[1.350s] INFO:colcon.colcon_core.shell:Creating environment descriptor '/home/prince/colcon_ws/install/py_pubsub/share/py_pubsub/hook/pythonpath.dsv'
[1.350s] INFO:colcon.colcon_core.shell:Creating environment hook '/home/prince/colcon_ws/install/py_pubsub/share/py_pubsub/hook/pythonpath.sh'
[1.350s] Level 1:colcon.colcon_core.environment:create_environment_scripts_only(py_pubsub)
[1.351s] INFO:colcon.colcon_core.shell:Creating package script '/home/prince/colcon_ws/install/py_pubsub/share/py_pubsub/package.ps1'
[1.352s] INFO:colcon.colcon_core.shell:Creating package descriptor '/home/prince/colcon_ws/install/py_pubsub/share/py_pubsub/package.dsv'
[1.353s] INFO:colcon.colcon_core.shell:Creating package script '/home/prince/colcon_ws/install/py_pubsub/share/py_pubsub/package.sh'
[1.354s] INFO:colcon.colcon_core.shell:Creating package script '/home/prince/colcon_ws/install/py_pubsub/share/py_pubsub/package.bash'
[1.354s] INFO:colcon.colcon_core.shell:Creating package script '/home/prince/colcon_ws/install/py_pubsub/share/py_pubsub/package.zsh'
[1.355s] Level 1:colcon.colcon_core.environment:create_file_with_runtime_dependencies(/home/prince/colcon_ws/install/py_pubsub/share/colcon-core/packages/py_pubsub)
[1.976s] DEBUG:colcon.colcon_core.event_handler.log_command:Invoked command in '/home/prince/colcon_ws/build/turtlebot3_fake_node' returned '0': CMAKE_PREFIX_PATH=${CMAKE_PREFIX_PATH}:/home/prince/colcon_ws/install/py_pubsub:/home/prince/colcon_ws/install/auto_nav:/opt/ros/foxy /usr/bin/cmake /home/prince/colcon_ws/src/turtlebot3_simulations/turtlebot3_fake_node -DCMAKE_INSTALL_PREFIX=/home/prince/colcon_ws/install/turtlebot3_fake_node
[1.979s] DEBUG:colcon.colcon_core.event_handler.log_command:Invoking command in '/home/prince/colcon_ws/build/turtlebot3_fake_node': CMAKE_PREFIX_PATH=${CMAKE_PREFIX_PATH}:/home/prince/colcon_ws/install/py_pubsub:/home/prince/colcon_ws/install/auto_nav:/opt/ros/foxy /usr/bin/cmake --build /home/prince/colcon_ws/build/turtlebot3_fake_node -- -j16 -l16
[2.782s] DEBUG:colcon.colcon_core.event_handler.log_command:Invoked command in '/home/prince/colcon_ws/build/turtlebot3_gazebo' returned '0': CMAKE_PREFIX_PATH=${CMAKE_PREFIX_PATH}:/home/prince/colcon_ws/install/py_pubsub:/home/prince/colcon_ws/install/auto_nav:/opt/ros/foxy /usr/bin/cmake /home/prince/colcon_ws/src/turtlebot3_simulations/turtlebot3_gazebo -DCMAKE_INSTALL_PREFIX=/home/prince/colcon_ws/install/turtlebot3_gazebo
[2.785s] DEBUG:colcon.colcon_core.event_handler.log_command:Invoking command in '/home/prince/colcon_ws/build/turtlebot3_gazebo': CMAKE_PREFIX_PATH=${CMAKE_PREFIX_PATH}:/home/prince/colcon_ws/install/py_pubsub:/home/prince/colcon_ws/install/auto_nav:/opt/ros/foxy /usr/bin/cmake --build /home/prince/colcon_ws/build/turtlebot3_gazebo -- -j16 -l16
[9.122s] DEBUG:colcon.colcon_core.event_handler.log_command:Invoked command in '/home/prince/colcon_ws/build/turtlebot3_fake_node' returned '0': CMAKE_PREFIX_PATH=${CMAKE_PREFIX_PATH}:/home/prince/colcon_ws/install/py_pubsub:/home/prince/colcon_ws/install/auto_nav:/opt/ros/foxy /usr/bin/cmake --build /home/prince/colcon_ws/build/turtlebot3_fake_node -- -j16 -l16
[9.158s] DEBUG:colcon.colcon_core.event_handler.log_command:Invoking command in '/home/prince/colcon_ws/build/turtlebot3_fake_node': CMAKE_PREFIX_PATH=${CMAKE_PREFIX_PATH}:/home/prince/colcon_ws/install/py_pubsub:/home/prince/colcon_ws/install/auto_nav:/opt/ros/foxy /usr/bin/cmake --install /home/prince/colcon_ws/build/turtlebot3_fake_node
[9.173s] Level 1:colcon.colcon_core.environment:create_environment_scripts_only(turtlebot3_fake_node)
[9.175s] Level 1:colcon.colcon_core.environment:checking '/home/prince/colcon_ws/install/turtlebot3_fake_node' for CMake module files
[9.175s] DEBUG:colcon.colcon_core.event_handler.log_command:Invoked command in '/home/prince/colcon_ws/build/turtlebot3_fake_node' returned '0': CMAKE_PREFIX_PATH=${CMAKE_PREFIX_PATH}:/home/prince/colcon_ws/install/py_pubsub:/home/prince/colcon_ws/install/auto_nav:/opt/ros/foxy /usr/bin/cmake --install /home/prince/colcon_ws/build/turtlebot3_fake_node
[9.176s] Level 1:colcon.colcon_core.environment:checking '/home/prince/colcon_ws/install/turtlebot3_fake_node' for CMake config files
[9.176s] Level 1:colcon.colcon_core.shell:create_environment_hook('turtlebot3_fake_node', 'cmake_prefix_path')
[9.177s] INFO:colcon.colcon_core.shell:Creating environment hook '/home/prince/colcon_ws/install/turtlebot3_fake_node/share/turtlebot3_fake_node/hook/cmake_prefix_path.ps1'
[9.177s] INFO:colcon.colcon_core.shell:Creating environment descriptor '/home/prince/colcon_ws/install/turtlebot3_fake_node/share/turtlebot3_fake_node/hook/cmake_prefix_path.dsv'
[9.178s] INFO:colcon.colcon_core.shell:Creating environment hook '/home/prince/colcon_ws/install/turtlebot3_fake_node/share/turtlebot3_fake_node/hook/cmake_prefix_path.sh'
[9.178s] Level 1:colcon.colcon_core.environment:checking '/home/prince/colcon_ws/install/turtlebot3_fake_node/lib'
[9.178s] Level 1:colcon.colcon_core.environment:checking '/home/prince/colcon_ws/install/turtlebot3_fake_node/bin'
[9.178s] Level 1:colcon.colcon_core.environment:checking '/home/prince/colcon_ws/install/turtlebot3_fake_node/lib/pkgconfig/turtlebot3_fake_node.pc'
[9.178s] Level 1:colcon.colcon_core.environment:checking '/home/prince/colcon_ws/install/turtlebot3_fake_node/lib/python3.8/site-packages'
[9.179s] INFO:colcon.colcon_core.shell:Creating package script '/home/prince/colcon_ws/install/turtlebot3_fake_node/share/turtlebot3_fake_node/package.ps1'
[9.179s] INFO:colcon.colcon_core.shell:Creating package descriptor '/home/prince/colcon_ws/install/turtlebot3_fake_node/share/turtlebot3_fake_node/package.dsv'
[9.179s] INFO:colcon.colcon_core.shell:Creating package script '/home/prince/colcon_ws/install/turtlebot3_fake_node/share/turtlebot3_fake_node/package.sh'
[9.180s] INFO:colcon.colcon_core.shell:Creating package script '/home/prince/colcon_ws/install/turtlebot3_fake_node/share/turtlebot3_fake_node/package.bash'
[9.180s] INFO:colcon.colcon_core.shell:Creating package script '/home/prince/colcon_ws/install/turtlebot3_fake_node/share/turtlebot3_fake_node/package.zsh'
[9.181s] Level 1:colcon.colcon_core.environment:create_file_with_runtime_dependencies(/home/prince/colcon_ws/install/turtlebot3_fake_node/share/colcon-core/packages/turtlebot3_fake_node)
[9.205s] Level 1:colcon.colcon_core.environment:create_environment_scripts_only(turtlebot3_fake_node)
[9.206s] Level 1:colcon.colcon_core.environment:checking '/home/prince/colcon_ws/install/turtlebot3_fake_node' for CMake module files
[9.207s] Level 1:colcon.colcon_core.environment:checking '/home/prince/colcon_ws/install/turtlebot3_fake_node' for CMake config files
[9.207s] Level 1:colcon.colcon_core.shell:create_environment_hook('turtlebot3_fake_node', 'cmake_prefix_path')
[9.208s] INFO:colcon.colcon_core.shell:Creating environment hook '/home/prince/colcon_ws/install/turtlebot3_fake_node/share/turtlebot3_fake_node/hook/cmake_prefix_path.ps1'
[9.208s] INFO:colcon.colcon_core.shell:Creating environment descriptor '/home/prince/colcon_ws/install/turtlebot3_fake_node/share/turtlebot3_fake_node/hook/cmake_prefix_path.dsv'
[9.209s] INFO:colcon.colcon_core.shell:Creating environment hook '/home/prince/colcon_ws/install/turtlebot3_fake_node/share/turtlebot3_fake_node/hook/cmake_prefix_path.sh'
[9.210s] Level 1:colcon.colcon_core.environment:checking '/home/prince/colcon_ws/install/turtlebot3_fake_node/lib'
[9.210s] Level 1:colcon.colcon_core.environment:checking '/home/prince/colcon_ws/install/turtlebot3_fake_node/bin'
[9.210s] Level 1:colcon.colcon_core.environment:checking '/home/prince/colcon_ws/install/turtlebot3_fake_node/lib/pkgconfig/turtlebot3_fake_node.pc'
[9.210s] Level 1:colcon.colcon_core.environment:checking '/home/prince/colcon_ws/install/turtlebot3_fake_node/lib/python3.8/site-packages'
[9.211s] INFO:colcon.colcon_core.shell:Creating package script '/home/prince/colcon_ws/install/turtlebot3_fake_node/share/turtlebot3_fake_node/package.ps1'
[9.212s] INFO:colcon.colcon_core.shell:Creating package descriptor '/home/prince/colcon_ws/install/turtlebot3_fake_node/share/turtlebot3_fake_node/package.dsv'
[9.213s] INFO:colcon.colcon_core.shell:Creating package script '/home/prince/colcon_ws/install/turtlebot3_fake_node/share/turtlebot3_fake_node/package.sh'
[9.213s] INFO:colcon.colcon_core.shell:Creating package script '/home/prince/colcon_ws/install/turtlebot3_fake_node/share/turtlebot3_fake_node/package.bash'
[9.214s] INFO:colcon.colcon_core.shell:Creating package script '/home/prince/colcon_ws/install/turtlebot3_fake_node/share/turtlebot3_fake_node/package.zsh'
[9.214s] Level 1:colcon.colcon_core.environment:create_file_with_runtime_dependencies(/home/prince/colcon_ws/install/turtlebot3_fake_node/share/colcon-core/packages/turtlebot3_fake_node)
[12.835s] DEBUG:colcon.colcon_core.event_handler.log_command:Invoked command in '/home/prince/colcon_ws/build/turtlebot3_gazebo' returned '0': CMAKE_PREFIX_PATH=${CMAKE_PREFIX_PATH}:/home/prince/colcon_ws/install/py_pubsub:/home/prince/colcon_ws/install/auto_nav:/opt/ros/foxy /usr/bin/cmake --build /home/prince/colcon_ws/build/turtlebot3_gazebo -- -j16 -l16
[12.869s] DEBUG:colcon.colcon_core.event_handler.log_command:Invoking command in '/home/prince/colcon_ws/build/turtlebot3_gazebo': CMAKE_PREFIX_PATH=${CMAKE_PREFIX_PATH}:/home/prince/colcon_ws/install/py_pubsub:/home/prince/colcon_ws/install/auto_nav:/opt/ros/foxy /usr/bin/cmake --install /home/prince/colcon_ws/build/turtlebot3_gazebo
[12.890s] Level 1:colcon.colcon_core.environment:create_environment_scripts_only(turtlebot3_gazebo)
[12.891s] Level 1:colcon.colcon_core.environment:checking '/home/prince/colcon_ws/install/turtlebot3_gazebo' for CMake module files
[12.892s] Level 1:colcon.colcon_core.environment:checking '/home/prince/colcon_ws/install/turtlebot3_gazebo' for CMake config files
[12.894s] DEBUG:colcon.colcon_core.event_handler.log_command:Invoked command in '/home/prince/colcon_ws/build/turtlebot3_gazebo' returned '0': CMAKE_PREFIX_PATH=${CMAKE_PREFIX_PATH}:/home/prince/colcon_ws/install/py_pubsub:/home/prince/colcon_ws/install/auto_nav:/opt/ros/foxy /usr/bin/cmake --install /home/prince/colcon_ws/build/turtlebot3_gazebo
[12.894s] Level 1:colcon.colcon_core.shell:create_environment_hook('turtlebot3_gazebo', 'cmake_prefix_path')
[12.895s] INFO:colcon.colcon_core.shell:Creating environment hook '/home/prince/colcon_ws/install/turtlebot3_gazebo/share/turtlebot3_gazebo/hook/cmake_prefix_path.ps1'
[12.896s] INFO:colcon.colcon_core.shell:Creating environment descriptor '/home/prince/colcon_ws/install/turtlebot3_gazebo/share/turtlebot3_gazebo/hook/cmake_prefix_path.dsv'
[12.897s] INFO:colcon.colcon_core.shell:Creating environment hook '/home/prince/colcon_ws/install/turtlebot3_gazebo/share/turtlebot3_gazebo/hook/cmake_prefix_path.sh'
[12.897s] Level 1:colcon.colcon_core.environment:checking '/home/prince/colcon_ws/install/turtlebot3_gazebo/lib'
[12.897s] Level 1:colcon.colcon_core.environment:checking '/home/prince/colcon_ws/install/turtlebot3_gazebo/bin'
[12.897s] Level 1:colcon.colcon_core.environment:checking '/home/prince/colcon_ws/install/turtlebot3_gazebo/lib/pkgconfig/turtlebot3_gazebo.pc'
[12.898s] Level 1:colcon.colcon_core.environment:checking '/home/prince/colcon_ws/install/turtlebot3_gazebo/lib/python3.8/site-packages'
[12.898s] INFO:colcon.colcon_core.shell:Creating package script '/home/prince/colcon_ws/install/turtlebot3_gazebo/share/turtlebot3_gazebo/package.ps1'
[12.899s] INFO:colcon.colcon_core.shell:Creating package descriptor '/home/prince/colcon_ws/install/turtlebot3_gazebo/share/turtlebot3_gazebo/package.dsv'
[12.900s] INFO:colcon.colcon_core.shell:Creating package script '/home/prince/colcon_ws/install/turtlebot3_gazebo/share/turtlebot3_gazebo/package.sh'
[12.901s] INFO:colcon.colcon_core.shell:Creating package script '/home/prince/colcon_ws/install/turtlebot3_gazebo/share/turtlebot3_gazebo/package.bash'
[12.901s] INFO:colcon.colcon_core.shell:Creating package script '/home/prince/colcon_ws/install/turtlebot3_gazebo/share/turtlebot3_gazebo/package.zsh'
[12.901s] Level 1:colcon.colcon_core.environment:create_file_with_runtime_dependencies(/home/prince/colcon_ws/install/turtlebot3_gazebo/share/colcon-core/packages/turtlebot3_gazebo)
[12.940s] Level 1:colcon.colcon_core.environment:create_environment_scripts_only(turtlebot3_gazebo)
[12.941s] Level 1:colcon.colcon_core.environment:checking '/home/prince/colcon_ws/install/turtlebot3_gazebo' for CMake module files
[12.942s] Level 1:colcon.colcon_core.environment:checking '/home/prince/colcon_ws/install/turtlebot3_gazebo' for CMake config files
[12.944s] Level 1:colcon.colcon_core.shell:create_environment_hook('turtlebot3_gazebo', 'cmake_prefix_path')
[12.945s] INFO:colcon.colcon_core.shell:Creating environment hook '/home/prince/colcon_ws/install/turtlebot3_gazebo/share/turtlebot3_gazebo/hook/cmake_prefix_path.ps1'
[12.946s] INFO:colcon.colcon_core.shell:Creating environment descriptor '/home/prince/colcon_ws/install/turtlebot3_gazebo/share/turtlebot3_gazebo/hook/cmake_prefix_path.dsv'
[12.947s] INFO:colcon.colcon_core.shell:Creating environment hook '/home/prince/colcon_ws/install/turtlebot3_gazebo/share/turtlebot3_gazebo/hook/cmake_prefix_path.sh'
[12.948s] Level 1:colcon.colcon_core.environment:checking '/home/prince/colcon_ws/install/turtlebot3_gazebo/lib'
[12.949s] Level 1:colcon.colcon_core.environment:checking '/home/prince/colcon_ws/install/turtlebot3_gazebo/bin'
[12.949s] Level 1:colcon.colcon_core.environment:checking '/home/prince/colcon_ws/install/turtlebot3_gazebo/lib/pkgconfig/turtlebot3_gazebo.pc'
[12.949s] Level 1:colcon.colcon_core.environment:checking '/home/prince/colcon_ws/install/turtlebot3_gazebo/lib/python3.8/site-packages'
[12.950s] INFO:colcon.colcon_core.shell:Creating package script '/home/prince/colcon_ws/install/turtlebot3_gazebo/share/turtlebot3_gazebo/package.ps1'
[12.952s] INFO:colcon.colcon_core.shell:Creating package descriptor '/home/prince/colcon_ws/install/turtlebot3_gazebo/share/turtlebot3_gazebo/package.dsv'
[12.953s] INFO:colcon.colcon_core.shell:Creating package script '/home/prince/colcon_ws/install/turtlebot3_gazebo/share/turtlebot3_gazebo/package.sh'
[12.953s] INFO:colcon.colcon_core.shell:Creating package script '/home/prince/colcon_ws/install/turtlebot3_gazebo/share/turtlebot3_gazebo/package.bash'
[12.953s] INFO:colcon.colcon_core.shell:Creating package script '/home/prince/colcon_ws/install/turtlebot3_gazebo/share/turtlebot3_gazebo/package.zsh'
[12.954s] Level 1:colcon.colcon_core.environment:create_file_with_runtime_dependencies(/home/prince/colcon_ws/install/turtlebot3_gazebo/share/colcon-core/packages/turtlebot3_gazebo)
[12.955s] INFO:colcon.colcon_ros.task.ament_cmake.build:Building ROS package in '/home/prince/colcon_ws/src/turtlebot3_simulations/turtlebot3_simulations' with build type 'ament_cmake'
[12.955s] INFO:colcon.colcon_cmake.task.cmake.build:Building CMake package in '/home/prince/colcon_ws/src/turtlebot3_simulations/turtlebot3_simulations'
[12.955s] INFO:colcon.colcon_core.shell:Skip shell extension 'powershell' for command environment: Not usable outside of PowerShell
[12.955s] DEBUG:colcon.colcon_core.shell:Skip shell extension 'dsv' for command environment
[12.968s] DEBUG:colcon.colcon_core.event_handler.log_command:Invoking command in '/home/prince/colcon_ws/build/turtlebot3_simulations': CMAKE_PREFIX_PATH=/home/prince/colcon_ws/install/turtlebot3_gazebo:/home/prince/colcon_ws/install/turtlebot3_fake_node:/home/prince/colcon_ws/install/turtlebot3_simulations:/home/prince/colcon_ws/install/py_pubsub:/home/prince/colcon_ws/install/auto_nav:/opt/ros/foxy /usr/bin/cmake /home/prince/colcon_ws/src/turtlebot3_simulations/turtlebot3_simulations -DCMAKE_INSTALL_PREFIX=/home/prince/colcon_ws/install/turtlebot3_simulations
[13.751s] DEBUG:colcon.colcon_core.event_handler.log_command:Invoked command in '/home/prince/colcon_ws/build/turtlebot3_simulations' returned '0': CMAKE_PREFIX_PATH=/home/prince/colcon_ws/install/turtlebot3_gazebo:/home/prince/colcon_ws/install/turtlebot3_fake_node:/home/prince/colcon_ws/install/turtlebot3_simulations:/home/prince/colcon_ws/install/py_pubsub:/home/prince/colcon_ws/install/auto_nav:/opt/ros/foxy /usr/bin/cmake /home/prince/colcon_ws/src/turtlebot3_simulations/turtlebot3_simulations -DCMAKE_INSTALL_PREFIX=/home/prince/colcon_ws/install/turtlebot3_simulations
[13.757s] DEBUG:colcon.colcon_core.event_handler.log_command:Invoking command in '/home/prince/colcon_ws/build/turtlebot3_simulations': CMAKE_PREFIX_PATH=/home/prince/colcon_ws/install/turtlebot3_gazebo:/home/prince/colcon_ws/install/turtlebot3_fake_node:/home/prince/colcon_ws/install/turtlebot3_simulations:/home/prince/colcon_ws/install/py_pubsub:/home/prince/colcon_ws/install/auto_nav:/opt/ros/foxy /usr/bin/cmake --build /home/prince/colcon_ws/build/turtlebot3_simulations -- -j16 -l16
[13.803s] DEBUG:colcon.colcon_core.event_handler.log_command:Invoked command in '/home/prince/colcon_ws/build/turtlebot3_simulations' returned '0': CMAKE_PREFIX_PATH=/home/prince/colcon_ws/install/turtlebot3_gazebo:/home/prince/colcon_ws/install/turtlebot3_fake_node:/home/prince/colcon_ws/install/turtlebot3_simulations:/home/prince/colcon_ws/install/py_pubsub:/home/prince/colcon_ws/install/auto_nav:/opt/ros/foxy /usr/bin/cmake --build /home/prince/colcon_ws/build/turtlebot3_simulations -- -j16 -l16
[13.838s] DEBUG:colcon.colcon_core.event_handler.log_command:Invoking command in '/home/prince/colcon_ws/build/turtlebot3_simulations': CMAKE_PREFIX_PATH=/home/prince/colcon_ws/install/turtlebot3_gazebo:/home/prince/colcon_ws/install/turtlebot3_fake_node:/home/prince/colcon_ws/install/turtlebot3_simulations:/home/prince/colcon_ws/install/py_pubsub:/home/prince/colcon_ws/install/auto_nav:/opt/ros/foxy /usr/bin/cmake --install /home/prince/colcon_ws/build/turtlebot3_simulations
[13.850s] Level 1:colcon.colcon_core.environment:create_environment_scripts_only(turtlebot3_simulations)
[13.851s] Level 1:colcon.colcon_core.environment:checking '/home/prince/colcon_ws/install/turtlebot3_simulations' for CMake module files
[13.852s] DEBUG:colcon.colcon_core.event_handler.log_command:Invoked command in '/home/prince/colcon_ws/build/turtlebot3_simulations' returned '0': CMAKE_PREFIX_PATH=/home/prince/colcon_ws/install/turtlebot3_gazebo:/home/prince/colcon_ws/install/turtlebot3_fake_node:/home/prince/colcon_ws/install/turtlebot3_simulations:/home/prince/colcon_ws/install/py_pubsub:/home/prince/colcon_ws/install/auto_nav:/opt/ros/foxy /usr/bin/cmake --install /home/prince/colcon_ws/build/turtlebot3_simulations
[13.853s] Level 1:colcon.colcon_core.environment:checking '/home/prince/colcon_ws/install/turtlebot3_simulations' for CMake config files
[13.853s] Level 1:colcon.colcon_core.shell:create_environment_hook('turtlebot3_simulations', 'cmake_prefix_path')
[13.854s] INFO:colcon.colcon_core.shell:Creating environment hook '/home/prince/colcon_ws/install/turtlebot3_simulations/share/turtlebot3_simulations/hook/cmake_prefix_path.ps1'
[13.856s] INFO:colcon.colcon_core.shell:Creating environment descriptor '/home/prince/colcon_ws/install/turtlebot3_simulations/share/turtlebot3_simulations/hook/cmake_prefix_path.dsv'
[13.856s] INFO:colcon.colcon_core.shell:Creating environment hook '/home/prince/colcon_ws/install/turtlebot3_simulations/share/turtlebot3_simulations/hook/cmake_prefix_path.sh'
[13.858s] Level 1:colcon.colcon_core.environment:checking '/home/prince/colcon_ws/install/turtlebot3_simulations/bin'
[13.858s] Level 1:colcon.colcon_core.environment:checking '/home/prince/colcon_ws/install/turtlebot3_simulations/lib/pkgconfig/turtlebot3_simulations.pc'
[13.858s] Level 1:colcon.colcon_core.environment:checking '/home/prince/colcon_ws/install/turtlebot3_simulations/lib/python3.8/site-packages'
[13.859s] INFO:colcon.colcon_core.shell:Creating package script '/home/prince/colcon_ws/install/turtlebot3_simulations/share/turtlebot3_simulations/package.ps1'
[13.860s] INFO:colcon.colcon_core.shell:Creating package descriptor '/home/prince/colcon_ws/install/turtlebot3_simulations/share/turtlebot3_simulations/package.dsv'
[13.861s] INFO:colcon.colcon_core.shell:Creating package script '/home/prince/colcon_ws/install/turtlebot3_simulations/share/turtlebot3_simulations/package.sh'
[13.861s] INFO:colcon.colcon_core.shell:Creating package script '/home/prince/colcon_ws/install/turtlebot3_simulations/share/turtlebot3_simulations/package.bash'
[13.861s] INFO:colcon.colcon_core.shell:Creating package script '/home/prince/colcon_ws/install/turtlebot3_simulations/share/turtlebot3_simulations/package.zsh'
[13.862s] Level 1:colcon.colcon_core.environment:create_file_with_runtime_dependencies(/home/prince/colcon_ws/install/turtlebot3_simulations/share/colcon-core/packages/turtlebot3_simulations)
[13.894s] Level 1:colcon.colcon_core.environment:create_environment_scripts_only(turtlebot3_simulations)
[13.895s] Level 1:colcon.colcon_core.environment:checking '/home/prince/colcon_ws/install/turtlebot3_simulations' for CMake module files
[13.897s] Level 1:colcon.colcon_core.environment:checking '/home/prince/colcon_ws/install/turtlebot3_simulations' for CMake config files
[13.897s] Level 1:colcon.colcon_core.shell:create_environment_hook('turtlebot3_simulations', 'cmake_prefix_path')
[13.898s] INFO:colcon.colcon_core.shell:Creating environment hook '/home/prince/colcon_ws/install/turtlebot3_simulations/share/turtlebot3_simulations/hook/cmake_prefix_path.ps1'
[13.899s] INFO:colcon.colcon_core.shell:Creating environment descriptor '/home/prince/colcon_ws/install/turtlebot3_simulations/share/turtlebot3_simulations/hook/cmake_prefix_path.dsv'
[13.900s] INFO:colcon.colcon_core.shell:Creating environment hook '/home/prince/colcon_ws/install/turtlebot3_simulations/share/turtlebot3_simulations/hook/cmake_prefix_path.sh'
[13.902s] Level 1:colcon.colcon_core.environment:checking '/home/prince/colcon_ws/install/turtlebot3_simulations/bin'
[13.902s] Level 1:colcon.colcon_core.environment:checking '/home/prince/colcon_ws/install/turtlebot3_simulations/lib/pkgconfig/turtlebot3_simulations.pc'
[13.902s] Level 1:colcon.colcon_core.environment:checking '/home/prince/colcon_ws/install/turtlebot3_simulations/lib/python3.8/site-packages'
[13.905s] INFO:colcon.colcon_core.shell:Creating package script '/home/prince/colcon_ws/install/turtlebot3_simulations/share/turtlebot3_simulations/package.ps1'
[13.906s] INFO:colcon.colcon_core.shell:Creating package descriptor '/home/prince/colcon_ws/install/turtlebot3_simulations/share/turtlebot3_simulations/package.dsv'
[13.906s] INFO:colcon.colcon_core.shell:Creating package script '/home/prince/colcon_ws/install/turtlebot3_simulations/share/turtlebot3_simulations/package.sh'
[13.907s] INFO:colcon.colcon_core.shell:Creating package script '/home/prince/colcon_ws/install/turtlebot3_simulations/share/turtlebot3_simulations/package.bash'
[13.907s] INFO:colcon.colcon_core.shell:Creating package script '/home/prince/colcon_ws/install/turtlebot3_simulations/share/turtlebot3_simulations/package.zsh'
[13.908s] Level 1:colcon.colcon_core.environment:create_file_with_runtime_dependencies(/home/prince/colcon_ws/install/turtlebot3_simulations/share/colcon-core/packages/turtlebot3_simulations)
[13.908s] DEBUG:colcon.colcon_parallel_executor.executor.parallel:closing loop
[13.908s] DEBUG:colcon.colcon_parallel_executor.executor.parallel:loop closed
[13.908s] DEBUG:colcon.colcon_parallel_executor.executor.parallel:run_until_complete finished with '0'
[13.909s] DEBUG:colcon.colcon_core.event_reactor:joining thread
[13.929s] INFO:colcon.colcon_core.plugin_system:Skipping extension 'colcon_notification.desktop_notification.terminal_notifier': Not used on non-Darwin systems
[13.929s] INFO:colcon.colcon_core.plugin_system:Skipping extension 'colcon_notification.desktop_notification.win32': Not used on non-Windows systems
[13.929s] INFO:colcon.colcon_notification.desktop_notification:Sending desktop notification using 'notify2'
[13.956s] DEBUG:colcon.colcon_core.event_reactor:joined thread
[13.957s] INFO:colcon.colcon_core.shell:Creating prefix script '/home/prince/colcon_ws/install/local_setup.ps1'
[13.958s] INFO:colcon.colcon_core.shell:Creating prefix util module '/home/prince/colcon_ws/install/_local_setup_util_ps1.py'
[13.960s] INFO:colcon.colcon_core.shell:Creating prefix chain script '/home/prince/colcon_ws/install/setup.ps1'
[13.962s] INFO:colcon.colcon_core.shell:Creating prefix script '/home/prince/colcon_ws/install/local_setup.sh'
[13.964s] INFO:colcon.colcon_core.shell:Creating prefix util module '/home/prince/colcon_ws/install/_local_setup_util_sh.py'
[13.964s] INFO:colcon.colcon_core.shell:Creating prefix chain script '/home/prince/colcon_ws/install/setup.sh'
[13.966s] INFO:colcon.colcon_core.shell:Creating prefix script '/home/prince/colcon_ws/install/local_setup.bash'
[13.966s] INFO:colcon.colcon_core.shell:Creating prefix chain script '/home/prince/colcon_ws/install/setup.bash'
[13.968s] INFO:colcon.colcon_core.shell:Creating prefix script '/home/prince/colcon_ws/install/local_setup.zsh'
[13.968s] INFO:colcon.colcon_core.shell:Creating prefix chain script '/home/prince/colcon_ws/install/setup.zsh'
