[0.869s] Invoking command in '/home/prince/colcon_ws/build/turtlebot3_cartographer2': CMAKE_PREFIX_PATH=${CMAKE_PREFIX_PATH}:/home/prince/colcon_ws/install/py_pubsub:/home/prince/colcon_ws/install/auto_nav:/opt/ros/foxy /usr/bin/cmake --build /home/prince/colcon_ws/build/turtlebot3_cartographer2 -- -j16 -l16
[0.986s] Invoked command in '/home/prince/colcon_ws/build/turtlebot3_cartographer2' returned '0': CMAKE_PREFIX_PATH=${CMAKE_PREFIX_PATH}:/home/prince/colcon_ws/install/py_pubsub:/home/prince/colcon_ws/install/auto_nav:/opt/ros/foxy /usr/bin/cmake --build /home/prince/colcon_ws/build/turtlebot3_cartographer2 -- -j16 -l16
[1.091s] Invoking command in '/home/prince/colcon_ws/build/turtlebot3_cartographer2': CMAKE_PREFIX_PATH=${CMAKE_PREFIX_PATH}:/home/prince/colcon_ws/install/py_pubsub:/home/prince/colcon_ws/install/auto_nav:/opt/ros/foxy /usr/bin/cmake --install /home/prince/colcon_ws/build/turtlebot3_cartographer2
[1.093s] -- Install configuration: ""
[1.094s] -- Up-to-date: /home/prince/colcon_ws/install/turtlebot3_cartographer2/share/turtlebot3_cartographer2/config
[1.094s] -- Up-to-date: /home/prince/colcon_ws/install/turtlebot3_cartographer2/share/turtlebot3_cartographer2/config/turtlebot3_lds_2d.lua
[1.095s] -- Up-to-date: /home/prince/colcon_ws/install/turtlebot3_cartographer2/share/turtlebot3_cartographer2/launch
[1.095s] -- Up-to-date: /home/prince/colcon_ws/install/turtlebot3_cartographer2/share/turtlebot3_cartographer2/launch/cartographer2.launch.py
[1.095s] -- Up-to-date: /home/prince/colcon_ws/install/turtlebot3_cartographer2/share/turtlebot3_cartographer2/launch/occupancy_grid.launch.py
[1.095s] -- Up-to-date: /home/prince/colcon_ws/install/turtlebot3_cartographer2/share/turtlebot3_cartographer2/rviz
[1.095s] -- Up-to-date: /home/prince/colcon_ws/install/turtlebot3_cartographer2/share/turtlebot3_cartographer2/rviz/tb3_cartographer.rviz
[1.095s] -- Up-to-date: /home/prince/colcon_ws/install/turtlebot3_cartographer2/share/ament_index/resource_index/package_run_dependencies/turtlebot3_cartographer2
[1.096s] -- Up-to-date: /home/prince/colcon_ws/install/turtlebot3_cartographer2/share/ament_index/resource_index/parent_prefix_path/turtlebot3_cartographer2
[1.096s] -- Up-to-date: /home/prince/colcon_ws/install/turtlebot3_cartographer2/share/turtlebot3_cartographer2/environment/ament_prefix_path.sh
[1.097s] -- Up-to-date: /home/prince/colcon_ws/install/turtlebot3_cartographer2/share/turtlebot3_cartographer2/environment/ament_prefix_path.dsv
[1.099s] -- Up-to-date: /home/prince/colcon_ws/install/turtlebot3_cartographer2/share/turtlebot3_cartographer2/environment/path.sh
[1.099s] -- Up-to-date: /home/prince/colcon_ws/install/turtlebot3_cartographer2/share/turtlebot3_cartographer2/environment/path.dsv
[1.101s] -- Up-to-date: /home/prince/colcon_ws/install/turtlebot3_cartographer2/share/turtlebot3_cartographer2/local_setup.bash
[1.101s] -- Up-to-date: /home/prince/colcon_ws/install/turtlebot3_cartographer2/share/turtlebot3_cartographer2/local_setup.sh
[1.101s] -- Up-to-date: /home/prince/colcon_ws/install/turtlebot3_cartographer2/share/turtlebot3_cartographer2/local_setup.zsh
[1.102s] -- Up-to-date: /home/prince/colcon_ws/install/turtlebot3_cartographer2/share/turtlebot3_cartographer2/local_setup.dsv
[1.102s] -- Installing: /home/prince/colcon_ws/install/turtlebot3_cartographer2/share/turtlebot3_cartographer2/package.dsv
[1.103s] -- Up-to-date: /home/prince/colcon_ws/install/turtlebot3_cartographer2/share/ament_index/resource_index/packages/turtlebot3_cartographer2
[1.107s] -- Up-to-date: /home/prince/colcon_ws/install/turtlebot3_cartographer2/share/turtlebot3_cartographer2/cmake/turtlebot3_cartographer2Config.cmake
[1.108s] -- Up-to-date: /home/prince/colcon_ws/install/turtlebot3_cartographer2/share/turtlebot3_cartographer2/cmake/turtlebot3_cartographer2Config-version.cmake
[1.108s] -- Up-to-date: /home/prince/colcon_ws/install/turtlebot3_cartographer2/share/turtlebot3_cartographer2/package.xml
[1.109s] Invoked command in '/home/prince/colcon_ws/build/turtlebot3_cartographer2' returned '0': CMAKE_PREFIX_PATH=${CMAKE_PREFIX_PATH}:/home/prince/colcon_ws/install/py_pubsub:/home/prince/colcon_ws/install/auto_nav:/opt/ros/foxy /usr/bin/cmake --install /home/prince/colcon_ws/build/turtlebot3_cartographer2
