[0.117s] DEBUG:colcon:Command line arguments: ['/usr/bin/colcon', 'build']
[0.117s] DEBUG:colcon:Parsed command line arguments: Namespace(allow_overriding=[], ament_cmake_args=None, base_paths=['.'], build_base='build', catkin_cmake_args=None, catkin_skip_building_tests=False, cmake_args=None, cmake_clean_cache=False, cmake_clean_first=False, cmake_force_configure=False, cmake_target=None, cmake_target_skip_unavailable=False, continue_on_error=False, event_handlers=None, executor='parallel', ignore_user_meta=False, install_base='install', log_base=None, log_level=None, main=<bound method BuildVerb.main of <colcon_core.verb.build.BuildVerb object at 0x7f2a5e6017f0>>, merge_install=False, metas=['./colcon.meta'], packages_above=None, packages_above_and_dependencies=None, packages_above_depth=None, packages_end=None, packages_ignore=None, packages_ignore_regex=None, packages_select=None, packages_select_build_failed=False, packages_select_by_dep=None, packages_select_regex=None, packages_select_test_failures=False, packages_skip=None, packages_skip_build_finished=False, packages_skip_by_dep=None, packages_skip_regex=None, packages_skip_test_passed=False, packages_skip_up_to=None, packages_start=None, packages_up_to=None, packages_up_to_regex=None, parallel_workers=16, paths=None, symlink_install=False, test_result_base=None, verb_extension=<colcon_core.verb.build.BuildVerb object at 0x7f2a5e6017f0>, verb_name='build', verb_parser=<colcon_defaults.argument_parser.defaults.DefaultArgumentsDecorator object at 0x7f2a5e601d60>)
[0.120s] Level 1:colcon.colcon_core.package_discovery:discover_packages(colcon_meta) check parameters
[0.121s] Level 1:colcon.colcon_core.package_discovery:discover_packages(recursive) check parameters
[0.121s] Level 1:colcon.colcon_core.package_discovery:discover_packages(ignore) check parameters
[0.121s] Level 1:colcon.colcon_core.package_discovery:discover_packages(path) check parameters
[0.121s] Level 1:colcon.colcon_core.package_discovery:discover_packages(colcon_meta) discover
[0.121s] Level 1:colcon.colcon_core.package_discovery:discover_packages(recursive) discover
[0.121s] INFO:colcon.colcon_core.package_discovery:Crawling recursively for packages in '/home/prince/colcon_ws'
[0.121s] Level 1:colcon.colcon_core.package_identification:_identify(.) by extensions ['ignore', 'ignore_ament_install']
[0.121s] Level 1:colcon.colcon_core.package_identification:_identify(.) by extension 'ignore'
[0.121s] Level 1:colcon.colcon_core.package_identification:_identify(.) by extension 'ignore_ament_install'
[0.121s] Level 1:colcon.colcon_core.package_identification:_identify(.) by extensions ['colcon_pkg']
[0.121s] Level 1:colcon.colcon_core.package_identification:_identify(.) by extension 'colcon_pkg'
[0.121s] Level 1:colcon.colcon_core.package_identification:_identify(.) by extensions ['colcon_meta']
[0.121s] Level 1:colcon.colcon_core.package_identification:_identify(.) by extension 'colcon_meta'
[0.121s] Level 1:colcon.colcon_core.package_identification:_identify(.) by extensions ['ros']
[0.121s] Level 1:colcon.colcon_core.package_identification:_identify(.) by extension 'ros'
[0.132s] Level 1:colcon.colcon_core.package_identification:_identify(.) by extensions ['cmake', 'python']
[0.132s] Level 1:colcon.colcon_core.package_identification:_identify(.) by extension 'cmake'
[0.132s] Level 1:colcon.colcon_core.package_identification:_identify(.) by extension 'python'
[0.132s] Level 1:colcon.colcon_core.package_identification:_identify(.) by extensions ['python_setup_py']
[0.132s] Level 1:colcon.colcon_core.package_identification:_identify(.) by extension 'python_setup_py'
[0.132s] Level 1:colcon.colcon_core.package_identification:_identify(build) by extensions ['ignore', 'ignore_ament_install']
[0.132s] Level 1:colcon.colcon_core.package_identification:_identify(build) by extension 'ignore'
[0.132s] Level 1:colcon.colcon_core.package_identification:_identify(build) ignored
[0.132s] Level 1:colcon.colcon_core.package_identification:_identify(install) by extensions ['ignore', 'ignore_ament_install']
[0.132s] Level 1:colcon.colcon_core.package_identification:_identify(install) by extension 'ignore'
[0.132s] Level 1:colcon.colcon_core.package_identification:_identify(install) ignored
[0.133s] Level 1:colcon.colcon_core.package_identification:_identify(log) by extensions ['ignore', 'ignore_ament_install']
[0.133s] Level 1:colcon.colcon_core.package_identification:_identify(log) by extension 'ignore'
[0.133s] Level 1:colcon.colcon_core.package_identification:_identify(log) ignored
[0.133s] Level 1:colcon.colcon_core.package_identification:_identify(src) by extensions ['ignore', 'ignore_ament_install']
[0.133s] Level 1:colcon.colcon_core.package_identification:_identify(src) by extension 'ignore'
[0.133s] Level 1:colcon.colcon_core.package_identification:_identify(src) by extension 'ignore_ament_install'
[0.133s] Level 1:colcon.colcon_core.package_identification:_identify(src) by extensions ['colcon_pkg']
[0.133s] Level 1:colcon.colcon_core.package_identification:_identify(src) by extension 'colcon_pkg'
[0.134s] Level 1:colcon.colcon_core.package_identification:_identify(src) by extensions ['colcon_meta']
[0.134s] Level 1:colcon.colcon_core.package_identification:_identify(src) by extension 'colcon_meta'
[0.134s] Level 1:colcon.colcon_core.package_identification:_identify(src) by extensions ['ros']
[0.134s] Level 1:colcon.colcon_core.package_identification:_identify(src) by extension 'ros'
[0.134s] Level 1:colcon.colcon_core.package_identification:_identify(src) by extensions ['cmake', 'python']
[0.134s] Level 1:colcon.colcon_core.package_identification:_identify(src) by extension 'cmake'
[0.134s] Level 1:colcon.colcon_core.package_identification:_identify(src) by extension 'python'
[0.134s] Level 1:colcon.colcon_core.package_identification:_identify(src) by extensions ['python_setup_py']
[0.134s] Level 1:colcon.colcon_core.package_identification:_identify(src) by extension 'python_setup_py'
[0.134s] Level 1:colcon.colcon_core.package_identification:_identify(src/auto_nav) by extensions ['ignore', 'ignore_ament_install']
[0.134s] Level 1:colcon.colcon_core.package_identification:_identify(src/auto_nav) by extension 'ignore'
[0.134s] Level 1:colcon.colcon_core.package_identification:_identify(src/auto_nav) by extension 'ignore_ament_install'
[0.134s] Level 1:colcon.colcon_core.package_identification:_identify(src/auto_nav) by extensions ['colcon_pkg']
[0.134s] Level 1:colcon.colcon_core.package_identification:_identify(src/auto_nav) by extension 'colcon_pkg'
[0.134s] Level 1:colcon.colcon_core.package_identification:_identify(src/auto_nav) by extensions ['colcon_meta']
[0.134s] Level 1:colcon.colcon_core.package_identification:_identify(src/auto_nav) by extension 'colcon_meta'
[0.134s] Level 1:colcon.colcon_core.package_identification:_identify(src/auto_nav) by extensions ['ros']
[0.134s] Level 1:colcon.colcon_core.package_identification:_identify(src/auto_nav) by extension 'ros'
[0.136s] DEBUG:colcon.colcon_core.package_identification:Package 'src/auto_nav' with type 'ros.ament_python' and name 'auto_nav'
[0.136s] Level 1:colcon.colcon_core.package_identification:_identify(src/py_pubsub) by extensions ['ignore', 'ignore_ament_install']
[0.136s] Level 1:colcon.colcon_core.package_identification:_identify(src/py_pubsub) by extension 'ignore'
[0.136s] Level 1:colcon.colcon_core.package_identification:_identify(src/py_pubsub) by extension 'ignore_ament_install'
[0.136s] Level 1:colcon.colcon_core.package_identification:_identify(src/py_pubsub) by extensions ['colcon_pkg']
[0.136s] Level 1:colcon.colcon_core.package_identification:_identify(src/py_pubsub) by extension 'colcon_pkg'
[0.136s] Level 1:colcon.colcon_core.package_identification:_identify(src/py_pubsub) by extensions ['colcon_meta']
[0.136s] Level 1:colcon.colcon_core.package_identification:_identify(src/py_pubsub) by extension 'colcon_meta'
[0.136s] Level 1:colcon.colcon_core.package_identification:_identify(src/py_pubsub) by extensions ['ros']
[0.136s] Level 1:colcon.colcon_core.package_identification:_identify(src/py_pubsub) by extension 'ros'
[0.137s] DEBUG:colcon.colcon_core.package_identification:Package 'src/py_pubsub' with type 'ros.ament_python' and name 'py_pubsub'
[0.137s] Level 1:colcon.colcon_core.package_identification:_identify(src/turtlebot3_simulations) by extensions ['ignore', 'ignore_ament_install']
[0.137s] Level 1:colcon.colcon_core.package_identification:_identify(src/turtlebot3_simulations) by extension 'ignore'
[0.137s] Level 1:colcon.colcon_core.package_identification:_identify(src/turtlebot3_simulations) by extension 'ignore_ament_install'
[0.137s] Level 1:colcon.colcon_core.package_identification:_identify(src/turtlebot3_simulations) by extensions ['colcon_pkg']
[0.137s] Level 1:colcon.colcon_core.package_identification:_identify(src/turtlebot3_simulations) by extension 'colcon_pkg'
[0.137s] Level 1:colcon.colcon_core.package_identification:_identify(src/turtlebot3_simulations) by extensions ['colcon_meta']
[0.137s] Level 1:colcon.colcon_core.package_identification:_identify(src/turtlebot3_simulations) by extension 'colcon_meta'
[0.137s] Level 1:colcon.colcon_core.package_identification:_identify(src/turtlebot3_simulations) by extensions ['ros']
[0.137s] Level 1:colcon.colcon_core.package_identification:_identify(src/turtlebot3_simulations) by extension 'ros'
[0.137s] Level 1:colcon.colcon_core.package_identification:_identify(src/turtlebot3_simulations) by extensions ['cmake', 'python']
[0.137s] Level 1:colcon.colcon_core.package_identification:_identify(src/turtlebot3_simulations) by extension 'cmake'
[0.138s] Level 1:colcon.colcon_core.package_identification:_identify(src/turtlebot3_simulations) by extension 'python'
[0.138s] Level 1:colcon.colcon_core.package_identification:_identify(src/turtlebot3_simulations) by extensions ['python_setup_py']
[0.138s] Level 1:colcon.colcon_core.package_identification:_identify(src/turtlebot3_simulations) by extension 'python_setup_py'
[0.138s] Level 1:colcon.colcon_core.package_identification:_identify(src/turtlebot3_simulations/turtlebot3_cartographer2) by extensions ['ignore', 'ignore_ament_install']
[0.138s] Level 1:colcon.colcon_core.package_identification:_identify(src/turtlebot3_simulations/turtlebot3_cartographer2) by extension 'ignore'
[0.138s] Level 1:colcon.colcon_core.package_identification:_identify(src/turtlebot3_simulations/turtlebot3_cartographer2) by extension 'ignore_ament_install'
[0.138s] Level 1:colcon.colcon_core.package_identification:_identify(src/turtlebot3_simulations/turtlebot3_cartographer2) by extensions ['colcon_pkg']
[0.138s] Level 1:colcon.colcon_core.package_identification:_identify(src/turtlebot3_simulations/turtlebot3_cartographer2) by extension 'colcon_pkg'
[0.138s] Level 1:colcon.colcon_core.package_identification:_identify(src/turtlebot3_simulations/turtlebot3_cartographer2) by extensions ['colcon_meta']
[0.138s] Level 1:colcon.colcon_core.package_identification:_identify(src/turtlebot3_simulations/turtlebot3_cartographer2) by extension 'colcon_meta'
[0.138s] Level 1:colcon.colcon_core.package_identification:_identify(src/turtlebot3_simulations/turtlebot3_cartographer2) by extensions ['ros']
[0.138s] Level 1:colcon.colcon_core.package_identification:_identify(src/turtlebot3_simulations/turtlebot3_cartographer2) by extension 'ros'
[0.138s] DEBUG:colcon.colcon_core.package_identification:Package 'src/turtlebot3_simulations/turtlebot3_cartographer2' with type 'ros.ament_cmake' and name 'turtlebot3_cartographer2'
[0.139s] Level 1:colcon.colcon_core.package_identification:_identify(src/turtlebot3_simulations/turtlebot3_fake_node) by extensions ['ignore', 'ignore_ament_install']
[0.139s] Level 1:colcon.colcon_core.package_identification:_identify(src/turtlebot3_simulations/turtlebot3_fake_node) by extension 'ignore'
[0.139s] Level 1:colcon.colcon_core.package_identification:_identify(src/turtlebot3_simulations/turtlebot3_fake_node) by extension 'ignore_ament_install'
[0.139s] Level 1:colcon.colcon_core.package_identification:_identify(src/turtlebot3_simulations/turtlebot3_fake_node) by extensions ['colcon_pkg']
[0.139s] Level 1:colcon.colcon_core.package_identification:_identify(src/turtlebot3_simulations/turtlebot3_fake_node) by extension 'colcon_pkg'
[0.139s] Level 1:colcon.colcon_core.package_identification:_identify(src/turtlebot3_simulations/turtlebot3_fake_node) by extensions ['colcon_meta']
[0.139s] Level 1:colcon.colcon_core.package_identification:_identify(src/turtlebot3_simulations/turtlebot3_fake_node) by extension 'colcon_meta'
[0.139s] Level 1:colcon.colcon_core.package_identification:_identify(src/turtlebot3_simulations/turtlebot3_fake_node) by extensions ['ros']
[0.139s] Level 1:colcon.colcon_core.package_identification:_identify(src/turtlebot3_simulations/turtlebot3_fake_node) by extension 'ros'
[0.140s] DEBUG:colcon.colcon_core.package_identification:Package 'src/turtlebot3_simulations/turtlebot3_fake_node' with type 'ros.ament_cmake' and name 'turtlebot3_fake_node'
[0.140s] Level 1:colcon.colcon_core.package_identification:_identify(src/turtlebot3_simulations/turtlebot3_gazebo) by extensions ['ignore', 'ignore_ament_install']
[0.140s] Level 1:colcon.colcon_core.package_identification:_identify(src/turtlebot3_simulations/turtlebot3_gazebo) by extension 'ignore'
[0.140s] Level 1:colcon.colcon_core.package_identification:_identify(src/turtlebot3_simulations/turtlebot3_gazebo) by extension 'ignore_ament_install'
[0.140s] Level 1:colcon.colcon_core.package_identification:_identify(src/turtlebot3_simulations/turtlebot3_gazebo) by extensions ['colcon_pkg']
[0.140s] Level 1:colcon.colcon_core.package_identification:_identify(src/turtlebot3_simulations/turtlebot3_gazebo) by extension 'colcon_pkg'
[0.140s] Level 1:colcon.colcon_core.package_identification:_identify(src/turtlebot3_simulations/turtlebot3_gazebo) by extensions ['colcon_meta']
[0.140s] Level 1:colcon.colcon_core.package_identification:_identify(src/turtlebot3_simulations/turtlebot3_gazebo) by extension 'colcon_meta'
[0.140s] Level 1:colcon.colcon_core.package_identification:_identify(src/turtlebot3_simulations/turtlebot3_gazebo) by extensions ['ros']
[0.141s] Level 1:colcon.colcon_core.package_identification:_identify(src/turtlebot3_simulations/turtlebot3_gazebo) by extension 'ros'
[0.141s] DEBUG:colcon.colcon_core.package_identification:Package 'src/turtlebot3_simulations/turtlebot3_gazebo' with type 'ros.ament_cmake' and name 'turtlebot3_gazebo'
[0.141s] Level 1:colcon.colcon_core.package_identification:_identify(src/turtlebot3_simulations/turtlebot3_simulations) by extensions ['ignore', 'ignore_ament_install']
[0.141s] Level 1:colcon.colcon_core.package_identification:_identify(src/turtlebot3_simulations/turtlebot3_simulations) by extension 'ignore'
[0.141s] Level 1:colcon.colcon_core.package_identification:_identify(src/turtlebot3_simulations/turtlebot3_simulations) by extension 'ignore_ament_install'
[0.141s] Level 1:colcon.colcon_core.package_identification:_identify(src/turtlebot3_simulations/turtlebot3_simulations) by extensions ['colcon_pkg']
[0.142s] Level 1:colcon.colcon_core.package_identification:_identify(src/turtlebot3_simulations/turtlebot3_simulations) by extension 'colcon_pkg'
[0.142s] Level 1:colcon.colcon_core.package_identification:_identify(src/turtlebot3_simulations/turtlebot3_simulations) by extensions ['colcon_meta']
[0.142s] Level 1:colcon.colcon_core.package_identification:_identify(src/turtlebot3_simulations/turtlebot3_simulations) by extension 'colcon_meta'
[0.142s] Level 1:colcon.colcon_core.package_identification:_identify(src/turtlebot3_simulations/turtlebot3_simulations) by extensions ['ros']
[0.142s] Level 1:colcon.colcon_core.package_identification:_identify(src/turtlebot3_simulations/turtlebot3_simulations) by extension 'ros'
[0.142s] DEBUG:colcon.colcon_core.package_identification:Package 'src/turtlebot3_simulations/turtlebot3_simulations' with type 'ros.ament_cmake' and name 'turtlebot3_simulations'
[0.142s] Level 1:colcon.colcon_core.package_discovery:discover_packages(recursive) using defaults
[0.142s] Level 1:colcon.colcon_core.package_discovery:discover_packages(ignore) discover
[0.142s] Level 1:colcon.colcon_core.package_discovery:discover_packages(ignore) using defaults
[0.142s] Level 1:colcon.colcon_core.package_discovery:discover_packages(path) discover
[0.142s] Level 1:colcon.colcon_core.package_discovery:discover_packages(path) using defaults
[0.159s] Level 5:colcon.colcon_core.verb:set package 'auto_nav' build argument 'cmake_args' from command line to 'None'
[0.159s] Level 5:colcon.colcon_core.verb:set package 'auto_nav' build argument 'cmake_target' from command line to 'None'
[0.159s] Level 5:colcon.colcon_core.verb:set package 'auto_nav' build argument 'cmake_target_skip_unavailable' from command line to 'False'
[0.159s] Level 5:colcon.colcon_core.verb:set package 'auto_nav' build argument 'cmake_clean_cache' from command line to 'False'
[0.159s] Level 5:colcon.colcon_core.verb:set package 'auto_nav' build argument 'cmake_clean_first' from command line to 'False'
[0.159s] Level 5:colcon.colcon_core.verb:set package 'auto_nav' build argument 'cmake_force_configure' from command line to 'False'
[0.159s] Level 5:colcon.colcon_core.verb:set package 'auto_nav' build argument 'ament_cmake_args' from command line to 'None'
[0.159s] Level 5:colcon.colcon_core.verb:set package 'auto_nav' build argument 'catkin_cmake_args' from command line to 'None'
[0.159s] Level 5:colcon.colcon_core.verb:set package 'auto_nav' build argument 'catkin_skip_building_tests' from command line to 'False'
[0.160s] DEBUG:colcon.colcon_core.verb:Building package 'auto_nav' with the following arguments: {'ament_cmake_args': None, 'build_base': '/home/prince/colcon_ws/build/auto_nav', 'catkin_cmake_args': None, 'catkin_skip_building_tests': False, 'cmake_args': None, 'cmake_clean_cache': False, 'cmake_clean_first': False, 'cmake_force_configure': False, 'cmake_target': None, 'cmake_target_skip_unavailable': False, 'install_base': '/home/prince/colcon_ws/install/auto_nav', 'merge_install': False, 'path': '/home/prince/colcon_ws/src/auto_nav', 'symlink_install': False, 'test_result_base': None}
[0.160s] Level 5:colcon.colcon_core.verb:set package 'py_pubsub' build argument 'cmake_args' from command line to 'None'
[0.160s] Level 5:colcon.colcon_core.verb:set package 'py_pubsub' build argument 'cmake_target' from command line to 'None'
[0.160s] Level 5:colcon.colcon_core.verb:set package 'py_pubsub' build argument 'cmake_target_skip_unavailable' from command line to 'False'
[0.160s] Level 5:colcon.colcon_core.verb:set package 'py_pubsub' build argument 'cmake_clean_cache' from command line to 'False'
[0.160s] Level 5:colcon.colcon_core.verb:set package 'py_pubsub' build argument 'cmake_clean_first' from command line to 'False'
[0.160s] Level 5:colcon.colcon_core.verb:set package 'py_pubsub' build argument 'cmake_force_configure' from command line to 'False'
[0.160s] Level 5:colcon.colcon_core.verb:set package 'py_pubsub' build argument 'ament_cmake_args' from command line to 'None'
[0.160s] Level 5:colcon.colcon_core.verb:set package 'py_pubsub' build argument 'catkin_cmake_args' from command line to 'None'
[0.160s] Level 5:colcon.colcon_core.verb:set package 'py_pubsub' build argument 'catkin_skip_building_tests' from command line to 'False'
[0.160s] DEBUG:colcon.colcon_core.verb:Building package 'py_pubsub' with the following arguments: {'ament_cmake_args': None, 'build_base': '/home/prince/colcon_ws/build/py_pubsub', 'catkin_cmake_args': None, 'catkin_skip_building_tests': False, 'cmake_args': None, 'cmake_clean_cache': False, 'cmake_clean_first': False, 'cmake_force_configure': False, 'cmake_target': None, 'cmake_target_skip_unavailable': False, 'install_base': '/home/prince/colcon_ws/install/py_pubsub', 'merge_install': False, 'path': '/home/prince/colcon_ws/src/py_pubsub', 'symlink_install': False, 'test_result_base': None}
[0.161s] Level 5:colcon.colcon_core.verb:set package 'turtlebot3_cartographer2' build argument 'cmake_args' from command line to 'None'
[0.161s] Level 5:colcon.colcon_core.verb:set package 'turtlebot3_cartographer2' build argument 'cmake_target' from command line to 'None'
[0.161s] Level 5:colcon.colcon_core.verb:set package 'turtlebot3_cartographer2' build argument 'cmake_target_skip_unavailable' from command line to 'False'
[0.161s] Level 5:colcon.colcon_core.verb:set package 'turtlebot3_cartographer2' build argument 'cmake_clean_cache' from command line to 'False'
[0.161s] Level 5:colcon.colcon_core.verb:set package 'turtlebot3_cartographer2' build argument 'cmake_clean_first' from command line to 'False'
[0.161s] Level 5:colcon.colcon_core.verb:set package 'turtlebot3_cartographer2' build argument 'cmake_force_configure' from command line to 'False'
[0.161s] Level 5:colcon.colcon_core.verb:set package 'turtlebot3_cartographer2' build argument 'ament_cmake_args' from command line to 'None'
[0.161s] Level 5:colcon.colcon_core.verb:set package 'turtlebot3_cartographer2' build argument 'catkin_cmake_args' from command line to 'None'
[0.161s] Level 5:colcon.colcon_core.verb:set package 'turtlebot3_cartographer2' build argument 'catkin_skip_building_tests' from command line to 'False'
[0.161s] DEBUG:colcon.colcon_core.verb:Building package 'turtlebot3_cartographer2' with the following arguments: {'ament_cmake_args': None, 'build_base': '/home/prince/colcon_ws/build/turtlebot3_cartographer2', 'catkin_cmake_args': None, 'catkin_skip_building_tests': False, 'cmake_args': None, 'cmake_clean_cache': False, 'cmake_clean_first': False, 'cmake_force_configure': False, 'cmake_target': None, 'cmake_target_skip_unavailable': False, 'install_base': '/home/prince/colcon_ws/install/turtlebot3_cartographer2', 'merge_install': False, 'path': '/home/prince/colcon_ws/src/turtlebot3_simulations/turtlebot3_cartographer2', 'symlink_install': False, 'test_result_base': None}
[0.161s] Level 5:colcon.colcon_core.verb:set package 'turtlebot3_fake_node' build argument 'cmake_args' from command line to 'None'
[0.161s] Level 5:colcon.colcon_core.verb:set package 'turtlebot3_fake_node' build argument 'cmake_target' from command line to 'None'
[0.161s] Level 5:colcon.colcon_core.verb:set package 'turtlebot3_fake_node' build argument 'cmake_target_skip_unavailable' from command line to 'False'
[0.161s] Level 5:colcon.colcon_core.verb:set package 'turtlebot3_fake_node' build argument 'cmake_clean_cache' from command line to 'False'
[0.161s] Level 5:colcon.colcon_core.verb:set package 'turtlebot3_fake_node' build argument 'cmake_clean_first' from command line to 'False'
[0.161s] Level 5:colcon.colcon_core.verb:set package 'turtlebot3_fake_node' build argument 'cmake_force_configure' from command line to 'False'
[0.161s] Level 5:colcon.colcon_core.verb:set package 'turtlebot3_fake_node' build argument 'ament_cmake_args' from command line to 'None'
[0.161s] Level 5:colcon.colcon_core.verb:set package 'turtlebot3_fake_node' build argument 'catkin_cmake_args' from command line to 'None'
[0.161s] Level 5:colcon.colcon_core.verb:set package 'turtlebot3_fake_node' build argument 'catkin_skip_building_tests' from command line to 'False'
[0.161s] DEBUG:colcon.colcon_core.verb:Building package 'turtlebot3_fake_node' with the following arguments: {'ament_cmake_args': None, 'build_base': '/home/prince/colcon_ws/build/turtlebot3_fake_node', 'catkin_cmake_args': None, 'catkin_skip_building_tests': False, 'cmake_args': None, 'cmake_clean_cache': False, 'cmake_clean_first': False, 'cmake_force_configure': False, 'cmake_target': None, 'cmake_target_skip_unavailable': False, 'install_base': '/home/prince/colcon_ws/install/turtlebot3_fake_node', 'merge_install': False, 'path': '/home/prince/colcon_ws/src/turtlebot3_simulations/turtlebot3_fake_node', 'symlink_install': False, 'test_result_base': None}
[0.162s] Level 5:colcon.colcon_core.verb:set package 'turtlebot3_gazebo' build argument 'cmake_args' from command line to 'None'
[0.162s] Level 5:colcon.colcon_core.verb:set package 'turtlebot3_gazebo' build argument 'cmake_target' from command line to 'None'
[0.162s] Level 5:colcon.colcon_core.verb:set package 'turtlebot3_gazebo' build argument 'cmake_target_skip_unavailable' from command line to 'False'
[0.162s] Level 5:colcon.colcon_core.verb:set package 'turtlebot3_gazebo' build argument 'cmake_clean_cache' from command line to 'False'
[0.162s] Level 5:colcon.colcon_core.verb:set package 'turtlebot3_gazebo' build argument 'cmake_clean_first' from command line to 'False'
[0.162s] Level 5:colcon.colcon_core.verb:set package 'turtlebot3_gazebo' build argument 'cmake_force_configure' from command line to 'False'
[0.162s] Level 5:colcon.colcon_core.verb:set package 'turtlebot3_gazebo' build argument 'ament_cmake_args' from command line to 'None'
[0.162s] Level 5:colcon.colcon_core.verb:set package 'turtlebot3_gazebo' build argument 'catkin_cmake_args' from command line to 'None'
[0.162s] Level 5:colcon.colcon_core.verb:set package 'turtlebot3_gazebo' build argument 'catkin_skip_building_tests' from command line to 'False'
[0.162s] DEBUG:colcon.colcon_core.verb:Building package 'turtlebot3_gazebo' with the following arguments: {'ament_cmake_args': None, 'build_base': '/home/prince/colcon_ws/build/turtlebot3_gazebo', 'catkin_cmake_args': None, 'catkin_skip_building_tests': False, 'cmake_args': None, 'cmake_clean_cache': False, 'cmake_clean_first': False, 'cmake_force_configure': False, 'cmake_target': None, 'cmake_target_skip_unavailable': False, 'install_base': '/home/prince/colcon_ws/install/turtlebot3_gazebo', 'merge_install': False, 'path': '/home/prince/colcon_ws/src/turtlebot3_simulations/turtlebot3_gazebo', 'symlink_install': False, 'test_result_base': None}
[0.163s] Level 5:colcon.colcon_core.verb:set package 'turtlebot3_simulations' build argument 'cmake_args' from command line to 'None'
[0.163s] Level 5:colcon.colcon_core.verb:set package 'turtlebot3_simulations' build argument 'cmake_target' from command line to 'None'
[0.163s] Level 5:colcon.colcon_core.verb:set package 'turtlebot3_simulations' build argument 'cmake_target_skip_unavailable' from command line to 'False'
[0.163s] Level 5:colcon.colcon_core.verb:set package 'turtlebot3_simulations' build argument 'cmake_clean_cache' from command line to 'False'
[0.163s] Level 5:colcon.colcon_core.verb:set package 'turtlebot3_simulations' build argument 'cmake_clean_first' from command line to 'False'
[0.163s] Level 5:colcon.colcon_core.verb:set package 'turtlebot3_simulations' build argument 'cmake_force_configure' from command line to 'False'
[0.163s] Level 5:colcon.colcon_core.verb:set package 'turtlebot3_simulations' build argument 'ament_cmake_args' from command line to 'None'
[0.163s] Level 5:colcon.colcon_core.verb:set package 'turtlebot3_simulations' build argument 'catkin_cmake_args' from command line to 'None'
[0.163s] Level 5:colcon.colcon_core.verb:set package 'turtlebot3_simulations' build argument 'catkin_skip_building_tests' from command line to 'False'
[0.163s] DEBUG:colcon.colcon_core.verb:Building package 'turtlebot3_simulations' with the following arguments: {'ament_cmake_args': None, 'build_base': '/home/prince/colcon_ws/build/turtlebot3_simulations', 'catkin_cmake_args': None, 'catkin_skip_building_tests': False, 'cmake_args': None, 'cmake_clean_cache': False, 'cmake_clean_first': False, 'cmake_force_configure': False, 'cmake_target': None, 'cmake_target_skip_unavailable': False, 'install_base': '/home/prince/colcon_ws/install/turtlebot3_simulations', 'merge_install': False, 'path': '/home/prince/colcon_ws/src/turtlebot3_simulations/turtlebot3_simulations', 'symlink_install': False, 'test_result_base': None}
[0.165s] INFO:colcon.colcon_core.executor:Executing jobs using 'parallel' executor
[0.167s] DEBUG:colcon.colcon_parallel_executor.executor.parallel:run_until_complete
[0.168s] INFO:colcon.colcon_ros.task.ament_cmake.build:Building ROS package in '/home/prince/colcon_ws/src/turtlebot3_simulations/turtlebot3_fake_node' with build type 'ament_cmake'
[0.168s] INFO:colcon.colcon_cmake.task.cmake.build:Building CMake package in '/home/prince/colcon_ws/src/turtlebot3_simulations/turtlebot3_fake_node'
[0.174s] INFO:colcon.colcon_core.plugin_system:Skipping extension 'colcon_core.shell.bat': Not used on non-Windows systems
[0.175s] INFO:colcon.colcon_core.shell:Skip shell extension 'powershell' for command environment: Not usable outside of PowerShell
[0.175s] DEBUG:colcon.colcon_core.shell:Skip shell extension 'dsv' for command environment
[0.176s] DEBUG:colcon.colcon_core.shell:Ignoring prefix path '/home/prince/Desktop/catkin_ws/devel'
[0.177s] DEBUG:colcon.colcon_core.shell:Ignoring prefix path '/opt/ros/noetic'
[0.182s] INFO:colcon.colcon_ros.task.ament_cmake.build:Building ROS package in '/home/prince/colcon_ws/src/turtlebot3_simulations/turtlebot3_gazebo' with build type 'ament_cmake'
[0.182s] INFO:colcon.colcon_cmake.task.cmake.build:Building CMake package in '/home/prince/colcon_ws/src/turtlebot3_simulations/turtlebot3_gazebo'
[0.183s] INFO:colcon.colcon_core.shell:Skip shell extension 'powershell' for command environment: Not usable outside of PowerShell
[0.183s] DEBUG:colcon.colcon_core.shell:Skip shell extension 'dsv' for command environment
[0.184s] DEBUG:colcon.colcon_core.shell:Ignoring prefix path '/home/prince/Desktop/catkin_ws/devel'
[0.184s] DEBUG:colcon.colcon_core.shell:Ignoring prefix path '/opt/ros/noetic'
[0.187s] INFO:colcon.colcon_ros.task.ament_python.build:Building ROS package in '/home/prince/colcon_ws/src/auto_nav' with build type 'ament_python'
[0.187s] Level 1:colcon.colcon_core.shell:create_environment_hook('auto_nav', 'ament_prefix_path')
[0.188s] INFO:colcon.colcon_core.shell:Creating environment hook '/home/prince/colcon_ws/install/auto_nav/share/auto_nav/hook/ament_prefix_path.ps1'
[0.189s] INFO:colcon.colcon_core.shell:Creating environment descriptor '/home/prince/colcon_ws/install/auto_nav/share/auto_nav/hook/ament_prefix_path.dsv'
[0.190s] INFO:colcon.colcon_core.shell:Creating environment hook '/home/prince/colcon_ws/install/auto_nav/share/auto_nav/hook/ament_prefix_path.sh'
[0.191s] INFO:colcon.colcon_core.shell:Skip shell extension 'powershell' for command environment: Not usable outside of PowerShell
[0.191s] DEBUG:colcon.colcon_core.shell:Skip shell extension 'dsv' for command environment
[0.192s] DEBUG:colcon.colcon_core.shell:Ignoring prefix path '/home/prince/Desktop/catkin_ws/devel'
[0.192s] DEBUG:colcon.colcon_core.shell:Ignoring prefix path '/opt/ros/noetic'
[0.194s] INFO:colcon.colcon_ros.task.ament_python.build:Building ROS package in '/home/prince/colcon_ws/src/py_pubsub' with build type 'ament_python'
[0.194s] Level 1:colcon.colcon_core.shell:create_environment_hook('py_pubsub', 'ament_prefix_path')
[0.195s] INFO:colcon.colcon_core.shell:Creating environment hook '/home/prince/colcon_ws/install/py_pubsub/share/py_pubsub/hook/ament_prefix_path.ps1'
[0.197s] INFO:colcon.colcon_core.shell:Creating environment descriptor '/home/prince/colcon_ws/install/py_pubsub/share/py_pubsub/hook/ament_prefix_path.dsv'
[0.197s] INFO:colcon.colcon_core.shell:Creating environment hook '/home/prince/colcon_ws/install/py_pubsub/share/py_pubsub/hook/ament_prefix_path.sh'
[0.198s] INFO:colcon.colcon_core.shell:Skip shell extension 'powershell' for command environment: Not usable outside of PowerShell
[0.198s] DEBUG:colcon.colcon_core.shell:Skip shell extension 'dsv' for command environment
[0.199s] DEBUG:colcon.colcon_core.shell:Ignoring prefix path '/home/prince/Desktop/catkin_ws/devel'
[0.199s] DEBUG:colcon.colcon_core.shell:Ignoring prefix path '/opt/ros/noetic'
[0.202s] INFO:colcon.colcon_ros.task.ament_cmake.build:Building ROS package in '/home/prince/colcon_ws/src/turtlebot3_simulations/turtlebot3_cartographer2' with build type 'ament_cmake'
[0.202s] INFO:colcon.colcon_cmake.task.cmake.build:Building CMake package in '/home/prince/colcon_ws/src/turtlebot3_simulations/turtlebot3_cartographer2'
[0.203s] INFO:colcon.colcon_core.shell:Skip shell extension 'powershell' for command environment: Not usable outside of PowerShell
[0.203s] DEBUG:colcon.colcon_core.shell:Skip shell extension 'dsv' for command environment
[0.204s] DEBUG:colcon.colcon_core.shell:Ignoring prefix path '/home/prince/Desktop/catkin_ws/devel'
[0.204s] DEBUG:colcon.colcon_core.shell:Ignoring prefix path '/opt/ros/noetic'
[0.212s] DEBUG:colcon.colcon_core.event_handler.log_command:Invoking command in '/home/prince/colcon_ws/build/turtlebot3_fake_node': /usr/bin/cmake --build /home/prince/colcon_ws/build/turtlebot3_fake_node -- -j16 -l16
[0.223s] DEBUG:colcon.colcon_core.event_handler.log_command:Invoking command in '/home/prince/colcon_ws/build/turtlebot3_gazebo': /usr/bin/cmake --build /home/prince/colcon_ws/build/turtlebot3_gazebo -- -j16 -l16
[0.413s] INFO:colcon.colcon_core.task.python.build:Building Python package in '/home/prince/colcon_ws/src/auto_nav'
[0.414s] INFO:colcon.colcon_core.shell:Skip shell extension 'powershell' for command environment: Not usable outside of PowerShell
[0.414s] DEBUG:colcon.colcon_core.shell:Skip shell extension 'dsv' for command environment
[0.416s] DEBUG:colcon.colcon_core.shell:Ignoring prefix path '/home/prince/Desktop/catkin_ws/devel'
[0.418s] DEBUG:colcon.colcon_core.shell:Ignoring prefix path '/opt/ros/noetic'
[0.609s] INFO:colcon.colcon_core.task.python.build:Building Python package in '/home/prince/colcon_ws/src/py_pubsub'
[0.610s] INFO:colcon.colcon_core.shell:Skip shell extension 'powershell' for command environment: Not usable outside of PowerShell
[0.610s] DEBUG:colcon.colcon_core.shell:Skip shell extension 'dsv' for command environment
[0.612s] DEBUG:colcon.colcon_core.shell:Ignoring prefix path '/home/prince/Desktop/catkin_ws/devel'
[0.613s] DEBUG:colcon.colcon_core.shell:Ignoring prefix path '/opt/ros/noetic'
[0.624s] DEBUG:colcon.colcon_core.event_handler.log_command:Invoking command in '/home/prince/colcon_ws/build/turtlebot3_cartographer2': /usr/bin/cmake --build /home/prince/colcon_ws/build/turtlebot3_cartographer2 -- -j16 -l16
[0.629s] DEBUG:colcon.colcon_core.event_handler.log_command:Invoked command in '/home/prince/colcon_ws/build/turtlebot3_fake_node' returned '0': /usr/bin/cmake --build /home/prince/colcon_ws/build/turtlebot3_fake_node -- -j16 -l16
[0.632s] DEBUG:colcon.colcon_core.event_handler.log_command:Invoked command in '/home/prince/colcon_ws/build/turtlebot3_gazebo' returned '0': /usr/bin/cmake --build /home/prince/colcon_ws/build/turtlebot3_gazebo -- -j16 -l16
[0.664s] DEBUG:colcon.colcon_core.event_handler.log_command:Invoking command in '/home/prince/colcon_ws/build/turtlebot3_fake_node': /usr/bin/cmake --install /home/prince/colcon_ws/build/turtlebot3_fake_node
[0.668s] DEBUG:colcon.colcon_core.event_handler.log_command:Invoking command in '/home/prince/colcon_ws/build/turtlebot3_gazebo': /usr/bin/cmake --install /home/prince/colcon_ws/build/turtlebot3_gazebo
[0.670s] DEBUG:colcon.colcon_core.event_handler.log_command:Invoked command in '/home/prince/colcon_ws/build/turtlebot3_cartographer2' returned '0': /usr/bin/cmake --build /home/prince/colcon_ws/build/turtlebot3_cartographer2 -- -j16 -l16
[0.675s] Level 1:colcon.colcon_core.environment:create_environment_scripts_only(turtlebot3_fake_node)
[0.683s] DEBUG:colcon.colcon_core.event_handler.log_command:Invoked command in '/home/prince/colcon_ws/build/turtlebot3_fake_node' returned '0': /usr/bin/cmake --install /home/prince/colcon_ws/build/turtlebot3_fake_node
[0.684s] Level 1:colcon.colcon_core.environment:checking '/home/prince/colcon_ws/install/turtlebot3_fake_node' for CMake module files
[0.686s] Level 1:colcon.colcon_core.environment:checking '/home/prince/colcon_ws/install/turtlebot3_fake_node' for CMake config files
[0.687s] Level 1:colcon.colcon_core.shell:create_environment_hook('turtlebot3_fake_node', 'cmake_prefix_path')
[0.687s] INFO:colcon.colcon_core.shell:Creating environment hook '/home/prince/colcon_ws/install/turtlebot3_fake_node/share/turtlebot3_fake_node/hook/cmake_prefix_path.ps1'
[0.688s] INFO:colcon.colcon_core.shell:Creating environment descriptor '/home/prince/colcon_ws/install/turtlebot3_fake_node/share/turtlebot3_fake_node/hook/cmake_prefix_path.dsv'
[0.689s] INFO:colcon.colcon_core.shell:Creating environment hook '/home/prince/colcon_ws/install/turtlebot3_fake_node/share/turtlebot3_fake_node/hook/cmake_prefix_path.sh'
[0.690s] Level 1:colcon.colcon_core.environment:checking '/home/prince/colcon_ws/install/turtlebot3_fake_node/lib'
[0.690s] Level 1:colcon.colcon_core.environment:checking '/home/prince/colcon_ws/install/turtlebot3_fake_node/bin'
[0.690s] Level 1:colcon.colcon_core.environment:checking '/home/prince/colcon_ws/install/turtlebot3_fake_node/lib/pkgconfig/turtlebot3_fake_node.pc'
[0.691s] Level 1:colcon.colcon_core.environment:checking '/home/prince/colcon_ws/install/turtlebot3_fake_node/lib/python3.8/site-packages'
[0.691s] INFO:colcon.colcon_core.shell:Creating package script '/home/prince/colcon_ws/install/turtlebot3_fake_node/share/turtlebot3_fake_node/package.ps1'
[0.692s] INFO:colcon.colcon_core.shell:Creating package descriptor '/home/prince/colcon_ws/install/turtlebot3_fake_node/share/turtlebot3_fake_node/package.dsv'
[0.693s] INFO:colcon.colcon_core.shell:Creating package script '/home/prince/colcon_ws/install/turtlebot3_fake_node/share/turtlebot3_fake_node/package.sh'
[0.694s] INFO:colcon.colcon_core.shell:Creating package script '/home/prince/colcon_ws/install/turtlebot3_fake_node/share/turtlebot3_fake_node/package.bash'
[0.695s] INFO:colcon.colcon_core.shell:Creating package script '/home/prince/colcon_ws/install/turtlebot3_fake_node/share/turtlebot3_fake_node/package.zsh'
[0.695s] Level 1:colcon.colcon_core.environment:create_file_with_runtime_dependencies(/home/prince/colcon_ws/install/turtlebot3_fake_node/share/colcon-core/packages/turtlebot3_fake_node)
[0.704s] Level 1:colcon.colcon_core.environment:create_environment_scripts_only(turtlebot3_gazebo)
[0.705s] Level 1:colcon.colcon_core.environment:checking '/home/prince/colcon_ws/install/turtlebot3_gazebo' for CMake module files
[0.707s] Level 1:colcon.colcon_core.environment:checking '/home/prince/colcon_ws/install/turtlebot3_gazebo' for CMake config files
[0.713s] Level 1:colcon.colcon_core.shell:create_environment_hook('turtlebot3_gazebo', 'cmake_prefix_path')
[0.714s] INFO:colcon.colcon_core.shell:Creating environment hook '/home/prince/colcon_ws/install/turtlebot3_gazebo/share/turtlebot3_gazebo/hook/cmake_prefix_path.ps1'
[0.715s] INFO:colcon.colcon_core.shell:Creating environment descriptor '/home/prince/colcon_ws/install/turtlebot3_gazebo/share/turtlebot3_gazebo/hook/cmake_prefix_path.dsv'
[0.716s] INFO:colcon.colcon_core.shell:Creating environment hook '/home/prince/colcon_ws/install/turtlebot3_gazebo/share/turtlebot3_gazebo/hook/cmake_prefix_path.sh'
[0.717s] Level 1:colcon.colcon_core.environment:checking '/home/prince/colcon_ws/install/turtlebot3_gazebo/lib'
[0.717s] Level 1:colcon.colcon_core.environment:checking '/home/prince/colcon_ws/install/turtlebot3_gazebo/bin'
[0.717s] Level 1:colcon.colcon_core.environment:checking '/home/prince/colcon_ws/install/turtlebot3_gazebo/lib/pkgconfig/turtlebot3_gazebo.pc'
[0.717s] Level 1:colcon.colcon_core.environment:checking '/home/prince/colcon_ws/install/turtlebot3_gazebo/lib/python3.8/site-packages'
[0.718s] INFO:colcon.colcon_core.shell:Creating package script '/home/prince/colcon_ws/install/turtlebot3_gazebo/share/turtlebot3_gazebo/package.ps1'
[0.719s] INFO:colcon.colcon_core.shell:Creating package descriptor '/home/prince/colcon_ws/install/turtlebot3_gazebo/share/turtlebot3_gazebo/package.dsv'
[0.720s] INFO:colcon.colcon_core.shell:Creating package script '/home/prince/colcon_ws/install/turtlebot3_gazebo/share/turtlebot3_gazebo/package.sh'
[0.720s] INFO:colcon.colcon_core.shell:Creating package script '/home/prince/colcon_ws/install/turtlebot3_gazebo/share/turtlebot3_gazebo/package.bash'
[0.721s] INFO:colcon.colcon_core.shell:Creating package script '/home/prince/colcon_ws/install/turtlebot3_gazebo/share/turtlebot3_gazebo/package.zsh'
[0.721s] Level 1:colcon.colcon_core.environment:create_file_with_runtime_dependencies(/home/prince/colcon_ws/install/turtlebot3_gazebo/share/colcon-core/packages/turtlebot3_gazebo)
[0.727s] Level 1:colcon.colcon_core.environment:create_environment_scripts_only(turtlebot3_fake_node)
[0.727s] Level 1:colcon.colcon_core.environment:checking '/home/prince/colcon_ws/install/turtlebot3_fake_node' for CMake module files
[0.729s] Level 1:colcon.colcon_core.environment:checking '/home/prince/colcon_ws/install/turtlebot3_fake_node' for CMake config files
[0.729s] Level 1:colcon.colcon_core.shell:create_environment_hook('turtlebot3_fake_node', 'cmake_prefix_path')
[0.730s] INFO:colcon.colcon_core.shell:Creating environment hook '/home/prince/colcon_ws/install/turtlebot3_fake_node/share/turtlebot3_fake_node/hook/cmake_prefix_path.ps1'
[0.731s] INFO:colcon.colcon_core.shell:Creating environment descriptor '/home/prince/colcon_ws/install/turtlebot3_fake_node/share/turtlebot3_fake_node/hook/cmake_prefix_path.dsv'
[0.731s] DEBUG:colcon.colcon_core.event_handler.log_command:Invoking command in '/home/prince/colcon_ws/build/turtlebot3_cartographer2': /usr/bin/cmake --install /home/prince/colcon_ws/build/turtlebot3_cartographer2
[0.731s] DEBUG:colcon.colcon_core.event_handler.log_command:Invoked command in '/home/prince/colcon_ws/build/turtlebot3_gazebo' returned '0': /usr/bin/cmake --install /home/prince/colcon_ws/build/turtlebot3_gazebo
[0.732s] INFO:colcon.colcon_core.shell:Creating environment hook '/home/prince/colcon_ws/install/turtlebot3_fake_node/share/turtlebot3_fake_node/hook/cmake_prefix_path.sh'
[0.733s] Level 1:colcon.colcon_core.environment:checking '/home/prince/colcon_ws/install/turtlebot3_fake_node/lib'
[0.733s] Level 1:colcon.colcon_core.environment:checking '/home/prince/colcon_ws/install/turtlebot3_fake_node/bin'
[0.733s] Level 1:colcon.colcon_core.environment:checking '/home/prince/colcon_ws/install/turtlebot3_fake_node/lib/pkgconfig/turtlebot3_fake_node.pc'
[0.733s] Level 1:colcon.colcon_core.environment:checking '/home/prince/colcon_ws/install/turtlebot3_fake_node/lib/python3.8/site-packages'
[0.734s] INFO:colcon.colcon_core.shell:Creating package script '/home/prince/colcon_ws/install/turtlebot3_fake_node/share/turtlebot3_fake_node/package.ps1'
[0.735s] INFO:colcon.colcon_core.shell:Creating package descriptor '/home/prince/colcon_ws/install/turtlebot3_fake_node/share/turtlebot3_fake_node/package.dsv'
[0.736s] INFO:colcon.colcon_core.shell:Creating package script '/home/prince/colcon_ws/install/turtlebot3_fake_node/share/turtlebot3_fake_node/package.sh'
[0.736s] INFO:colcon.colcon_core.shell:Creating package script '/home/prince/colcon_ws/install/turtlebot3_fake_node/share/turtlebot3_fake_node/package.bash'
[0.737s] INFO:colcon.colcon_core.shell:Creating package script '/home/prince/colcon_ws/install/turtlebot3_fake_node/share/turtlebot3_fake_node/package.zsh'
[0.737s] Level 1:colcon.colcon_core.environment:create_file_with_runtime_dependencies(/home/prince/colcon_ws/install/turtlebot3_fake_node/share/colcon-core/packages/turtlebot3_fake_node)
[0.738s] Level 1:colcon.colcon_core.environment:create_environment_scripts_only(turtlebot3_cartographer2)
[0.739s] Level 1:colcon.colcon_core.environment:checking '/home/prince/colcon_ws/install/turtlebot3_cartographer2' for CMake module files
[0.740s] DEBUG:colcon.colcon_core.event_handler.log_command:Invoked command in '/home/prince/colcon_ws/build/turtlebot3_cartographer2' returned '0': /usr/bin/cmake --install /home/prince/colcon_ws/build/turtlebot3_cartographer2
[0.740s] Level 1:colcon.colcon_core.environment:checking '/home/prince/colcon_ws/install/turtlebot3_cartographer2' for CMake config files
[0.740s] Level 1:colcon.colcon_core.shell:create_environment_hook('turtlebot3_cartographer2', 'cmake_prefix_path')
[0.741s] INFO:colcon.colcon_core.shell:Creating environment hook '/home/prince/colcon_ws/install/turtlebot3_cartographer2/share/turtlebot3_cartographer2/hook/cmake_prefix_path.ps1'
[0.741s] INFO:colcon.colcon_core.shell:Creating environment descriptor '/home/prince/colcon_ws/install/turtlebot3_cartographer2/share/turtlebot3_cartographer2/hook/cmake_prefix_path.dsv'
[0.741s] INFO:colcon.colcon_core.shell:Creating environment hook '/home/prince/colcon_ws/install/turtlebot3_cartographer2/share/turtlebot3_cartographer2/hook/cmake_prefix_path.sh'
[0.742s] Level 1:colcon.colcon_core.environment:checking '/home/prince/colcon_ws/install/turtlebot3_cartographer2/bin'
[0.742s] Level 1:colcon.colcon_core.environment:checking '/home/prince/colcon_ws/install/turtlebot3_cartographer2/lib/pkgconfig/turtlebot3_cartographer2.pc'
[0.742s] Level 1:colcon.colcon_core.environment:checking '/home/prince/colcon_ws/install/turtlebot3_cartographer2/lib/python3.8/site-packages'
[0.743s] INFO:colcon.colcon_core.shell:Creating package script '/home/prince/colcon_ws/install/turtlebot3_cartographer2/share/turtlebot3_cartographer2/package.ps1'
[0.743s] INFO:colcon.colcon_core.shell:Creating package descriptor '/home/prince/colcon_ws/install/turtlebot3_cartographer2/share/turtlebot3_cartographer2/package.dsv'
[0.744s] INFO:colcon.colcon_core.shell:Creating package script '/home/prince/colcon_ws/install/turtlebot3_cartographer2/share/turtlebot3_cartographer2/package.sh'
[0.744s] INFO:colcon.colcon_core.shell:Creating package script '/home/prince/colcon_ws/install/turtlebot3_cartographer2/share/turtlebot3_cartographer2/package.bash'
[0.744s] INFO:colcon.colcon_core.shell:Creating package script '/home/prince/colcon_ws/install/turtlebot3_cartographer2/share/turtlebot3_cartographer2/package.zsh'
[0.744s] Level 1:colcon.colcon_core.environment:create_file_with_runtime_dependencies(/home/prince/colcon_ws/install/turtlebot3_cartographer2/share/colcon-core/packages/turtlebot3_cartographer2)
[0.748s] Level 1:colcon.colcon_core.environment:create_environment_scripts_only(turtlebot3_gazebo)
[0.748s] Level 1:colcon.colcon_core.environment:checking '/home/prince/colcon_ws/install/turtlebot3_gazebo' for CMake module files
[0.749s] Level 1:colcon.colcon_core.environment:checking '/home/prince/colcon_ws/install/turtlebot3_gazebo' for CMake config files
[0.749s] Level 1:colcon.colcon_core.shell:create_environment_hook('turtlebot3_gazebo', 'cmake_prefix_path')
[0.750s] INFO:colcon.colcon_core.shell:Creating environment hook '/home/prince/colcon_ws/install/turtlebot3_gazebo/share/turtlebot3_gazebo/hook/cmake_prefix_path.ps1'
[0.750s] INFO:colcon.colcon_core.shell:Creating environment descriptor '/home/prince/colcon_ws/install/turtlebot3_gazebo/share/turtlebot3_gazebo/hook/cmake_prefix_path.dsv'
[0.751s] INFO:colcon.colcon_core.shell:Creating environment hook '/home/prince/colcon_ws/install/turtlebot3_gazebo/share/turtlebot3_gazebo/hook/cmake_prefix_path.sh'
[0.751s] Level 1:colcon.colcon_core.environment:checking '/home/prince/colcon_ws/install/turtlebot3_gazebo/lib'
[0.752s] Level 1:colcon.colcon_core.environment:checking '/home/prince/colcon_ws/install/turtlebot3_gazebo/bin'
[0.752s] Level 1:colcon.colcon_core.environment:checking '/home/prince/colcon_ws/install/turtlebot3_gazebo/lib/pkgconfig/turtlebot3_gazebo.pc'
[0.752s] Level 1:colcon.colcon_core.environment:checking '/home/prince/colcon_ws/install/turtlebot3_gazebo/lib/python3.8/site-packages'
[0.752s] INFO:colcon.colcon_core.shell:Creating package script '/home/prince/colcon_ws/install/turtlebot3_gazebo/share/turtlebot3_gazebo/package.ps1'
[0.753s] INFO:colcon.colcon_core.shell:Creating package descriptor '/home/prince/colcon_ws/install/turtlebot3_gazebo/share/turtlebot3_gazebo/package.dsv'
[0.753s] INFO:colcon.colcon_core.shell:Creating package script '/home/prince/colcon_ws/install/turtlebot3_gazebo/share/turtlebot3_gazebo/package.sh'
[0.754s] INFO:colcon.colcon_core.shell:Creating package script '/home/prince/colcon_ws/install/turtlebot3_gazebo/share/turtlebot3_gazebo/package.bash'
[0.754s] INFO:colcon.colcon_core.shell:Creating package script '/home/prince/colcon_ws/install/turtlebot3_gazebo/share/turtlebot3_gazebo/package.zsh'
[0.755s] Level 1:colcon.colcon_core.environment:create_file_with_runtime_dependencies(/home/prince/colcon_ws/install/turtlebot3_gazebo/share/colcon-core/packages/turtlebot3_gazebo)
[0.756s] INFO:colcon.colcon_ros.task.ament_cmake.build:Building ROS package in '/home/prince/colcon_ws/src/turtlebot3_simulations/turtlebot3_simulations' with build type 'ament_cmake'
[0.756s] INFO:colcon.colcon_cmake.task.cmake.build:Building CMake package in '/home/prince/colcon_ws/src/turtlebot3_simulations/turtlebot3_simulations'
[0.756s] INFO:colcon.colcon_core.shell:Skip shell extension 'powershell' for command environment: Not usable outside of PowerShell
[0.757s] DEBUG:colcon.colcon_core.shell:Skip shell extension 'dsv' for command environment
[0.757s] DEBUG:colcon.colcon_core.shell:Ignoring prefix path '/home/prince/Desktop/catkin_ws/devel'
[0.758s] DEBUG:colcon.colcon_core.shell:Ignoring prefix path '/opt/ros/noetic'
[0.761s] Level 1:colcon.colcon_core.environment:create_environment_scripts_only(turtlebot3_cartographer2)
[0.763s] Level 1:colcon.colcon_core.environment:checking '/home/prince/colcon_ws/install/turtlebot3_cartographer2' for CMake module files
[0.763s] Level 1:colcon.colcon_core.environment:checking '/home/prince/colcon_ws/install/turtlebot3_cartographer2' for CMake config files
[0.763s] Level 1:colcon.colcon_core.shell:create_environment_hook('turtlebot3_cartographer2', 'cmake_prefix_path')
[0.764s] INFO:colcon.colcon_core.shell:Creating environment hook '/home/prince/colcon_ws/install/turtlebot3_cartographer2/share/turtlebot3_cartographer2/hook/cmake_prefix_path.ps1'
[0.764s] INFO:colcon.colcon_core.shell:Creating environment descriptor '/home/prince/colcon_ws/install/turtlebot3_cartographer2/share/turtlebot3_cartographer2/hook/cmake_prefix_path.dsv'
[0.765s] INFO:colcon.colcon_core.shell:Creating environment hook '/home/prince/colcon_ws/install/turtlebot3_cartographer2/share/turtlebot3_cartographer2/hook/cmake_prefix_path.sh'
[0.765s] Level 1:colcon.colcon_core.environment:checking '/home/prince/colcon_ws/install/turtlebot3_cartographer2/bin'
[0.765s] Level 1:colcon.colcon_core.environment:checking '/home/prince/colcon_ws/install/turtlebot3_cartographer2/lib/pkgconfig/turtlebot3_cartographer2.pc'
[0.765s] Level 1:colcon.colcon_core.environment:checking '/home/prince/colcon_ws/install/turtlebot3_cartographer2/lib/python3.8/site-packages'
[0.766s] INFO:colcon.colcon_core.shell:Creating package script '/home/prince/colcon_ws/install/turtlebot3_cartographer2/share/turtlebot3_cartographer2/package.ps1'
[0.767s] INFO:colcon.colcon_core.shell:Creating package descriptor '/home/prince/colcon_ws/install/turtlebot3_cartographer2/share/turtlebot3_cartographer2/package.dsv'
[0.767s] INFO:colcon.colcon_core.shell:Creating package script '/home/prince/colcon_ws/install/turtlebot3_cartographer2/share/turtlebot3_cartographer2/package.sh'
[0.768s] INFO:colcon.colcon_core.shell:Creating package script '/home/prince/colcon_ws/install/turtlebot3_cartographer2/share/turtlebot3_cartographer2/package.bash'
[0.768s] INFO:colcon.colcon_core.shell:Creating package script '/home/prince/colcon_ws/install/turtlebot3_cartographer2/share/turtlebot3_cartographer2/package.zsh'
[0.768s] Level 1:colcon.colcon_core.environment:create_file_with_runtime_dependencies(/home/prince/colcon_ws/install/turtlebot3_cartographer2/share/colcon-core/packages/turtlebot3_cartographer2)
[0.774s] DEBUG:colcon.colcon_core.event_handler.log_command:Invoking command in '/home/prince/colcon_ws/build/turtlebot3_simulations': AMENT_PREFIX_PATH=/home/prince/colcon_ws/install/turtlebot3_gazebo:/home/prince/colcon_ws/install/turtlebot3_fake_node CMAKE_PREFIX_PATH=/home/prince/colcon_ws/install/turtlebot3_gazebo:/home/prince/colcon_ws/install/turtlebot3_fake_node:${CMAKE_PREFIX_PATH} /usr/bin/cmake --build /home/prince/colcon_ws/build/turtlebot3_simulations -- -j16 -l16
[0.813s] DEBUG:colcon.colcon_core.event_handler.log_command:Invoked command in '/home/prince/colcon_ws/build/turtlebot3_simulations' returned '0': AMENT_PREFIX_PATH=/home/prince/colcon_ws/install/turtlebot3_gazebo:/home/prince/colcon_ws/install/turtlebot3_fake_node CMAKE_PREFIX_PATH=/home/prince/colcon_ws/install/turtlebot3_gazebo:/home/prince/colcon_ws/install/turtlebot3_fake_node:${CMAKE_PREFIX_PATH} /usr/bin/cmake --build /home/prince/colcon_ws/build/turtlebot3_simulations -- -j16 -l16
[0.836s] DEBUG:colcon.colcon_core.event_handler.log_command:Invoking command in '/home/prince/colcon_ws/build/turtlebot3_simulations': AMENT_PREFIX_PATH=/home/prince/colcon_ws/install/turtlebot3_gazebo:/home/prince/colcon_ws/install/turtlebot3_fake_node CMAKE_PREFIX_PATH=/home/prince/colcon_ws/install/turtlebot3_gazebo:/home/prince/colcon_ws/install/turtlebot3_fake_node:${CMAKE_PREFIX_PATH} /usr/bin/cmake --install /home/prince/colcon_ws/build/turtlebot3_simulations
[0.847s] Level 1:colcon.colcon_core.environment:create_environment_scripts_only(turtlebot3_simulations)
[0.848s] Level 1:colcon.colcon_core.environment:checking '/home/prince/colcon_ws/install/turtlebot3_simulations' for CMake module files
[0.849s] DEBUG:colcon.colcon_core.event_handler.log_command:Invoked command in '/home/prince/colcon_ws/build/turtlebot3_simulations' returned '0': AMENT_PREFIX_PATH=/home/prince/colcon_ws/install/turtlebot3_gazebo:/home/prince/colcon_ws/install/turtlebot3_fake_node CMAKE_PREFIX_PATH=/home/prince/colcon_ws/install/turtlebot3_gazebo:/home/prince/colcon_ws/install/turtlebot3_fake_node:${CMAKE_PREFIX_PATH} /usr/bin/cmake --install /home/prince/colcon_ws/build/turtlebot3_simulations
[0.849s] Level 1:colcon.colcon_core.environment:checking '/home/prince/colcon_ws/install/turtlebot3_simulations' for CMake config files
[0.849s] Level 1:colcon.colcon_core.shell:create_environment_hook('turtlebot3_simulations', 'cmake_prefix_path')
[0.850s] INFO:colcon.colcon_core.shell:Creating environment hook '/home/prince/colcon_ws/install/turtlebot3_simulations/share/turtlebot3_simulations/hook/cmake_prefix_path.ps1'
[0.850s] INFO:colcon.colcon_core.shell:Creating environment descriptor '/home/prince/colcon_ws/install/turtlebot3_simulations/share/turtlebot3_simulations/hook/cmake_prefix_path.dsv'
[0.851s] INFO:colcon.colcon_core.shell:Creating environment hook '/home/prince/colcon_ws/install/turtlebot3_simulations/share/turtlebot3_simulations/hook/cmake_prefix_path.sh'
[0.852s] Level 1:colcon.colcon_core.environment:checking '/home/prince/colcon_ws/install/turtlebot3_simulations/bin'
[0.852s] Level 1:colcon.colcon_core.environment:checking '/home/prince/colcon_ws/install/turtlebot3_simulations/lib/pkgconfig/turtlebot3_simulations.pc'
[0.852s] Level 1:colcon.colcon_core.environment:checking '/home/prince/colcon_ws/install/turtlebot3_simulations/lib/python3.8/site-packages'
[0.853s] INFO:colcon.colcon_core.shell:Creating package script '/home/prince/colcon_ws/install/turtlebot3_simulations/share/turtlebot3_simulations/package.ps1'
[0.854s] INFO:colcon.colcon_core.shell:Creating package descriptor '/home/prince/colcon_ws/install/turtlebot3_simulations/share/turtlebot3_simulations/package.dsv'
[0.855s] INFO:colcon.colcon_core.shell:Creating package script '/home/prince/colcon_ws/install/turtlebot3_simulations/share/turtlebot3_simulations/package.sh'
[0.855s] INFO:colcon.colcon_core.shell:Creating package script '/home/prince/colcon_ws/install/turtlebot3_simulations/share/turtlebot3_simulations/package.bash'
[0.856s] INFO:colcon.colcon_core.shell:Creating package script '/home/prince/colcon_ws/install/turtlebot3_simulations/share/turtlebot3_simulations/package.zsh'
[0.856s] Level 1:colcon.colcon_core.environment:create_file_with_runtime_dependencies(/home/prince/colcon_ws/install/turtlebot3_simulations/share/colcon-core/packages/turtlebot3_simulations)
[0.876s] Level 1:colcon.colcon_core.environment:create_environment_scripts_only(turtlebot3_simulations)
[0.877s] Level 1:colcon.colcon_core.environment:checking '/home/prince/colcon_ws/install/turtlebot3_simulations' for CMake module files
[0.877s] Level 1:colcon.colcon_core.environment:checking '/home/prince/colcon_ws/install/turtlebot3_simulations' for CMake config files
[0.878s] Level 1:colcon.colcon_core.shell:create_environment_hook('turtlebot3_simulations', 'cmake_prefix_path')
[0.878s] INFO:colcon.colcon_core.shell:Creating environment hook '/home/prince/colcon_ws/install/turtlebot3_simulations/share/turtlebot3_simulations/hook/cmake_prefix_path.ps1'
[0.879s] INFO:colcon.colcon_core.shell:Creating environment descriptor '/home/prince/colcon_ws/install/turtlebot3_simulations/share/turtlebot3_simulations/hook/cmake_prefix_path.dsv'
[0.879s] INFO:colcon.colcon_core.shell:Creating environment hook '/home/prince/colcon_ws/install/turtlebot3_simulations/share/turtlebot3_simulations/hook/cmake_prefix_path.sh'
[0.880s] Level 1:colcon.colcon_core.environment:checking '/home/prince/colcon_ws/install/turtlebot3_simulations/bin'
[0.881s] Level 1:colcon.colcon_core.environment:checking '/home/prince/colcon_ws/install/turtlebot3_simulations/lib/pkgconfig/turtlebot3_simulations.pc'
[0.881s] Level 1:colcon.colcon_core.environment:checking '/home/prince/colcon_ws/install/turtlebot3_simulations/lib/python3.8/site-packages'
[0.882s] INFO:colcon.colcon_core.shell:Creating package script '/home/prince/colcon_ws/install/turtlebot3_simulations/share/turtlebot3_simulations/package.ps1'
[0.883s] INFO:colcon.colcon_core.shell:Creating package descriptor '/home/prince/colcon_ws/install/turtlebot3_simulations/share/turtlebot3_simulations/package.dsv'
[0.883s] INFO:colcon.colcon_core.shell:Creating package script '/home/prince/colcon_ws/install/turtlebot3_simulations/share/turtlebot3_simulations/package.sh'
[0.884s] INFO:colcon.colcon_core.shell:Creating package script '/home/prince/colcon_ws/install/turtlebot3_simulations/share/turtlebot3_simulations/package.bash'
[0.884s] INFO:colcon.colcon_core.shell:Creating package script '/home/prince/colcon_ws/install/turtlebot3_simulations/share/turtlebot3_simulations/package.zsh'
[0.885s] Level 1:colcon.colcon_core.environment:create_file_with_runtime_dependencies(/home/prince/colcon_ws/install/turtlebot3_simulations/share/colcon-core/packages/turtlebot3_simulations)
[1.068s] DEBUG:colcon.colcon_core.event_handler.log_command:Invoking command in '/home/prince/colcon_ws/src/auto_nav': PYTHONPATH=/home/prince/colcon_ws/install/auto_nav/lib/python3.8/site-packages:${PYTHONPATH} /usr/bin/python3 setup.py egg_info --egg-base ../../build/auto_nav build --build-base /home/prince/colcon_ws/build/auto_nav/build install --prefix /home/prince/colcon_ws/install/auto_nav --record /home/prince/colcon_ws/build/auto_nav/install.log --single-version-externally-managed
[1.072s] DEBUG:colcon.colcon_core.event_handler.log_command:Invoking command in '/home/prince/colcon_ws/src/py_pubsub': PYTHONPATH=/home/prince/colcon_ws/install/py_pubsub/lib/python3.8/site-packages:${PYTHONPATH} /usr/bin/python3 setup.py egg_info --egg-base ../../build/py_pubsub build --build-base /home/prince/colcon_ws/build/py_pubsub/build install --prefix /home/prince/colcon_ws/install/py_pubsub --record /home/prince/colcon_ws/build/py_pubsub/install.log --single-version-externally-managed
[1.325s] Level 1:colcon.colcon_core.environment:checking '/home/prince/colcon_ws/install/auto_nav' for CMake module files
[1.325s] DEBUG:colcon.colcon_core.event_handler.log_command:Invoked command in '/home/prince/colcon_ws/src/auto_nav' returned '0': PYTHONPATH=/home/prince/colcon_ws/install/auto_nav/lib/python3.8/site-packages:${PYTHONPATH} /usr/bin/python3 setup.py egg_info --egg-base ../../build/auto_nav build --build-base /home/prince/colcon_ws/build/auto_nav/build install --prefix /home/prince/colcon_ws/install/auto_nav --record /home/prince/colcon_ws/build/auto_nav/install.log --single-version-externally-managed
[1.326s] Level 1:colcon.colcon_core.environment:checking '/home/prince/colcon_ws/install/auto_nav' for CMake config files
[1.327s] Level 1:colcon.colcon_core.environment:checking '/home/prince/colcon_ws/install/auto_nav/lib'
[1.327s] Level 1:colcon.colcon_core.environment:checking '/home/prince/colcon_ws/install/auto_nav/bin'
[1.327s] Level 1:colcon.colcon_core.environment:checking '/home/prince/colcon_ws/install/auto_nav/lib/pkgconfig/auto_nav.pc'
[1.327s] Level 1:colcon.colcon_core.environment:checking '/home/prince/colcon_ws/install/auto_nav/lib/python3.8/site-packages'
[1.328s] Level 1:colcon.colcon_core.shell:create_environment_hook('auto_nav', 'pythonpath')
[1.330s] INFO:colcon.colcon_core.shell:Creating environment hook '/home/prince/colcon_ws/install/auto_nav/share/auto_nav/hook/pythonpath.ps1'
[1.331s] INFO:colcon.colcon_core.shell:Creating environment descriptor '/home/prince/colcon_ws/install/auto_nav/share/auto_nav/hook/pythonpath.dsv'
[1.331s] INFO:colcon.colcon_core.shell:Creating environment hook '/home/prince/colcon_ws/install/auto_nav/share/auto_nav/hook/pythonpath.sh'
[1.332s] Level 1:colcon.colcon_core.environment:create_environment_scripts_only(auto_nav)
[1.334s] INFO:colcon.colcon_core.shell:Creating package script '/home/prince/colcon_ws/install/auto_nav/share/auto_nav/package.ps1'
[1.335s] INFO:colcon.colcon_core.shell:Creating package descriptor '/home/prince/colcon_ws/install/auto_nav/share/auto_nav/package.dsv'
[1.335s] INFO:colcon.colcon_core.shell:Creating package script '/home/prince/colcon_ws/install/auto_nav/share/auto_nav/package.sh'
[1.336s] INFO:colcon.colcon_core.shell:Creating package script '/home/prince/colcon_ws/install/auto_nav/share/auto_nav/package.bash'
[1.336s] INFO:colcon.colcon_core.shell:Creating package script '/home/prince/colcon_ws/install/auto_nav/share/auto_nav/package.zsh'
[1.337s] Level 1:colcon.colcon_core.environment:create_file_with_runtime_dependencies(/home/prince/colcon_ws/install/auto_nav/share/colcon-core/packages/auto_nav)
[1.339s] Level 1:colcon.colcon_core.environment:checking '/home/prince/colcon_ws/install/py_pubsub' for CMake module files
[1.340s] DEBUG:colcon.colcon_core.event_handler.log_command:Invoked command in '/home/prince/colcon_ws/src/py_pubsub' returned '0': PYTHONPATH=/home/prince/colcon_ws/install/py_pubsub/lib/python3.8/site-packages:${PYTHONPATH} /usr/bin/python3 setup.py egg_info --egg-base ../../build/py_pubsub build --build-base /home/prince/colcon_ws/build/py_pubsub/build install --prefix /home/prince/colcon_ws/install/py_pubsub --record /home/prince/colcon_ws/build/py_pubsub/install.log --single-version-externally-managed
[1.340s] Level 1:colcon.colcon_core.environment:checking '/home/prince/colcon_ws/install/py_pubsub' for CMake config files
[1.340s] Level 1:colcon.colcon_core.environment:checking '/home/prince/colcon_ws/install/py_pubsub/lib'
[1.340s] Level 1:colcon.colcon_core.environment:checking '/home/prince/colcon_ws/install/py_pubsub/bin'
[1.341s] Level 1:colcon.colcon_core.environment:checking '/home/prince/colcon_ws/install/py_pubsub/lib/pkgconfig/py_pubsub.pc'
[1.341s] Level 1:colcon.colcon_core.environment:checking '/home/prince/colcon_ws/install/py_pubsub/lib/python3.8/site-packages'
[1.341s] Level 1:colcon.colcon_core.shell:create_environment_hook('py_pubsub', 'pythonpath')
[1.341s] INFO:colcon.colcon_core.shell:Creating environment hook '/home/prince/colcon_ws/install/py_pubsub/share/py_pubsub/hook/pythonpath.ps1'
[1.342s] INFO:colcon.colcon_core.shell:Creating environment descriptor '/home/prince/colcon_ws/install/py_pubsub/share/py_pubsub/hook/pythonpath.dsv'
[1.342s] INFO:colcon.colcon_core.shell:Creating environment hook '/home/prince/colcon_ws/install/py_pubsub/share/py_pubsub/hook/pythonpath.sh'
[1.342s] Level 1:colcon.colcon_core.environment:create_environment_scripts_only(py_pubsub)
[1.343s] INFO:colcon.colcon_core.shell:Creating package script '/home/prince/colcon_ws/install/py_pubsub/share/py_pubsub/package.ps1'
[1.343s] INFO:colcon.colcon_core.shell:Creating package descriptor '/home/prince/colcon_ws/install/py_pubsub/share/py_pubsub/package.dsv'
[1.344s] INFO:colcon.colcon_core.shell:Creating package script '/home/prince/colcon_ws/install/py_pubsub/share/py_pubsub/package.sh'
[1.344s] INFO:colcon.colcon_core.shell:Creating package script '/home/prince/colcon_ws/install/py_pubsub/share/py_pubsub/package.bash'
[1.345s] INFO:colcon.colcon_core.shell:Creating package script '/home/prince/colcon_ws/install/py_pubsub/share/py_pubsub/package.zsh'
[1.345s] Level 1:colcon.colcon_core.environment:create_file_with_runtime_dependencies(/home/prince/colcon_ws/install/py_pubsub/share/colcon-core/packages/py_pubsub)
[1.345s] DEBUG:colcon.colcon_parallel_executor.executor.parallel:closing loop
[1.346s] DEBUG:colcon.colcon_parallel_executor.executor.parallel:loop closed
[1.346s] DEBUG:colcon.colcon_parallel_executor.executor.parallel:run_until_complete finished with '0'
[1.346s] DEBUG:colcon.colcon_core.event_reactor:joining thread
[1.368s] INFO:colcon.colcon_core.plugin_system:Skipping extension 'colcon_notification.desktop_notification.terminal_notifier': Not used on non-Darwin systems
[1.368s] INFO:colcon.colcon_core.plugin_system:Skipping extension 'colcon_notification.desktop_notification.win32': Not used on non-Windows systems
[1.368s] INFO:colcon.colcon_notification.desktop_notification:Sending desktop notification using 'notify2'
[1.394s] DEBUG:colcon.colcon_core.event_reactor:joined thread
[1.395s] INFO:colcon.colcon_core.shell:Creating prefix script '/home/prince/colcon_ws/install/local_setup.ps1'
[1.396s] INFO:colcon.colcon_core.shell:Creating prefix util module '/home/prince/colcon_ws/install/_local_setup_util_ps1.py'
[1.397s] INFO:colcon.colcon_core.shell:Creating prefix chain script '/home/prince/colcon_ws/install/setup.ps1'
[1.398s] INFO:colcon.colcon_core.shell:Creating prefix script '/home/prince/colcon_ws/install/local_setup.sh'
[1.399s] INFO:colcon.colcon_core.shell:Creating prefix util module '/home/prince/colcon_ws/install/_local_setup_util_sh.py'
[1.400s] INFO:colcon.colcon_core.shell:Creating prefix chain script '/home/prince/colcon_ws/install/setup.sh'
[1.401s] INFO:colcon.colcon_core.shell:Creating prefix script '/home/prince/colcon_ws/install/local_setup.bash'
[1.402s] INFO:colcon.colcon_core.shell:Creating prefix chain script '/home/prince/colcon_ws/install/setup.bash'
[1.403s] INFO:colcon.colcon_core.shell:Creating prefix script '/home/prince/colcon_ws/install/local_setup.zsh'
[1.403s] INFO:colcon.colcon_core.shell:Creating prefix chain script '/home/prince/colcon_ws/install/setup.zsh'
