[2.925s] Invoking command in '/home/ubuntu/turtlebot3_ws/build/hardware_bringup': PYTHONPATH=/home/ubuntu/turtlebot3_ws/install/hardware_bringup/lib/python3.8/site-packages:${PYTHONPATH} /usr/bin/python3 setup.py develop --prefix /home/ubuntu/turtlebot3_ws/install/hardware_bringup --uninstall --editable --build-directory /home/ubuntu/turtlebot3_ws/build/hardware_bringup/build
[4.846s] running develop
[6.349s] Invoked command in '/home/ubuntu/turtlebot3_ws/build/hardware_bringup' returned '0': PYTHONPATH=/home/ubuntu/turtlebot3_ws/install/hardware_bringup/lib/python3.8/site-packages:${PYTHONPATH} /usr/bin/python3 setup.py develop --prefix /home/ubuntu/turtlebot3_ws/install/hardware_bringup --uninstall --editable --build-directory /home/ubuntu/turtlebot3_ws/build/hardware_bringup/build
[6.356s] Invoking command in '/home/ubuntu/turtlebot3_ws/src/hardware_bringup': PYTHONPATH=/home/ubuntu/turtlebot3_ws/install/hardware_bringup/lib/python3.8/site-packages:${PYTHONPATH} /usr/bin/python3 setup.py egg_info --egg-base ../../build/hardware_bringup build --build-base /home/ubuntu/turtlebot3_ws/build/hardware_bringup/build install --prefix /home/ubuntu/turtlebot3_ws/install/hardware_bringup --record /home/ubuntu/turtlebot3_ws/build/hardware_bringup/install.log --single-version-externally-managed
[8.134s] running egg_info
[8.139s] writing ../../build/hardware_bringup/hardware_bringup.egg-info/PKG-INFO
[8.143s] writing dependency_links to ../../build/hardware_bringup/hardware_bringup.egg-info/dependency_links.txt
[8.145s] writing entry points to ../../build/hardware_bringup/hardware_bringup.egg-info/entry_points.txt
[8.147s] writing requirements to ../../build/hardware_bringup/hardware_bringup.egg-info/requires.txt
[8.148s] writing top-level names to ../../build/hardware_bringup/hardware_bringup.egg-info/top_level.txt
[8.451s] reading manifest file '../../build/hardware_bringup/hardware_bringup.egg-info/SOURCES.txt'
[8.462s] writing manifest file '../../build/hardware_bringup/hardware_bringup.egg-info/SOURCES.txt'
[8.463s] running build
[8.464s] running build_py
[8.475s] running install
[8.481s] running install_lib
[8.502s] running install_data
[8.509s] running install_egg_info
[8.522s] removing '/home/ubuntu/turtlebot3_ws/install/hardware_bringup/lib/python3.8/site-packages/hardware_bringup-0.0.0-py3.8.egg-info' (and everything under it)
[8.524s] Copying ../../build/hardware_bringup/hardware_bringup.egg-info to /home/ubuntu/turtlebot3_ws/install/hardware_bringup/lib/python3.8/site-packages/hardware_bringup-0.0.0-py3.8.egg-info
[8.536s] running install_scripts
[8.673s] Installing button_pub script to /home/ubuntu/turtlebot3_ws/install/hardware_bringup/lib/hardware_bringup
[8.674s] Installing nfc_pub script to /home/ubuntu/turtlebot3_ws/install/hardware_bringup/lib/hardware_bringup
[8.676s] Installing servo_run script to /home/ubuntu/turtlebot3_ws/install/hardware_bringup/lib/hardware_bringup
[8.681s] writing list of installed files to '/home/ubuntu/turtlebot3_ws/build/hardware_bringup/install.log'
[8.888s] Invoked command in '/home/ubuntu/turtlebot3_ws/src/hardware_bringup' returned '0': PYTHONPATH=/home/ubuntu/turtlebot3_ws/install/hardware_bringup/lib/python3.8/site-packages:${PYTHONPATH} /usr/bin/python3 setup.py egg_info --egg-base ../../build/hardware_bringup build --build-base /home/ubuntu/turtlebot3_ws/build/hardware_bringup/build install --prefix /home/ubuntu/turtlebot3_ws/install/hardware_bringup --record /home/ubuntu/turtlebot3_ws/build/hardware_bringup/install.log --single-version-externally-managed
