[2.322s] Invoking command in '/home/ubuntu/turtlebot3_ws/build/py_servo': PYTHONPATH=/home/ubuntu/turtlebot3_ws/install/py_servo/lib/python3.8/site-packages:${PYTHONPATH} /usr/bin/python3 setup.py develop --prefix /home/ubuntu/turtlebot3_ws/install/py_servo --uninstall --editable --build-directory /home/ubuntu/turtlebot3_ws/build/py_servo/build
[4.674s] running develop
[6.102s] Invoked command in '/home/ubuntu/turtlebot3_ws/build/py_servo' returned '0': PYTHONPATH=/home/ubuntu/turtlebot3_ws/install/py_servo/lib/python3.8/site-packages:${PYTHONPATH} /usr/bin/python3 setup.py develop --prefix /home/ubuntu/turtlebot3_ws/install/py_servo --uninstall --editable --build-directory /home/ubuntu/turtlebot3_ws/build/py_servo/build
[6.108s] Invoking command in '/home/ubuntu/turtlebot3_ws/src/py_servo': PYTHONPATH=/home/ubuntu/turtlebot3_ws/install/py_servo/lib/python3.8/site-packages:${PYTHONPATH} /usr/bin/python3 setup.py egg_info --egg-base ../../build/py_servo build --build-base /home/ubuntu/turtlebot3_ws/build/py_servo/build install --prefix /home/ubuntu/turtlebot3_ws/install/py_servo --record /home/ubuntu/turtlebot3_ws/build/py_servo/install.log --single-version-externally-managed
[7.927s] running egg_info
[7.931s] writing ../../build/py_servo/py_servo.egg-info/PKG-INFO
[7.935s] writing dependency_links to ../../build/py_servo/py_servo.egg-info/dependency_links.txt
[7.937s] writing entry points to ../../build/py_servo/py_servo.egg-info/entry_points.txt
[7.938s] writing requirements to ../../build/py_servo/py_servo.egg-info/requires.txt
[7.941s] writing top-level names to ../../build/py_servo/py_servo.egg-info/top_level.txt
[8.215s] reading manifest file '../../build/py_servo/py_servo.egg-info/SOURCES.txt'
[8.224s] writing manifest file '../../build/py_servo/py_servo.egg-info/SOURCES.txt'
[8.225s] running build
[8.226s] running build_py
[8.280s] running install
[8.287s] running install_lib
[8.301s] running install_data
[8.306s] running install_egg_info
[8.320s] removing '/home/ubuntu/turtlebot3_ws/install/py_servo/lib/python3.8/site-packages/py_servo-0.0.0-py3.8.egg-info' (and everything under it)
[8.322s] Copying ../../build/py_servo/py_servo.egg-info to /home/ubuntu/turtlebot3_ws/install/py_servo/lib/python3.8/site-packages/py_servo-0.0.0-py3.8.egg-info
[8.332s] running install_scripts
[8.462s] Installing py_servo script to /home/ubuntu/turtlebot3_ws/install/py_servo/lib/py_servo
[8.465s] writing list of installed files to '/home/ubuntu/turtlebot3_ws/build/py_servo/install.log'
[8.657s] Invoked command in '/home/ubuntu/turtlebot3_ws/src/py_servo' returned '0': PYTHONPATH=/home/ubuntu/turtlebot3_ws/install/py_servo/lib/python3.8/site-packages:${PYTHONPATH} /usr/bin/python3 setup.py egg_info --egg-base ../../build/py_servo build --build-base /home/ubuntu/turtlebot3_ws/build/py_servo/build install --prefix /home/ubuntu/turtlebot3_ws/install/py_servo --record /home/ubuntu/turtlebot3_ws/build/py_servo/install.log --single-version-externally-managed
