running develop
running egg_info
creating hardware_bringup.egg-info
writing hardware_bringup.egg-info/PKG-INFO
writing dependency_links to hardware_bringup.egg-info/dependency_links.txt
writing entry points to hardware_bringup.egg-info/entry_points.txt
writing requirements to hardware_bringup.egg-info/requires.txt
writing top-level names to hardware_bringup.egg-info/top_level.txt
writing manifest file 'hardware_bringup.egg-info/SOURCES.txt'
reading manifest file 'hardware_bringup.egg-info/SOURCES.txt'
writing manifest file 'hardware_bringup.egg-info/SOURCES.txt'
running build_ext
Creating /home/ubuntu/turtlebot3_ws/install/hardware_bringup/lib/python3.8/site-packages/site.py
Creating /home/ubuntu/turtlebot3_ws/install/hardware_bringup/lib/python3.8/site-packages/hardware-bringup.egg-link (link to .)

Installed /home/ubuntu/turtlebot3_ws/build/hardware_bringup
running install_data
creating /home/ubuntu/turtlebot3_ws/install/hardware_bringup/share/ament_index
creating /home/ubuntu/turtlebot3_ws/install/hardware_bringup/share/ament_index/resource_index
creating /home/ubuntu/turtlebot3_ws/install/hardware_bringup/share/ament_index/resource_index/packages
copying resource/hardware_bringup -> /home/ubuntu/turtlebot3_ws/install/hardware_bringup/share/ament_index/resource_index/packages
copying package.xml -> /home/ubuntu/turtlebot3_ws/install/hardware_bringup/share/hardware_bringup
