[0.277s] Invoking command in '/home/ubuntu/turtlebot3_ws/build/turtlebot3_node': CMAKE_PREFIX_PATH=${CMAKE_PREFIX_PATH}:/home/ubuntu/turtlebot3_ws/install/turtlebot3_teleop:/home/ubuntu/turtlebot3_ws/install/turtlebot3_example:/opt/ros/foxy /usr/bin/cmake /home/ubuntu/turtlebot3_ws/src/turtlebot3/turtlebot3_node -DCMAKE_INSTALL_PREFIX=/home/ubuntu/turtlebot3_ws/install/turtlebot3_node
[4.727s] -- Found ament_cmake: 0.9.8 (/opt/ros/foxy/share/ament_cmake/cmake)
[4.729s] -- Using PYTHON_EXECUTABLE: /usr/bin/python3
[4.731s] -- Override CMake install command with custom implementation using symlinks instead of copying resources
[4.741s] -- Found dynamixel_sdk: 3.7.40 (/opt/ros/foxy/share/dynamixel_sdk/cmake)
[4.749s] -- Found geometry_msgs: 2.0.4 (/opt/ros/foxy/share/geometry_msgs/cmake)
[4.751s] -- Using all available rosidl_typesupport_c: rosidl_typesupport_fastrtps_c;rosidl_typesupport_introspection_c
[4.752s] -- Found rosidl_adapter: 1.2.1 (/opt/ros/foxy/share/rosidl_adapter/cmake)
[4.753s] -- Using all available rosidl_typesupport_cpp: rosidl_typesupport_fastrtps_cpp;rosidl_typesupport_introspection_cpp
[5.748s] -- Found message_filters: 3.2.5 (/opt/ros/foxy/share/message_filters/cmake)
[5.786s] -- Found nav_msgs: 2.0.4 (/opt/ros/foxy/share/nav_msgs/cmake)
[6.570s] -- Found rclcpp: 2.3.1 (/opt/ros/foxy/share/rclcpp/cmake)
[7.021s] -- Found rmw_implementation_cmake: 1.0.3 (/opt/ros/foxy/share/rmw_implementation_cmake/cmake)
[7.046s] -- Using RMW implementation 'rmw_fastrtps_cpp' as default
[8.429s] -- Found sensor_msgs: 2.0.4 (/opt/ros/foxy/share/sensor_msgs/cmake)
[9.092s] -- Found std_srvs: 2.0.4 (/opt/ros/foxy/share/std_srvs/cmake)
[9.203s] -- Found tf2: 0.13.10 (/opt/ros/foxy/share/tf2/cmake)
[9.300s] -- Found tf2_ros: 0.13.10 (/opt/ros/foxy/share/tf2_ros/cmake)
[12.414s] -- Found turtlebot3_msgs: 2.2.1 (/opt/ros/foxy/share/turtlebot3_msgs/cmake)
[13.731s] -- Configuring done
[13.958s] -- Generating done
[13.978s] -- Build files have been written to: /home/ubuntu/turtlebot3_ws/build/turtlebot3_node
[14.027s] Invoked command in '/home/ubuntu/turtlebot3_ws/build/turtlebot3_node' returned '0': CMAKE_PREFIX_PATH=${CMAKE_PREFIX_PATH}:/home/ubuntu/turtlebot3_ws/install/turtlebot3_teleop:/home/ubuntu/turtlebot3_ws/install/turtlebot3_example:/opt/ros/foxy /usr/bin/cmake /home/ubuntu/turtlebot3_ws/src/turtlebot3/turtlebot3_node -DCMAKE_INSTALL_PREFIX=/home/ubuntu/turtlebot3_ws/install/turtlebot3_node
[14.042s] Invoking command in '/home/ubuntu/turtlebot3_ws/build/turtlebot3_node': CMAKE_PREFIX_PATH=${CMAKE_PREFIX_PATH}:/home/ubuntu/turtlebot3_ws/install/turtlebot3_teleop:/home/ubuntu/turtlebot3_ws/install/turtlebot3_example:/opt/ros/foxy /usr/bin/cmake --build /home/ubuntu/turtlebot3_ws/build/turtlebot3_node -- -j4 -l4
[14.672s] [ 85%] Built target turtlebot3_node_lib
[14.911s] [100%] Built target turtlebot3_ros
[14.977s] Invoked command in '/home/ubuntu/turtlebot3_ws/build/turtlebot3_node' returned '0': CMAKE_PREFIX_PATH=${CMAKE_PREFIX_PATH}:/home/ubuntu/turtlebot3_ws/install/turtlebot3_teleop:/home/ubuntu/turtlebot3_ws/install/turtlebot3_example:/opt/ros/foxy /usr/bin/cmake --build /home/ubuntu/turtlebot3_ws/build/turtlebot3_node -- -j4 -l4
[15.381s] Invoking command in '/home/ubuntu/turtlebot3_ws/build/turtlebot3_node': CMAKE_PREFIX_PATH=${CMAKE_PREFIX_PATH}:/home/ubuntu/turtlebot3_ws/install/turtlebot3_teleop:/home/ubuntu/turtlebot3_ws/install/turtlebot3_example:/opt/ros/foxy /usr/bin/cmake --install /home/ubuntu/turtlebot3_ws/build/turtlebot3_node
[15.430s] -- Install configuration: ""
[15.433s] -- Execute custom install script
[15.440s] -- Up-to-date symlink: /home/ubuntu/turtlebot3_ws/install/turtlebot3_node/share/turtlebot3_node/param/burger.yaml
[15.443s] -- Up-to-date symlink: /home/ubuntu/turtlebot3_ws/install/turtlebot3_node/share/turtlebot3_node/param/waffle.yaml
[15.446s] -- Up-to-date symlink: /home/ubuntu/turtlebot3_ws/install/turtlebot3_node/share/turtlebot3_node/param/waffle_pi.yaml
[15.450s] -- Up-to-date symlink: /home/ubuntu/turtlebot3_ws/install/turtlebot3_node/lib/turtlebot3_node/turtlebot3_ros
[15.454s] -- Up-to-date symlink: /home/ubuntu/turtlebot3_ws/install/turtlebot3_node/share/ament_index/resource_index/package_run_dependencies/turtlebot3_node
[15.459s] -- Up-to-date symlink: /home/ubuntu/turtlebot3_ws/install/turtlebot3_node/share/ament_index/resource_index/parent_prefix_path/turtlebot3_node
[15.463s] -- Up-to-date symlink: /home/ubuntu/turtlebot3_ws/install/turtlebot3_node/share/turtlebot3_node/environment/ament_prefix_path.sh
[15.467s] -- Up-to-date symlink: /home/ubuntu/turtlebot3_ws/install/turtlebot3_node/share/turtlebot3_node/environment/ament_prefix_path.dsv
[15.472s] -- Up-to-date symlink: /home/ubuntu/turtlebot3_ws/install/turtlebot3_node/share/turtlebot3_node/environment/path.sh
[15.475s] -- Up-to-date symlink: /home/ubuntu/turtlebot3_ws/install/turtlebot3_node/share/turtlebot3_node/environment/path.dsv
[15.478s] -- Up-to-date symlink: /home/ubuntu/turtlebot3_ws/install/turtlebot3_node/share/turtlebot3_node/local_setup.bash
[15.482s] -- Up-to-date symlink: /home/ubuntu/turtlebot3_ws/install/turtlebot3_node/share/turtlebot3_node/local_setup.sh
[15.485s] -- Up-to-date symlink: /home/ubuntu/turtlebot3_ws/install/turtlebot3_node/share/turtlebot3_node/local_setup.zsh
[15.488s] -- Up-to-date symlink: /home/ubuntu/turtlebot3_ws/install/turtlebot3_node/share/turtlebot3_node/local_setup.dsv
[15.490s] -- Symlinking: /home/ubuntu/turtlebot3_ws/install/turtlebot3_node/share/turtlebot3_node/package.dsv
[15.544s] -- Up-to-date symlink: /home/ubuntu/turtlebot3_ws/install/turtlebot3_node/share/ament_index/resource_index/packages/turtlebot3_node
[15.548s] -- Up-to-date symlink: /home/ubuntu/turtlebot3_ws/install/turtlebot3_node/share/turtlebot3_node/cmake/ament_cmake_export_include_directories-extras.cmake
[15.552s] -- Up-to-date symlink: /home/ubuntu/turtlebot3_ws/install/turtlebot3_node/share/turtlebot3_node/cmake/turtlebot3_nodeConfig.cmake
[15.555s] -- Up-to-date symlink: /home/ubuntu/turtlebot3_ws/install/turtlebot3_node/share/turtlebot3_node/cmake/turtlebot3_nodeConfig-version.cmake
[15.559s] -- Up-to-date symlink: /home/ubuntu/turtlebot3_ws/install/turtlebot3_node/share/turtlebot3_node/package.xml
[15.581s] Invoked command in '/home/ubuntu/turtlebot3_ws/build/turtlebot3_node' returned '0': CMAKE_PREFIX_PATH=${CMAKE_PREFIX_PATH}:/home/ubuntu/turtlebot3_ws/install/turtlebot3_teleop:/home/ubuntu/turtlebot3_ws/install/turtlebot3_example:/opt/ros/foxy /usr/bin/cmake --install /home/ubuntu/turtlebot3_ws/build/turtlebot3_node
