[1.239s] Invoking command in '/home/prince/colcon_ws/src/auto_nav': PYTHONPATH=/home/prince/colcon_ws/install/auto_nav/lib/python3.8/site-packages:${PYTHONPATH} /usr/bin/python3 setup.py egg_info --egg-base ../../build/auto_nav build --build-base /home/prince/colcon_ws/build/auto_nav/build install --prefix /home/prince/colcon_ws/install/auto_nav --record /home/prince/colcon_ws/build/auto_nav/install.log --single-version-externally-managed
[1.438s] running egg_info
[1.439s] writing ../../build/auto_nav/auto_nav.egg-info/PKG-INFO
[1.439s] writing dependency_links to ../../build/auto_nav/auto_nav.egg-info/dependency_links.txt
[1.439s] writing entry points to ../../build/auto_nav/auto_nav.egg-info/entry_points.txt
[1.440s] writing requirements to ../../build/auto_nav/auto_nav.egg-info/requires.txt
[1.440s] writing top-level names to ../../build/auto_nav/auto_nav.egg-info/top_level.txt
[1.473s] reading manifest file '../../build/auto_nav/auto_nav.egg-info/SOURCES.txt'
[1.475s] writing manifest file '../../build/auto_nav/auto_nav.egg-info/SOURCES.txt'
[1.476s] running build
[1.477s] running build_py
[1.477s] copying auto_nav/r2_snake.py -> /home/prince/colcon_ws/build/auto_nav/build/lib/auto_nav
[1.479s] running install
[1.480s] running install_lib
[1.482s] copying /home/prince/colcon_ws/build/auto_nav/build/lib/auto_nav/r2_snake.py -> /home/prince/colcon_ws/install/auto_nav/lib/python3.8/site-packages/auto_nav
[1.483s] byte-compiling /home/prince/colcon_ws/install/auto_nav/lib/python3.8/site-packages/auto_nav/r2_snake.py to r2_snake.cpython-38.pyc
[1.487s] running install_data
[1.487s] running install_egg_info
[1.490s] removing '/home/prince/colcon_ws/install/auto_nav/lib/python3.8/site-packages/auto_nav-0.0.0-py3.8.egg-info' (and everything under it)
[1.490s] Copying ../../build/auto_nav/auto_nav.egg-info to /home/prince/colcon_ws/install/auto_nav/lib/python3.8/site-packages/auto_nav-0.0.0-py3.8.egg-info
[1.491s] running install_scripts
[1.515s] Installing map2base script to /home/prince/colcon_ws/install/auto_nav/lib/auto_nav
[1.516s] Installing r2_snake script to /home/prince/colcon_ws/install/auto_nav/lib/auto_nav
[1.516s] Installing r2auto_nav script to /home/prince/colcon_ws/install/auto_nav/lib/auto_nav
[1.517s] Installing r2auto_nav2 script to /home/prince/colcon_ws/install/auto_nav/lib/auto_nav
[1.517s] Installing r2auto_nav3_gazebo script to /home/prince/colcon_ws/install/auto_nav/lib/auto_nav
[1.517s] Installing r2auto_nav3_real script to /home/prince/colcon_ws/install/auto_nav/lib/auto_nav
[1.518s] Installing r2mover script to /home/prince/colcon_ws/install/auto_nav/lib/auto_nav
[1.518s] Installing r2moverotate script to /home/prince/colcon_ws/install/auto_nav/lib/auto_nav
[1.518s] Installing r2occupancy script to /home/prince/colcon_ws/install/auto_nav/lib/auto_nav
[1.519s] Installing r2occupancy2 script to /home/prince/colcon_ws/install/auto_nav/lib/auto_nav
[1.519s] Installing r2scanner script to /home/prince/colcon_ws/install/auto_nav/lib/auto_nav
[1.520s] Installing snake script to /home/prince/colcon_ws/install/auto_nav/lib/auto_nav
[1.521s] writing list of installed files to '/home/prince/colcon_ws/build/auto_nav/install.log'
[1.563s] Invoked command in '/home/prince/colcon_ws/src/auto_nav' returned '0': PYTHONPATH=/home/prince/colcon_ws/install/auto_nav/lib/python3.8/site-packages:${PYTHONPATH} /usr/bin/python3 setup.py egg_info --egg-base ../../build/auto_nav build --build-base /home/prince/colcon_ws/build/auto_nav/build install --prefix /home/prince/colcon_ws/install/auto_nav --record /home/prince/colcon_ws/build/auto_nav/install.log --single-version-externally-managed
