[2.692s] Invoking command in '/home/ubuntu/turtlebot3_ws/build/hardware_bringup': PYTHONPATH=/home/ubuntu/turtlebot3_ws/install/hardware_bringup/lib/python3.8/site-packages:${PYTHONPATH} /usr/bin/python3 setup.py develop --prefix /home/ubuntu/turtlebot3_ws/install/hardware_bringup --uninstall --editable --build-directory /home/ubuntu/turtlebot3_ws/build/hardware_bringup/build
[4.871s] running develop
[6.594s] Invoked command in '/home/ubuntu/turtlebot3_ws/build/hardware_bringup' returned '0': PYTHONPATH=/home/ubuntu/turtlebot3_ws/install/hardware_bringup/lib/python3.8/site-packages:${PYTHONPATH} /usr/bin/python3 setup.py develop --prefix /home/ubuntu/turtlebot3_ws/install/hardware_bringup --uninstall --editable --build-directory /home/ubuntu/turtlebot3_ws/build/hardware_bringup/build
[6.601s] Invoking command in '/home/ubuntu/turtlebot3_ws/src/hardware_bringup': PYTHONPATH=/home/ubuntu/turtlebot3_ws/install/hardware_bringup/lib/python3.8/site-packages:${PYTHONPATH} /usr/bin/python3 setup.py egg_info --egg-base ../../build/hardware_bringup build --build-base /home/ubuntu/turtlebot3_ws/build/hardware_bringup/build install --prefix /home/ubuntu/turtlebot3_ws/install/hardware_bringup --record /home/ubuntu/turtlebot3_ws/build/hardware_bringup/install.log --single-version-externally-managed
[8.595s] running egg_info
[8.600s] writing ../../build/hardware_bringup/hardware_bringup.egg-info/PKG-INFO
[8.667s] writing dependency_links to ../../build/hardware_bringup/hardware_bringup.egg-info/dependency_links.txt
[8.696s] writing entry points to ../../build/hardware_bringup/hardware_bringup.egg-info/entry_points.txt
[8.715s] writing requirements to ../../build/hardware_bringup/hardware_bringup.egg-info/requires.txt
[8.738s] writing top-level names to ../../build/hardware_bringup/hardware_bringup.egg-info/top_level.txt
[9.082s] reading manifest file '../../build/hardware_bringup/hardware_bringup.egg-info/SOURCES.txt'
[9.095s] writing manifest file '../../build/hardware_bringup/hardware_bringup.egg-info/SOURCES.txt'
[9.096s] running build
[9.097s] running build_py
[9.155s] running install
[9.162s] running install_lib
[9.185s] running install_data
[9.190s] running install_egg_info
[9.205s] removing '/home/ubuntu/turtlebot3_ws/install/hardware_bringup/lib/python3.8/site-packages/hardware_bringup-0.0.0-py3.8.egg-info' (and everything under it)
[9.207s] Copying ../../build/hardware_bringup/hardware_bringup.egg-info to /home/ubuntu/turtlebot3_ws/install/hardware_bringup/lib/python3.8/site-packages/hardware_bringup-0.0.0-py3.8.egg-info
[9.219s] running install_scripts
[9.366s] Installing button_pub script to /home/ubuntu/turtlebot3_ws/install/hardware_bringup/lib/hardware_bringup
[9.367s] Installing nfc_pub script to /home/ubuntu/turtlebot3_ws/install/hardware_bringup/lib/hardware_bringup
[9.369s] Installing servo_run script to /home/ubuntu/turtlebot3_ws/install/hardware_bringup/lib/hardware_bringup
[9.375s] writing list of installed files to '/home/ubuntu/turtlebot3_ws/build/hardware_bringup/install.log'
[9.596s] Invoked command in '/home/ubuntu/turtlebot3_ws/src/hardware_bringup' returned '0': PYTHONPATH=/home/ubuntu/turtlebot3_ws/install/hardware_bringup/lib/python3.8/site-packages:${PYTHONPATH} /usr/bin/python3 setup.py egg_info --egg-base ../../build/hardware_bringup build --build-base /home/ubuntu/turtlebot3_ws/build/hardware_bringup/build install --prefix /home/ubuntu/turtlebot3_ws/install/hardware_bringup --record /home/ubuntu/turtlebot3_ws/build/hardware_bringup/install.log --single-version-externally-managed
