-- Install configuration: ""
-- Up-to-date: /home/prince/colcon_ws/install/turtlebot3_cartographer2/share/turtlebot3_cartographer2/config
-- Up-to-date: /home/prince/colcon_ws/install/turtlebot3_cartographer2/share/turtlebot3_cartographer2/config/turtlebot3_lds_2d.lua
-- Up-to-date: /home/prince/colcon_ws/install/turtlebot3_cartographer2/share/turtlebot3_cartographer2/launch
-- Installing: /home/prince/colcon_ws/install/turtlebot3_cartographer2/share/turtlebot3_cartographer2/launch/cartographer.launch.py
-- Up-to-date: /home/prince/colcon_ws/install/turtlebot3_cartographer2/share/turtlebot3_cartographer2/launch/occupancy_grid.launch.py
-- Up-to-date: /home/prince/colcon_ws/install/turtlebot3_cartographer2/share/turtlebot3_cartographer2/rviz
-- Up-to-date: /home/prince/colcon_ws/install/turtlebot3_cartographer2/share/turtlebot3_cartographer2/rviz/tb3_cartographer.rviz
-- Up-to-date: /home/prince/colcon_ws/install/turtlebot3_cartographer2/share/ament_index/resource_index/package_run_dependencies/turtlebot3_cartographer2
-- Up-to-date: /home/prince/colcon_ws/install/turtlebot3_cartographer2/share/ament_index/resource_index/parent_prefix_path/turtlebot3_cartographer2
-- Up-to-date: /home/prince/colcon_ws/install/turtlebot3_cartographer2/share/turtlebot3_cartographer2/environment/ament_prefix_path.sh
-- Up-to-date: /home/prince/colcon_ws/install/turtlebot3_cartographer2/share/turtlebot3_cartographer2/environment/ament_prefix_path.dsv
-- Up-to-date: /home/prince/colcon_ws/install/turtlebot3_cartographer2/share/turtlebot3_cartographer2/environment/path.sh
-- Up-to-date: /home/prince/colcon_ws/install/turtlebot3_cartographer2/share/turtlebot3_cartographer2/environment/path.dsv
-- Up-to-date: /home/prince/colcon_ws/install/turtlebot3_cartographer2/share/turtlebot3_cartographer2/local_setup.bash
-- Up-to-date: /home/prince/colcon_ws/install/turtlebot3_cartographer2/share/turtlebot3_cartographer2/local_setup.sh
-- Up-to-date: /home/prince/colcon_ws/install/turtlebot3_cartographer2/share/turtlebot3_cartographer2/local_setup.zsh
-- Up-to-date: /home/prince/colcon_ws/install/turtlebot3_cartographer2/share/turtlebot3_cartographer2/local_setup.dsv
-- Up-to-date: /home/prince/colcon_ws/install/turtlebot3_cartographer2/share/turtlebot3_cartographer2/package.dsv
-- Up-to-date: /home/prince/colcon_ws/install/turtlebot3_cartographer2/share/ament_index/resource_index/packages/turtlebot3_cartographer2
-- Up-to-date: /home/prince/colcon_ws/install/turtlebot3_cartographer2/share/turtlebot3_cartographer2/cmake/turtlebot3_cartographer2Config.cmake
-- Up-to-date: /home/prince/colcon_ws/install/turtlebot3_cartographer2/share/turtlebot3_cartographer2/cmake/turtlebot3_cartographer2Config-version.cmake
-- Up-to-date: /home/prince/colcon_ws/install/turtlebot3_cartographer2/share/turtlebot3_cartographer2/package.xml
