[0.011s] Invoking command in '/home/prince/colcon_ws/build/turtlebot3_simulations': CMAKE_PREFIX_PATH=/home/prince/colcon_ws/install/turtlebot3_gazebo:/home/prince/colcon_ws/install/turtlebot3_fake_node:/home/prince/colcon_ws/install/turtlebot3_simulations:/home/prince/colcon_ws/install/turtlebot3_cartographer2:/home/prince/colcon_ws/install/turtlebot3_cartographer:/home/prince/colcon_ws/install/py_pubsub:/home/prince/colcon_ws/install/auto_nav:/opt/ros/foxy /usr/bin/cmake /home/prince/colcon_ws/src/turtlebot3_simulations/turtlebot3_simulations -DCMAKE_INSTALL_PREFIX=/home/prince/colcon_ws/install/turtlebot3_simulations
[0.074s] -- The C compiler identification is GNU 9.3.0
[0.138s] -- The CXX compiler identification is GNU 9.3.0
[0.146s] -- Check for working C compiler: /usr/bin/cc
[0.233s] -- Check for working C compiler: /usr/bin/cc -- works
[0.234s] -- Detecting C compiler ABI info
[0.325s] -- Detecting C compiler ABI info - done
[0.333s] -- Detecting C compile features
[0.334s] -- Detecting C compile features - done
[0.336s] -- Check for working CXX compiler: /usr/bin/c++
[0.434s] -- Check for working CXX compiler: /usr/bin/c++ -- works
[0.435s] -- Detecting CXX compiler ABI info
[0.534s] -- Detecting CXX compiler ABI info - done
[0.547s] -- Detecting CXX compile features
[0.547s] -- Detecting CXX compile features - done
[0.549s] -- Found ament_cmake: 0.9.9 (/opt/ros/foxy/share/ament_cmake/cmake)
[0.581s] -- Found PythonInterp: /usr/bin/python3 (found suitable version "3.8.10", minimum required is "3") 
[0.581s] -- Using PYTHON_EXECUTABLE: /usr/bin/python3
[0.854s] -- Configuring done
[0.857s] -- Generating done
[0.857s] -- Build files have been written to: /home/prince/colcon_ws/build/turtlebot3_simulations
[0.864s] Invoked command in '/home/prince/colcon_ws/build/turtlebot3_simulations' returned '0': CMAKE_PREFIX_PATH=/home/prince/colcon_ws/install/turtlebot3_gazebo:/home/prince/colcon_ws/install/turtlebot3_fake_node:/home/prince/colcon_ws/install/turtlebot3_simulations:/home/prince/colcon_ws/install/turtlebot3_cartographer2:/home/prince/colcon_ws/install/turtlebot3_cartographer:/home/prince/colcon_ws/install/py_pubsub:/home/prince/colcon_ws/install/auto_nav:/opt/ros/foxy /usr/bin/cmake /home/prince/colcon_ws/src/turtlebot3_simulations/turtlebot3_simulations -DCMAKE_INSTALL_PREFIX=/home/prince/colcon_ws/install/turtlebot3_simulations
[0.868s] Invoking command in '/home/prince/colcon_ws/build/turtlebot3_simulations': CMAKE_PREFIX_PATH=/home/prince/colcon_ws/install/turtlebot3_gazebo:/home/prince/colcon_ws/install/turtlebot3_fake_node:/home/prince/colcon_ws/install/turtlebot3_simulations:/home/prince/colcon_ws/install/turtlebot3_cartographer2:/home/prince/colcon_ws/install/turtlebot3_cartographer:/home/prince/colcon_ws/install/py_pubsub:/home/prince/colcon_ws/install/auto_nav:/opt/ros/foxy /usr/bin/cmake --build /home/prince/colcon_ws/build/turtlebot3_simulations -- -j16 -l16
[0.921s] Invoked command in '/home/prince/colcon_ws/build/turtlebot3_simulations' returned '0': CMAKE_PREFIX_PATH=/home/prince/colcon_ws/install/turtlebot3_gazebo:/home/prince/colcon_ws/install/turtlebot3_fake_node:/home/prince/colcon_ws/install/turtlebot3_simulations:/home/prince/colcon_ws/install/turtlebot3_cartographer2:/home/prince/colcon_ws/install/turtlebot3_cartographer:/home/prince/colcon_ws/install/py_pubsub:/home/prince/colcon_ws/install/auto_nav:/opt/ros/foxy /usr/bin/cmake --build /home/prince/colcon_ws/build/turtlebot3_simulations -- -j16 -l16
[0.951s] Invoking command in '/home/prince/colcon_ws/build/turtlebot3_simulations': CMAKE_PREFIX_PATH=/home/prince/colcon_ws/install/turtlebot3_gazebo:/home/prince/colcon_ws/install/turtlebot3_fake_node:/home/prince/colcon_ws/install/turtlebot3_simulations:/home/prince/colcon_ws/install/turtlebot3_cartographer2:/home/prince/colcon_ws/install/turtlebot3_cartographer:/home/prince/colcon_ws/install/py_pubsub:/home/prince/colcon_ws/install/auto_nav:/opt/ros/foxy /usr/bin/cmake --install /home/prince/colcon_ws/build/turtlebot3_simulations
[0.965s] -- Install configuration: ""
[0.965s] -- Installing: /home/prince/colcon_ws/install/turtlebot3_simulations/share/ament_index/resource_index/package_run_dependencies/turtlebot3_simulations
[0.966s] -- Installing: /home/prince/colcon_ws/install/turtlebot3_simulations/share/ament_index/resource_index/parent_prefix_path/turtlebot3_simulations
[0.967s] -- Installing: /home/prince/colcon_ws/install/turtlebot3_simulations/share/turtlebot3_simulations/environment/ament_prefix_path.sh
[0.967s] -- Installing: /home/prince/colcon_ws/install/turtlebot3_simulations/share/turtlebot3_simulations/environment/ament_prefix_path.dsv
[0.967s] -- Installing: /home/prince/colcon_ws/install/turtlebot3_simulations/share/turtlebot3_simulations/environment/path.sh
[0.967s] -- Installing: /home/prince/colcon_ws/install/turtlebot3_simulations/share/turtlebot3_simulations/environment/path.dsv
[0.967s] -- Installing: /home/prince/colcon_ws/install/turtlebot3_simulations/share/turtlebot3_simulations/local_setup.bash
[0.967s] -- Installing: /home/prince/colcon_ws/install/turtlebot3_simulations/share/turtlebot3_simulations/local_setup.sh
[0.967s] -- Installing: /home/prince/colcon_ws/install/turtlebot3_simulations/share/turtlebot3_simulations/local_setup.zsh
[0.967s] -- Installing: /home/prince/colcon_ws/install/turtlebot3_simulations/share/turtlebot3_simulations/local_setup.dsv
[0.967s] -- Installing: /home/prince/colcon_ws/install/turtlebot3_simulations/share/turtlebot3_simulations/package.dsv
[0.968s] -- Installing: /home/prince/colcon_ws/install/turtlebot3_simulations/share/ament_index/resource_index/packages/turtlebot3_simulations
[0.968s] -- Installing: /home/prince/colcon_ws/install/turtlebot3_simulations/share/turtlebot3_simulations/cmake/turtlebot3_simulationsConfig.cmake
[0.968s] -- Installing: /home/prince/colcon_ws/install/turtlebot3_simulations/share/turtlebot3_simulations/cmake/turtlebot3_simulationsConfig-version.cmake
[0.968s] -- Installing: /home/prince/colcon_ws/install/turtlebot3_simulations/share/turtlebot3_simulations/package.xml
[0.971s] Invoked command in '/home/prince/colcon_ws/build/turtlebot3_simulations' returned '0': CMAKE_PREFIX_PATH=/home/prince/colcon_ws/install/turtlebot3_gazebo:/home/prince/colcon_ws/install/turtlebot3_fake_node:/home/prince/colcon_ws/install/turtlebot3_simulations:/home/prince/colcon_ws/install/turtlebot3_cartographer2:/home/prince/colcon_ws/install/turtlebot3_cartographer:/home/prince/colcon_ws/install/py_pubsub:/home/prince/colcon_ws/install/auto_nav:/opt/ros/foxy /usr/bin/cmake --install /home/prince/colcon_ws/build/turtlebot3_simulations
