[0.835s] Invoking command in '/home/prince/colcon_ws/src/py_pubsub': PYTHONPATH=/home/prince/colcon_ws/install/py_pubsub/lib/python3.8/site-packages:${PYTHONPATH} /usr/bin/python3 setup.py egg_info --egg-base ../../build/py_pubsub build --build-base /home/prince/colcon_ws/build/py_pubsub/build install --prefix /home/prince/colcon_ws/install/py_pubsub --record /home/prince/colcon_ws/build/py_pubsub/install.log --single-version-externally-managed
[1.019s] running egg_info
[1.020s] creating ../../build/py_pubsub/py_pubsub.egg-info
[1.021s] writing ../../build/py_pubsub/py_pubsub.egg-info/PKG-INFO
[1.021s] writing dependency_links to ../../build/py_pubsub/py_pubsub.egg-info/dependency_links.txt
[1.021s] writing entry points to ../../build/py_pubsub/py_pubsub.egg-info/entry_points.txt
[1.021s] writing requirements to ../../build/py_pubsub/py_pubsub.egg-info/requires.txt
[1.021s] writing top-level names to ../../build/py_pubsub/py_pubsub.egg-info/top_level.txt
[1.023s] writing manifest file '../../build/py_pubsub/py_pubsub.egg-info/SOURCES.txt'
[1.057s] reading manifest file '../../build/py_pubsub/py_pubsub.egg-info/SOURCES.txt'
[1.058s] writing manifest file '../../build/py_pubsub/py_pubsub.egg-info/SOURCES.txt'
[1.058s] running build
[1.058s] running build_py
[1.058s] creating /home/prince/colcon_ws/build/py_pubsub/build
[1.058s] creating /home/prince/colcon_ws/build/py_pubsub/build/lib
[1.058s] creating /home/prince/colcon_ws/build/py_pubsub/build/lib/py_pubsub
[1.058s] copying py_pubsub/publisher_member_function.py -> /home/prince/colcon_ws/build/py_pubsub/build/lib/py_pubsub
[1.058s] copying py_pubsub/subscriber_member_function.py -> /home/prince/colcon_ws/build/py_pubsub/build/lib/py_pubsub
[1.058s] copying py_pubsub/__init__.py -> /home/prince/colcon_ws/build/py_pubsub/build/lib/py_pubsub
[1.059s] running install
[1.059s] running install_lib
[1.061s] creating /home/prince/colcon_ws/install/py_pubsub/lib/python3.8/site-packages/py_pubsub
[1.061s] copying /home/prince/colcon_ws/build/py_pubsub/build/lib/py_pubsub/publisher_member_function.py -> /home/prince/colcon_ws/install/py_pubsub/lib/python3.8/site-packages/py_pubsub
[1.061s] copying /home/prince/colcon_ws/build/py_pubsub/build/lib/py_pubsub/subscriber_member_function.py -> /home/prince/colcon_ws/install/py_pubsub/lib/python3.8/site-packages/py_pubsub
[1.061s] copying /home/prince/colcon_ws/build/py_pubsub/build/lib/py_pubsub/__init__.py -> /home/prince/colcon_ws/install/py_pubsub/lib/python3.8/site-packages/py_pubsub
[1.062s] byte-compiling /home/prince/colcon_ws/install/py_pubsub/lib/python3.8/site-packages/py_pubsub/publisher_member_function.py to publisher_member_function.cpython-38.pyc
[1.063s] byte-compiling /home/prince/colcon_ws/install/py_pubsub/lib/python3.8/site-packages/py_pubsub/subscriber_member_function.py to subscriber_member_function.cpython-38.pyc
[1.064s] byte-compiling /home/prince/colcon_ws/install/py_pubsub/lib/python3.8/site-packages/py_pubsub/__init__.py to __init__.cpython-38.pyc
[1.064s] running install_data
[1.065s] creating /home/prince/colcon_ws/install/py_pubsub/share/ament_index
[1.065s] creating /home/prince/colcon_ws/install/py_pubsub/share/ament_index/resource_index
[1.065s] creating /home/prince/colcon_ws/install/py_pubsub/share/ament_index/resource_index/packages
[1.065s] copying resource/py_pubsub -> /home/prince/colcon_ws/install/py_pubsub/share/ament_index/resource_index/packages
[1.065s] copying package.xml -> /home/prince/colcon_ws/install/py_pubsub/share/py_pubsub
[1.065s] running install_egg_info
[1.067s] Copying ../../build/py_pubsub/py_pubsub.egg-info to /home/prince/colcon_ws/install/py_pubsub/lib/python3.8/site-packages/py_pubsub-0.0.0-py3.8.egg-info
[1.067s] running install_scripts
[1.085s] Installing listener script to /home/prince/colcon_ws/install/py_pubsub/lib/py_pubsub
[1.086s] Installing talker script to /home/prince/colcon_ws/install/py_pubsub/lib/py_pubsub
[1.086s] writing list of installed files to '/home/prince/colcon_ws/build/py_pubsub/install.log'
[1.119s] Invoked command in '/home/prince/colcon_ws/src/py_pubsub' returned '0': PYTHONPATH=/home/prince/colcon_ws/install/py_pubsub/lib/python3.8/site-packages:${PYTHONPATH} /usr/bin/python3 setup.py egg_info --egg-base ../../build/py_pubsub build --build-base /home/prince/colcon_ws/build/py_pubsub/build install --prefix /home/prince/colcon_ws/install/py_pubsub --record /home/prince/colcon_ws/build/py_pubsub/install.log --single-version-externally-managed
