[1.019s] Invoking command in '/home/prince/colcon_ws/src/py_pubsub': PYTHONPATH=/home/prince/colcon_ws/install/py_pubsub/lib/python3.8/site-packages:${PYTHONPATH} /usr/bin/python3 setup.py egg_info --egg-base ../../build/py_pubsub build --build-base /home/prince/colcon_ws/build/py_pubsub/build install --prefix /home/prince/colcon_ws/install/py_pubsub --record /home/prince/colcon_ws/build/py_pubsub/install.log --single-version-externally-managed
[1.225s] running egg_info
[1.226s] writing ../../build/py_pubsub/py_pubsub.egg-info/PKG-INFO
[1.227s] writing dependency_links to ../../build/py_pubsub/py_pubsub.egg-info/dependency_links.txt
[1.227s] writing entry points to ../../build/py_pubsub/py_pubsub.egg-info/entry_points.txt
[1.228s] writing requirements to ../../build/py_pubsub/py_pubsub.egg-info/requires.txt
[1.228s] writing top-level names to ../../build/py_pubsub/py_pubsub.egg-info/top_level.txt
[1.261s] reading manifest file '../../build/py_pubsub/py_pubsub.egg-info/SOURCES.txt'
[1.262s] writing manifest file '../../build/py_pubsub/py_pubsub.egg-info/SOURCES.txt'
[1.262s] running build
[1.262s] running build_py
[1.263s] running install
[1.264s] running install_lib
[1.265s] running install_data
[1.266s] running install_egg_info
[1.268s] removing '/home/prince/colcon_ws/install/py_pubsub/lib/python3.8/site-packages/py_pubsub-0.0.0-py3.8.egg-info' (and everything under it)
[1.268s] Copying ../../build/py_pubsub/py_pubsub.egg-info to /home/prince/colcon_ws/install/py_pubsub/lib/python3.8/site-packages/py_pubsub-0.0.0-py3.8.egg-info
[1.269s] running install_scripts
[1.288s] Installing listener script to /home/prince/colcon_ws/install/py_pubsub/lib/py_pubsub
[1.288s] Installing talker script to /home/prince/colcon_ws/install/py_pubsub/lib/py_pubsub
[1.288s] writing list of installed files to '/home/prince/colcon_ws/build/py_pubsub/install.log'
[1.333s] Invoked command in '/home/prince/colcon_ws/src/py_pubsub' returned '0': PYTHONPATH=/home/prince/colcon_ws/install/py_pubsub/lib/python3.8/site-packages:${PYTHONPATH} /usr/bin/python3 setup.py egg_info --egg-base ../../build/py_pubsub build --build-base /home/prince/colcon_ws/build/py_pubsub/build install --prefix /home/prince/colcon_ws/install/py_pubsub --record /home/prince/colcon_ws/build/py_pubsub/install.log --single-version-externally-managed
