[0.881s] Invoking command in '/home/prince/colcon_ws/src/py_pubsub': PYTHONPATH=/home/prince/colcon_ws/install/py_pubsub/lib/python3.8/site-packages:${PYTHONPATH} /usr/bin/python3 setup.py egg_info --egg-base ../../build/py_pubsub build --build-base /home/prince/colcon_ws/build/py_pubsub/build install --prefix /home/prince/colcon_ws/install/py_pubsub --record /home/prince/colcon_ws/build/py_pubsub/install.log --single-version-externally-managed
[1.070s] running egg_info
[1.071s] writing ../../build/py_pubsub/py_pubsub.egg-info/PKG-INFO
[1.071s] writing dependency_links to ../../build/py_pubsub/py_pubsub.egg-info/dependency_links.txt
[1.071s] writing entry points to ../../build/py_pubsub/py_pubsub.egg-info/entry_points.txt
[1.072s] writing requirements to ../../build/py_pubsub/py_pubsub.egg-info/requires.txt
[1.072s] writing top-level names to ../../build/py_pubsub/py_pubsub.egg-info/top_level.txt
[1.104s] reading manifest file '../../build/py_pubsub/py_pubsub.egg-info/SOURCES.txt'
[1.105s] writing manifest file '../../build/py_pubsub/py_pubsub.egg-info/SOURCES.txt'
[1.105s] running build
[1.105s] running build_py
[1.105s] running install
[1.106s] running install_lib
[1.108s] running install_data
[1.109s] running install_egg_info
[1.111s] removing '/home/prince/colcon_ws/install/py_pubsub/lib/python3.8/site-packages/py_pubsub-0.0.0-py3.8.egg-info' (and everything under it)
[1.111s] Copying ../../build/py_pubsub/py_pubsub.egg-info to /home/prince/colcon_ws/install/py_pubsub/lib/python3.8/site-packages/py_pubsub-0.0.0-py3.8.egg-info
[1.112s] running install_scripts
[1.127s] Installing listener script to /home/prince/colcon_ws/install/py_pubsub/lib/py_pubsub
[1.128s] Installing talker script to /home/prince/colcon_ws/install/py_pubsub/lib/py_pubsub
[1.128s] writing list of installed files to '/home/prince/colcon_ws/build/py_pubsub/install.log'
[1.156s] Invoked command in '/home/prince/colcon_ws/src/py_pubsub' returned '0': PYTHONPATH=/home/prince/colcon_ws/install/py_pubsub/lib/python3.8/site-packages:${PYTHONPATH} /usr/bin/python3 setup.py egg_info --egg-base ../../build/py_pubsub build --build-base /home/prince/colcon_ws/build/py_pubsub/build install --prefix /home/prince/colcon_ws/install/py_pubsub --record /home/prince/colcon_ws/build/py_pubsub/install.log --single-version-externally-managed
