[1.468s] Invoking command in '/home/prince/colcon_ws/src/auto_nav': PYTHONPATH=/home/prince/colcon_ws/install/auto_nav/lib/python3.8/site-packages:${PYTHONPATH} /usr/bin/python3 setup.py egg_info --egg-base ../../build/auto_nav build --build-base /home/prince/colcon_ws/build/auto_nav/build install --prefix /home/prince/colcon_ws/install/auto_nav --record /home/prince/colcon_ws/build/auto_nav/install.log --single-version-externally-managed
[1.791s] running egg_info
[1.794s] writing ../../build/auto_nav/auto_nav.egg-info/PKG-INFO
[1.794s] writing dependency_links to ../../build/auto_nav/auto_nav.egg-info/dependency_links.txt
[1.794s] writing entry points to ../../build/auto_nav/auto_nav.egg-info/entry_points.txt
[1.795s] writing requirements to ../../build/auto_nav/auto_nav.egg-info/requires.txt
[1.795s] writing top-level names to ../../build/auto_nav/auto_nav.egg-info/top_level.txt
[1.840s] reading manifest file '../../build/auto_nav/auto_nav.egg-info/SOURCES.txt'
[1.844s] writing manifest file '../../build/auto_nav/auto_nav.egg-info/SOURCES.txt'
[1.845s] running build
[1.845s] running build_py
[1.846s] copying auto_nav/r2_wall_follow.py -> /home/prince/colcon_ws/build/auto_nav/build/lib/auto_nav
[1.847s] running install
[1.849s] running install_lib
[1.852s] copying /home/prince/colcon_ws/build/auto_nav/build/lib/auto_nav/r2_wall_follow.py -> /home/prince/colcon_ws/install/auto_nav/lib/python3.8/site-packages/auto_nav
[1.854s] byte-compiling /home/prince/colcon_ws/install/auto_nav/lib/python3.8/site-packages/auto_nav/r2_wall_follow.py to r2_wall_follow.cpython-38.pyc
[1.859s] running install_data
[1.859s] running install_egg_info
[1.861s] removing '/home/prince/colcon_ws/install/auto_nav/lib/python3.8/site-packages/auto_nav-0.0.0-py3.8.egg-info' (and everything under it)
[1.862s] Copying ../../build/auto_nav/auto_nav.egg-info to /home/prince/colcon_ws/install/auto_nav/lib/python3.8/site-packages/auto_nav-0.0.0-py3.8.egg-info
[1.863s] running install_scripts
[1.896s] Installing map2base script to /home/prince/colcon_ws/install/auto_nav/lib/auto_nav
[1.897s] Installing r2auto_nav script to /home/prince/colcon_ws/install/auto_nav/lib/auto_nav
[1.897s] Installing r2auto_nav2 script to /home/prince/colcon_ws/install/auto_nav/lib/auto_nav
[1.897s] Installing r2auto_nav3_gazebo script to /home/prince/colcon_ws/install/auto_nav/lib/auto_nav
[1.898s] Installing r2auto_nav3_real script to /home/prince/colcon_ws/install/auto_nav/lib/auto_nav
[1.898s] Installing r2mover script to /home/prince/colcon_ws/install/auto_nav/lib/auto_nav
[1.898s] Installing r2moverotate script to /home/prince/colcon_ws/install/auto_nav/lib/auto_nav
[1.898s] Installing r2occupancy script to /home/prince/colcon_ws/install/auto_nav/lib/auto_nav
[1.899s] Installing r2occupancy2 script to /home/prince/colcon_ws/install/auto_nav/lib/auto_nav
[1.899s] Installing r2scanner script to /home/prince/colcon_ws/install/auto_nav/lib/auto_nav
[1.899s] Installing snake script to /home/prince/colcon_ws/install/auto_nav/lib/auto_nav
[1.899s] Installing targeter script to /home/prince/colcon_ws/install/auto_nav/lib/auto_nav
[1.899s] Installing thermal_interp script to /home/prince/colcon_ws/install/auto_nav/lib/auto_nav
[1.899s] Installing thermal_listener script to /home/prince/colcon_ws/install/auto_nav/lib/auto_nav
[1.900s] Installing wall_follow script to /home/prince/colcon_ws/install/auto_nav/lib/auto_nav
[1.901s] writing list of installed files to '/home/prince/colcon_ws/build/auto_nav/install.log'
[1.979s] Invoked command in '/home/prince/colcon_ws/src/auto_nav' returned '0': PYTHONPATH=/home/prince/colcon_ws/install/auto_nav/lib/python3.8/site-packages:${PYTHONPATH} /usr/bin/python3 setup.py egg_info --egg-base ../../build/auto_nav build --build-base /home/prince/colcon_ws/build/auto_nav/build install --prefix /home/prince/colcon_ws/install/auto_nav --record /home/prince/colcon_ws/build/auto_nav/install.log --single-version-externally-managed
