[4.635s] Invoking command in '/home/ubuntu/turtlebot3_ws/build/turtlebot3_example': PYTHONPATH=/home/ubuntu/turtlebot3_ws/install/turtlebot3_example/lib/python3.8/site-packages:${PYTHONPATH} /usr/bin/python3 setup.py develop --prefix /home/ubuntu/turtlebot3_ws/install/turtlebot3_example --editable --build-directory /home/ubuntu/turtlebot3_ws/build/turtlebot3_example/build --no-deps install_data --install-dir /home/ubuntu/turtlebot3_ws/install/turtlebot3_example
[7.792s] running develop
[9.604s] running egg_info
[9.607s] writing turtlebot3_example.egg-info/PKG-INFO
[9.608s] writing dependency_links to turtlebot3_example.egg-info/dependency_links.txt
[9.610s] writing entry points to turtlebot3_example.egg-info/entry_points.txt
[9.613s] writing requirements to turtlebot3_example.egg-info/requires.txt
[9.615s] writing top-level names to turtlebot3_example.egg-info/top_level.txt
[10.063s] reading manifest file 'turtlebot3_example.egg-info/SOURCES.txt'
[10.079s] writing manifest file 'turtlebot3_example.egg-info/SOURCES.txt'
[10.102s] running build_ext
[10.117s] Creating /home/ubuntu/turtlebot3_ws/install/turtlebot3_example/lib/python3.8/site-packages/turtlebot3-example.egg-link (link to .)
[10.130s] Installing turtlebot3_obstacle_detection script to /home/ubuntu/turtlebot3_ws/install/turtlebot3_example/lib/turtlebot3_example
[10.137s] Installing turtlebot3_patrol_client script to /home/ubuntu/turtlebot3_ws/install/turtlebot3_example/lib/turtlebot3_example
[10.142s] Installing turtlebot3_patrol_server script to /home/ubuntu/turtlebot3_ws/install/turtlebot3_example/lib/turtlebot3_example
[10.149s] Installing turtlebot3_position_control script to /home/ubuntu/turtlebot3_ws/install/turtlebot3_example/lib/turtlebot3_example
[10.154s] 
[10.157s] Installed /home/ubuntu/turtlebot3_ws/build/turtlebot3_example
[10.169s] running install_data
[10.699s] Invoked command in '/home/ubuntu/turtlebot3_ws/build/turtlebot3_example' returned '0': PYTHONPATH=/home/ubuntu/turtlebot3_ws/install/turtlebot3_example/lib/python3.8/site-packages:${PYTHONPATH} /usr/bin/python3 setup.py develop --prefix /home/ubuntu/turtlebot3_ws/install/turtlebot3_example --editable --build-directory /home/ubuntu/turtlebot3_ws/build/turtlebot3_example/build --no-deps install_data --install-dir /home/ubuntu/turtlebot3_ws/install/turtlebot3_example
