[1.412s] Invoking command in '/home/prince/colcon_ws/src/auto_nav': PYTHONPATH=/home/prince/colcon_ws/install/auto_nav/lib/python3.8/site-packages:${PYTHONPATH} /usr/bin/python3 setup.py egg_info --egg-base ../../build/auto_nav build --build-base /home/prince/colcon_ws/build/auto_nav/build install --prefix /home/prince/colcon_ws/install/auto_nav --record /home/prince/colcon_ws/build/auto_nav/install.log --single-version-externally-managed
[1.699s] running egg_info
[1.700s] writing ../../build/auto_nav/auto_nav.egg-info/PKG-INFO
[1.701s] writing dependency_links to ../../build/auto_nav/auto_nav.egg-info/dependency_links.txt
[1.702s] writing entry points to ../../build/auto_nav/auto_nav.egg-info/entry_points.txt
[1.703s] writing requirements to ../../build/auto_nav/auto_nav.egg-info/requires.txt
[1.703s] writing top-level names to ../../build/auto_nav/auto_nav.egg-info/top_level.txt
[1.746s] reading manifest file '../../build/auto_nav/auto_nav.egg-info/SOURCES.txt'
[1.747s] writing manifest file '../../build/auto_nav/auto_nav.egg-info/SOURCES.txt'
[1.748s] running build
[1.748s] running build_py
[1.748s] copying auto_nav/r2occupancy.py -> /home/prince/colcon_ws/build/auto_nav/build/lib/auto_nav
[1.749s] running install
[1.750s] running install_lib
[1.752s] copying /home/prince/colcon_ws/build/auto_nav/build/lib/auto_nav/r2occupancy.py -> /home/prince/colcon_ws/install/auto_nav/lib/python3.8/site-packages/auto_nav
[1.753s] byte-compiling /home/prince/colcon_ws/install/auto_nav/lib/python3.8/site-packages/auto_nav/r2occupancy.py to r2occupancy.cpython-38.pyc
[1.755s] running install_data
[1.756s] running install_egg_info
[1.759s] removing '/home/prince/colcon_ws/install/auto_nav/lib/python3.8/site-packages/auto_nav-0.0.0-py3.8.egg-info' (and everything under it)
[1.759s] Copying ../../build/auto_nav/auto_nav.egg-info to /home/prince/colcon_ws/install/auto_nav/lib/python3.8/site-packages/auto_nav-0.0.0-py3.8.egg-info
[1.760s] running install_scripts
[1.795s] Installing follow_wall script to /home/prince/colcon_ws/install/auto_nav/lib/auto_nav
[1.796s] Installing r2auto_nav script to /home/prince/colcon_ws/install/auto_nav/lib/auto_nav
[1.796s] Installing r2mover script to /home/prince/colcon_ws/install/auto_nav/lib/auto_nav
[1.796s] Installing r2moverotate script to /home/prince/colcon_ws/install/auto_nav/lib/auto_nav
[1.796s] Installing r2occupancy script to /home/prince/colcon_ws/install/auto_nav/lib/auto_nav
[1.796s] Installing r2occupancy2 script to /home/prince/colcon_ws/install/auto_nav/lib/auto_nav
[1.796s] Installing r2scanner script to /home/prince/colcon_ws/install/auto_nav/lib/auto_nav
[1.797s] writing list of installed files to '/home/prince/colcon_ws/build/auto_nav/install.log'
[1.876s] Invoked command in '/home/prince/colcon_ws/src/auto_nav' returned '0': PYTHONPATH=/home/prince/colcon_ws/install/auto_nav/lib/python3.8/site-packages:${PYTHONPATH} /usr/bin/python3 setup.py egg_info --egg-base ../../build/auto_nav build --build-base /home/prince/colcon_ws/build/auto_nav/build install --prefix /home/prince/colcon_ws/install/auto_nav --record /home/prince/colcon_ws/build/auto_nav/install.log --single-version-externally-managed
