[1.294s] Invoking command in '/home/prince/colcon_ws/src/auto_nav': PYTHONPATH=/home/prince/colcon_ws/install/auto_nav/lib/python3.8/site-packages:${PYTHONPATH} /usr/bin/python3 setup.py egg_info --egg-base ../../build/auto_nav build --build-base /home/prince/colcon_ws/build/auto_nav/build install --prefix /home/prince/colcon_ws/install/auto_nav --record /home/prince/colcon_ws/build/auto_nav/install.log --single-version-externally-managed
[1.537s] running egg_info
[1.538s] writing ../../build/auto_nav/auto_nav.egg-info/PKG-INFO
[1.539s] writing dependency_links to ../../build/auto_nav/auto_nav.egg-info/dependency_links.txt
[1.540s] writing entry points to ../../build/auto_nav/auto_nav.egg-info/entry_points.txt
[1.540s] writing requirements to ../../build/auto_nav/auto_nav.egg-info/requires.txt
[1.540s] writing top-level names to ../../build/auto_nav/auto_nav.egg-info/top_level.txt
[1.574s] reading manifest file '../../build/auto_nav/auto_nav.egg-info/SOURCES.txt'
[1.575s] writing manifest file '../../build/auto_nav/auto_nav.egg-info/SOURCES.txt'
[1.575s] running build
[1.575s] running build_py
[1.576s] copying auto_nav/r2_wall_follow.py -> /home/prince/colcon_ws/build/auto_nav/build/lib/auto_nav
[1.576s] running install
[1.577s] running install_lib
[1.579s] copying /home/prince/colcon_ws/build/auto_nav/build/lib/auto_nav/r2_wall_follow.py -> /home/prince/colcon_ws/install/auto_nav/lib/python3.8/site-packages/auto_nav
[1.580s] byte-compiling /home/prince/colcon_ws/install/auto_nav/lib/python3.8/site-packages/auto_nav/r2_wall_follow.py to r2_wall_follow.cpython-38.pyc
[1.582s]   File "/home/prince/colcon_ws/install/auto_nav/lib/python3.8/site-packages/auto_nav/r2_wall_follow.py", line 405
[1.582s]     print(len(self.mazelayout) * self.resolution - 2.0))
[1.582s]                                                        ^
[1.582s] SyntaxError: unmatched ')'
[1.583s] 
[1.583s] running install_data
[1.583s] running install_egg_info
[1.585s] removing '/home/prince/colcon_ws/install/auto_nav/lib/python3.8/site-packages/auto_nav-0.0.0-py3.8.egg-info' (and everything under it)
[1.585s] Copying ../../build/auto_nav/auto_nav.egg-info to /home/prince/colcon_ws/install/auto_nav/lib/python3.8/site-packages/auto_nav-0.0.0-py3.8.egg-info
[1.586s] running install_scripts
[1.610s] Installing map2base script to /home/prince/colcon_ws/install/auto_nav/lib/auto_nav
[1.610s] Installing r2auto_nav script to /home/prince/colcon_ws/install/auto_nav/lib/auto_nav
[1.610s] Installing r2auto_nav2 script to /home/prince/colcon_ws/install/auto_nav/lib/auto_nav
[1.611s] Installing r2auto_nav3_gazebo script to /home/prince/colcon_ws/install/auto_nav/lib/auto_nav
[1.611s] Installing r2auto_nav3_real script to /home/prince/colcon_ws/install/auto_nav/lib/auto_nav
[1.611s] Installing r2mover script to /home/prince/colcon_ws/install/auto_nav/lib/auto_nav
[1.612s] Installing r2moverotate script to /home/prince/colcon_ws/install/auto_nav/lib/auto_nav
[1.612s] Installing r2occupancy script to /home/prince/colcon_ws/install/auto_nav/lib/auto_nav
[1.613s] Installing r2occupancy2 script to /home/prince/colcon_ws/install/auto_nav/lib/auto_nav
[1.613s] Installing r2scanner script to /home/prince/colcon_ws/install/auto_nav/lib/auto_nav
[1.613s] Installing snake script to /home/prince/colcon_ws/install/auto_nav/lib/auto_nav
[1.613s] Installing targeter script to /home/prince/colcon_ws/install/auto_nav/lib/auto_nav
[1.613s] Installing thermal_interp script to /home/prince/colcon_ws/install/auto_nav/lib/auto_nav
[1.613s] Installing thermal_listener script to /home/prince/colcon_ws/install/auto_nav/lib/auto_nav
[1.613s] Installing wall_follow script to /home/prince/colcon_ws/install/auto_nav/lib/auto_nav
[1.613s] writing list of installed files to '/home/prince/colcon_ws/build/auto_nav/install.log'
[1.670s] Invoked command in '/home/prince/colcon_ws/src/auto_nav' returned '0': PYTHONPATH=/home/prince/colcon_ws/install/auto_nav/lib/python3.8/site-packages:${PYTHONPATH} /usr/bin/python3 setup.py egg_info --egg-base ../../build/auto_nav build --build-base /home/prince/colcon_ws/build/auto_nav/build install --prefix /home/prince/colcon_ws/install/auto_nav --record /home/prince/colcon_ws/build/auto_nav/install.log --single-version-externally-managed
