[1.191s] Invoking command in '/home/prince/colcon_ws/src/auto_nav': PYTHONPATH=/home/prince/colcon_ws/install/auto_nav/lib/python3.8/site-packages:${PYTHONPATH} /usr/bin/python3 setup.py egg_info --egg-base ../../build/auto_nav build --build-base /home/prince/colcon_ws/build/auto_nav/build install --prefix /home/prince/colcon_ws/install/auto_nav --record /home/prince/colcon_ws/build/auto_nav/install.log --single-version-externally-managed
[1.431s] running egg_info
[1.432s] writing ../../build/auto_nav/auto_nav.egg-info/PKG-INFO
[1.432s] writing dependency_links to ../../build/auto_nav/auto_nav.egg-info/dependency_links.txt
[1.433s] writing entry points to ../../build/auto_nav/auto_nav.egg-info/entry_points.txt
[1.434s] writing requirements to ../../build/auto_nav/auto_nav.egg-info/requires.txt
[1.434s] writing top-level names to ../../build/auto_nav/auto_nav.egg-info/top_level.txt
[1.471s] reading manifest file '../../build/auto_nav/auto_nav.egg-info/SOURCES.txt'
[1.472s] writing manifest file '../../build/auto_nav/auto_nav.egg-info/SOURCES.txt'
[1.472s] running build
[1.472s] running build_py
[1.473s] copying auto_nav/r2auto_nav3_real.py -> /home/prince/colcon_ws/build/auto_nav/build/lib/auto_nav
[1.473s] running install
[1.474s] running install_lib
[1.475s] copying /home/prince/colcon_ws/build/auto_nav/build/lib/auto_nav/r2auto_nav3_real.py -> /home/prince/colcon_ws/install/auto_nav/lib/python3.8/site-packages/auto_nav
[1.476s] byte-compiling /home/prince/colcon_ws/install/auto_nav/lib/python3.8/site-packages/auto_nav/r2auto_nav3_real.py to r2auto_nav3_real.cpython-38.pyc
[1.481s] running install_data
[1.481s] running install_egg_info
[1.484s] removing '/home/prince/colcon_ws/install/auto_nav/lib/python3.8/site-packages/auto_nav-0.0.0-py3.8.egg-info' (and everything under it)
[1.485s] Copying ../../build/auto_nav/auto_nav.egg-info to /home/prince/colcon_ws/install/auto_nav/lib/python3.8/site-packages/auto_nav-0.0.0-py3.8.egg-info
[1.486s] running install_scripts
[1.510s] Installing r2auto_nav script to /home/prince/colcon_ws/install/auto_nav/lib/auto_nav
[1.510s] Installing r2auto_nav2 script to /home/prince/colcon_ws/install/auto_nav/lib/auto_nav
[1.511s] Installing r2auto_nav3_gazebo script to /home/prince/colcon_ws/install/auto_nav/lib/auto_nav
[1.511s] Installing r2auto_nav3_real script to /home/prince/colcon_ws/install/auto_nav/lib/auto_nav
[1.511s] Installing r2mover script to /home/prince/colcon_ws/install/auto_nav/lib/auto_nav
[1.512s] Installing r2moverotate script to /home/prince/colcon_ws/install/auto_nav/lib/auto_nav
[1.512s] Installing r2occupancy script to /home/prince/colcon_ws/install/auto_nav/lib/auto_nav
[1.513s] Installing r2occupancy2 script to /home/prince/colcon_ws/install/auto_nav/lib/auto_nav
[1.513s] Installing r2scanner script to /home/prince/colcon_ws/install/auto_nav/lib/auto_nav
[1.514s] writing list of installed files to '/home/prince/colcon_ws/build/auto_nav/install.log'
[1.569s] Invoked command in '/home/prince/colcon_ws/src/auto_nav' returned '0': PYTHONPATH=/home/prince/colcon_ws/install/auto_nav/lib/python3.8/site-packages:${PYTHONPATH} /usr/bin/python3 setup.py egg_info --egg-base ../../build/auto_nav build --build-base /home/prince/colcon_ws/build/auto_nav/build install --prefix /home/prince/colcon_ws/install/auto_nav --record /home/prince/colcon_ws/build/auto_nav/install.log --single-version-externally-managed
