[1.591s] Invoking command in '/home/prince/colcon_ws/src/auto_nav': PYTHONPATH=/home/prince/colcon_ws/install/auto_nav/lib/python3.8/site-packages:${PYTHONPATH} /usr/bin/python3 setup.py egg_info --egg-base ../../build/auto_nav build --build-base /home/prince/colcon_ws/build/auto_nav/build install --prefix /home/prince/colcon_ws/install/auto_nav --record /home/prince/colcon_ws/build/auto_nav/install.log --single-version-externally-managed
[1.951s] running egg_info
[1.952s] writing ../../build/auto_nav/auto_nav.egg-info/PKG-INFO
[1.952s] writing dependency_links to ../../build/auto_nav/auto_nav.egg-info/dependency_links.txt
[1.952s] writing entry points to ../../build/auto_nav/auto_nav.egg-info/entry_points.txt
[1.952s] writing requirements to ../../build/auto_nav/auto_nav.egg-info/requires.txt
[1.952s] writing top-level names to ../../build/auto_nav/auto_nav.egg-info/top_level.txt
[1.998s] reading manifest file '../../build/auto_nav/auto_nav.egg-info/SOURCES.txt'
[1.999s] writing manifest file '../../build/auto_nav/auto_nav.egg-info/SOURCES.txt'
[1.999s] running build
[1.999s] running build_py
[2.000s] copying auto_nav/r2auto_nav4_snake.py -> /home/prince/colcon_ws/build/auto_nav/build/lib/auto_nav
[2.000s] running install
[2.001s] running install_lib
[2.003s] copying /home/prince/colcon_ws/build/auto_nav/build/lib/auto_nav/r2auto_nav4_snake.py -> /home/prince/colcon_ws/install/auto_nav/lib/python3.8/site-packages/auto_nav
[2.004s] byte-compiling /home/prince/colcon_ws/install/auto_nav/lib/python3.8/site-packages/auto_nav/r2auto_nav4_snake.py to r2auto_nav4_snake.cpython-38.pyc
[2.010s] running install_data
[2.012s] running install_egg_info
[2.017s] removing '/home/prince/colcon_ws/install/auto_nav/lib/python3.8/site-packages/auto_nav-0.0.0-py3.8.egg-info' (and everything under it)
[2.017s] Copying ../../build/auto_nav/auto_nav.egg-info to /home/prince/colcon_ws/install/auto_nav/lib/python3.8/site-packages/auto_nav-0.0.0-py3.8.egg-info
[2.018s] running install_scripts
[2.052s] Installing map2base script to /home/prince/colcon_ws/install/auto_nav/lib/auto_nav
[2.052s] Installing r2_snake script to /home/prince/colcon_ws/install/auto_nav/lib/auto_nav
[2.052s] Installing r2auto_nav script to /home/prince/colcon_ws/install/auto_nav/lib/auto_nav
[2.052s] Installing r2auto_nav2 script to /home/prince/colcon_ws/install/auto_nav/lib/auto_nav
[2.052s] Installing r2auto_nav3_gazebo script to /home/prince/colcon_ws/install/auto_nav/lib/auto_nav
[2.052s] Installing r2auto_nav3_real script to /home/prince/colcon_ws/install/auto_nav/lib/auto_nav
[2.053s] Installing r2mover script to /home/prince/colcon_ws/install/auto_nav/lib/auto_nav
[2.053s] Installing r2moverotate script to /home/prince/colcon_ws/install/auto_nav/lib/auto_nav
[2.053s] Installing r2occupancy script to /home/prince/colcon_ws/install/auto_nav/lib/auto_nav
[2.053s] Installing r2occupancy2 script to /home/prince/colcon_ws/install/auto_nav/lib/auto_nav
[2.053s] Installing r2scanner script to /home/prince/colcon_ws/install/auto_nav/lib/auto_nav
[2.054s] writing list of installed files to '/home/prince/colcon_ws/build/auto_nav/install.log'
[2.123s] Invoked command in '/home/prince/colcon_ws/src/auto_nav' returned '0': PYTHONPATH=/home/prince/colcon_ws/install/auto_nav/lib/python3.8/site-packages:${PYTHONPATH} /usr/bin/python3 setup.py egg_info --egg-base ../../build/auto_nav build --build-base /home/prince/colcon_ws/build/auto_nav/build install --prefix /home/prince/colcon_ws/install/auto_nav --record /home/prince/colcon_ws/build/auto_nav/install.log --single-version-externally-managed
