[3.218s] Invoking command in '/home/ubuntu/turtlebot3_ws/build/py_servo': PYTHONPATH=/home/ubuntu/turtlebot3_ws/install/py_servo/lib/python3.8/site-packages:${PYTHONPATH} /usr/bin/python3 setup.py develop --prefix /home/ubuntu/turtlebot3_ws/install/py_servo --uninstall --editable --build-directory /home/ubuntu/turtlebot3_ws/build/py_servo/build
[5.386s] running develop
[6.672s] Invoked command in '/home/ubuntu/turtlebot3_ws/build/py_servo' returned '0': PYTHONPATH=/home/ubuntu/turtlebot3_ws/install/py_servo/lib/python3.8/site-packages:${PYTHONPATH} /usr/bin/python3 setup.py develop --prefix /home/ubuntu/turtlebot3_ws/install/py_servo --uninstall --editable --build-directory /home/ubuntu/turtlebot3_ws/build/py_servo/build
[6.683s] Invoking command in '/home/ubuntu/turtlebot3_ws/src/py_servo': PYTHONPATH=/home/ubuntu/turtlebot3_ws/install/py_servo/lib/python3.8/site-packages:${PYTHONPATH} /usr/bin/python3 setup.py egg_info --egg-base ../../build/py_servo build --build-base /home/ubuntu/turtlebot3_ws/build/py_servo/build install --prefix /home/ubuntu/turtlebot3_ws/install/py_servo --record /home/ubuntu/turtlebot3_ws/build/py_servo/install.log --single-version-externally-managed
[8.225s] running egg_info
[8.229s] writing ../../build/py_servo/py_servo.egg-info/PKG-INFO
[8.231s] writing dependency_links to ../../build/py_servo/py_servo.egg-info/dependency_links.txt
[8.233s] writing entry points to ../../build/py_servo/py_servo.egg-info/entry_points.txt
[8.234s] writing requirements to ../../build/py_servo/py_servo.egg-info/requires.txt
[8.235s] writing top-level names to ../../build/py_servo/py_servo.egg-info/top_level.txt
[8.494s] reading manifest file '../../build/py_servo/py_servo.egg-info/SOURCES.txt'
[8.501s] writing manifest file '../../build/py_servo/py_servo.egg-info/SOURCES.txt'
[8.502s] running build
[8.503s] running build_py
[8.505s] running install
[8.510s] running install_lib
[8.520s] running install_data
[8.524s] running install_egg_info
[8.536s] removing '/home/ubuntu/turtlebot3_ws/install/py_servo/lib/python3.8/site-packages/py_servo-0.0.0-py3.8.egg-info' (and everything under it)
[8.539s] Copying ../../build/py_servo/py_servo.egg-info to /home/ubuntu/turtlebot3_ws/install/py_servo/lib/python3.8/site-packages/py_servo-0.0.0-py3.8.egg-info
[8.548s] running install_scripts
[8.668s] Installing py_servo script to /home/ubuntu/turtlebot3_ws/install/py_servo/lib/py_servo
[8.671s] writing list of installed files to '/home/ubuntu/turtlebot3_ws/build/py_servo/install.log'
[8.860s] Invoked command in '/home/ubuntu/turtlebot3_ws/src/py_servo' returned '0': PYTHONPATH=/home/ubuntu/turtlebot3_ws/install/py_servo/lib/python3.8/site-packages:${PYTHONPATH} /usr/bin/python3 setup.py egg_info --egg-base ../../build/py_servo build --build-base /home/ubuntu/turtlebot3_ws/build/py_servo/build install --prefix /home/ubuntu/turtlebot3_ws/install/py_servo --record /home/ubuntu/turtlebot3_ws/build/py_servo/install.log --single-version-externally-managed
