[1.740s] Invoking command in '/home/ubuntu/turtlebot3_ws/src/amg8833_i2c': PYTHONPATH=/home/ubuntu/turtlebot3_ws/install/amg8833_i2c/lib/python3.8/site-packages:${PYTHONPATH} /usr/bin/python3 setup.py egg_info --egg-base ../../build/amg8833_i2c build --build-base /home/ubuntu/turtlebot3_ws/build/amg8833_i2c/build install --prefix /home/ubuntu/turtlebot3_ws/install/amg8833_i2c --record /home/ubuntu/turtlebot3_ws/build/amg8833_i2c/install.log --single-version-externally-managed
[3.270s] running egg_info
[3.273s] writing ../../build/amg8833_i2c/amg8833_i2c.egg-info/PKG-INFO
[3.275s] writing dependency_links to ../../build/amg8833_i2c/amg8833_i2c.egg-info/dependency_links.txt
[3.277s] writing entry points to ../../build/amg8833_i2c/amg8833_i2c.egg-info/entry_points.txt
[3.278s] writing requirements to ../../build/amg8833_i2c/amg8833_i2c.egg-info/requires.txt
[3.279s] writing top-level names to ../../build/amg8833_i2c/amg8833_i2c.egg-info/top_level.txt
[3.533s] reading manifest file '../../build/amg8833_i2c/amg8833_i2c.egg-info/SOURCES.txt'
[3.540s] writing manifest file '../../build/amg8833_i2c/amg8833_i2c.egg-info/SOURCES.txt'
[3.541s] running build
[3.542s] running build_py
[3.543s] running install
[3.549s] running install_lib
[3.559s] running install_data
[3.563s] running install_egg_info
[3.574s] removing '/home/ubuntu/turtlebot3_ws/install/amg8833_i2c/lib/python3.8/site-packages/amg8833_i2c-0.0.0-py3.8.egg-info' (and everything under it)
[3.576s] Copying ../../build/amg8833_i2c/amg8833_i2c.egg-info to /home/ubuntu/turtlebot3_ws/install/amg8833_i2c/lib/python3.8/site-packages/amg8833_i2c-0.0.0-py3.8.egg-info
[3.585s] running install_scripts
[3.703s] Installing thermal script to /home/ubuntu/turtlebot3_ws/install/amg8833_i2c/lib/amg8833_i2c
[3.706s] writing list of installed files to '/home/ubuntu/turtlebot3_ws/build/amg8833_i2c/install.log'
[3.881s] Invoked command in '/home/ubuntu/turtlebot3_ws/src/amg8833_i2c' returned '0': PYTHONPATH=/home/ubuntu/turtlebot3_ws/install/amg8833_i2c/lib/python3.8/site-packages:${PYTHONPATH} /usr/bin/python3 setup.py egg_info --egg-base ../../build/amg8833_i2c build --build-base /home/ubuntu/turtlebot3_ws/build/amg8833_i2c/build install --prefix /home/ubuntu/turtlebot3_ws/install/amg8833_i2c --record /home/ubuntu/turtlebot3_ws/build/amg8833_i2c/install.log --single-version-externally-managed
