[1.322s] Invoking command in '/home/prince/colcon_ws/src/auto_nav': PYTHONPATH=/home/prince/colcon_ws/install/auto_nav/lib/python3.8/site-packages:${PYTHONPATH} /usr/bin/python3 setup.py egg_info --egg-base ../../build/auto_nav build --build-base /home/prince/colcon_ws/build/auto_nav/build install --prefix /home/prince/colcon_ws/install/auto_nav --record /home/prince/colcon_ws/build/auto_nav/install.log --single-version-externally-managed
[1.611s] running egg_info
[1.613s] writing ../../build/auto_nav/auto_nav.egg-info/PKG-INFO
[1.613s] writing dependency_links to ../../build/auto_nav/auto_nav.egg-info/dependency_links.txt
[1.614s] writing entry points to ../../build/auto_nav/auto_nav.egg-info/entry_points.txt
[1.614s] writing requirements to ../../build/auto_nav/auto_nav.egg-info/requires.txt
[1.614s] writing top-level names to ../../build/auto_nav/auto_nav.egg-info/top_level.txt
[1.657s] reading manifest file '../../build/auto_nav/auto_nav.egg-info/SOURCES.txt'
[1.660s] writing manifest file '../../build/auto_nav/auto_nav.egg-info/SOURCES.txt'
[1.660s] running build
[1.660s] running build_py
[1.660s] copying auto_nav/r2auto_nav2.py -> /home/prince/colcon_ws/build/auto_nav/build/lib/auto_nav
[1.662s] running install
[1.664s] running install_lib
[1.666s] copying /home/prince/colcon_ws/build/auto_nav/build/lib/auto_nav/r2auto_nav2.py -> /home/prince/colcon_ws/install/auto_nav/lib/python3.8/site-packages/auto_nav
[1.667s] byte-compiling /home/prince/colcon_ws/install/auto_nav/lib/python3.8/site-packages/auto_nav/r2auto_nav2.py to r2auto_nav2.cpython-38.pyc
[1.671s] running install_data
[1.672s] running install_egg_info
[1.676s] removing '/home/prince/colcon_ws/install/auto_nav/lib/python3.8/site-packages/auto_nav-0.0.0-py3.8.egg-info' (and everything under it)
[1.676s] Copying ../../build/auto_nav/auto_nav.egg-info to /home/prince/colcon_ws/install/auto_nav/lib/python3.8/site-packages/auto_nav-0.0.0-py3.8.egg-info
[1.678s] running install_scripts
[1.708s] Installing r2auto_nav script to /home/prince/colcon_ws/install/auto_nav/lib/auto_nav
[1.709s] Installing r2auto_nav2 script to /home/prince/colcon_ws/install/auto_nav/lib/auto_nav
[1.709s] Installing r2mover script to /home/prince/colcon_ws/install/auto_nav/lib/auto_nav
[1.709s] Installing r2moverotate script to /home/prince/colcon_ws/install/auto_nav/lib/auto_nav
[1.709s] Installing r2occupancy script to /home/prince/colcon_ws/install/auto_nav/lib/auto_nav
[1.710s] Installing r2occupancy2 script to /home/prince/colcon_ws/install/auto_nav/lib/auto_nav
[1.710s] Installing r2scanner script to /home/prince/colcon_ws/install/auto_nav/lib/auto_nav
[1.711s] writing list of installed files to '/home/prince/colcon_ws/build/auto_nav/install.log'
[1.769s] Invoked command in '/home/prince/colcon_ws/src/auto_nav' returned '0': PYTHONPATH=/home/prince/colcon_ws/install/auto_nav/lib/python3.8/site-packages:${PYTHONPATH} /usr/bin/python3 setup.py egg_info --egg-base ../../build/auto_nav build --build-base /home/prince/colcon_ws/build/auto_nav/build install --prefix /home/prince/colcon_ws/install/auto_nav --record /home/prince/colcon_ws/build/auto_nav/install.log --single-version-externally-managed
