[1.693s] Invoking command in '/home/prince/colcon_ws/src/py_pubsub': PYTHONPATH=/home/prince/colcon_ws/install/py_pubsub/lib/python3.8/site-packages:${PYTHONPATH} /usr/bin/python3 setup.py egg_info --egg-base ../../build/py_pubsub build --build-base /home/prince/colcon_ws/build/py_pubsub/build install --prefix /home/prince/colcon_ws/install/py_pubsub --record /home/prince/colcon_ws/build/py_pubsub/install.log --single-version-externally-managed
[2.039s] running egg_info
[2.040s] writing ../../build/py_pubsub/py_pubsub.egg-info/PKG-INFO
[2.040s] writing dependency_links to ../../build/py_pubsub/py_pubsub.egg-info/dependency_links.txt
[2.041s] writing entry points to ../../build/py_pubsub/py_pubsub.egg-info/entry_points.txt
[2.041s] writing requirements to ../../build/py_pubsub/py_pubsub.egg-info/requires.txt
[2.041s] writing top-level names to ../../build/py_pubsub/py_pubsub.egg-info/top_level.txt
[2.088s] reading manifest file '../../build/py_pubsub/py_pubsub.egg-info/SOURCES.txt'
[2.089s] writing manifest file '../../build/py_pubsub/py_pubsub.egg-info/SOURCES.txt'
[2.089s] running build
[2.089s] running build_py
[2.090s] running install
[2.092s] running install_lib
[2.096s] running install_data
[2.098s] running install_egg_info
[2.101s] removing '/home/prince/colcon_ws/install/py_pubsub/lib/python3.8/site-packages/py_pubsub-0.0.0-py3.8.egg-info' (and everything under it)
[2.101s] Copying ../../build/py_pubsub/py_pubsub.egg-info to /home/prince/colcon_ws/install/py_pubsub/lib/python3.8/site-packages/py_pubsub-0.0.0-py3.8.egg-info
[2.103s] running install_scripts
[2.134s] Installing listener script to /home/prince/colcon_ws/install/py_pubsub/lib/py_pubsub
[2.135s] Installing talker script to /home/prince/colcon_ws/install/py_pubsub/lib/py_pubsub
[2.136s] writing list of installed files to '/home/prince/colcon_ws/build/py_pubsub/install.log'
[2.218s] Invoked command in '/home/prince/colcon_ws/src/py_pubsub' returned '0': PYTHONPATH=/home/prince/colcon_ws/install/py_pubsub/lib/python3.8/site-packages:${PYTHONPATH} /usr/bin/python3 setup.py egg_info --egg-base ../../build/py_pubsub build --build-base /home/prince/colcon_ws/build/py_pubsub/build install --prefix /home/prince/colcon_ws/install/py_pubsub --record /home/prince/colcon_ws/build/py_pubsub/install.log --single-version-externally-managed
