[1.177s] Invoking command in '/home/prince/colcon_ws/src/py_pubsub': PYTHONPATH=/home/prince/colcon_ws/install/py_pubsub/lib/python3.8/site-packages:${PYTHONPATH} /usr/bin/python3 setup.py egg_info --egg-base ../../build/py_pubsub build --build-base /home/prince/colcon_ws/build/py_pubsub/build install --prefix /home/prince/colcon_ws/install/py_pubsub --record /home/prince/colcon_ws/build/py_pubsub/install.log --single-version-externally-managed
[1.417s] running egg_info
[1.418s] writing ../../build/py_pubsub/py_pubsub.egg-info/PKG-INFO
[1.418s] writing dependency_links to ../../build/py_pubsub/py_pubsub.egg-info/dependency_links.txt
[1.418s] writing entry points to ../../build/py_pubsub/py_pubsub.egg-info/entry_points.txt
[1.418s] writing requirements to ../../build/py_pubsub/py_pubsub.egg-info/requires.txt
[1.418s] writing top-level names to ../../build/py_pubsub/py_pubsub.egg-info/top_level.txt
[1.454s] reading manifest file '../../build/py_pubsub/py_pubsub.egg-info/SOURCES.txt'
[1.454s] writing manifest file '../../build/py_pubsub/py_pubsub.egg-info/SOURCES.txt'
[1.454s] running build
[1.454s] running build_py
[1.455s] running install
[1.456s] running install_lib
[1.459s] running install_data
[1.460s] running install_egg_info
[1.463s] removing '/home/prince/colcon_ws/install/py_pubsub/lib/python3.8/site-packages/py_pubsub-0.0.0-py3.8.egg-info' (and everything under it)
[1.464s] Copying ../../build/py_pubsub/py_pubsub.egg-info to /home/prince/colcon_ws/install/py_pubsub/lib/python3.8/site-packages/py_pubsub-0.0.0-py3.8.egg-info
[1.465s] running install_scripts
[1.488s] Installing listener script to /home/prince/colcon_ws/install/py_pubsub/lib/py_pubsub
[1.488s] Installing talker script to /home/prince/colcon_ws/install/py_pubsub/lib/py_pubsub
[1.489s] writing list of installed files to '/home/prince/colcon_ws/build/py_pubsub/install.log'
[1.546s] Invoked command in '/home/prince/colcon_ws/src/py_pubsub' returned '0': PYTHONPATH=/home/prince/colcon_ws/install/py_pubsub/lib/python3.8/site-packages:${PYTHONPATH} /usr/bin/python3 setup.py egg_info --egg-base ../../build/py_pubsub build --build-base /home/prince/colcon_ws/build/py_pubsub/build install --prefix /home/prince/colcon_ws/install/py_pubsub --record /home/prince/colcon_ws/build/py_pubsub/install.log --single-version-externally-managed
