[0.148s] DEBUG:colcon:Command line arguments: ['/usr/bin/colcon', 'build']
[0.148s] DEBUG:colcon:Parsed command line arguments: Namespace(allow_overriding=[], ament_cmake_args=None, base_paths=['.'], build_base='build', catkin_cmake_args=None, catkin_skip_building_tests=False, cmake_args=None, cmake_clean_cache=False, cmake_clean_first=False, cmake_force_configure=False, cmake_target=None, cmake_target_skip_unavailable=False, continue_on_error=False, event_handlers=None, executor='parallel', ignore_user_meta=False, install_base='install', log_base=None, log_level=None, main=<bound method BuildVerb.main of <colcon_core.verb.build.BuildVerb object at 0x7f4ae4c3fa90>>, merge_install=False, metas=['./colcon.meta'], packages_above=None, packages_above_and_dependencies=None, packages_above_depth=None, packages_end=None, packages_ignore=None, packages_ignore_regex=None, packages_select=None, packages_select_build_failed=False, packages_select_by_dep=None, packages_select_regex=None, packages_select_test_failures=False, packages_skip=None, packages_skip_build_finished=False, packages_skip_by_dep=None, packages_skip_regex=None, packages_skip_test_passed=False, packages_skip_up_to=None, packages_start=None, packages_up_to=None, packages_up_to_regex=None, parallel_workers=16, paths=None, symlink_install=False, test_result_base=None, verb_extension=<colcon_core.verb.build.BuildVerb object at 0x7f4ae4c3fa90>, verb_name='build', verb_parser=<colcon_defaults.argument_parser.defaults.DefaultArgumentsDecorator object at 0x7f4ae4bcc040>)
[0.155s] Level 1:colcon.colcon_core.package_discovery:discover_packages(colcon_meta) check parameters
[0.155s] Level 1:colcon.colcon_core.package_discovery:discover_packages(recursive) check parameters
[0.155s] Level 1:colcon.colcon_core.package_discovery:discover_packages(ignore) check parameters
[0.155s] Level 1:colcon.colcon_core.package_discovery:discover_packages(path) check parameters
[0.155s] Level 1:colcon.colcon_core.package_discovery:discover_packages(colcon_meta) discover
[0.155s] Level 1:colcon.colcon_core.package_discovery:discover_packages(recursive) discover
[0.155s] INFO:colcon.colcon_core.package_discovery:Crawling recursively for packages in '/home/prince/colcon_ws'
[0.156s] Level 1:colcon.colcon_core.package_identification:_identify(.) by extensions ['ignore', 'ignore_ament_install']
[0.156s] Level 1:colcon.colcon_core.package_identification:_identify(.) by extension 'ignore'
[0.156s] Level 1:colcon.colcon_core.package_identification:_identify(.) by extension 'ignore_ament_install'
[0.156s] Level 1:colcon.colcon_core.package_identification:_identify(.) by extensions ['colcon_pkg']
[0.156s] Level 1:colcon.colcon_core.package_identification:_identify(.) by extension 'colcon_pkg'
[0.156s] Level 1:colcon.colcon_core.package_identification:_identify(.) by extensions ['colcon_meta']
[0.156s] Level 1:colcon.colcon_core.package_identification:_identify(.) by extension 'colcon_meta'
[0.156s] Level 1:colcon.colcon_core.package_identification:_identify(.) by extensions ['ros']
[0.156s] Level 1:colcon.colcon_core.package_identification:_identify(.) by extension 'ros'
[0.168s] Level 1:colcon.colcon_core.package_identification:_identify(.) by extensions ['cmake', 'python']
[0.168s] Level 1:colcon.colcon_core.package_identification:_identify(.) by extension 'cmake'
[0.168s] Level 1:colcon.colcon_core.package_identification:_identify(.) by extension 'python'
[0.168s] Level 1:colcon.colcon_core.package_identification:_identify(.) by extensions ['python_setup_py']
[0.168s] Level 1:colcon.colcon_core.package_identification:_identify(.) by extension 'python_setup_py'
[0.168s] Level 1:colcon.colcon_core.package_identification:_identify(build) by extensions ['ignore', 'ignore_ament_install']
[0.169s] Level 1:colcon.colcon_core.package_identification:_identify(build) by extension 'ignore'
[0.169s] Level 1:colcon.colcon_core.package_identification:_identify(build) ignored
[0.169s] Level 1:colcon.colcon_core.package_identification:_identify(install) by extensions ['ignore', 'ignore_ament_install']
[0.169s] Level 1:colcon.colcon_core.package_identification:_identify(install) by extension 'ignore'
[0.169s] Level 1:colcon.colcon_core.package_identification:_identify(install) ignored
[0.169s] Level 1:colcon.colcon_core.package_identification:_identify(log) by extensions ['ignore', 'ignore_ament_install']
[0.169s] Level 1:colcon.colcon_core.package_identification:_identify(log) by extension 'ignore'
[0.170s] Level 1:colcon.colcon_core.package_identification:_identify(log) ignored
[0.170s] Level 1:colcon.colcon_core.package_identification:_identify(src) by extensions ['ignore', 'ignore_ament_install']
[0.170s] Level 1:colcon.colcon_core.package_identification:_identify(src) by extension 'ignore'
[0.170s] Level 1:colcon.colcon_core.package_identification:_identify(src) by extension 'ignore_ament_install'
[0.170s] Level 1:colcon.colcon_core.package_identification:_identify(src) by extensions ['colcon_pkg']
[0.170s] Level 1:colcon.colcon_core.package_identification:_identify(src) by extension 'colcon_pkg'
[0.170s] Level 1:colcon.colcon_core.package_identification:_identify(src) by extensions ['colcon_meta']
[0.170s] Level 1:colcon.colcon_core.package_identification:_identify(src) by extension 'colcon_meta'
[0.170s] Level 1:colcon.colcon_core.package_identification:_identify(src) by extensions ['ros']
[0.170s] Level 1:colcon.colcon_core.package_identification:_identify(src) by extension 'ros'
[0.170s] Level 1:colcon.colcon_core.package_identification:_identify(src) by extensions ['cmake', 'python']
[0.170s] Level 1:colcon.colcon_core.package_identification:_identify(src) by extension 'cmake'
[0.170s] Level 1:colcon.colcon_core.package_identification:_identify(src) by extension 'python'
[0.170s] Level 1:colcon.colcon_core.package_identification:_identify(src) by extensions ['python_setup_py']
[0.170s] Level 1:colcon.colcon_core.package_identification:_identify(src) by extension 'python_setup_py'
[0.170s] Level 1:colcon.colcon_core.package_identification:_identify(src/auto_nav) by extensions ['ignore', 'ignore_ament_install']
[0.170s] Level 1:colcon.colcon_core.package_identification:_identify(src/auto_nav) by extension 'ignore'
[0.170s] Level 1:colcon.colcon_core.package_identification:_identify(src/auto_nav) by extension 'ignore_ament_install'
[0.170s] Level 1:colcon.colcon_core.package_identification:_identify(src/auto_nav) by extensions ['colcon_pkg']
[0.170s] Level 1:colcon.colcon_core.package_identification:_identify(src/auto_nav) by extension 'colcon_pkg'
[0.170s] Level 1:colcon.colcon_core.package_identification:_identify(src/auto_nav) by extensions ['colcon_meta']
[0.170s] Level 1:colcon.colcon_core.package_identification:_identify(src/auto_nav) by extension 'colcon_meta'
[0.170s] Level 1:colcon.colcon_core.package_identification:_identify(src/auto_nav) by extensions ['ros']
[0.170s] Level 1:colcon.colcon_core.package_identification:_identify(src/auto_nav) by extension 'ros'
[0.172s] DEBUG:colcon.colcon_core.package_identification:Package 'src/auto_nav' with type 'ros.ament_python' and name 'auto_nav'
[0.173s] Level 1:colcon.colcon_core.package_identification:_identify(src/py_pubsub) by extensions ['ignore', 'ignore_ament_install']
[0.173s] Level 1:colcon.colcon_core.package_identification:_identify(src/py_pubsub) by extension 'ignore'
[0.173s] Level 1:colcon.colcon_core.package_identification:_identify(src/py_pubsub) by extension 'ignore_ament_install'
[0.173s] Level 1:colcon.colcon_core.package_identification:_identify(src/py_pubsub) by extensions ['colcon_pkg']
[0.173s] Level 1:colcon.colcon_core.package_identification:_identify(src/py_pubsub) by extension 'colcon_pkg'
[0.173s] Level 1:colcon.colcon_core.package_identification:_identify(src/py_pubsub) by extensions ['colcon_meta']
[0.173s] Level 1:colcon.colcon_core.package_identification:_identify(src/py_pubsub) by extension 'colcon_meta'
[0.173s] Level 1:colcon.colcon_core.package_identification:_identify(src/py_pubsub) by extensions ['ros']
[0.173s] Level 1:colcon.colcon_core.package_identification:_identify(src/py_pubsub) by extension 'ros'
[0.174s] DEBUG:colcon.colcon_core.package_identification:Package 'src/py_pubsub' with type 'ros.ament_python' and name 'py_pubsub'
[0.174s] Level 1:colcon.colcon_core.package_identification:_identify(src/turtlebot3_simulations) by extensions ['ignore', 'ignore_ament_install']
[0.174s] Level 1:colcon.colcon_core.package_identification:_identify(src/turtlebot3_simulations) by extension 'ignore'
[0.174s] Level 1:colcon.colcon_core.package_identification:_identify(src/turtlebot3_simulations) by extension 'ignore_ament_install'
[0.174s] Level 1:colcon.colcon_core.package_identification:_identify(src/turtlebot3_simulations) by extensions ['colcon_pkg']
[0.174s] Level 1:colcon.colcon_core.package_identification:_identify(src/turtlebot3_simulations) by extension 'colcon_pkg'
[0.174s] Level 1:colcon.colcon_core.package_identification:_identify(src/turtlebot3_simulations) by extensions ['colcon_meta']
[0.174s] Level 1:colcon.colcon_core.package_identification:_identify(src/turtlebot3_simulations) by extension 'colcon_meta'
[0.175s] Level 1:colcon.colcon_core.package_identification:_identify(src/turtlebot3_simulations) by extensions ['ros']
[0.175s] Level 1:colcon.colcon_core.package_identification:_identify(src/turtlebot3_simulations) by extension 'ros'
[0.175s] Level 1:colcon.colcon_core.package_identification:_identify(src/turtlebot3_simulations) by extensions ['cmake', 'python']
[0.175s] Level 1:colcon.colcon_core.package_identification:_identify(src/turtlebot3_simulations) by extension 'cmake'
[0.175s] Level 1:colcon.colcon_core.package_identification:_identify(src/turtlebot3_simulations) by extension 'python'
[0.175s] Level 1:colcon.colcon_core.package_identification:_identify(src/turtlebot3_simulations) by extensions ['python_setup_py']
[0.175s] Level 1:colcon.colcon_core.package_identification:_identify(src/turtlebot3_simulations) by extension 'python_setup_py'
[0.175s] Level 1:colcon.colcon_core.package_identification:_identify(src/turtlebot3_simulations/turtlebot3_cartographer2) by extensions ['ignore', 'ignore_ament_install']
[0.175s] Level 1:colcon.colcon_core.package_identification:_identify(src/turtlebot3_simulations/turtlebot3_cartographer2) by extension 'ignore'
[0.175s] Level 1:colcon.colcon_core.package_identification:_identify(src/turtlebot3_simulations/turtlebot3_cartographer2) by extension 'ignore_ament_install'
[0.175s] Level 1:colcon.colcon_core.package_identification:_identify(src/turtlebot3_simulations/turtlebot3_cartographer2) by extensions ['colcon_pkg']
[0.175s] Level 1:colcon.colcon_core.package_identification:_identify(src/turtlebot3_simulations/turtlebot3_cartographer2) by extension 'colcon_pkg'
[0.175s] Level 1:colcon.colcon_core.package_identification:_identify(src/turtlebot3_simulations/turtlebot3_cartographer2) by extensions ['colcon_meta']
[0.175s] Level 1:colcon.colcon_core.package_identification:_identify(src/turtlebot3_simulations/turtlebot3_cartographer2) by extension 'colcon_meta'
[0.175s] Level 1:colcon.colcon_core.package_identification:_identify(src/turtlebot3_simulations/turtlebot3_cartographer2) by extensions ['ros']
[0.175s] Level 1:colcon.colcon_core.package_identification:_identify(src/turtlebot3_simulations/turtlebot3_cartographer2) by extension 'ros'
[0.176s] DEBUG:colcon.colcon_core.package_identification:Package 'src/turtlebot3_simulations/turtlebot3_cartographer2' with type 'ros.ament_cmake' and name 'turtlebot3_cartographer2'
[0.176s] Level 1:colcon.colcon_core.package_identification:_identify(src/turtlebot3_simulations/turtlebot3_fake_node) by extensions ['ignore', 'ignore_ament_install']
[0.176s] Level 1:colcon.colcon_core.package_identification:_identify(src/turtlebot3_simulations/turtlebot3_fake_node) by extension 'ignore'
[0.176s] Level 1:colcon.colcon_core.package_identification:_identify(src/turtlebot3_simulations/turtlebot3_fake_node) by extension 'ignore_ament_install'
[0.176s] Level 1:colcon.colcon_core.package_identification:_identify(src/turtlebot3_simulations/turtlebot3_fake_node) by extensions ['colcon_pkg']
[0.176s] Level 1:colcon.colcon_core.package_identification:_identify(src/turtlebot3_simulations/turtlebot3_fake_node) by extension 'colcon_pkg'
[0.176s] Level 1:colcon.colcon_core.package_identification:_identify(src/turtlebot3_simulations/turtlebot3_fake_node) by extensions ['colcon_meta']
[0.176s] Level 1:colcon.colcon_core.package_identification:_identify(src/turtlebot3_simulations/turtlebot3_fake_node) by extension 'colcon_meta'
[0.176s] Level 1:colcon.colcon_core.package_identification:_identify(src/turtlebot3_simulations/turtlebot3_fake_node) by extensions ['ros']
[0.176s] Level 1:colcon.colcon_core.package_identification:_identify(src/turtlebot3_simulations/turtlebot3_fake_node) by extension 'ros'
[0.177s] DEBUG:colcon.colcon_core.package_identification:Package 'src/turtlebot3_simulations/turtlebot3_fake_node' with type 'ros.ament_cmake' and name 'turtlebot3_fake_node'
[0.177s] Level 1:colcon.colcon_core.package_identification:_identify(src/turtlebot3_simulations/turtlebot3_gazebo) by extensions ['ignore', 'ignore_ament_install']
[0.177s] Level 1:colcon.colcon_core.package_identification:_identify(src/turtlebot3_simulations/turtlebot3_gazebo) by extension 'ignore'
[0.177s] Level 1:colcon.colcon_core.package_identification:_identify(src/turtlebot3_simulations/turtlebot3_gazebo) by extension 'ignore_ament_install'
[0.177s] Level 1:colcon.colcon_core.package_identification:_identify(src/turtlebot3_simulations/turtlebot3_gazebo) by extensions ['colcon_pkg']
[0.178s] Level 1:colcon.colcon_core.package_identification:_identify(src/turtlebot3_simulations/turtlebot3_gazebo) by extension 'colcon_pkg'
[0.178s] Level 1:colcon.colcon_core.package_identification:_identify(src/turtlebot3_simulations/turtlebot3_gazebo) by extensions ['colcon_meta']
[0.178s] Level 1:colcon.colcon_core.package_identification:_identify(src/turtlebot3_simulations/turtlebot3_gazebo) by extension 'colcon_meta'
[0.178s] Level 1:colcon.colcon_core.package_identification:_identify(src/turtlebot3_simulations/turtlebot3_gazebo) by extensions ['ros']
[0.178s] Level 1:colcon.colcon_core.package_identification:_identify(src/turtlebot3_simulations/turtlebot3_gazebo) by extension 'ros'
[0.179s] DEBUG:colcon.colcon_core.package_identification:Package 'src/turtlebot3_simulations/turtlebot3_gazebo' with type 'ros.ament_cmake' and name 'turtlebot3_gazebo'
[0.179s] Level 1:colcon.colcon_core.package_identification:_identify(src/turtlebot3_simulations/turtlebot3_simulations) by extensions ['ignore', 'ignore_ament_install']
[0.179s] Level 1:colcon.colcon_core.package_identification:_identify(src/turtlebot3_simulations/turtlebot3_simulations) by extension 'ignore'
[0.179s] Level 1:colcon.colcon_core.package_identification:_identify(src/turtlebot3_simulations/turtlebot3_simulations) by extension 'ignore_ament_install'
[0.179s] Level 1:colcon.colcon_core.package_identification:_identify(src/turtlebot3_simulations/turtlebot3_simulations) by extensions ['colcon_pkg']
[0.179s] Level 1:colcon.colcon_core.package_identification:_identify(src/turtlebot3_simulations/turtlebot3_simulations) by extension 'colcon_pkg'
[0.179s] Level 1:colcon.colcon_core.package_identification:_identify(src/turtlebot3_simulations/turtlebot3_simulations) by extensions ['colcon_meta']
[0.179s] Level 1:colcon.colcon_core.package_identification:_identify(src/turtlebot3_simulations/turtlebot3_simulations) by extension 'colcon_meta'
[0.179s] Level 1:colcon.colcon_core.package_identification:_identify(src/turtlebot3_simulations/turtlebot3_simulations) by extensions ['ros']
[0.179s] Level 1:colcon.colcon_core.package_identification:_identify(src/turtlebot3_simulations/turtlebot3_simulations) by extension 'ros'
[0.180s] DEBUG:colcon.colcon_core.package_identification:Package 'src/turtlebot3_simulations/turtlebot3_simulations' with type 'ros.ament_cmake' and name 'turtlebot3_simulations'
[0.180s] Level 1:colcon.colcon_core.package_discovery:discover_packages(recursive) using defaults
[0.180s] Level 1:colcon.colcon_core.package_discovery:discover_packages(ignore) discover
[0.180s] Level 1:colcon.colcon_core.package_discovery:discover_packages(ignore) using defaults
[0.180s] Level 1:colcon.colcon_core.package_discovery:discover_packages(path) discover
[0.180s] Level 1:colcon.colcon_core.package_discovery:discover_packages(path) using defaults
[0.197s] Level 5:colcon.colcon_core.verb:set package 'auto_nav' build argument 'cmake_args' from command line to 'None'
[0.197s] Level 5:colcon.colcon_core.verb:set package 'auto_nav' build argument 'cmake_target' from command line to 'None'
[0.197s] Level 5:colcon.colcon_core.verb:set package 'auto_nav' build argument 'cmake_target_skip_unavailable' from command line to 'False'
[0.197s] Level 5:colcon.colcon_core.verb:set package 'auto_nav' build argument 'cmake_clean_cache' from command line to 'False'
[0.197s] Level 5:colcon.colcon_core.verb:set package 'auto_nav' build argument 'cmake_clean_first' from command line to 'False'
[0.197s] Level 5:colcon.colcon_core.verb:set package 'auto_nav' build argument 'cmake_force_configure' from command line to 'False'
[0.197s] Level 5:colcon.colcon_core.verb:set package 'auto_nav' build argument 'ament_cmake_args' from command line to 'None'
[0.197s] Level 5:colcon.colcon_core.verb:set package 'auto_nav' build argument 'catkin_cmake_args' from command line to 'None'
[0.197s] Level 5:colcon.colcon_core.verb:set package 'auto_nav' build argument 'catkin_skip_building_tests' from command line to 'False'
[0.197s] DEBUG:colcon.colcon_core.verb:Building package 'auto_nav' with the following arguments: {'ament_cmake_args': None, 'build_base': '/home/prince/colcon_ws/build/auto_nav', 'catkin_cmake_args': None, 'catkin_skip_building_tests': False, 'cmake_args': None, 'cmake_clean_cache': False, 'cmake_clean_first': False, 'cmake_force_configure': False, 'cmake_target': None, 'cmake_target_skip_unavailable': False, 'install_base': '/home/prince/colcon_ws/install/auto_nav', 'merge_install': False, 'path': '/home/prince/colcon_ws/src/auto_nav', 'symlink_install': False, 'test_result_base': None}
[0.198s] Level 5:colcon.colcon_core.verb:set package 'py_pubsub' build argument 'cmake_args' from command line to 'None'
[0.198s] Level 5:colcon.colcon_core.verb:set package 'py_pubsub' build argument 'cmake_target' from command line to 'None'
[0.198s] Level 5:colcon.colcon_core.verb:set package 'py_pubsub' build argument 'cmake_target_skip_unavailable' from command line to 'False'
[0.198s] Level 5:colcon.colcon_core.verb:set package 'py_pubsub' build argument 'cmake_clean_cache' from command line to 'False'
[0.198s] Level 5:colcon.colcon_core.verb:set package 'py_pubsub' build argument 'cmake_clean_first' from command line to 'False'
[0.198s] Level 5:colcon.colcon_core.verb:set package 'py_pubsub' build argument 'cmake_force_configure' from command line to 'False'
[0.198s] Level 5:colcon.colcon_core.verb:set package 'py_pubsub' build argument 'ament_cmake_args' from command line to 'None'
[0.198s] Level 5:colcon.colcon_core.verb:set package 'py_pubsub' build argument 'catkin_cmake_args' from command line to 'None'
[0.198s] Level 5:colcon.colcon_core.verb:set package 'py_pubsub' build argument 'catkin_skip_building_tests' from command line to 'False'
[0.198s] DEBUG:colcon.colcon_core.verb:Building package 'py_pubsub' with the following arguments: {'ament_cmake_args': None, 'build_base': '/home/prince/colcon_ws/build/py_pubsub', 'catkin_cmake_args': None, 'catkin_skip_building_tests': False, 'cmake_args': None, 'cmake_clean_cache': False, 'cmake_clean_first': False, 'cmake_force_configure': False, 'cmake_target': None, 'cmake_target_skip_unavailable': False, 'install_base': '/home/prince/colcon_ws/install/py_pubsub', 'merge_install': False, 'path': '/home/prince/colcon_ws/src/py_pubsub', 'symlink_install': False, 'test_result_base': None}
[0.199s] Level 5:colcon.colcon_core.verb:set package 'turtlebot3_cartographer2' build argument 'cmake_args' from command line to 'None'
[0.199s] Level 5:colcon.colcon_core.verb:set package 'turtlebot3_cartographer2' build argument 'cmake_target' from command line to 'None'
[0.199s] Level 5:colcon.colcon_core.verb:set package 'turtlebot3_cartographer2' build argument 'cmake_target_skip_unavailable' from command line to 'False'
[0.199s] Level 5:colcon.colcon_core.verb:set package 'turtlebot3_cartographer2' build argument 'cmake_clean_cache' from command line to 'False'
[0.199s] Level 5:colcon.colcon_core.verb:set package 'turtlebot3_cartographer2' build argument 'cmake_clean_first' from command line to 'False'
[0.199s] Level 5:colcon.colcon_core.verb:set package 'turtlebot3_cartographer2' build argument 'cmake_force_configure' from command line to 'False'
[0.199s] Level 5:colcon.colcon_core.verb:set package 'turtlebot3_cartographer2' build argument 'ament_cmake_args' from command line to 'None'
[0.199s] Level 5:colcon.colcon_core.verb:set package 'turtlebot3_cartographer2' build argument 'catkin_cmake_args' from command line to 'None'
[0.199s] Level 5:colcon.colcon_core.verb:set package 'turtlebot3_cartographer2' build argument 'catkin_skip_building_tests' from command line to 'False'
[0.199s] DEBUG:colcon.colcon_core.verb:Building package 'turtlebot3_cartographer2' with the following arguments: {'ament_cmake_args': None, 'build_base': '/home/prince/colcon_ws/build/turtlebot3_cartographer2', 'catkin_cmake_args': None, 'catkin_skip_building_tests': False, 'cmake_args': None, 'cmake_clean_cache': False, 'cmake_clean_first': False, 'cmake_force_configure': False, 'cmake_target': None, 'cmake_target_skip_unavailable': False, 'install_base': '/home/prince/colcon_ws/install/turtlebot3_cartographer2', 'merge_install': False, 'path': '/home/prince/colcon_ws/src/turtlebot3_simulations/turtlebot3_cartographer2', 'symlink_install': False, 'test_result_base': None}
[0.200s] Level 5:colcon.colcon_core.verb:set package 'turtlebot3_fake_node' build argument 'cmake_args' from command line to 'None'
[0.200s] Level 5:colcon.colcon_core.verb:set package 'turtlebot3_fake_node' build argument 'cmake_target' from command line to 'None'
[0.200s] Level 5:colcon.colcon_core.verb:set package 'turtlebot3_fake_node' build argument 'cmake_target_skip_unavailable' from command line to 'False'
[0.200s] Level 5:colcon.colcon_core.verb:set package 'turtlebot3_fake_node' build argument 'cmake_clean_cache' from command line to 'False'
[0.200s] Level 5:colcon.colcon_core.verb:set package 'turtlebot3_fake_node' build argument 'cmake_clean_first' from command line to 'False'
[0.200s] Level 5:colcon.colcon_core.verb:set package 'turtlebot3_fake_node' build argument 'cmake_force_configure' from command line to 'False'
[0.200s] Level 5:colcon.colcon_core.verb:set package 'turtlebot3_fake_node' build argument 'ament_cmake_args' from command line to 'None'
[0.200s] Level 5:colcon.colcon_core.verb:set package 'turtlebot3_fake_node' build argument 'catkin_cmake_args' from command line to 'None'
[0.200s] Level 5:colcon.colcon_core.verb:set package 'turtlebot3_fake_node' build argument 'catkin_skip_building_tests' from command line to 'False'
[0.200s] DEBUG:colcon.colcon_core.verb:Building package 'turtlebot3_fake_node' with the following arguments: {'ament_cmake_args': None, 'build_base': '/home/prince/colcon_ws/build/turtlebot3_fake_node', 'catkin_cmake_args': None, 'catkin_skip_building_tests': False, 'cmake_args': None, 'cmake_clean_cache': False, 'cmake_clean_first': False, 'cmake_force_configure': False, 'cmake_target': None, 'cmake_target_skip_unavailable': False, 'install_base': '/home/prince/colcon_ws/install/turtlebot3_fake_node', 'merge_install': False, 'path': '/home/prince/colcon_ws/src/turtlebot3_simulations/turtlebot3_fake_node', 'symlink_install': False, 'test_result_base': None}
[0.200s] Level 5:colcon.colcon_core.verb:set package 'turtlebot3_gazebo' build argument 'cmake_args' from command line to 'None'
[0.200s] Level 5:colcon.colcon_core.verb:set package 'turtlebot3_gazebo' build argument 'cmake_target' from command line to 'None'
[0.200s] Level 5:colcon.colcon_core.verb:set package 'turtlebot3_gazebo' build argument 'cmake_target_skip_unavailable' from command line to 'False'
[0.200s] Level 5:colcon.colcon_core.verb:set package 'turtlebot3_gazebo' build argument 'cmake_clean_cache' from command line to 'False'
[0.200s] Level 5:colcon.colcon_core.verb:set package 'turtlebot3_gazebo' build argument 'cmake_clean_first' from command line to 'False'
[0.200s] Level 5:colcon.colcon_core.verb:set package 'turtlebot3_gazebo' build argument 'cmake_force_configure' from command line to 'False'
[0.200s] Level 5:colcon.colcon_core.verb:set package 'turtlebot3_gazebo' build argument 'ament_cmake_args' from command line to 'None'
[0.200s] Level 5:colcon.colcon_core.verb:set package 'turtlebot3_gazebo' build argument 'catkin_cmake_args' from command line to 'None'
[0.200s] Level 5:colcon.colcon_core.verb:set package 'turtlebot3_gazebo' build argument 'catkin_skip_building_tests' from command line to 'False'
[0.200s] DEBUG:colcon.colcon_core.verb:Building package 'turtlebot3_gazebo' with the following arguments: {'ament_cmake_args': None, 'build_base': '/home/prince/colcon_ws/build/turtlebot3_gazebo', 'catkin_cmake_args': None, 'catkin_skip_building_tests': False, 'cmake_args': None, 'cmake_clean_cache': False, 'cmake_clean_first': False, 'cmake_force_configure': False, 'cmake_target': None, 'cmake_target_skip_unavailable': False, 'install_base': '/home/prince/colcon_ws/install/turtlebot3_gazebo', 'merge_install': False, 'path': '/home/prince/colcon_ws/src/turtlebot3_simulations/turtlebot3_gazebo', 'symlink_install': False, 'test_result_base': None}
[0.201s] Level 5:colcon.colcon_core.verb:set package 'turtlebot3_simulations' build argument 'cmake_args' from command line to 'None'
[0.201s] Level 5:colcon.colcon_core.verb:set package 'turtlebot3_simulations' build argument 'cmake_target' from command line to 'None'
[0.201s] Level 5:colcon.colcon_core.verb:set package 'turtlebot3_simulations' build argument 'cmake_target_skip_unavailable' from command line to 'False'
[0.201s] Level 5:colcon.colcon_core.verb:set package 'turtlebot3_simulations' build argument 'cmake_clean_cache' from command line to 'False'
[0.201s] Level 5:colcon.colcon_core.verb:set package 'turtlebot3_simulations' build argument 'cmake_clean_first' from command line to 'False'
[0.201s] Level 5:colcon.colcon_core.verb:set package 'turtlebot3_simulations' build argument 'cmake_force_configure' from command line to 'False'
[0.201s] Level 5:colcon.colcon_core.verb:set package 'turtlebot3_simulations' build argument 'ament_cmake_args' from command line to 'None'
[0.201s] Level 5:colcon.colcon_core.verb:set package 'turtlebot3_simulations' build argument 'catkin_cmake_args' from command line to 'None'
[0.201s] Level 5:colcon.colcon_core.verb:set package 'turtlebot3_simulations' build argument 'catkin_skip_building_tests' from command line to 'False'
[0.201s] DEBUG:colcon.colcon_core.verb:Building package 'turtlebot3_simulations' with the following arguments: {'ament_cmake_args': None, 'build_base': '/home/prince/colcon_ws/build/turtlebot3_simulations', 'catkin_cmake_args': None, 'catkin_skip_building_tests': False, 'cmake_args': None, 'cmake_clean_cache': False, 'cmake_clean_first': False, 'cmake_force_configure': False, 'cmake_target': None, 'cmake_target_skip_unavailable': False, 'install_base': '/home/prince/colcon_ws/install/turtlebot3_simulations', 'merge_install': False, 'path': '/home/prince/colcon_ws/src/turtlebot3_simulations/turtlebot3_simulations', 'symlink_install': False, 'test_result_base': None}
[0.203s] WARNING:colcon.colcon_ros.prefix_path.ament:The path '/home/prince/colcon_ws/install/turtlebot3_simulations' in the environment variable AMENT_PREFIX_PATH doesn't exist
[0.203s] WARNING:colcon.colcon_ros.prefix_path.ament:The path '/home/prince/colcon_ws/install/turtlebot3_gazebo' in the environment variable AMENT_PREFIX_PATH doesn't exist
[0.203s] WARNING:colcon.colcon_ros.prefix_path.ament:The path '/home/prince/colcon_ws/install/turtlebot3_fake_node' in the environment variable AMENT_PREFIX_PATH doesn't exist
[0.203s] WARNING:colcon.colcon_ros.prefix_path.ament:The path '/home/prince/colcon_ws/install/turtlebot3_cartographer2' in the environment variable AMENT_PREFIX_PATH doesn't exist
[0.203s] WARNING:colcon.colcon_ros.prefix_path.ament:The path '/home/prince/colcon_ws/install/turtlebot3_cartographer' in the environment variable AMENT_PREFIX_PATH doesn't exist
[0.203s] WARNING:colcon.colcon_ros.prefix_path.ament:The path '/home/prince/colcon_ws/install/py_pubsub' in the environment variable AMENT_PREFIX_PATH doesn't exist
[0.203s] WARNING:colcon.colcon_ros.prefix_path.ament:The path '/home/prince/colcon_ws/install/auto_nav' in the environment variable AMENT_PREFIX_PATH doesn't exist
[0.204s] WARNING:colcon.colcon_ros.prefix_path.catkin:The path '/home/prince/colcon_ws/install/turtlebot3_simulations' in the environment variable CMAKE_PREFIX_PATH doesn't exist
[0.204s] WARNING:colcon.colcon_ros.prefix_path.catkin:The path '/home/prince/colcon_ws/install/turtlebot3_gazebo' in the environment variable CMAKE_PREFIX_PATH doesn't exist
[0.204s] WARNING:colcon.colcon_ros.prefix_path.catkin:The path '/home/prince/colcon_ws/install/turtlebot3_fake_node' in the environment variable CMAKE_PREFIX_PATH doesn't exist
[0.204s] WARNING:colcon.colcon_ros.prefix_path.catkin:The path '/home/prince/colcon_ws/install/turtlebot3_cartographer2' in the environment variable CMAKE_PREFIX_PATH doesn't exist
[0.204s] WARNING:colcon.colcon_ros.prefix_path.catkin:The path '/home/prince/colcon_ws/install/turtlebot3_cartographer' in the environment variable CMAKE_PREFIX_PATH doesn't exist
[0.206s] INFO:colcon.colcon_core.executor:Executing jobs using 'parallel' executor
[0.209s] DEBUG:colcon.colcon_parallel_executor.executor.parallel:run_until_complete
[0.210s] INFO:colcon.colcon_ros.task.ament_cmake.build:Building ROS package in '/home/prince/colcon_ws/src/turtlebot3_simulations/turtlebot3_fake_node' with build type 'ament_cmake'
[0.210s] INFO:colcon.colcon_cmake.task.cmake.build:Building CMake package in '/home/prince/colcon_ws/src/turtlebot3_simulations/turtlebot3_fake_node'
[0.214s] INFO:colcon.colcon_core.plugin_system:Skipping extension 'colcon_core.shell.bat': Not used on non-Windows systems
[0.214s] INFO:colcon.colcon_core.shell:Skip shell extension 'powershell' for command environment: Not usable outside of PowerShell
[0.214s] DEBUG:colcon.colcon_core.shell:Skip shell extension 'dsv' for command environment
[0.219s] INFO:colcon.colcon_ros.task.ament_cmake.build:Building ROS package in '/home/prince/colcon_ws/src/turtlebot3_simulations/turtlebot3_gazebo' with build type 'ament_cmake'
[0.219s] INFO:colcon.colcon_cmake.task.cmake.build:Building CMake package in '/home/prince/colcon_ws/src/turtlebot3_simulations/turtlebot3_gazebo'
[0.220s] INFO:colcon.colcon_core.shell:Skip shell extension 'powershell' for command environment: Not usable outside of PowerShell
[0.220s] DEBUG:colcon.colcon_core.shell:Skip shell extension 'dsv' for command environment
[0.227s] INFO:colcon.colcon_ros.task.ament_python.build:Building ROS package in '/home/prince/colcon_ws/src/auto_nav' with build type 'ament_python'
[0.227s] Level 1:colcon.colcon_core.shell:create_environment_hook('auto_nav', 'ament_prefix_path')
[0.227s] INFO:colcon.colcon_core.shell:Creating environment hook '/home/prince/colcon_ws/install/auto_nav/share/auto_nav/hook/ament_prefix_path.ps1'
[0.228s] INFO:colcon.colcon_core.shell:Creating environment descriptor '/home/prince/colcon_ws/install/auto_nav/share/auto_nav/hook/ament_prefix_path.dsv'
[0.229s] INFO:colcon.colcon_core.shell:Creating environment hook '/home/prince/colcon_ws/install/auto_nav/share/auto_nav/hook/ament_prefix_path.sh'
[0.230s] INFO:colcon.colcon_core.shell:Skip shell extension 'powershell' for command environment: Not usable outside of PowerShell
[0.230s] DEBUG:colcon.colcon_core.shell:Skip shell extension 'dsv' for command environment
[0.234s] INFO:colcon.colcon_ros.task.ament_python.build:Building ROS package in '/home/prince/colcon_ws/src/py_pubsub' with build type 'ament_python'
[0.235s] Level 1:colcon.colcon_core.shell:create_environment_hook('py_pubsub', 'ament_prefix_path')
[0.235s] INFO:colcon.colcon_core.shell:Creating environment hook '/home/prince/colcon_ws/install/py_pubsub/share/py_pubsub/hook/ament_prefix_path.ps1'
[0.236s] INFO:colcon.colcon_core.shell:Creating environment descriptor '/home/prince/colcon_ws/install/py_pubsub/share/py_pubsub/hook/ament_prefix_path.dsv'
[0.236s] INFO:colcon.colcon_core.shell:Creating environment hook '/home/prince/colcon_ws/install/py_pubsub/share/py_pubsub/hook/ament_prefix_path.sh'
[0.237s] INFO:colcon.colcon_core.shell:Skip shell extension 'powershell' for command environment: Not usable outside of PowerShell
[0.237s] DEBUG:colcon.colcon_core.shell:Skip shell extension 'dsv' for command environment
[0.242s] INFO:colcon.colcon_ros.task.ament_cmake.build:Building ROS package in '/home/prince/colcon_ws/src/turtlebot3_simulations/turtlebot3_cartographer2' with build type 'ament_cmake'
[0.242s] INFO:colcon.colcon_cmake.task.cmake.build:Building CMake package in '/home/prince/colcon_ws/src/turtlebot3_simulations/turtlebot3_cartographer2'
[0.243s] INFO:colcon.colcon_core.shell:Skip shell extension 'powershell' for command environment: Not usable outside of PowerShell
[0.243s] DEBUG:colcon.colcon_core.shell:Skip shell extension 'dsv' for command environment
[0.258s] DEBUG:colcon.colcon_core.event_handler.log_command:Invoking command in '/home/prince/colcon_ws/build/turtlebot3_fake_node': CMAKE_PREFIX_PATH=${CMAKE_PREFIX_PATH}:/home/prince/colcon_ws/install/py_pubsub:/home/prince/colcon_ws/install/auto_nav:/opt/ros/foxy /usr/bin/cmake /home/prince/colcon_ws/src/turtlebot3_simulations/turtlebot3_fake_node -DCMAKE_INSTALL_PREFIX=/home/prince/colcon_ws/install/turtlebot3_fake_node
[0.264s] DEBUG:colcon.colcon_core.event_handler.log_command:Invoking command in '/home/prince/colcon_ws/build/turtlebot3_gazebo': CMAKE_PREFIX_PATH=${CMAKE_PREFIX_PATH}:/home/prince/colcon_ws/install/py_pubsub:/home/prince/colcon_ws/install/auto_nav:/opt/ros/foxy /usr/bin/cmake /home/prince/colcon_ws/src/turtlebot3_simulations/turtlebot3_gazebo -DCMAKE_INSTALL_PREFIX=/home/prince/colcon_ws/install/turtlebot3_gazebo
[0.522s] INFO:colcon.colcon_core.task.python.build:Building Python package in '/home/prince/colcon_ws/src/auto_nav'
[0.523s] INFO:colcon.colcon_core.shell:Skip shell extension 'powershell' for command environment: Not usable outside of PowerShell
[0.523s] DEBUG:colcon.colcon_core.shell:Skip shell extension 'dsv' for command environment
[0.802s] INFO:colcon.colcon_core.task.python.build:Building Python package in '/home/prince/colcon_ws/src/py_pubsub'
[0.804s] INFO:colcon.colcon_core.shell:Skip shell extension 'powershell' for command environment: Not usable outside of PowerShell
[0.804s] DEBUG:colcon.colcon_core.shell:Skip shell extension 'dsv' for command environment
[0.816s] DEBUG:colcon.colcon_core.event_handler.log_command:Invoking command in '/home/prince/colcon_ws/build/turtlebot3_cartographer2': CMAKE_PREFIX_PATH=${CMAKE_PREFIX_PATH}:/home/prince/colcon_ws/install/py_pubsub:/home/prince/colcon_ws/install/auto_nav:/opt/ros/foxy /usr/bin/cmake /home/prince/colcon_ws/src/turtlebot3_simulations/turtlebot3_cartographer2 -DCMAKE_INSTALL_PREFIX=/home/prince/colcon_ws/install/turtlebot3_cartographer2
[1.336s] DEBUG:colcon.colcon_core.event_handler.log_command:Invoking command in '/home/prince/colcon_ws/src/auto_nav': PYTHONPATH=/home/prince/colcon_ws/install/auto_nav/lib/python3.8/site-packages:${PYTHONPATH} /usr/bin/python3 setup.py egg_info --egg-base ../../build/auto_nav build --build-base /home/prince/colcon_ws/build/auto_nav/build install --prefix /home/prince/colcon_ws/install/auto_nav --record /home/prince/colcon_ws/build/auto_nav/install.log --single-version-externally-managed
[1.345s] DEBUG:colcon.colcon_core.event_handler.log_command:Invoking command in '/home/prince/colcon_ws/src/py_pubsub': PYTHONPATH=/home/prince/colcon_ws/install/py_pubsub/lib/python3.8/site-packages:${PYTHONPATH} /usr/bin/python3 setup.py egg_info --egg-base ../../build/py_pubsub build --build-base /home/prince/colcon_ws/build/py_pubsub/build install --prefix /home/prince/colcon_ws/install/py_pubsub --record /home/prince/colcon_ws/build/py_pubsub/install.log --single-version-externally-managed
[1.806s] DEBUG:colcon.colcon_core.event_handler.log_command:Invoked command in '/home/prince/colcon_ws/src/py_pubsub' returned '0': PYTHONPATH=/home/prince/colcon_ws/install/py_pubsub/lib/python3.8/site-packages:${PYTHONPATH} /usr/bin/python3 setup.py egg_info --egg-base ../../build/py_pubsub build --build-base /home/prince/colcon_ws/build/py_pubsub/build install --prefix /home/prince/colcon_ws/install/py_pubsub --record /home/prince/colcon_ws/build/py_pubsub/install.log --single-version-externally-managed
[1.812s] Level 1:colcon.colcon_core.environment:checking '/home/prince/colcon_ws/install/py_pubsub' for CMake module files
[1.813s] Level 1:colcon.colcon_core.environment:checking '/home/prince/colcon_ws/install/py_pubsub' for CMake config files
[1.815s] Level 1:colcon.colcon_core.environment:checking '/home/prince/colcon_ws/install/py_pubsub/lib'
[1.815s] Level 1:colcon.colcon_core.environment:checking '/home/prince/colcon_ws/install/py_pubsub/bin'
[1.815s] Level 1:colcon.colcon_core.environment:checking '/home/prince/colcon_ws/install/py_pubsub/lib/pkgconfig/py_pubsub.pc'
[1.815s] Level 1:colcon.colcon_core.environment:checking '/home/prince/colcon_ws/install/py_pubsub/lib/python3.8/site-packages'
[1.815s] Level 1:colcon.colcon_core.shell:create_environment_hook('py_pubsub', 'pythonpath')
[1.816s] INFO:colcon.colcon_core.shell:Creating environment hook '/home/prince/colcon_ws/install/py_pubsub/share/py_pubsub/hook/pythonpath.ps1'
[1.816s] INFO:colcon.colcon_core.shell:Creating environment descriptor '/home/prince/colcon_ws/install/py_pubsub/share/py_pubsub/hook/pythonpath.dsv'
[1.817s] INFO:colcon.colcon_core.shell:Creating environment hook '/home/prince/colcon_ws/install/py_pubsub/share/py_pubsub/hook/pythonpath.sh'
[1.818s] Level 1:colcon.colcon_core.environment:create_environment_scripts_only(py_pubsub)
[1.819s] INFO:colcon.colcon_core.shell:Creating package script '/home/prince/colcon_ws/install/py_pubsub/share/py_pubsub/package.ps1'
[1.822s] INFO:colcon.colcon_core.shell:Creating package descriptor '/home/prince/colcon_ws/install/py_pubsub/share/py_pubsub/package.dsv'
[1.823s] INFO:colcon.colcon_core.shell:Creating package script '/home/prince/colcon_ws/install/py_pubsub/share/py_pubsub/package.sh'
[1.824s] INFO:colcon.colcon_core.shell:Creating package script '/home/prince/colcon_ws/install/py_pubsub/share/py_pubsub/package.bash'
[1.825s] INFO:colcon.colcon_core.shell:Creating package script '/home/prince/colcon_ws/install/py_pubsub/share/py_pubsub/package.zsh'
[1.826s] Level 1:colcon.colcon_core.environment:create_file_with_runtime_dependencies(/home/prince/colcon_ws/install/py_pubsub/share/colcon-core/packages/py_pubsub)
[1.830s] DEBUG:colcon.colcon_core.event_handler.log_command:Invoked command in '/home/prince/colcon_ws/build/turtlebot3_cartographer2' returned '0': CMAKE_PREFIX_PATH=${CMAKE_PREFIX_PATH}:/home/prince/colcon_ws/install/py_pubsub:/home/prince/colcon_ws/install/auto_nav:/opt/ros/foxy /usr/bin/cmake /home/prince/colcon_ws/src/turtlebot3_simulations/turtlebot3_cartographer2 -DCMAKE_INSTALL_PREFIX=/home/prince/colcon_ws/install/turtlebot3_cartographer2
[1.832s] DEBUG:colcon.colcon_core.event_handler.log_command:Invoking command in '/home/prince/colcon_ws/build/turtlebot3_cartographer2': CMAKE_PREFIX_PATH=${CMAKE_PREFIX_PATH}:/home/prince/colcon_ws/install/py_pubsub:/home/prince/colcon_ws/install/auto_nav:/opt/ros/foxy /usr/bin/cmake --build /home/prince/colcon_ws/build/turtlebot3_cartographer2 -- -j16 -l16
[1.837s] Level 1:colcon.colcon_core.environment:checking '/home/prince/colcon_ws/install/auto_nav' for CMake module files
[1.839s] DEBUG:colcon.colcon_core.event_handler.log_command:Invoked command in '/home/prince/colcon_ws/src/auto_nav' returned '0': PYTHONPATH=/home/prince/colcon_ws/install/auto_nav/lib/python3.8/site-packages:${PYTHONPATH} /usr/bin/python3 setup.py egg_info --egg-base ../../build/auto_nav build --build-base /home/prince/colcon_ws/build/auto_nav/build install --prefix /home/prince/colcon_ws/install/auto_nav --record /home/prince/colcon_ws/build/auto_nav/install.log --single-version-externally-managed
[1.839s] Level 1:colcon.colcon_core.environment:checking '/home/prince/colcon_ws/install/auto_nav' for CMake config files
[1.840s] Level 1:colcon.colcon_core.environment:checking '/home/prince/colcon_ws/install/auto_nav/lib'
[1.840s] Level 1:colcon.colcon_core.environment:checking '/home/prince/colcon_ws/install/auto_nav/bin'
[1.840s] Level 1:colcon.colcon_core.environment:checking '/home/prince/colcon_ws/install/auto_nav/lib/pkgconfig/auto_nav.pc'
[1.840s] Level 1:colcon.colcon_core.environment:checking '/home/prince/colcon_ws/install/auto_nav/lib/python3.8/site-packages'
[1.840s] Level 1:colcon.colcon_core.shell:create_environment_hook('auto_nav', 'pythonpath')
[1.841s] INFO:colcon.colcon_core.shell:Creating environment hook '/home/prince/colcon_ws/install/auto_nav/share/auto_nav/hook/pythonpath.ps1'
[1.842s] INFO:colcon.colcon_core.shell:Creating environment descriptor '/home/prince/colcon_ws/install/auto_nav/share/auto_nav/hook/pythonpath.dsv'
[1.843s] INFO:colcon.colcon_core.shell:Creating environment hook '/home/prince/colcon_ws/install/auto_nav/share/auto_nav/hook/pythonpath.sh'
[1.843s] Level 1:colcon.colcon_core.environment:create_environment_scripts_only(auto_nav)
[1.844s] INFO:colcon.colcon_core.shell:Creating package script '/home/prince/colcon_ws/install/auto_nav/share/auto_nav/package.ps1'
[1.845s] INFO:colcon.colcon_core.shell:Creating package descriptor '/home/prince/colcon_ws/install/auto_nav/share/auto_nav/package.dsv'
[1.846s] INFO:colcon.colcon_core.shell:Creating package script '/home/prince/colcon_ws/install/auto_nav/share/auto_nav/package.sh'
[1.846s] INFO:colcon.colcon_core.shell:Creating package script '/home/prince/colcon_ws/install/auto_nav/share/auto_nav/package.bash'
[1.847s] INFO:colcon.colcon_core.shell:Creating package script '/home/prince/colcon_ws/install/auto_nav/share/auto_nav/package.zsh'
[1.847s] Level 1:colcon.colcon_core.environment:create_file_with_runtime_dependencies(/home/prince/colcon_ws/install/auto_nav/share/colcon-core/packages/auto_nav)
[1.886s] DEBUG:colcon.colcon_core.event_handler.log_command:Invoked command in '/home/prince/colcon_ws/build/turtlebot3_cartographer2' returned '0': CMAKE_PREFIX_PATH=${CMAKE_PREFIX_PATH}:/home/prince/colcon_ws/install/py_pubsub:/home/prince/colcon_ws/install/auto_nav:/opt/ros/foxy /usr/bin/cmake --build /home/prince/colcon_ws/build/turtlebot3_cartographer2 -- -j16 -l16
[1.926s] DEBUG:colcon.colcon_core.event_handler.log_command:Invoking command in '/home/prince/colcon_ws/build/turtlebot3_cartographer2': CMAKE_PREFIX_PATH=${CMAKE_PREFIX_PATH}:/home/prince/colcon_ws/install/py_pubsub:/home/prince/colcon_ws/install/auto_nav:/opt/ros/foxy /usr/bin/cmake --install /home/prince/colcon_ws/build/turtlebot3_cartographer2
[1.941s] Level 1:colcon.colcon_core.environment:create_environment_scripts_only(turtlebot3_cartographer2)
[1.942s] Level 1:colcon.colcon_core.environment:checking '/home/prince/colcon_ws/install/turtlebot3_cartographer2' for CMake module files
[1.943s] DEBUG:colcon.colcon_core.event_handler.log_command:Invoked command in '/home/prince/colcon_ws/build/turtlebot3_cartographer2' returned '0': CMAKE_PREFIX_PATH=${CMAKE_PREFIX_PATH}:/home/prince/colcon_ws/install/py_pubsub:/home/prince/colcon_ws/install/auto_nav:/opt/ros/foxy /usr/bin/cmake --install /home/prince/colcon_ws/build/turtlebot3_cartographer2
[1.943s] Level 1:colcon.colcon_core.environment:checking '/home/prince/colcon_ws/install/turtlebot3_cartographer2' for CMake config files
[1.944s] Level 1:colcon.colcon_core.shell:create_environment_hook('turtlebot3_cartographer2', 'cmake_prefix_path')
[1.944s] INFO:colcon.colcon_core.shell:Creating environment hook '/home/prince/colcon_ws/install/turtlebot3_cartographer2/share/turtlebot3_cartographer2/hook/cmake_prefix_path.ps1'
[1.945s] INFO:colcon.colcon_core.shell:Creating environment descriptor '/home/prince/colcon_ws/install/turtlebot3_cartographer2/share/turtlebot3_cartographer2/hook/cmake_prefix_path.dsv'
[1.946s] INFO:colcon.colcon_core.shell:Creating environment hook '/home/prince/colcon_ws/install/turtlebot3_cartographer2/share/turtlebot3_cartographer2/hook/cmake_prefix_path.sh'
[1.946s] Level 1:colcon.colcon_core.environment:checking '/home/prince/colcon_ws/install/turtlebot3_cartographer2/bin'
[1.946s] Level 1:colcon.colcon_core.environment:checking '/home/prince/colcon_ws/install/turtlebot3_cartographer2/lib/pkgconfig/turtlebot3_cartographer2.pc'
[1.946s] Level 1:colcon.colcon_core.environment:checking '/home/prince/colcon_ws/install/turtlebot3_cartographer2/lib/python3.8/site-packages'
[1.947s] INFO:colcon.colcon_core.shell:Creating package script '/home/prince/colcon_ws/install/turtlebot3_cartographer2/share/turtlebot3_cartographer2/package.ps1'
[1.948s] INFO:colcon.colcon_core.shell:Creating package descriptor '/home/prince/colcon_ws/install/turtlebot3_cartographer2/share/turtlebot3_cartographer2/package.dsv'
[1.948s] INFO:colcon.colcon_core.shell:Creating package script '/home/prince/colcon_ws/install/turtlebot3_cartographer2/share/turtlebot3_cartographer2/package.sh'
[1.948s] INFO:colcon.colcon_core.shell:Creating package script '/home/prince/colcon_ws/install/turtlebot3_cartographer2/share/turtlebot3_cartographer2/package.bash'
[1.948s] INFO:colcon.colcon_core.shell:Creating package script '/home/prince/colcon_ws/install/turtlebot3_cartographer2/share/turtlebot3_cartographer2/package.zsh'
[1.950s] Level 1:colcon.colcon_core.environment:create_file_with_runtime_dependencies(/home/prince/colcon_ws/install/turtlebot3_cartographer2/share/colcon-core/packages/turtlebot3_cartographer2)
[1.971s] Level 1:colcon.colcon_core.environment:create_environment_scripts_only(turtlebot3_cartographer2)
[1.972s] Level 1:colcon.colcon_core.environment:checking '/home/prince/colcon_ws/install/turtlebot3_cartographer2' for CMake module files
[1.972s] Level 1:colcon.colcon_core.environment:checking '/home/prince/colcon_ws/install/turtlebot3_cartographer2' for CMake config files
[1.972s] Level 1:colcon.colcon_core.shell:create_environment_hook('turtlebot3_cartographer2', 'cmake_prefix_path')
[1.973s] INFO:colcon.colcon_core.shell:Creating environment hook '/home/prince/colcon_ws/install/turtlebot3_cartographer2/share/turtlebot3_cartographer2/hook/cmake_prefix_path.ps1'
[1.974s] INFO:colcon.colcon_core.shell:Creating environment descriptor '/home/prince/colcon_ws/install/turtlebot3_cartographer2/share/turtlebot3_cartographer2/hook/cmake_prefix_path.dsv'
[1.975s] INFO:colcon.colcon_core.shell:Creating environment hook '/home/prince/colcon_ws/install/turtlebot3_cartographer2/share/turtlebot3_cartographer2/hook/cmake_prefix_path.sh'
[1.975s] Level 1:colcon.colcon_core.environment:checking '/home/prince/colcon_ws/install/turtlebot3_cartographer2/bin'
[1.975s] Level 1:colcon.colcon_core.environment:checking '/home/prince/colcon_ws/install/turtlebot3_cartographer2/lib/pkgconfig/turtlebot3_cartographer2.pc'
[1.975s] Level 1:colcon.colcon_core.environment:checking '/home/prince/colcon_ws/install/turtlebot3_cartographer2/lib/python3.8/site-packages'
[1.976s] INFO:colcon.colcon_core.shell:Creating package script '/home/prince/colcon_ws/install/turtlebot3_cartographer2/share/turtlebot3_cartographer2/package.ps1'
[1.976s] INFO:colcon.colcon_core.shell:Creating package descriptor '/home/prince/colcon_ws/install/turtlebot3_cartographer2/share/turtlebot3_cartographer2/package.dsv'
[1.976s] INFO:colcon.colcon_core.shell:Creating package script '/home/prince/colcon_ws/install/turtlebot3_cartographer2/share/turtlebot3_cartographer2/package.sh'
[1.977s] INFO:colcon.colcon_core.shell:Creating package script '/home/prince/colcon_ws/install/turtlebot3_cartographer2/share/turtlebot3_cartographer2/package.bash'
[1.978s] INFO:colcon.colcon_core.shell:Creating package script '/home/prince/colcon_ws/install/turtlebot3_cartographer2/share/turtlebot3_cartographer2/package.zsh'
[1.978s] Level 1:colcon.colcon_core.environment:create_file_with_runtime_dependencies(/home/prince/colcon_ws/install/turtlebot3_cartographer2/share/colcon-core/packages/turtlebot3_cartographer2)
[2.684s] DEBUG:colcon.colcon_core.event_handler.log_command:Invoked command in '/home/prince/colcon_ws/build/turtlebot3_fake_node' returned '0': CMAKE_PREFIX_PATH=${CMAKE_PREFIX_PATH}:/home/prince/colcon_ws/install/py_pubsub:/home/prince/colcon_ws/install/auto_nav:/opt/ros/foxy /usr/bin/cmake /home/prince/colcon_ws/src/turtlebot3_simulations/turtlebot3_fake_node -DCMAKE_INSTALL_PREFIX=/home/prince/colcon_ws/install/turtlebot3_fake_node
[2.688s] DEBUG:colcon.colcon_core.event_handler.log_command:Invoking command in '/home/prince/colcon_ws/build/turtlebot3_fake_node': CMAKE_PREFIX_PATH=${CMAKE_PREFIX_PATH}:/home/prince/colcon_ws/install/py_pubsub:/home/prince/colcon_ws/install/auto_nav:/opt/ros/foxy /usr/bin/cmake --build /home/prince/colcon_ws/build/turtlebot3_fake_node -- -j16 -l16
[3.724s] DEBUG:colcon.colcon_core.event_handler.log_command:Invoked command in '/home/prince/colcon_ws/build/turtlebot3_gazebo' returned '0': CMAKE_PREFIX_PATH=${CMAKE_PREFIX_PATH}:/home/prince/colcon_ws/install/py_pubsub:/home/prince/colcon_ws/install/auto_nav:/opt/ros/foxy /usr/bin/cmake /home/prince/colcon_ws/src/turtlebot3_simulations/turtlebot3_gazebo -DCMAKE_INSTALL_PREFIX=/home/prince/colcon_ws/install/turtlebot3_gazebo
[3.728s] DEBUG:colcon.colcon_core.event_handler.log_command:Invoking command in '/home/prince/colcon_ws/build/turtlebot3_gazebo': CMAKE_PREFIX_PATH=${CMAKE_PREFIX_PATH}:/home/prince/colcon_ws/install/py_pubsub:/home/prince/colcon_ws/install/auto_nav:/opt/ros/foxy /usr/bin/cmake --build /home/prince/colcon_ws/build/turtlebot3_gazebo -- -j16 -l16
[12.440s] DEBUG:colcon.colcon_core.event_handler.log_command:Invoked command in '/home/prince/colcon_ws/build/turtlebot3_fake_node' returned '0': CMAKE_PREFIX_PATH=${CMAKE_PREFIX_PATH}:/home/prince/colcon_ws/install/py_pubsub:/home/prince/colcon_ws/install/auto_nav:/opt/ros/foxy /usr/bin/cmake --build /home/prince/colcon_ws/build/turtlebot3_fake_node -- -j16 -l16
[12.475s] DEBUG:colcon.colcon_core.event_handler.log_command:Invoking command in '/home/prince/colcon_ws/build/turtlebot3_fake_node': CMAKE_PREFIX_PATH=${CMAKE_PREFIX_PATH}:/home/prince/colcon_ws/install/py_pubsub:/home/prince/colcon_ws/install/auto_nav:/opt/ros/foxy /usr/bin/cmake --install /home/prince/colcon_ws/build/turtlebot3_fake_node
[12.501s] Level 1:colcon.colcon_core.environment:create_environment_scripts_only(turtlebot3_fake_node)
[12.503s] Level 1:colcon.colcon_core.environment:checking '/home/prince/colcon_ws/install/turtlebot3_fake_node' for CMake module files
[12.503s] DEBUG:colcon.colcon_core.event_handler.log_command:Invoked command in '/home/prince/colcon_ws/build/turtlebot3_fake_node' returned '0': CMAKE_PREFIX_PATH=${CMAKE_PREFIX_PATH}:/home/prince/colcon_ws/install/py_pubsub:/home/prince/colcon_ws/install/auto_nav:/opt/ros/foxy /usr/bin/cmake --install /home/prince/colcon_ws/build/turtlebot3_fake_node
[12.504s] Level 1:colcon.colcon_core.environment:checking '/home/prince/colcon_ws/install/turtlebot3_fake_node' for CMake config files
[12.505s] Level 1:colcon.colcon_core.shell:create_environment_hook('turtlebot3_fake_node', 'cmake_prefix_path')
[12.506s] INFO:colcon.colcon_core.shell:Creating environment hook '/home/prince/colcon_ws/install/turtlebot3_fake_node/share/turtlebot3_fake_node/hook/cmake_prefix_path.ps1'
[12.507s] INFO:colcon.colcon_core.shell:Creating environment descriptor '/home/prince/colcon_ws/install/turtlebot3_fake_node/share/turtlebot3_fake_node/hook/cmake_prefix_path.dsv'
[12.507s] INFO:colcon.colcon_core.shell:Creating environment hook '/home/prince/colcon_ws/install/turtlebot3_fake_node/share/turtlebot3_fake_node/hook/cmake_prefix_path.sh'
[12.508s] Level 1:colcon.colcon_core.environment:checking '/home/prince/colcon_ws/install/turtlebot3_fake_node/lib'
[12.508s] Level 1:colcon.colcon_core.environment:checking '/home/prince/colcon_ws/install/turtlebot3_fake_node/bin'
[12.508s] Level 1:colcon.colcon_core.environment:checking '/home/prince/colcon_ws/install/turtlebot3_fake_node/lib/pkgconfig/turtlebot3_fake_node.pc'
[12.508s] Level 1:colcon.colcon_core.environment:checking '/home/prince/colcon_ws/install/turtlebot3_fake_node/lib/python3.8/site-packages'
[12.510s] INFO:colcon.colcon_core.shell:Creating package script '/home/prince/colcon_ws/install/turtlebot3_fake_node/share/turtlebot3_fake_node/package.ps1'
[12.511s] INFO:colcon.colcon_core.shell:Creating package descriptor '/home/prince/colcon_ws/install/turtlebot3_fake_node/share/turtlebot3_fake_node/package.dsv'
[12.512s] INFO:colcon.colcon_core.shell:Creating package script '/home/prince/colcon_ws/install/turtlebot3_fake_node/share/turtlebot3_fake_node/package.sh'
[12.513s] INFO:colcon.colcon_core.shell:Creating package script '/home/prince/colcon_ws/install/turtlebot3_fake_node/share/turtlebot3_fake_node/package.bash'
[12.514s] INFO:colcon.colcon_core.shell:Creating package script '/home/prince/colcon_ws/install/turtlebot3_fake_node/share/turtlebot3_fake_node/package.zsh'
[12.515s] Level 1:colcon.colcon_core.environment:create_file_with_runtime_dependencies(/home/prince/colcon_ws/install/turtlebot3_fake_node/share/colcon-core/packages/turtlebot3_fake_node)
[12.547s] Level 1:colcon.colcon_core.environment:create_environment_scripts_only(turtlebot3_fake_node)
[12.548s] Level 1:colcon.colcon_core.environment:checking '/home/prince/colcon_ws/install/turtlebot3_fake_node' for CMake module files
[12.549s] Level 1:colcon.colcon_core.environment:checking '/home/prince/colcon_ws/install/turtlebot3_fake_node' for CMake config files
[12.549s] Level 1:colcon.colcon_core.shell:create_environment_hook('turtlebot3_fake_node', 'cmake_prefix_path')
[12.550s] INFO:colcon.colcon_core.shell:Creating environment hook '/home/prince/colcon_ws/install/turtlebot3_fake_node/share/turtlebot3_fake_node/hook/cmake_prefix_path.ps1'
[12.550s] INFO:colcon.colcon_core.shell:Creating environment descriptor '/home/prince/colcon_ws/install/turtlebot3_fake_node/share/turtlebot3_fake_node/hook/cmake_prefix_path.dsv'
[12.551s] INFO:colcon.colcon_core.shell:Creating environment hook '/home/prince/colcon_ws/install/turtlebot3_fake_node/share/turtlebot3_fake_node/hook/cmake_prefix_path.sh'
[12.552s] Level 1:colcon.colcon_core.environment:checking '/home/prince/colcon_ws/install/turtlebot3_fake_node/lib'
[12.552s] Level 1:colcon.colcon_core.environment:checking '/home/prince/colcon_ws/install/turtlebot3_fake_node/bin'
[12.552s] Level 1:colcon.colcon_core.environment:checking '/home/prince/colcon_ws/install/turtlebot3_fake_node/lib/pkgconfig/turtlebot3_fake_node.pc'
[12.552s] Level 1:colcon.colcon_core.environment:checking '/home/prince/colcon_ws/install/turtlebot3_fake_node/lib/python3.8/site-packages'
[12.553s] INFO:colcon.colcon_core.shell:Creating package script '/home/prince/colcon_ws/install/turtlebot3_fake_node/share/turtlebot3_fake_node/package.ps1'
[12.554s] INFO:colcon.colcon_core.shell:Creating package descriptor '/home/prince/colcon_ws/install/turtlebot3_fake_node/share/turtlebot3_fake_node/package.dsv'
[12.555s] INFO:colcon.colcon_core.shell:Creating package script '/home/prince/colcon_ws/install/turtlebot3_fake_node/share/turtlebot3_fake_node/package.sh'
[12.556s] INFO:colcon.colcon_core.shell:Creating package script '/home/prince/colcon_ws/install/turtlebot3_fake_node/share/turtlebot3_fake_node/package.bash'
[12.556s] INFO:colcon.colcon_core.shell:Creating package script '/home/prince/colcon_ws/install/turtlebot3_fake_node/share/turtlebot3_fake_node/package.zsh'
[12.557s] Level 1:colcon.colcon_core.environment:create_file_with_runtime_dependencies(/home/prince/colcon_ws/install/turtlebot3_fake_node/share/colcon-core/packages/turtlebot3_fake_node)
[17.606s] DEBUG:colcon.colcon_core.event_handler.log_command:Invoked command in '/home/prince/colcon_ws/build/turtlebot3_gazebo' returned '0': CMAKE_PREFIX_PATH=${CMAKE_PREFIX_PATH}:/home/prince/colcon_ws/install/py_pubsub:/home/prince/colcon_ws/install/auto_nav:/opt/ros/foxy /usr/bin/cmake --build /home/prince/colcon_ws/build/turtlebot3_gazebo -- -j16 -l16
[17.648s] DEBUG:colcon.colcon_core.event_handler.log_command:Invoking command in '/home/prince/colcon_ws/build/turtlebot3_gazebo': CMAKE_PREFIX_PATH=${CMAKE_PREFIX_PATH}:/home/prince/colcon_ws/install/py_pubsub:/home/prince/colcon_ws/install/auto_nav:/opt/ros/foxy /usr/bin/cmake --install /home/prince/colcon_ws/build/turtlebot3_gazebo
[17.700s] Level 1:colcon.colcon_core.environment:create_environment_scripts_only(turtlebot3_gazebo)
[17.702s] Level 1:colcon.colcon_core.environment:checking '/home/prince/colcon_ws/install/turtlebot3_gazebo' for CMake module files
[17.702s] DEBUG:colcon.colcon_core.event_handler.log_command:Invoked command in '/home/prince/colcon_ws/build/turtlebot3_gazebo' returned '0': CMAKE_PREFIX_PATH=${CMAKE_PREFIX_PATH}:/home/prince/colcon_ws/install/py_pubsub:/home/prince/colcon_ws/install/auto_nav:/opt/ros/foxy /usr/bin/cmake --install /home/prince/colcon_ws/build/turtlebot3_gazebo
[17.703s] Level 1:colcon.colcon_core.environment:checking '/home/prince/colcon_ws/install/turtlebot3_gazebo' for CMake config files
[17.705s] Level 1:colcon.colcon_core.shell:create_environment_hook('turtlebot3_gazebo', 'cmake_prefix_path')
[17.707s] INFO:colcon.colcon_core.shell:Creating environment hook '/home/prince/colcon_ws/install/turtlebot3_gazebo/share/turtlebot3_gazebo/hook/cmake_prefix_path.ps1'
[17.708s] INFO:colcon.colcon_core.shell:Creating environment descriptor '/home/prince/colcon_ws/install/turtlebot3_gazebo/share/turtlebot3_gazebo/hook/cmake_prefix_path.dsv'
[17.709s] INFO:colcon.colcon_core.shell:Creating environment hook '/home/prince/colcon_ws/install/turtlebot3_gazebo/share/turtlebot3_gazebo/hook/cmake_prefix_path.sh'
[17.710s] Level 1:colcon.colcon_core.environment:checking '/home/prince/colcon_ws/install/turtlebot3_gazebo/lib'
[17.710s] Level 1:colcon.colcon_core.environment:checking '/home/prince/colcon_ws/install/turtlebot3_gazebo/bin'
[17.711s] Level 1:colcon.colcon_core.environment:checking '/home/prince/colcon_ws/install/turtlebot3_gazebo/lib/pkgconfig/turtlebot3_gazebo.pc'
[17.711s] Level 1:colcon.colcon_core.environment:checking '/home/prince/colcon_ws/install/turtlebot3_gazebo/lib/python3.8/site-packages'
[17.711s] INFO:colcon.colcon_core.shell:Creating package script '/home/prince/colcon_ws/install/turtlebot3_gazebo/share/turtlebot3_gazebo/package.ps1'
[17.712s] INFO:colcon.colcon_core.shell:Creating package descriptor '/home/prince/colcon_ws/install/turtlebot3_gazebo/share/turtlebot3_gazebo/package.dsv'
[17.712s] INFO:colcon.colcon_core.shell:Creating package script '/home/prince/colcon_ws/install/turtlebot3_gazebo/share/turtlebot3_gazebo/package.sh'
[17.713s] INFO:colcon.colcon_core.shell:Creating package script '/home/prince/colcon_ws/install/turtlebot3_gazebo/share/turtlebot3_gazebo/package.bash'
[17.713s] INFO:colcon.colcon_core.shell:Creating package script '/home/prince/colcon_ws/install/turtlebot3_gazebo/share/turtlebot3_gazebo/package.zsh'
[17.714s] Level 1:colcon.colcon_core.environment:create_file_with_runtime_dependencies(/home/prince/colcon_ws/install/turtlebot3_gazebo/share/colcon-core/packages/turtlebot3_gazebo)
[17.747s] Level 1:colcon.colcon_core.environment:create_environment_scripts_only(turtlebot3_gazebo)
[17.749s] Level 1:colcon.colcon_core.environment:checking '/home/prince/colcon_ws/install/turtlebot3_gazebo' for CMake module files
[17.750s] Level 1:colcon.colcon_core.environment:checking '/home/prince/colcon_ws/install/turtlebot3_gazebo' for CMake config files
[17.751s] Level 1:colcon.colcon_core.shell:create_environment_hook('turtlebot3_gazebo', 'cmake_prefix_path')
[17.752s] INFO:colcon.colcon_core.shell:Creating environment hook '/home/prince/colcon_ws/install/turtlebot3_gazebo/share/turtlebot3_gazebo/hook/cmake_prefix_path.ps1'
[17.753s] INFO:colcon.colcon_core.shell:Creating environment descriptor '/home/prince/colcon_ws/install/turtlebot3_gazebo/share/turtlebot3_gazebo/hook/cmake_prefix_path.dsv'
[17.754s] INFO:colcon.colcon_core.shell:Creating environment hook '/home/prince/colcon_ws/install/turtlebot3_gazebo/share/turtlebot3_gazebo/hook/cmake_prefix_path.sh'
[17.755s] Level 1:colcon.colcon_core.environment:checking '/home/prince/colcon_ws/install/turtlebot3_gazebo/lib'
[17.755s] Level 1:colcon.colcon_core.environment:checking '/home/prince/colcon_ws/install/turtlebot3_gazebo/bin'
[17.755s] Level 1:colcon.colcon_core.environment:checking '/home/prince/colcon_ws/install/turtlebot3_gazebo/lib/pkgconfig/turtlebot3_gazebo.pc'
[17.755s] Level 1:colcon.colcon_core.environment:checking '/home/prince/colcon_ws/install/turtlebot3_gazebo/lib/python3.8/site-packages'
[17.755s] INFO:colcon.colcon_core.shell:Creating package script '/home/prince/colcon_ws/install/turtlebot3_gazebo/share/turtlebot3_gazebo/package.ps1'
[17.756s] INFO:colcon.colcon_core.shell:Creating package descriptor '/home/prince/colcon_ws/install/turtlebot3_gazebo/share/turtlebot3_gazebo/package.dsv'
[17.756s] INFO:colcon.colcon_core.shell:Creating package script '/home/prince/colcon_ws/install/turtlebot3_gazebo/share/turtlebot3_gazebo/package.sh'
[17.756s] INFO:colcon.colcon_core.shell:Creating package script '/home/prince/colcon_ws/install/turtlebot3_gazebo/share/turtlebot3_gazebo/package.bash'
[17.756s] INFO:colcon.colcon_core.shell:Creating package script '/home/prince/colcon_ws/install/turtlebot3_gazebo/share/turtlebot3_gazebo/package.zsh'
[17.757s] Level 1:colcon.colcon_core.environment:create_file_with_runtime_dependencies(/home/prince/colcon_ws/install/turtlebot3_gazebo/share/colcon-core/packages/turtlebot3_gazebo)
[17.758s] INFO:colcon.colcon_ros.task.ament_cmake.build:Building ROS package in '/home/prince/colcon_ws/src/turtlebot3_simulations/turtlebot3_simulations' with build type 'ament_cmake'
[17.758s] INFO:colcon.colcon_cmake.task.cmake.build:Building CMake package in '/home/prince/colcon_ws/src/turtlebot3_simulations/turtlebot3_simulations'
[17.759s] INFO:colcon.colcon_core.shell:Skip shell extension 'powershell' for command environment: Not usable outside of PowerShell
[17.759s] DEBUG:colcon.colcon_core.shell:Skip shell extension 'dsv' for command environment
[17.772s] DEBUG:colcon.colcon_core.event_handler.log_command:Invoking command in '/home/prince/colcon_ws/build/turtlebot3_simulations': CMAKE_PREFIX_PATH=/home/prince/colcon_ws/install/turtlebot3_gazebo:/home/prince/colcon_ws/install/turtlebot3_fake_node:/home/prince/colcon_ws/install/turtlebot3_simulations:/home/prince/colcon_ws/install/turtlebot3_cartographer2:/home/prince/colcon_ws/install/turtlebot3_cartographer:/home/prince/colcon_ws/install/py_pubsub:/home/prince/colcon_ws/install/auto_nav:/opt/ros/foxy /usr/bin/cmake /home/prince/colcon_ws/src/turtlebot3_simulations/turtlebot3_simulations -DCMAKE_INSTALL_PREFIX=/home/prince/colcon_ws/install/turtlebot3_simulations
[18.625s] DEBUG:colcon.colcon_core.event_handler.log_command:Invoked command in '/home/prince/colcon_ws/build/turtlebot3_simulations' returned '0': CMAKE_PREFIX_PATH=/home/prince/colcon_ws/install/turtlebot3_gazebo:/home/prince/colcon_ws/install/turtlebot3_fake_node:/home/prince/colcon_ws/install/turtlebot3_simulations:/home/prince/colcon_ws/install/turtlebot3_cartographer2:/home/prince/colcon_ws/install/turtlebot3_cartographer:/home/prince/colcon_ws/install/py_pubsub:/home/prince/colcon_ws/install/auto_nav:/opt/ros/foxy /usr/bin/cmake /home/prince/colcon_ws/src/turtlebot3_simulations/turtlebot3_simulations -DCMAKE_INSTALL_PREFIX=/home/prince/colcon_ws/install/turtlebot3_simulations
[18.628s] DEBUG:colcon.colcon_core.event_handler.log_command:Invoking command in '/home/prince/colcon_ws/build/turtlebot3_simulations': CMAKE_PREFIX_PATH=/home/prince/colcon_ws/install/turtlebot3_gazebo:/home/prince/colcon_ws/install/turtlebot3_fake_node:/home/prince/colcon_ws/install/turtlebot3_simulations:/home/prince/colcon_ws/install/turtlebot3_cartographer2:/home/prince/colcon_ws/install/turtlebot3_cartographer:/home/prince/colcon_ws/install/py_pubsub:/home/prince/colcon_ws/install/auto_nav:/opt/ros/foxy /usr/bin/cmake --build /home/prince/colcon_ws/build/turtlebot3_simulations -- -j16 -l16
[18.682s] DEBUG:colcon.colcon_core.event_handler.log_command:Invoked command in '/home/prince/colcon_ws/build/turtlebot3_simulations' returned '0': CMAKE_PREFIX_PATH=/home/prince/colcon_ws/install/turtlebot3_gazebo:/home/prince/colcon_ws/install/turtlebot3_fake_node:/home/prince/colcon_ws/install/turtlebot3_simulations:/home/prince/colcon_ws/install/turtlebot3_cartographer2:/home/prince/colcon_ws/install/turtlebot3_cartographer:/home/prince/colcon_ws/install/py_pubsub:/home/prince/colcon_ws/install/auto_nav:/opt/ros/foxy /usr/bin/cmake --build /home/prince/colcon_ws/build/turtlebot3_simulations -- -j16 -l16
[18.712s] DEBUG:colcon.colcon_core.event_handler.log_command:Invoking command in '/home/prince/colcon_ws/build/turtlebot3_simulations': CMAKE_PREFIX_PATH=/home/prince/colcon_ws/install/turtlebot3_gazebo:/home/prince/colcon_ws/install/turtlebot3_fake_node:/home/prince/colcon_ws/install/turtlebot3_simulations:/home/prince/colcon_ws/install/turtlebot3_cartographer2:/home/prince/colcon_ws/install/turtlebot3_cartographer:/home/prince/colcon_ws/install/py_pubsub:/home/prince/colcon_ws/install/auto_nav:/opt/ros/foxy /usr/bin/cmake --install /home/prince/colcon_ws/build/turtlebot3_simulations
[18.730s] Level 1:colcon.colcon_core.environment:create_environment_scripts_only(turtlebot3_simulations)
[18.731s] Level 1:colcon.colcon_core.environment:checking '/home/prince/colcon_ws/install/turtlebot3_simulations' for CMake module files
[18.731s] DEBUG:colcon.colcon_core.event_handler.log_command:Invoked command in '/home/prince/colcon_ws/build/turtlebot3_simulations' returned '0': CMAKE_PREFIX_PATH=/home/prince/colcon_ws/install/turtlebot3_gazebo:/home/prince/colcon_ws/install/turtlebot3_fake_node:/home/prince/colcon_ws/install/turtlebot3_simulations:/home/prince/colcon_ws/install/turtlebot3_cartographer2:/home/prince/colcon_ws/install/turtlebot3_cartographer:/home/prince/colcon_ws/install/py_pubsub:/home/prince/colcon_ws/install/auto_nav:/opt/ros/foxy /usr/bin/cmake --install /home/prince/colcon_ws/build/turtlebot3_simulations
[18.732s] Level 1:colcon.colcon_core.environment:checking '/home/prince/colcon_ws/install/turtlebot3_simulations' for CMake config files
[18.732s] Level 1:colcon.colcon_core.shell:create_environment_hook('turtlebot3_simulations', 'cmake_prefix_path')
[18.733s] INFO:colcon.colcon_core.shell:Creating environment hook '/home/prince/colcon_ws/install/turtlebot3_simulations/share/turtlebot3_simulations/hook/cmake_prefix_path.ps1'
[18.734s] INFO:colcon.colcon_core.shell:Creating environment descriptor '/home/prince/colcon_ws/install/turtlebot3_simulations/share/turtlebot3_simulations/hook/cmake_prefix_path.dsv'
[18.735s] INFO:colcon.colcon_core.shell:Creating environment hook '/home/prince/colcon_ws/install/turtlebot3_simulations/share/turtlebot3_simulations/hook/cmake_prefix_path.sh'
[18.736s] Level 1:colcon.colcon_core.environment:checking '/home/prince/colcon_ws/install/turtlebot3_simulations/bin'
[18.736s] Level 1:colcon.colcon_core.environment:checking '/home/prince/colcon_ws/install/turtlebot3_simulations/lib/pkgconfig/turtlebot3_simulations.pc'
[18.736s] Level 1:colcon.colcon_core.environment:checking '/home/prince/colcon_ws/install/turtlebot3_simulations/lib/python3.8/site-packages'
[18.738s] INFO:colcon.colcon_core.shell:Creating package script '/home/prince/colcon_ws/install/turtlebot3_simulations/share/turtlebot3_simulations/package.ps1'
[18.739s] INFO:colcon.colcon_core.shell:Creating package descriptor '/home/prince/colcon_ws/install/turtlebot3_simulations/share/turtlebot3_simulations/package.dsv'
[18.739s] INFO:colcon.colcon_core.shell:Creating package script '/home/prince/colcon_ws/install/turtlebot3_simulations/share/turtlebot3_simulations/package.sh'
[18.740s] INFO:colcon.colcon_core.shell:Creating package script '/home/prince/colcon_ws/install/turtlebot3_simulations/share/turtlebot3_simulations/package.bash'
[18.740s] INFO:colcon.colcon_core.shell:Creating package script '/home/prince/colcon_ws/install/turtlebot3_simulations/share/turtlebot3_simulations/package.zsh'
[18.740s] Level 1:colcon.colcon_core.environment:create_file_with_runtime_dependencies(/home/prince/colcon_ws/install/turtlebot3_simulations/share/colcon-core/packages/turtlebot3_simulations)
[18.769s] Level 1:colcon.colcon_core.environment:create_environment_scripts_only(turtlebot3_simulations)
[18.772s] Level 1:colcon.colcon_core.environment:checking '/home/prince/colcon_ws/install/turtlebot3_simulations' for CMake module files
[18.773s] Level 1:colcon.colcon_core.environment:checking '/home/prince/colcon_ws/install/turtlebot3_simulations' for CMake config files
[18.774s] Level 1:colcon.colcon_core.shell:create_environment_hook('turtlebot3_simulations', 'cmake_prefix_path')
[18.774s] INFO:colcon.colcon_core.shell:Creating environment hook '/home/prince/colcon_ws/install/turtlebot3_simulations/share/turtlebot3_simulations/hook/cmake_prefix_path.ps1'
[18.775s] INFO:colcon.colcon_core.shell:Creating environment descriptor '/home/prince/colcon_ws/install/turtlebot3_simulations/share/turtlebot3_simulations/hook/cmake_prefix_path.dsv'
[18.775s] INFO:colcon.colcon_core.shell:Creating environment hook '/home/prince/colcon_ws/install/turtlebot3_simulations/share/turtlebot3_simulations/hook/cmake_prefix_path.sh'
[18.776s] Level 1:colcon.colcon_core.environment:checking '/home/prince/colcon_ws/install/turtlebot3_simulations/bin'
[18.776s] Level 1:colcon.colcon_core.environment:checking '/home/prince/colcon_ws/install/turtlebot3_simulations/lib/pkgconfig/turtlebot3_simulations.pc'
[18.776s] Level 1:colcon.colcon_core.environment:checking '/home/prince/colcon_ws/install/turtlebot3_simulations/lib/python3.8/site-packages'
[18.776s] INFO:colcon.colcon_core.shell:Creating package script '/home/prince/colcon_ws/install/turtlebot3_simulations/share/turtlebot3_simulations/package.ps1'
[18.777s] INFO:colcon.colcon_core.shell:Creating package descriptor '/home/prince/colcon_ws/install/turtlebot3_simulations/share/turtlebot3_simulations/package.dsv'
[18.778s] INFO:colcon.colcon_core.shell:Creating package script '/home/prince/colcon_ws/install/turtlebot3_simulations/share/turtlebot3_simulations/package.sh'
[18.779s] INFO:colcon.colcon_core.shell:Creating package script '/home/prince/colcon_ws/install/turtlebot3_simulations/share/turtlebot3_simulations/package.bash'
[18.779s] INFO:colcon.colcon_core.shell:Creating package script '/home/prince/colcon_ws/install/turtlebot3_simulations/share/turtlebot3_simulations/package.zsh'
[18.779s] Level 1:colcon.colcon_core.environment:create_file_with_runtime_dependencies(/home/prince/colcon_ws/install/turtlebot3_simulations/share/colcon-core/packages/turtlebot3_simulations)
[18.780s] DEBUG:colcon.colcon_parallel_executor.executor.parallel:closing loop
[18.780s] DEBUG:colcon.colcon_parallel_executor.executor.parallel:loop closed
[18.780s] DEBUG:colcon.colcon_parallel_executor.executor.parallel:run_until_complete finished with '0'
[18.780s] DEBUG:colcon.colcon_core.event_reactor:joining thread
[18.803s] INFO:colcon.colcon_core.plugin_system:Skipping extension 'colcon_notification.desktop_notification.terminal_notifier': Not used on non-Darwin systems
[18.803s] INFO:colcon.colcon_core.plugin_system:Skipping extension 'colcon_notification.desktop_notification.win32': Not used on non-Windows systems
[18.803s] INFO:colcon.colcon_notification.desktop_notification:Sending desktop notification using 'notify2'
[18.823s] DEBUG:colcon.colcon_core.event_reactor:joined thread
[18.824s] INFO:colcon.colcon_core.shell:Creating prefix script '/home/prince/colcon_ws/install/local_setup.ps1'
[18.825s] INFO:colcon.colcon_core.shell:Creating prefix util module '/home/prince/colcon_ws/install/_local_setup_util_ps1.py'
[18.826s] INFO:colcon.colcon_core.shell:Creating prefix chain script '/home/prince/colcon_ws/install/setup.ps1'
[18.828s] INFO:colcon.colcon_core.shell:Creating prefix script '/home/prince/colcon_ws/install/local_setup.sh'
[18.829s] INFO:colcon.colcon_core.shell:Creating prefix util module '/home/prince/colcon_ws/install/_local_setup_util_sh.py'
[18.829s] INFO:colcon.colcon_core.shell:Creating prefix chain script '/home/prince/colcon_ws/install/setup.sh'
[18.831s] INFO:colcon.colcon_core.shell:Creating prefix script '/home/prince/colcon_ws/install/local_setup.bash'
[18.831s] INFO:colcon.colcon_core.shell:Creating prefix chain script '/home/prince/colcon_ws/install/setup.bash'
[18.832s] INFO:colcon.colcon_core.shell:Creating prefix script '/home/prince/colcon_ws/install/local_setup.zsh'
[18.832s] INFO:colcon.colcon_core.shell:Creating prefix chain script '/home/prince/colcon_ws/install/setup.zsh'
