[1.523s] Invoking command in '/home/prince/colcon_ws/src/py_pubsub': PYTHONPATH=/home/prince/colcon_ws/install/py_pubsub/lib/python3.8/site-packages:${PYTHONPATH} /usr/bin/python3 setup.py egg_info --egg-base ../../build/py_pubsub build --build-base /home/prince/colcon_ws/build/py_pubsub/build install --prefix /home/prince/colcon_ws/install/py_pubsub --record /home/prince/colcon_ws/build/py_pubsub/install.log --single-version-externally-managed
[1.850s] running egg_info
[1.851s] writing ../../build/py_pubsub/py_pubsub.egg-info/PKG-INFO
[1.852s] writing dependency_links to ../../build/py_pubsub/py_pubsub.egg-info/dependency_links.txt
[1.852s] writing entry points to ../../build/py_pubsub/py_pubsub.egg-info/entry_points.txt
[1.852s] writing requirements to ../../build/py_pubsub/py_pubsub.egg-info/requires.txt
[1.852s] writing top-level names to ../../build/py_pubsub/py_pubsub.egg-info/top_level.txt
[1.896s] reading manifest file '../../build/py_pubsub/py_pubsub.egg-info/SOURCES.txt'
[1.897s] writing manifest file '../../build/py_pubsub/py_pubsub.egg-info/SOURCES.txt'
[1.898s] running build
[1.898s] running build_py
[1.898s] running install
[1.900s] running install_lib
[1.902s] running install_data
[1.903s] running install_egg_info
[1.907s] removing '/home/prince/colcon_ws/install/py_pubsub/lib/python3.8/site-packages/py_pubsub-0.0.0-py3.8.egg-info' (and everything under it)
[1.908s] Copying ../../build/py_pubsub/py_pubsub.egg-info to /home/prince/colcon_ws/install/py_pubsub/lib/python3.8/site-packages/py_pubsub-0.0.0-py3.8.egg-info
[1.909s] running install_scripts
[1.944s] Installing listener script to /home/prince/colcon_ws/install/py_pubsub/lib/py_pubsub
[1.944s] Installing talker script to /home/prince/colcon_ws/install/py_pubsub/lib/py_pubsub
[1.944s] writing list of installed files to '/home/prince/colcon_ws/build/py_pubsub/install.log'
[2.026s] Invoked command in '/home/prince/colcon_ws/src/py_pubsub' returned '0': PYTHONPATH=/home/prince/colcon_ws/install/py_pubsub/lib/python3.8/site-packages:${PYTHONPATH} /usr/bin/python3 setup.py egg_info --egg-base ../../build/py_pubsub build --build-base /home/prince/colcon_ws/build/py_pubsub/build install --prefix /home/prince/colcon_ws/install/py_pubsub --record /home/prince/colcon_ws/build/py_pubsub/install.log --single-version-externally-managed
