[3.484s] Invoking command in '/home/ubuntu/turtlebot3_ws/build/hardware_bringup': PYTHONPATH=/home/ubuntu/turtlebot3_ws/install/hardware_bringup/lib/python3.8/site-packages:${PYTHONPATH} /usr/bin/python3 setup.py develop --prefix /home/ubuntu/turtlebot3_ws/install/hardware_bringup --uninstall --editable --build-directory /home/ubuntu/turtlebot3_ws/build/hardware_bringup/build
[6.753s] running develop
[8.779s] Removing /home/ubuntu/turtlebot3_ws/install/hardware_bringup/lib/python3.8/site-packages/hardware-bringup.egg-link (link to .)
[10.722s] Invoked command in '/home/ubuntu/turtlebot3_ws/build/hardware_bringup' returned '0': PYTHONPATH=/home/ubuntu/turtlebot3_ws/install/hardware_bringup/lib/python3.8/site-packages:${PYTHONPATH} /usr/bin/python3 setup.py develop --prefix /home/ubuntu/turtlebot3_ws/install/hardware_bringup --uninstall --editable --build-directory /home/ubuntu/turtlebot3_ws/build/hardware_bringup/build
[10.728s] Invoking command in '/home/ubuntu/turtlebot3_ws/src/hardware_bringup': PYTHONPATH=/home/ubuntu/turtlebot3_ws/install/hardware_bringup/lib/python3.8/site-packages:${PYTHONPATH} /usr/bin/python3 setup.py egg_info --egg-base ../../build/hardware_bringup build --build-base /home/ubuntu/turtlebot3_ws/build/hardware_bringup/build install --prefix /home/ubuntu/turtlebot3_ws/install/hardware_bringup --record /home/ubuntu/turtlebot3_ws/build/hardware_bringup/install.log --single-version-externally-managed
[13.062s] running egg_info
[13.067s] writing ../../build/hardware_bringup/hardware_bringup.egg-info/PKG-INFO
[13.070s] writing dependency_links to ../../build/hardware_bringup/hardware_bringup.egg-info/dependency_links.txt
[13.072s] writing entry points to ../../build/hardware_bringup/hardware_bringup.egg-info/entry_points.txt
[13.075s] writing requirements to ../../build/hardware_bringup/hardware_bringup.egg-info/requires.txt
[13.076s] writing top-level names to ../../build/hardware_bringup/hardware_bringup.egg-info/top_level.txt
[13.425s] reading manifest file '../../build/hardware_bringup/hardware_bringup.egg-info/SOURCES.txt'
[13.434s] writing manifest file '../../build/hardware_bringup/hardware_bringup.egg-info/SOURCES.txt'
[13.437s] running build
[13.441s] running build_py
[13.442s] creating /home/ubuntu/turtlebot3_ws/build/hardware_bringup/build
[13.448s] creating /home/ubuntu/turtlebot3_ws/build/hardware_bringup/build/lib
[13.451s] creating /home/ubuntu/turtlebot3_ws/build/hardware_bringup/build/lib/hardware_bringup
[13.454s] copying hardware_bringup/__init__.py -> /home/ubuntu/turtlebot3_ws/build/hardware_bringup/build/lib/hardware_bringup
[13.456s] copying hardware_bringup/NFC_pub.py -> /home/ubuntu/turtlebot3_ws/build/hardware_bringup/build/lib/hardware_bringup
[13.458s] copying hardware_bringup/servorun.py -> /home/ubuntu/turtlebot3_ws/build/hardware_bringup/build/lib/hardware_bringup
[13.466s] creating /home/ubuntu/turtlebot3_ws/build/hardware_bringup/build/lib/hardware_bringup/submodules
[13.468s] copying hardware_bringup/submodules/__init__.py -> /home/ubuntu/turtlebot3_ws/build/hardware_bringup/build/lib/hardware_bringup/submodules
[13.471s] copying hardware_bringup/submodules/pn532.py -> /home/ubuntu/turtlebot3_ws/build/hardware_bringup/build/lib/hardware_bringup/submodules
[13.478s] copying hardware_bringup/submodules/spi.py -> /home/ubuntu/turtlebot3_ws/build/hardware_bringup/build/lib/hardware_bringup/submodules
[13.490s] copying hardware_bringup/submodules/i2c.py -> /home/ubuntu/turtlebot3_ws/build/hardware_bringup/build/lib/hardware_bringup/submodules
[13.495s] copying hardware_bringup/submodules/uart.py -> /home/ubuntu/turtlebot3_ws/build/hardware_bringup/build/lib/hardware_bringup/submodules
[13.496s] running install
[13.505s] running install_lib
[13.509s] creating /home/ubuntu/turtlebot3_ws/install/hardware_bringup/lib/python3.8/site-packages/hardware_bringup
[13.514s] copying /home/ubuntu/turtlebot3_ws/build/hardware_bringup/build/lib/hardware_bringup/__init__.py -> /home/ubuntu/turtlebot3_ws/install/hardware_bringup/lib/python3.8/site-packages/hardware_bringup
[13.530s] copying /home/ubuntu/turtlebot3_ws/build/hardware_bringup/build/lib/hardware_bringup/NFC_pub.py -> /home/ubuntu/turtlebot3_ws/install/hardware_bringup/lib/python3.8/site-packages/hardware_bringup
[13.532s] creating /home/ubuntu/turtlebot3_ws/install/hardware_bringup/lib/python3.8/site-packages/hardware_bringup/submodules
[13.533s] copying /home/ubuntu/turtlebot3_ws/build/hardware_bringup/build/lib/hardware_bringup/submodules/__init__.py -> /home/ubuntu/turtlebot3_ws/install/hardware_bringup/lib/python3.8/site-packages/hardware_bringup/submodules
[13.540s] copying /home/ubuntu/turtlebot3_ws/build/hardware_bringup/build/lib/hardware_bringup/submodules/pn532.py -> /home/ubuntu/turtlebot3_ws/install/hardware_bringup/lib/python3.8/site-packages/hardware_bringup/submodules
[13.547s] copying /home/ubuntu/turtlebot3_ws/build/hardware_bringup/build/lib/hardware_bringup/submodules/spi.py -> /home/ubuntu/turtlebot3_ws/install/hardware_bringup/lib/python3.8/site-packages/hardware_bringup/submodules
[13.556s] copying /home/ubuntu/turtlebot3_ws/build/hardware_bringup/build/lib/hardware_bringup/submodules/i2c.py -> /home/ubuntu/turtlebot3_ws/install/hardware_bringup/lib/python3.8/site-packages/hardware_bringup/submodules
[13.560s] copying /home/ubuntu/turtlebot3_ws/build/hardware_bringup/build/lib/hardware_bringup/submodules/uart.py -> /home/ubuntu/turtlebot3_ws/install/hardware_bringup/lib/python3.8/site-packages/hardware_bringup/submodules
[13.562s] copying /home/ubuntu/turtlebot3_ws/build/hardware_bringup/build/lib/hardware_bringup/servorun.py -> /home/ubuntu/turtlebot3_ws/install/hardware_bringup/lib/python3.8/site-packages/hardware_bringup
[13.567s] byte-compiling /home/ubuntu/turtlebot3_ws/install/hardware_bringup/lib/python3.8/site-packages/hardware_bringup/__init__.py to __init__.cpython-38.pyc
[13.571s] byte-compiling /home/ubuntu/turtlebot3_ws/install/hardware_bringup/lib/python3.8/site-packages/hardware_bringup/NFC_pub.py to NFC_pub.cpython-38.pyc
[13.576s] byte-compiling /home/ubuntu/turtlebot3_ws/install/hardware_bringup/lib/python3.8/site-packages/hardware_bringup/submodules/__init__.py to __init__.cpython-38.pyc
[13.591s] byte-compiling /home/ubuntu/turtlebot3_ws/install/hardware_bringup/lib/python3.8/site-packages/hardware_bringup/submodules/pn532.py to pn532.cpython-38.pyc
[13.598s] byte-compiling /home/ubuntu/turtlebot3_ws/install/hardware_bringup/lib/python3.8/site-packages/hardware_bringup/submodules/spi.py to spi.cpython-38.pyc
[13.599s] byte-compiling /home/ubuntu/turtlebot3_ws/install/hardware_bringup/lib/python3.8/site-packages/hardware_bringup/submodules/i2c.py to i2c.cpython-38.pyc
[13.613s] byte-compiling /home/ubuntu/turtlebot3_ws/install/hardware_bringup/lib/python3.8/site-packages/hardware_bringup/submodules/uart.py to uart.cpython-38.pyc
[13.615s] byte-compiling /home/ubuntu/turtlebot3_ws/install/hardware_bringup/lib/python3.8/site-packages/hardware_bringup/servorun.py to servorun.cpython-38.pyc
[13.616s] running install_data
[13.624s] running install_egg_info
[13.626s] Copying ../../build/hardware_bringup/hardware_bringup.egg-info to /home/ubuntu/turtlebot3_ws/install/hardware_bringup/lib/python3.8/site-packages/hardware_bringup-0.0.0-py3.8.egg-info
[13.641s] running install_scripts
[13.822s] Installing NFC_pub script to /home/ubuntu/turtlebot3_ws/install/hardware_bringup/lib/hardware_bringup
[13.826s] Installing servo_run script to /home/ubuntu/turtlebot3_ws/install/hardware_bringup/lib/hardware_bringup
[13.833s] writing list of installed files to '/home/ubuntu/turtlebot3_ws/build/hardware_bringup/install.log'
[14.114s] Invoked command in '/home/ubuntu/turtlebot3_ws/src/hardware_bringup' returned '0': PYTHONPATH=/home/ubuntu/turtlebot3_ws/install/hardware_bringup/lib/python3.8/site-packages:${PYTHONPATH} /usr/bin/python3 setup.py egg_info --egg-base ../../build/hardware_bringup build --build-base /home/ubuntu/turtlebot3_ws/build/hardware_bringup/build install --prefix /home/ubuntu/turtlebot3_ws/install/hardware_bringup --record /home/ubuntu/turtlebot3_ws/build/hardware_bringup/install.log --single-version-externally-managed
