[1.487s] Invoking command in '/home/prince/colcon_ws/src/auto_nav': PYTHONPATH=/home/prince/colcon_ws/install/auto_nav/lib/python3.8/site-packages:${PYTHONPATH} /usr/bin/python3 setup.py egg_info --egg-base ../../build/auto_nav build --build-base /home/prince/colcon_ws/build/auto_nav/build install --prefix /home/prince/colcon_ws/install/auto_nav --record /home/prince/colcon_ws/build/auto_nav/install.log --single-version-externally-managed
[1.789s] running egg_info
[1.790s] writing ../../build/auto_nav/auto_nav.egg-info/PKG-INFO
[1.791s] writing dependency_links to ../../build/auto_nav/auto_nav.egg-info/dependency_links.txt
[1.791s] writing entry points to ../../build/auto_nav/auto_nav.egg-info/entry_points.txt
[1.791s] writing requirements to ../../build/auto_nav/auto_nav.egg-info/requires.txt
[1.792s] writing top-level names to ../../build/auto_nav/auto_nav.egg-info/top_level.txt
[1.842s] reading manifest file '../../build/auto_nav/auto_nav.egg-info/SOURCES.txt'
[1.843s] writing manifest file '../../build/auto_nav/auto_nav.egg-info/SOURCES.txt'
[1.843s] running build
[1.843s] running build_py
[1.844s] copying auto_nav/r2auto_nav3_real.py -> /home/prince/colcon_ws/build/auto_nav/build/lib/auto_nav
[1.844s] copying auto_nav/r2auto_nav3_gazebo.py -> /home/prince/colcon_ws/build/auto_nav/build/lib/auto_nav
[1.845s] running install
[1.845s] running install_lib
[1.846s] copying /home/prince/colcon_ws/build/auto_nav/build/lib/auto_nav/r2auto_nav3_real.py -> /home/prince/colcon_ws/install/auto_nav/lib/python3.8/site-packages/auto_nav
[1.846s] copying /home/prince/colcon_ws/build/auto_nav/build/lib/auto_nav/r2auto_nav3_gazebo.py -> /home/prince/colcon_ws/install/auto_nav/lib/python3.8/site-packages/auto_nav
[1.848s] byte-compiling /home/prince/colcon_ws/install/auto_nav/lib/python3.8/site-packages/auto_nav/r2auto_nav3_real.py to r2auto_nav3_real.cpython-38.pyc
[1.853s] byte-compiling /home/prince/colcon_ws/install/auto_nav/lib/python3.8/site-packages/auto_nav/r2auto_nav3_gazebo.py to r2auto_nav3_gazebo.cpython-38.pyc
[1.855s] running install_data
[1.856s] running install_egg_info
[1.858s] removing '/home/prince/colcon_ws/install/auto_nav/lib/python3.8/site-packages/auto_nav-0.0.0-py3.8.egg-info' (and everything under it)
[1.858s] Copying ../../build/auto_nav/auto_nav.egg-info to /home/prince/colcon_ws/install/auto_nav/lib/python3.8/site-packages/auto_nav-0.0.0-py3.8.egg-info
[1.860s] running install_scripts
[1.894s] Installing r2auto_nav script to /home/prince/colcon_ws/install/auto_nav/lib/auto_nav
[1.894s] Installing r2auto_nav2 script to /home/prince/colcon_ws/install/auto_nav/lib/auto_nav
[1.894s] Installing r2auto_nav3_gazebo script to /home/prince/colcon_ws/install/auto_nav/lib/auto_nav
[1.894s] Installing r2auto_nav3_real script to /home/prince/colcon_ws/install/auto_nav/lib/auto_nav
[1.894s] Installing r2mover script to /home/prince/colcon_ws/install/auto_nav/lib/auto_nav
[1.895s] Installing r2moverotate script to /home/prince/colcon_ws/install/auto_nav/lib/auto_nav
[1.895s] Installing r2occupancy script to /home/prince/colcon_ws/install/auto_nav/lib/auto_nav
[1.895s] Installing r2occupancy2 script to /home/prince/colcon_ws/install/auto_nav/lib/auto_nav
[1.896s] Installing r2scanner script to /home/prince/colcon_ws/install/auto_nav/lib/auto_nav
[1.897s] writing list of installed files to '/home/prince/colcon_ws/build/auto_nav/install.log'
[1.967s] Invoked command in '/home/prince/colcon_ws/src/auto_nav' returned '0': PYTHONPATH=/home/prince/colcon_ws/install/auto_nav/lib/python3.8/site-packages:${PYTHONPATH} /usr/bin/python3 setup.py egg_info --egg-base ../../build/auto_nav build --build-base /home/prince/colcon_ws/build/auto_nav/build install --prefix /home/prince/colcon_ws/install/auto_nav --record /home/prince/colcon_ws/build/auto_nav/install.log --single-version-externally-managed
